22:50:19,592 root DEBUG running analyzer now
22:50:23,274 py4j.java_gateway DEBUG GatewayClient.address is deprecated and will be removed in version 1.0. Use GatewayParameters instead.
22:50:23,276 py4j.clientserver DEBUG Command to send: A
b658d369ed74add61e141bf30e7802a5ea7ca44395962ec34bd298429ddbd2ab

22:50:23,298 py4j.clientserver DEBUG Answer received: !yv
22:50:23,298 py4j.clientserver DEBUG Command to send: j
i
rj
org.apache.spark.SparkConf
e

22:50:23,301 py4j.clientserver DEBUG Answer received: !yv
22:50:23,301 py4j.clientserver DEBUG Command to send: j
i
rj
org.apache.spark.api.java.*
e

22:50:23,301 py4j.clientserver DEBUG Answer received: !yv
22:50:23,301 py4j.clientserver DEBUG Command to send: j
i
rj
org.apache.spark.api.python.*
e

22:50:23,302 py4j.clientserver DEBUG Answer received: !yv
22:50:23,302 py4j.clientserver DEBUG Command to send: j
i
rj
org.apache.spark.ml.python.*
e

22:50:23,302 py4j.clientserver DEBUG Answer received: !yv
22:50:23,302 py4j.clientserver DEBUG Command to send: j
i
rj
org.apache.spark.mllib.api.python.*
e

22:50:23,302 py4j.clientserver DEBUG Answer received: !yv
22:50:23,302 py4j.clientserver DEBUG Command to send: j
i
rj
org.apache.spark.resource.*
e

22:50:23,303 py4j.clientserver DEBUG Answer received: !yv
22:50:23,303 py4j.clientserver DEBUG Command to send: j
i
rj
org.apache.spark.sql.*
e

22:50:23,303 py4j.clientserver DEBUG Answer received: !yv
22:50:23,303 py4j.clientserver DEBUG Command to send: j
i
rj
org.apache.spark.sql.api.python.*
e

22:50:23,303 py4j.clientserver DEBUG Answer received: !yv
22:50:23,303 py4j.clientserver DEBUG Command to send: j
i
rj
org.apache.spark.sql.hive.*
e

22:50:23,303 py4j.clientserver DEBUG Answer received: !yv
22:50:23,304 py4j.clientserver DEBUG Command to send: j
i
rj
scala.Tuple2
e

22:50:23,304 py4j.clientserver DEBUG Answer received: !yv
22:50:23,304 py4j.clientserver DEBUG Command to send: r
u
SparkConf
rj
e

22:50:23,306 py4j.clientserver DEBUG Answer received: !ycorg.apache.spark.SparkConf
22:50:23,306 py4j.clientserver DEBUG Command to send: i
org.apache.spark.SparkConf
bTrue
e

22:50:23,313 py4j.clientserver DEBUG Answer received: !yro0
22:50:23,314 py4j.clientserver DEBUG Command to send: c
o0
set
sspark.master
slocal
e

22:50:23,321 py4j.clientserver DEBUG Answer received: !yro1
22:50:23,321 py4j.clientserver DEBUG Command to send: c
o0
set
sspark.app.name
sapp
e

22:50:23,322 py4j.clientserver DEBUG Answer received: !yro2
22:50:23,322 py4j.clientserver DEBUG Command to send: c
o0
contains
sspark.serializer.objectStreamReset
e

22:50:23,322 py4j.clientserver DEBUG Answer received: !ybfalse
22:50:23,323 py4j.clientserver DEBUG Command to send: c
o0
set
sspark.serializer.objectStreamReset
s100
e

22:50:23,323 py4j.clientserver DEBUG Answer received: !yro3
22:50:23,323 py4j.clientserver DEBUG Command to send: c
o0
contains
sspark.rdd.compress
e

22:50:23,323 py4j.clientserver DEBUG Answer received: !ybfalse
22:50:23,324 py4j.clientserver DEBUG Command to send: c
o0
set
sspark.rdd.compress
sTrue
e

22:50:23,324 py4j.clientserver DEBUG Answer received: !yro4
22:50:23,324 py4j.clientserver DEBUG Command to send: c
o0
contains
sspark.master
e

22:50:23,324 py4j.clientserver DEBUG Answer received: !ybtrue
22:50:23,325 py4j.clientserver DEBUG Command to send: c
o0
contains
sspark.app.name
e

22:50:23,325 py4j.clientserver DEBUG Answer received: !ybtrue
22:50:23,326 py4j.clientserver DEBUG Command to send: c
o0
contains
sspark.master
e

22:50:23,328 py4j.clientserver DEBUG Answer received: !ybtrue
22:50:23,328 py4j.clientserver DEBUG Command to send: c
o0
get
sspark.master
e

22:50:23,329 py4j.clientserver DEBUG Answer received: !yslocal
22:50:23,329 py4j.clientserver DEBUG Command to send: c
o0
contains
sspark.app.name
e

22:50:23,330 py4j.clientserver DEBUG Answer received: !ybtrue
22:50:23,330 py4j.clientserver DEBUG Command to send: c
o0
get
sspark.app.name
e

22:50:23,330 py4j.clientserver DEBUG Answer received: !ysapp
22:50:23,331 py4j.clientserver DEBUG Command to send: c
o0
contains
sspark.home
e

22:50:23,331 py4j.clientserver DEBUG Answer received: !ybfalse
22:50:23,331 py4j.clientserver DEBUG Command to send: c
o0
getAll
e

22:50:23,332 py4j.clientserver DEBUG Answer received: !yto5
22:50:23,332 py4j.clientserver DEBUG Command to send: a
e
o5
e

22:50:23,332 py4j.clientserver DEBUG Answer received: !yi7
22:50:23,332 py4j.clientserver DEBUG Command to send: a
g
o5
i0
e

22:50:23,333 py4j.clientserver DEBUG Answer received: !yro6
22:50:23,333 py4j.clientserver DEBUG Command to send: c
o6
_1
e

22:50:23,334 py4j.clientserver DEBUG Answer received: !ysspark.master
22:50:23,334 py4j.clientserver DEBUG Command to send: c
o6
_2
e

22:50:23,334 py4j.clientserver DEBUG Answer received: !yslocal
22:50:23,335 py4j.clientserver DEBUG Command to send: a
e
o5
e

22:50:23,335 py4j.clientserver DEBUG Answer received: !yi7
22:50:23,335 py4j.clientserver DEBUG Command to send: a
g
o5
i1
e

22:50:23,335 py4j.clientserver DEBUG Answer received: !yro7
22:50:23,336 py4j.clientserver DEBUG Command to send: c
o7
_1
e

22:50:23,336 py4j.clientserver DEBUG Answer received: !ysspark.app.name
22:50:23,336 py4j.clientserver DEBUG Command to send: c
o7
_2
e

22:50:23,336 py4j.clientserver DEBUG Answer received: !ysapp
22:50:23,336 py4j.clientserver DEBUG Command to send: a
e
o5
e

22:50:23,336 py4j.clientserver DEBUG Answer received: !yi7
22:50:23,336 py4j.clientserver DEBUG Command to send: a
g
o5
i2
e

22:50:23,337 py4j.clientserver DEBUG Answer received: !yro8
22:50:23,337 py4j.clientserver DEBUG Command to send: c
o8
_1
e

22:50:23,337 py4j.clientserver DEBUG Answer received: !ysspark.rdd.compress
22:50:23,337 py4j.clientserver DEBUG Command to send: c
o8
_2
e

22:50:23,337 py4j.clientserver DEBUG Answer received: !ysTrue
22:50:23,337 py4j.clientserver DEBUG Command to send: a
e
o5
e

22:50:23,338 py4j.clientserver DEBUG Answer received: !yi7
22:50:23,338 py4j.clientserver DEBUG Command to send: a
g
o5
i3
e

22:50:23,338 py4j.clientserver DEBUG Answer received: !yro9
22:50:23,338 py4j.clientserver DEBUG Command to send: c
o9
_1
e

22:50:23,338 py4j.clientserver DEBUG Answer received: !ysspark.serializer.objectStreamReset
22:50:23,339 py4j.clientserver DEBUG Command to send: c
o9
_2
e

22:50:23,339 py4j.clientserver DEBUG Answer received: !ys100
22:50:23,339 py4j.clientserver DEBUG Command to send: a
e
o5
e

22:50:23,339 py4j.clientserver DEBUG Answer received: !yi7
22:50:23,339 py4j.clientserver DEBUG Command to send: a
g
o5
i4
e

22:50:23,340 py4j.clientserver DEBUG Answer received: !yro10
22:50:23,340 py4j.clientserver DEBUG Command to send: c
o10
_1
e

22:50:23,341 py4j.clientserver DEBUG Answer received: !ysspark.submit.pyFiles
22:50:23,341 py4j.clientserver DEBUG Command to send: c
o10
_2
e

22:50:23,342 py4j.clientserver DEBUG Answer received: !ys
22:50:23,342 py4j.clientserver DEBUG Command to send: a
e
o5
e

22:50:23,342 py4j.clientserver DEBUG Answer received: !yi7
22:50:23,342 py4j.clientserver DEBUG Command to send: a
g
o5
i5
e

22:50:23,342 py4j.clientserver DEBUG Answer received: !yro11
22:50:23,343 py4j.clientserver DEBUG Command to send: c
o11
_1
e

22:50:23,343 py4j.clientserver DEBUG Answer received: !ysspark.submit.deployMode
22:50:23,343 py4j.clientserver DEBUG Command to send: c
o11
_2
e

22:50:23,344 py4j.clientserver DEBUG Answer received: !ysclient
22:50:23,344 py4j.clientserver DEBUG Command to send: a
e
o5
e

22:50:23,345 py4j.clientserver DEBUG Answer received: !yi7
22:50:23,345 py4j.clientserver DEBUG Command to send: a
g
o5
i6
e

22:50:23,345 py4j.clientserver DEBUG Answer received: !yro12
22:50:23,345 py4j.clientserver DEBUG Command to send: c
o12
_1
e

22:50:23,346 py4j.clientserver DEBUG Answer received: !ysspark.ui.showConsoleProgress
22:50:23,346 py4j.clientserver DEBUG Command to send: c
o12
_2
e

22:50:23,346 py4j.clientserver DEBUG Answer received: !ystrue
22:50:23,347 py4j.clientserver DEBUG Command to send: a
e
o5
e

22:50:23,347 py4j.clientserver DEBUG Answer received: !yi7
22:50:23,347 py4j.clientserver DEBUG Command to send: r
u
JavaSparkContext
rj
e

22:50:23,363 py4j.clientserver DEBUG Answer received: !ycorg.apache.spark.api.java.JavaSparkContext
22:50:23,363 py4j.clientserver DEBUG Command to send: i
org.apache.spark.api.java.JavaSparkContext
ro0
e

22:50:24,286 py4j.clientserver DEBUG Command to send: A
b658d369ed74add61e141bf30e7802a5ea7ca44395962ec34bd298429ddbd2ab

22:50:24,287 py4j.clientserver DEBUG Answer received: !yv
22:50:24,287 py4j.clientserver DEBUG Command to send: m
d
o1
e

22:50:24,288 py4j.clientserver DEBUG Answer received: !yv
22:50:24,288 py4j.clientserver DEBUG Command to send: m
d
o2
e

22:50:24,288 py4j.clientserver DEBUG Answer received: !yv
22:50:24,288 py4j.clientserver DEBUG Command to send: m
d
o3
e

22:50:24,288 py4j.clientserver DEBUG Answer received: !yv
22:50:24,288 py4j.clientserver DEBUG Command to send: m
d
o4
e

22:50:24,288 py4j.clientserver DEBUG Answer received: !yv
22:50:24,288 py4j.clientserver DEBUG Command to send: m
d
o5
e

22:50:24,288 py4j.clientserver DEBUG Answer received: !yv
22:50:27,906 py4j.clientserver DEBUG Answer received: !yro13
22:50:27,906 py4j.clientserver DEBUG Command to send: c
o13
sc
e

22:50:27,915 py4j.clientserver DEBUG Answer received: !yro14
22:50:27,915 py4j.clientserver DEBUG Command to send: c
o14
conf
e

22:50:27,943 py4j.clientserver DEBUG Answer received: !yro15
22:50:27,972 py4j.clientserver DEBUG Command to send: r
u
PythonAccumulatorV2
rj
e

22:50:27,975 py4j.clientserver DEBUG Answer received: !ycorg.apache.spark.api.python.PythonAccumulatorV2
22:50:27,975 py4j.clientserver DEBUG Command to send: i
org.apache.spark.api.python.PythonAccumulatorV2
s127.0.0.1
i50413
sb658d369ed74add61e141bf30e7802a5ea7ca44395962ec34bd298429ddbd2ab
e

22:50:27,976 py4j.clientserver DEBUG Answer received: !yro16
22:50:27,976 py4j.clientserver DEBUG Command to send: c
o13
sc
e

22:50:27,976 py4j.clientserver DEBUG Answer received: !yro17
22:50:27,976 py4j.clientserver DEBUG Command to send: c
o17
register
ro16
e

22:50:27,981 py4j.clientserver DEBUG Answer received: !yv
22:50:27,981 py4j.clientserver DEBUG Command to send: r
u
PythonUtils
rj
e

22:50:27,983 py4j.clientserver DEBUG Answer received: !ycorg.apache.spark.api.python.PythonUtils
22:50:27,983 py4j.clientserver DEBUG Command to send: r
m
org.apache.spark.api.python.PythonUtils
isEncryptionEnabled
e

22:50:27,984 py4j.clientserver DEBUG Answer received: !ym
22:50:27,984 py4j.clientserver DEBUG Command to send: c
z:org.apache.spark.api.python.PythonUtils
isEncryptionEnabled
ro13
e

22:50:27,986 py4j.clientserver DEBUG Answer received: !ybfalse
22:50:27,986 py4j.clientserver DEBUG Command to send: r
u
PythonUtils
rj
e

22:50:27,988 py4j.clientserver DEBUG Answer received: !ycorg.apache.spark.api.python.PythonUtils
22:50:27,988 py4j.clientserver DEBUG Command to send: r
m
org.apache.spark.api.python.PythonUtils
getPythonAuthSocketTimeout
e

22:50:27,988 py4j.clientserver DEBUG Answer received: !ym
22:50:27,988 py4j.clientserver DEBUG Command to send: c
z:org.apache.spark.api.python.PythonUtils
getPythonAuthSocketTimeout
ro13
e

22:50:27,989 py4j.clientserver DEBUG Answer received: !yL15
22:50:27,989 py4j.clientserver DEBUG Command to send: r
u
PythonUtils
rj
e

22:50:27,990 py4j.clientserver DEBUG Answer received: !ycorg.apache.spark.api.python.PythonUtils
22:50:27,991 py4j.clientserver DEBUG Command to send: r
m
org.apache.spark.api.python.PythonUtils
getSparkBufferSize
e

22:50:27,991 py4j.clientserver DEBUG Answer received: !ym
22:50:27,991 py4j.clientserver DEBUG Command to send: c
z:org.apache.spark.api.python.PythonUtils
getSparkBufferSize
ro13
e

22:50:27,991 py4j.clientserver DEBUG Answer received: !yi65536
22:50:27,991 py4j.clientserver DEBUG Command to send: r
u
org
rj
e

22:50:27,997 py4j.clientserver DEBUG Answer received: !yp
22:50:27,997 py4j.clientserver DEBUG Command to send: r
u
org.apache
rj
e

22:50:27,998 py4j.clientserver DEBUG Answer received: !yp
22:50:27,999 py4j.clientserver DEBUG Command to send: r
u
org.apache.spark
rj
e

22:50:27,999 py4j.clientserver DEBUG Answer received: !yp
22:50:27,999 py4j.clientserver DEBUG Command to send: r
u
org.apache.spark.SparkFiles
rj
e

22:50:28,0 py4j.clientserver DEBUG Answer received: !ycorg.apache.spark.SparkFiles
22:50:28,0 py4j.clientserver DEBUG Command to send: r
m
org.apache.spark.SparkFiles
getRootDirectory
e

22:50:28,0 py4j.clientserver DEBUG Answer received: !ym
22:50:28,1 py4j.clientserver DEBUG Command to send: c
z:org.apache.spark.SparkFiles
getRootDirectory
e

22:50:28,2 py4j.clientserver DEBUG Answer received: !ysC:\\Users\\danie\\AppData\\Local\\Temp\\spark-4e566f4a-93a3-414c-af07-e529927e578e\\userFiles-03c0f9c3-8c3c-4410-a0b4-0d3834a3301e
22:50:28,2 py4j.clientserver DEBUG Command to send: c
o15
get
sspark.submit.pyFiles
s
e

22:50:28,3 py4j.clientserver DEBUG Answer received: !ys
22:50:28,3 py4j.clientserver DEBUG Command to send: r
u
org
rj
e

22:50:28,7 py4j.clientserver DEBUG Answer received: !yp
22:50:28,7 py4j.clientserver DEBUG Command to send: r
u
org.apache
rj
e

22:50:28,8 py4j.clientserver DEBUG Answer received: !yp
22:50:28,8 py4j.clientserver DEBUG Command to send: r
u
org.apache.spark
rj
e

22:50:28,8 py4j.clientserver DEBUG Answer received: !yp
22:50:28,9 py4j.clientserver DEBUG Command to send: r
u
org.apache.spark.util
rj
e

22:50:28,10 py4j.clientserver DEBUG Answer received: !yp
22:50:28,10 py4j.clientserver DEBUG Command to send: r
u
org.apache.spark.util.Utils
rj
e

22:50:28,23 py4j.clientserver DEBUG Answer received: !ycorg.apache.spark.util.Utils
22:50:28,23 py4j.clientserver DEBUG Command to send: r
m
org.apache.spark.util.Utils
getLocalDir
e

22:50:28,30 py4j.clientserver DEBUG Answer received: !ym
22:50:28,30 py4j.clientserver DEBUG Command to send: c
o13
sc
e

22:50:28,31 py4j.clientserver DEBUG Answer received: !yro18
22:50:28,31 py4j.clientserver DEBUG Command to send: c
o18
conf
e

22:50:28,31 py4j.clientserver DEBUG Answer received: !yro19
22:50:28,31 py4j.clientserver DEBUG Command to send: c
z:org.apache.spark.util.Utils
getLocalDir
ro19
e

22:50:28,32 py4j.clientserver DEBUG Answer received: !ysC:\\Users\\danie\\AppData\\Local\\Temp\\spark-4e566f4a-93a3-414c-af07-e529927e578e
22:50:28,32 py4j.clientserver DEBUG Command to send: r
u
org
rj
e

22:50:28,35 py4j.clientserver DEBUG Answer received: !yp
22:50:28,36 py4j.clientserver DEBUG Command to send: r
u
org.apache
rj
e

22:50:28,36 py4j.clientserver DEBUG Answer received: !yp
22:50:28,36 py4j.clientserver DEBUG Command to send: r
u
org.apache.spark
rj
e

22:50:28,37 py4j.clientserver DEBUG Answer received: !yp
22:50:28,37 py4j.clientserver DEBUG Command to send: r
u
org.apache.spark.util
rj
e

22:50:28,38 py4j.clientserver DEBUG Answer received: !yp
22:50:28,38 py4j.clientserver DEBUG Command to send: r
u
org.apache.spark.util.Utils
rj
e

22:50:28,38 py4j.clientserver DEBUG Answer received: !ycorg.apache.spark.util.Utils
22:50:28,38 py4j.clientserver DEBUG Command to send: r
m
org.apache.spark.util.Utils
createTempDir
e

22:50:28,39 py4j.clientserver DEBUG Answer received: !ym
22:50:28,39 py4j.clientserver DEBUG Command to send: c
z:org.apache.spark.util.Utils
createTempDir
sC:\\Users\\danie\\AppData\\Local\\Temp\\spark-4e566f4a-93a3-414c-af07-e529927e578e
spyspark
e

22:50:28,40 py4j.clientserver DEBUG Answer received: !yro20
22:50:28,40 py4j.clientserver DEBUG Command to send: c
o20
getAbsolutePath
e

22:50:28,41 py4j.clientserver DEBUG Answer received: !ysC:\\Users\\danie\\AppData\\Local\\Temp\\spark-4e566f4a-93a3-414c-af07-e529927e578e\\pyspark-7d54d3c7-1ee2-4e7b-8e5b-63333fc75d66
22:50:28,42 py4j.clientserver DEBUG Command to send: c
o15
get
sspark.python.profile
sfalse
e

22:50:28,42 py4j.clientserver DEBUG Answer received: !ysfalse
22:50:28,42 py4j.clientserver DEBUG Command to send: r
u
SparkSession
rj
e

22:50:28,83 py4j.clientserver DEBUG Answer received: !ycorg.apache.spark.sql.SparkSession
22:50:28,83 py4j.clientserver DEBUG Command to send: r
m
org.apache.spark.sql.SparkSession
getDefaultSession
e

22:50:28,128 py4j.clientserver DEBUG Answer received: !ym
22:50:28,128 py4j.clientserver DEBUG Command to send: c
z:org.apache.spark.sql.SparkSession
getDefaultSession
e

22:50:28,131 py4j.clientserver DEBUG Answer received: !yro21
22:50:28,131 py4j.clientserver DEBUG Command to send: c
o21
isDefined
e

22:50:28,132 py4j.clientserver DEBUG Answer received: !ybfalse
22:50:28,132 py4j.clientserver DEBUG Command to send: r
u
SparkSession
rj
e

22:50:28,134 py4j.clientserver DEBUG Answer received: !ycorg.apache.spark.sql.SparkSession
22:50:28,135 py4j.clientserver DEBUG Command to send: c
o13
sc
e

22:50:28,135 py4j.clientserver DEBUG Answer received: !yro22
22:50:28,135 py4j.clientserver DEBUG Command to send: i
org.apache.spark.sql.SparkSession
ro22
e

22:50:28,239 py4j.clientserver DEBUG Answer received: !yro23
22:50:28,239 py4j.clientserver DEBUG Command to send: c
o23
sqlContext
e

22:50:28,240 py4j.clientserver DEBUG Answer received: !yro24
22:50:28,240 py4j.clientserver DEBUG Command to send: r
u
SparkSession
rj
e

22:50:28,242 py4j.clientserver DEBUG Answer received: !ycorg.apache.spark.sql.SparkSession
22:50:28,242 py4j.clientserver DEBUG Command to send: r
m
org.apache.spark.sql.SparkSession
setDefaultSession
e

22:50:28,242 py4j.clientserver DEBUG Answer received: !ym
22:50:28,242 py4j.clientserver DEBUG Command to send: c
z:org.apache.spark.sql.SparkSession
setDefaultSession
ro23
e

22:50:28,242 py4j.clientserver DEBUG Answer received: !yv
22:50:28,243 py4j.clientserver DEBUG Command to send: r
u
SparkSession
rj
e

22:50:28,244 py4j.clientserver DEBUG Answer received: !ycorg.apache.spark.sql.SparkSession
22:50:28,245 py4j.clientserver DEBUG Command to send: r
m
org.apache.spark.sql.SparkSession
setActiveSession
e

22:50:28,246 py4j.clientserver DEBUG Answer received: !ym
22:50:28,246 py4j.clientserver DEBUG Command to send: c
z:org.apache.spark.sql.SparkSession
setActiveSession
ro23
e

22:50:28,247 py4j.clientserver DEBUG Answer received: !yv
22:50:28,247 py4j.clientserver DEBUG Command to send: c
o23
sessionState
e

22:50:28,327 py4j.clientserver DEBUG Command to send: m
d
o0
e

22:50:28,327 py4j.clientserver DEBUG Answer received: !yv
22:50:28,327 py4j.clientserver DEBUG Command to send: m
d
o6
e

22:50:28,328 py4j.clientserver DEBUG Answer received: !yv
22:50:28,328 py4j.clientserver DEBUG Command to send: m
d
o7
e

22:50:28,328 py4j.clientserver DEBUG Answer received: !yv
22:50:28,328 py4j.clientserver DEBUG Command to send: m
d
o8
e

22:50:28,329 py4j.clientserver DEBUG Answer received: !yv
22:50:28,329 py4j.clientserver DEBUG Command to send: m
d
o9
e

22:50:28,329 py4j.clientserver DEBUG Answer received: !yv
22:50:28,330 py4j.clientserver DEBUG Command to send: m
d
o10
e

22:50:28,330 py4j.clientserver DEBUG Answer received: !yv
22:50:28,330 py4j.clientserver DEBUG Command to send: m
d
o11
e

22:50:28,330 py4j.clientserver DEBUG Answer received: !yv
22:50:28,331 py4j.clientserver DEBUG Command to send: m
d
o12
e

22:50:28,331 py4j.clientserver DEBUG Answer received: !yv
22:50:28,331 py4j.clientserver DEBUG Command to send: m
d
o14
e

22:50:28,331 py4j.clientserver DEBUG Answer received: !yv
22:50:28,331 py4j.clientserver DEBUG Command to send: m
d
o17
e

22:50:28,331 py4j.clientserver DEBUG Answer received: !yv
22:50:28,332 py4j.clientserver DEBUG Command to send: m
d
o18
e

22:50:28,332 py4j.clientserver DEBUG Answer received: !yv
22:50:28,332 py4j.clientserver DEBUG Command to send: m
d
o19
e

22:50:28,332 py4j.clientserver DEBUG Answer received: !yv
22:50:28,332 py4j.clientserver DEBUG Command to send: m
d
o20
e

22:50:28,332 py4j.clientserver DEBUG Answer received: !yv
22:50:29,597 py4j.clientserver DEBUG Answer received: !yro25
22:50:29,597 py4j.clientserver DEBUG Command to send: c
o25
conf
e

22:50:29,599 py4j.clientserver DEBUG Answer received: !yro26
22:50:29,600 py4j.clientserver DEBUG Command to send: c
o26
setConfString
sspark.master
slocal
e

22:50:29,602 py4j.clientserver DEBUG Answer received: !yv
22:50:29,602 py4j.clientserver DEBUG Command to send: c
o23
sessionState
e

22:50:29,602 py4j.clientserver DEBUG Answer received: !yro27
22:50:29,602 py4j.clientserver DEBUG Command to send: c
o27
conf
e

22:50:29,602 py4j.clientserver DEBUG Answer received: !yro28
22:50:29,603 py4j.clientserver DEBUG Command to send: c
o28
setConfString
sspark.app.name
sapp
e

22:50:29,603 py4j.clientserver DEBUG Answer received: !yv
22:50:29,604 py4j.clientserver DEBUG Command to send: c
o13
setLogLevel
sWARN
e

22:50:29,605 py4j.clientserver DEBUG Answer received: !yv
22:50:29,605 py4j.clientserver DEBUG Command to send: c
o24
read
e

22:50:29,617 py4j.clientserver DEBUG Answer received: !yro29
22:50:29,617 py4j.clientserver DEBUG Command to send: r
u
PythonUtils
rj
e

22:50:29,618 py4j.clientserver DEBUG Answer received: !ycorg.apache.spark.api.python.PythonUtils
22:50:29,618 py4j.clientserver DEBUG Command to send: r
m
org.apache.spark.api.python.PythonUtils
toSeq
e

22:50:29,618 py4j.clientserver DEBUG Answer received: !ym
22:50:29,619 py4j.clientserver DEBUG Command to send: i
java.util.ArrayList
e

22:50:29,619 py4j.clientserver DEBUG Answer received: !ylo30
22:50:29,619 py4j.clientserver DEBUG Command to send: c
o30
add
sC:\\GitRepos\\Springboard\\Capstone\\output\\divs_and_prices\\
e

22:50:29,620 py4j.clientserver DEBUG Answer received: !ybtrue
22:50:29,620 py4j.clientserver DEBUG Command to send: c
z:org.apache.spark.api.python.PythonUtils
toSeq
ro30
e

22:50:29,620 py4j.clientserver DEBUG Answer received: !yro31
22:50:29,621 py4j.clientserver DEBUG Command to send: c
o29
parquet
ro31
e

22:50:30,352 py4j.clientserver DEBUG Command to send: m
d
o30
e

22:50:30,352 py4j.clientserver DEBUG Answer received: !yv
22:50:39,38 py4j.clientserver DEBUG Answer received: !yro32
22:50:39,38 py4j.clientserver DEBUG Command to send: c
o32
createOrReplaceTempView
sall_data
e

22:50:39,670 py4j.clientserver DEBUG Answer received: !yv
22:50:39,671 py4j.clientserver DEBUG Command to send: c
o23
sql
s\n            SELECT \n                b.Ticker,\n                b.FreqType, \n                b.ExDivDate,\n                b.ExDivDays AS b_ExDivDays,\n                a.ExDivDays AS a_ExDivDays,\n                b.AvgPrice AS b_AvgPrice,\n                a.AvgPrice AS a_AvgPrice,\n                b.AdjAmount AS Dividend,\n                b.SandPAvgPrice AS b_SandPAvgPrice,\n                a.SandPAvgPrice AS a_SandPAvgPrice,\n                ((a.AvgPrice + a.AdjAmount) - b.AvgPrice) / b.AvgPrice AS TickerReturn,\n                (a.SandPAvgPrice - b.SandPAvgPrice) / b.SandPAvgPrice AS SandPReturn\n            FROM all_data b\n                INNER JOIN all_data a ON b.Ticker = a.Ticker\n                    AND b.ExDivDate = a.ExDivDate\n            WHERE b.ExDivDays BETWEEN -42 AND -1 \n               AND a.ExDivDays BETWEEN 0 AND 42\n            
e

22:50:39,970 py4j.clientserver DEBUG Answer received: !yro33
22:50:39,970 py4j.clientserver DEBUG Command to send: c
o33
createOrReplaceTempView
sdiv_returns
e

22:50:39,992 py4j.clientserver DEBUG Answer received: !yv
22:50:39,992 py4j.clientserver DEBUG Command to send: c
o23
sql
s\n            SELECT Ticker, \n                b_ExDivDays AS BeforeDays, \n                a_ExDivDays AS AfterDays,\n                a_ExDivDays - b_ExDivDays as TotalDaysHeld,\n                COUNT(*) as NumExDivDates,\n                AVG(TickerReturn - SandPReturn) AS ReturnVsSandP\n            FROM div_returns\n            GROUP BY Ticker, b_ExDivDays, a_ExDivDays\n            ORDER BY ReturnVsSandP DESC\n            
e

22:50:40,89 py4j.clientserver DEBUG Answer received: !yro34
22:50:40,89 py4j.clientserver DEBUG Command to send: c
o34
write
e

22:50:40,100 py4j.clientserver DEBUG Answer received: !yro35
22:50:40,101 py4j.clientserver DEBUG Command to send: r
u
PythonUtils
rj
e

22:50:40,102 py4j.clientserver DEBUG Answer received: !ycorg.apache.spark.api.python.PythonUtils
22:50:40,102 py4j.clientserver DEBUG Command to send: r
m
org.apache.spark.api.python.PythonUtils
toSeq
e

22:50:40,103 py4j.clientserver DEBUG Answer received: !ym
22:50:40,103 py4j.clientserver DEBUG Command to send: i
java.util.ArrayList
e

22:50:40,103 py4j.clientserver DEBUG Answer received: !ylo36
22:50:40,103 py4j.clientserver DEBUG Command to send: c
o36
add
sTicker
e

22:50:40,104 py4j.clientserver DEBUG Answer received: !ybtrue
22:50:40,104 py4j.clientserver DEBUG Command to send: c
z:org.apache.spark.api.python.PythonUtils
toSeq
ro36
e

22:50:40,104 py4j.clientserver DEBUG Answer received: !yro37
22:50:40,104 py4j.clientserver DEBUG Command to send: c
o35
partitionBy
ro37
e

22:50:40,107 py4j.clientserver DEBUG Answer received: !yro38
22:50:40,107 py4j.clientserver DEBUG Command to send: c
o38
mode
soverwrite
e

22:50:40,107 py4j.clientserver DEBUG Answer received: !yro39
22:50:40,108 py4j.clientserver DEBUG Command to send: c
o39
parquet
soutput/returns
e

22:50:40,445 py4j.clientserver DEBUG Command to send: m
d
o36
e

22:50:40,446 py4j.clientserver DEBUG Answer received: !yv
22:52:15,932 py4j.clientserver DEBUG Answer received: !yv
22:52:15,933 py4j.clientserver DEBUG Command to send: c
o23
sql
s\n            SELECT '_ALL_DAYS' AS Ticker, \n                b_ExDivDays AS BeforeDays, \n                a_ExDivDays AS AfterDays,\n                a_ExDivDays - b_ExDivDays as TotalDaysHeld,\n                COUNT(*) as NumExDivDates,\n                AVG(TickerReturn - SandPReturn) AS ReturnVsSandP\n            FROM div_returns\n            GROUP BY b_ExDivDays, a_ExDivDays            \n            ORDER BY ReturnVsSandP DESC\n            
e

22:52:15,979 py4j.clientserver DEBUG Answer received: !yro40
22:52:15,979 py4j.clientserver DEBUG Command to send: c
o40
write
e

22:52:15,982 py4j.clientserver DEBUG Answer received: !yro41
22:52:15,982 py4j.clientserver DEBUG Command to send: r
u
PythonUtils
rj
e

22:52:15,984 py4j.clientserver DEBUG Answer received: !ycorg.apache.spark.api.python.PythonUtils
22:52:15,984 py4j.clientserver DEBUG Command to send: r
m
org.apache.spark.api.python.PythonUtils
toSeq
e

22:52:15,985 py4j.clientserver DEBUG Answer received: !ym
22:52:15,985 py4j.clientserver DEBUG Command to send: i
java.util.ArrayList
e

22:52:15,985 py4j.clientserver DEBUG Answer received: !ylo42
22:52:15,986 py4j.clientserver DEBUG Command to send: c
o42
add
sTicker
e

22:52:15,986 py4j.clientserver DEBUG Answer received: !ybtrue
22:52:15,986 py4j.clientserver DEBUG Command to send: c
z:org.apache.spark.api.python.PythonUtils
toSeq
ro42
e

22:52:15,987 py4j.clientserver DEBUG Answer received: !yro43
22:52:15,987 py4j.clientserver DEBUG Command to send: c
o41
partitionBy
ro43
e

22:52:15,987 py4j.clientserver DEBUG Answer received: !yro44
22:52:15,987 py4j.clientserver DEBUG Command to send: c
o44
mode
sappend
e

22:52:15,988 py4j.clientserver DEBUG Answer received: !yro45
22:52:15,988 py4j.clientserver DEBUG Command to send: c
o45
parquet
soutput/returns
e

22:52:16,571 py4j.clientserver DEBUG Command to send: m
d
o42
e

22:52:16,574 py4j.clientserver DEBUG Answer received: !yv
22:52:33,135 py4j.clientserver DEBUG Answer received: !yv
22:52:33,136 py4j.clientserver DEBUG Command to send: c
o23
sql
s\n            SELECT Ticker,\n                BeforeWeeks,\n                AfterWeeks,\n                TotalWeeksHeld,\n                COUNT(*) as NumExDivDates,\n                AVG(ReturnVsSandP) AS ReturnVsSandP\n            FROM\n            (\n                SELECT '_ALL_WEEKS' AS Ticker, \n                    FLOOR(b_ExDivDays / 7) AS BeforeWeeks, \n                    FLOOR(a_ExDivDays / 7) AS AfterWeeks,\n                    FLOOR(a_ExDivDays / 7) - FLOOR(b_ExDivDays / 7) AS TotalWeeksHeld,\n                    (TickerReturn - SandPReturn) AS ReturnVsSandP\n                FROM div_returns\n            ) w\n            GROUP BY Ticker, BeforeWeeks, AfterWeeks, TotalWeeksHeld           \n            ORDER BY ReturnVsSandP DESC\n            
e

22:52:33,332 py4j.clientserver DEBUG Answer received: !yro46
22:52:33,332 py4j.clientserver DEBUG Command to send: c
o46
write
e

22:52:33,335 py4j.clientserver DEBUG Answer received: !yro47
22:52:33,335 py4j.clientserver DEBUG Command to send: r
u
PythonUtils
rj
e

22:52:33,337 py4j.clientserver DEBUG Answer received: !ycorg.apache.spark.api.python.PythonUtils
22:52:33,337 py4j.clientserver DEBUG Command to send: r
m
org.apache.spark.api.python.PythonUtils
toSeq
e

22:52:33,337 py4j.clientserver DEBUG Answer received: !ym
22:52:33,338 py4j.clientserver DEBUG Command to send: i
java.util.ArrayList
e

22:52:33,338 py4j.clientserver DEBUG Answer received: !ylo48
22:52:33,338 py4j.clientserver DEBUG Command to send: c
o48
add
sTicker
e

22:52:33,338 py4j.clientserver DEBUG Answer received: !ybtrue
22:52:33,339 py4j.clientserver DEBUG Command to send: c
z:org.apache.spark.api.python.PythonUtils
toSeq
ro48
e

22:52:33,339 py4j.clientserver DEBUG Answer received: !yro49
22:52:33,339 py4j.clientserver DEBUG Command to send: c
o47
partitionBy
ro49
e

22:52:33,340 py4j.clientserver DEBUG Answer received: !yro50
22:52:33,341 py4j.clientserver DEBUG Command to send: c
o50
mode
sappend
e

22:52:33,341 py4j.clientserver DEBUG Answer received: !yro51
22:52:33,341 py4j.clientserver DEBUG Command to send: c
o51
parquet
soutput/returns
e

22:52:33,809 py4j.clientserver DEBUG Command to send: m
d
o48
e

22:52:33,818 py4j.clientserver DEBUG Answer received: !yv
22:52:46,804 py4j.clientserver DEBUG Answer received: !yv
22:52:46,804 root DEBUG success
