15:27:51,348 root DEBUG running analyzer now
15:27:55,207 py4j.java_gateway DEBUG GatewayClient.address is deprecated and will be removed in version 1.0. Use GatewayParameters instead.
15:27:55,209 py4j.clientserver DEBUG Command to send: A
11c74159366f1a492b047ea7cf41d58fa1ffc69bb96f8eb3fd80704e7ec7a465

15:27:55,232 py4j.clientserver DEBUG Answer received: !yv
15:27:55,233 py4j.clientserver DEBUG Command to send: j
i
rj
org.apache.spark.SparkConf
e

15:27:55,235 py4j.clientserver DEBUG Answer received: !yv
15:27:55,235 py4j.clientserver DEBUG Command to send: j
i
rj
org.apache.spark.api.java.*
e

15:27:55,236 py4j.clientserver DEBUG Answer received: !yv
15:27:55,236 py4j.clientserver DEBUG Command to send: j
i
rj
org.apache.spark.api.python.*
e

15:27:55,236 py4j.clientserver DEBUG Answer received: !yv
15:27:55,236 py4j.clientserver DEBUG Command to send: j
i
rj
org.apache.spark.ml.python.*
e

15:27:55,236 py4j.clientserver DEBUG Answer received: !yv
15:27:55,237 py4j.clientserver DEBUG Command to send: j
i
rj
org.apache.spark.mllib.api.python.*
e

15:27:55,237 py4j.clientserver DEBUG Answer received: !yv
15:27:55,237 py4j.clientserver DEBUG Command to send: j
i
rj
org.apache.spark.resource.*
e

15:27:55,237 py4j.clientserver DEBUG Answer received: !yv
15:27:55,237 py4j.clientserver DEBUG Command to send: j
i
rj
org.apache.spark.sql.*
e

15:27:55,238 py4j.clientserver DEBUG Answer received: !yv
15:27:55,238 py4j.clientserver DEBUG Command to send: j
i
rj
org.apache.spark.sql.api.python.*
e

15:27:55,238 py4j.clientserver DEBUG Answer received: !yv
15:27:55,238 py4j.clientserver DEBUG Command to send: j
i
rj
org.apache.spark.sql.hive.*
e

15:27:55,239 py4j.clientserver DEBUG Answer received: !yv
15:27:55,239 py4j.clientserver DEBUG Command to send: j
i
rj
scala.Tuple2
e

15:27:55,239 py4j.clientserver DEBUG Answer received: !yv
15:27:55,239 py4j.clientserver DEBUG Command to send: r
u
SparkConf
rj
e

15:27:55,241 py4j.clientserver DEBUG Answer received: !ycorg.apache.spark.SparkConf
15:27:55,241 py4j.clientserver DEBUG Command to send: i
org.apache.spark.SparkConf
bTrue
e

15:27:55,247 py4j.clientserver DEBUG Answer received: !yro0
15:27:55,247 py4j.clientserver DEBUG Command to send: c
o0
set
sspark.master
slocal
e

15:27:55,256 py4j.clientserver DEBUG Answer received: !yro1
15:27:55,256 py4j.clientserver DEBUG Command to send: c
o0
set
sspark.app.name
sapp
e

15:27:55,257 py4j.clientserver DEBUG Answer received: !yro2
15:27:55,257 py4j.clientserver DEBUG Command to send: c
o0
contains
sspark.serializer.objectStreamReset
e

15:27:55,257 py4j.clientserver DEBUG Answer received: !ybfalse
15:27:55,257 py4j.clientserver DEBUG Command to send: c
o0
set
sspark.serializer.objectStreamReset
s100
e

15:27:55,257 py4j.clientserver DEBUG Answer received: !yro3
15:27:55,258 py4j.clientserver DEBUG Command to send: c
o0
contains
sspark.rdd.compress
e

15:27:55,258 py4j.clientserver DEBUG Answer received: !ybfalse
15:27:55,258 py4j.clientserver DEBUG Command to send: c
o0
set
sspark.rdd.compress
sTrue
e

15:27:55,258 py4j.clientserver DEBUG Answer received: !yro4
15:27:55,258 py4j.clientserver DEBUG Command to send: c
o0
contains
sspark.master
e

15:27:55,259 py4j.clientserver DEBUG Answer received: !ybtrue
15:27:55,259 py4j.clientserver DEBUG Command to send: c
o0
contains
sspark.app.name
e

15:27:55,259 py4j.clientserver DEBUG Answer received: !ybtrue
15:27:55,259 py4j.clientserver DEBUG Command to send: c
o0
contains
sspark.master
e

15:27:55,261 py4j.clientserver DEBUG Answer received: !ybtrue
15:27:55,261 py4j.clientserver DEBUG Command to send: c
o0
get
sspark.master
e

15:27:55,262 py4j.clientserver DEBUG Answer received: !yslocal
15:27:55,262 py4j.clientserver DEBUG Command to send: c
o0
contains
sspark.app.name
e

15:27:55,263 py4j.clientserver DEBUG Answer received: !ybtrue
15:27:55,263 py4j.clientserver DEBUG Command to send: c
o0
get
sspark.app.name
e

15:27:55,263 py4j.clientserver DEBUG Answer received: !ysapp
15:27:55,263 py4j.clientserver DEBUG Command to send: c
o0
contains
sspark.home
e

15:27:55,263 py4j.clientserver DEBUG Answer received: !ybfalse
15:27:55,263 py4j.clientserver DEBUG Command to send: c
o0
getAll
e

15:27:55,264 py4j.clientserver DEBUG Answer received: !yto5
15:27:55,264 py4j.clientserver DEBUG Command to send: a
e
o5
e

15:27:55,264 py4j.clientserver DEBUG Answer received: !yi7
15:27:55,264 py4j.clientserver DEBUG Command to send: a
g
o5
i0
e

15:27:55,265 py4j.clientserver DEBUG Answer received: !yro6
15:27:55,265 py4j.clientserver DEBUG Command to send: c
o6
_1
e

15:27:55,265 py4j.clientserver DEBUG Answer received: !ysspark.master
15:27:55,265 py4j.clientserver DEBUG Command to send: c
o6
_2
e

15:27:55,266 py4j.clientserver DEBUG Answer received: !yslocal
15:27:55,266 py4j.clientserver DEBUG Command to send: a
e
o5
e

15:27:55,266 py4j.clientserver DEBUG Answer received: !yi7
15:27:55,267 py4j.clientserver DEBUG Command to send: a
g
o5
i1
e

15:27:55,267 py4j.clientserver DEBUG Answer received: !yro7
15:27:55,267 py4j.clientserver DEBUG Command to send: c
o7
_1
e

15:27:55,267 py4j.clientserver DEBUG Answer received: !ysspark.app.name
15:27:55,267 py4j.clientserver DEBUG Command to send: c
o7
_2
e

15:27:55,268 py4j.clientserver DEBUG Answer received: !ysapp
15:27:55,268 py4j.clientserver DEBUG Command to send: a
e
o5
e

15:27:55,268 py4j.clientserver DEBUG Answer received: !yi7
15:27:55,268 py4j.clientserver DEBUG Command to send: a
g
o5
i2
e

15:27:55,268 py4j.clientserver DEBUG Answer received: !yro8
15:27:55,269 py4j.clientserver DEBUG Command to send: c
o8
_1
e

15:27:55,269 py4j.clientserver DEBUG Answer received: !ysspark.rdd.compress
15:27:55,269 py4j.clientserver DEBUG Command to send: c
o8
_2
e

15:27:55,269 py4j.clientserver DEBUG Answer received: !ysTrue
15:27:55,269 py4j.clientserver DEBUG Command to send: a
e
o5
e

15:27:55,269 py4j.clientserver DEBUG Answer received: !yi7
15:27:55,270 py4j.clientserver DEBUG Command to send: a
g
o5
i3
e

15:27:55,270 py4j.clientserver DEBUG Answer received: !yro9
15:27:55,270 py4j.clientserver DEBUG Command to send: c
o9
_1
e

15:27:55,271 py4j.clientserver DEBUG Answer received: !ysspark.serializer.objectStreamReset
15:27:55,271 py4j.clientserver DEBUG Command to send: c
o9
_2
e

15:27:55,271 py4j.clientserver DEBUG Answer received: !ys100
15:27:55,271 py4j.clientserver DEBUG Command to send: a
e
o5
e

15:27:55,271 py4j.clientserver DEBUG Answer received: !yi7
15:27:55,272 py4j.clientserver DEBUG Command to send: a
g
o5
i4
e

15:27:55,272 py4j.clientserver DEBUG Answer received: !yro10
15:27:55,272 py4j.clientserver DEBUG Command to send: c
o10
_1
e

15:27:55,272 py4j.clientserver DEBUG Answer received: !ysspark.submit.pyFiles
15:27:55,272 py4j.clientserver DEBUG Command to send: c
o10
_2
e

15:27:55,273 py4j.clientserver DEBUG Answer received: !ys
15:27:55,273 py4j.clientserver DEBUG Command to send: a
e
o5
e

15:27:55,273 py4j.clientserver DEBUG Answer received: !yi7
15:27:55,273 py4j.clientserver DEBUG Command to send: a
g
o5
i5
e

15:27:55,273 py4j.clientserver DEBUG Answer received: !yro11
15:27:55,273 py4j.clientserver DEBUG Command to send: c
o11
_1
e

15:27:55,274 py4j.clientserver DEBUG Answer received: !ysspark.submit.deployMode
15:27:55,274 py4j.clientserver DEBUG Command to send: c
o11
_2
e

15:27:55,274 py4j.clientserver DEBUG Answer received: !ysclient
15:27:55,274 py4j.clientserver DEBUG Command to send: a
e
o5
e

15:27:55,275 py4j.clientserver DEBUG Answer received: !yi7
15:27:55,275 py4j.clientserver DEBUG Command to send: a
g
o5
i6
e

15:27:55,275 py4j.clientserver DEBUG Answer received: !yro12
15:27:55,275 py4j.clientserver DEBUG Command to send: c
o12
_1
e

15:27:55,275 py4j.clientserver DEBUG Answer received: !ysspark.ui.showConsoleProgress
15:27:55,275 py4j.clientserver DEBUG Command to send: c
o12
_2
e

15:27:55,276 py4j.clientserver DEBUG Answer received: !ystrue
15:27:55,276 py4j.clientserver DEBUG Command to send: a
e
o5
e

15:27:55,276 py4j.clientserver DEBUG Answer received: !yi7
15:27:55,276 py4j.clientserver DEBUG Command to send: r
u
JavaSparkContext
rj
e

15:27:55,290 py4j.clientserver DEBUG Answer received: !ycorg.apache.spark.api.java.JavaSparkContext
15:27:55,290 py4j.clientserver DEBUG Command to send: i
org.apache.spark.api.java.JavaSparkContext
ro0
e

15:27:56,216 py4j.clientserver DEBUG Command to send: A
11c74159366f1a492b047ea7cf41d58fa1ffc69bb96f8eb3fd80704e7ec7a465

15:27:56,217 py4j.clientserver DEBUG Answer received: !yv
15:27:56,217 py4j.clientserver DEBUG Command to send: m
d
o1
e

15:27:56,217 py4j.clientserver DEBUG Answer received: !yv
15:27:56,217 py4j.clientserver DEBUG Command to send: m
d
o2
e

15:27:56,217 py4j.clientserver DEBUG Answer received: !yv
15:27:56,218 py4j.clientserver DEBUG Command to send: m
d
o3
e

15:27:56,218 py4j.clientserver DEBUG Answer received: !yv
15:27:56,218 py4j.clientserver DEBUG Command to send: m
d
o4
e

15:27:56,218 py4j.clientserver DEBUG Answer received: !yv
15:27:56,218 py4j.clientserver DEBUG Command to send: m
d
o5
e

15:27:56,219 py4j.clientserver DEBUG Answer received: !yv
15:27:58,764 py4j.clientserver DEBUG Answer received: !yro13
15:27:58,765 py4j.clientserver DEBUG Command to send: c
o13
sc
e

15:27:58,769 py4j.clientserver DEBUG Answer received: !yro14
15:27:58,769 py4j.clientserver DEBUG Command to send: c
o14
conf
e

15:27:58,789 py4j.clientserver DEBUG Answer received: !yro15
15:27:58,800 py4j.clientserver DEBUG Command to send: r
u
PythonAccumulatorV2
rj
e

15:27:58,803 py4j.clientserver DEBUG Answer received: !ycorg.apache.spark.api.python.PythonAccumulatorV2
15:27:58,803 py4j.clientserver DEBUG Command to send: i
org.apache.spark.api.python.PythonAccumulatorV2
s127.0.0.1
i53019
s11c74159366f1a492b047ea7cf41d58fa1ffc69bb96f8eb3fd80704e7ec7a465
e

15:27:58,804 py4j.clientserver DEBUG Answer received: !yro16
15:27:58,804 py4j.clientserver DEBUG Command to send: c
o13
sc
e

15:27:58,804 py4j.clientserver DEBUG Answer received: !yro17
15:27:58,805 py4j.clientserver DEBUG Command to send: c
o17
register
ro16
e

15:27:58,808 py4j.clientserver DEBUG Answer received: !yv
15:27:58,808 py4j.clientserver DEBUG Command to send: r
u
PythonUtils
rj
e

15:27:58,810 py4j.clientserver DEBUG Answer received: !ycorg.apache.spark.api.python.PythonUtils
15:27:58,810 py4j.clientserver DEBUG Command to send: r
m
org.apache.spark.api.python.PythonUtils
isEncryptionEnabled
e

15:27:58,811 py4j.clientserver DEBUG Answer received: !ym
15:27:58,811 py4j.clientserver DEBUG Command to send: c
z:org.apache.spark.api.python.PythonUtils
isEncryptionEnabled
ro13
e

15:27:58,813 py4j.clientserver DEBUG Answer received: !ybfalse
15:27:58,813 py4j.clientserver DEBUG Command to send: r
u
PythonUtils
rj
e

15:27:58,815 py4j.clientserver DEBUG Answer received: !ycorg.apache.spark.api.python.PythonUtils
15:27:58,815 py4j.clientserver DEBUG Command to send: r
m
org.apache.spark.api.python.PythonUtils
getPythonAuthSocketTimeout
e

15:27:58,816 py4j.clientserver DEBUG Answer received: !ym
15:27:58,816 py4j.clientserver DEBUG Command to send: c
z:org.apache.spark.api.python.PythonUtils
getPythonAuthSocketTimeout
ro13
e

15:27:58,816 py4j.clientserver DEBUG Answer received: !yL15
15:27:58,816 py4j.clientserver DEBUG Command to send: r
u
PythonUtils
rj
e

15:27:58,818 py4j.clientserver DEBUG Answer received: !ycorg.apache.spark.api.python.PythonUtils
15:27:58,818 py4j.clientserver DEBUG Command to send: r
m
org.apache.spark.api.python.PythonUtils
getSparkBufferSize
e

15:27:58,818 py4j.clientserver DEBUG Answer received: !ym
15:27:58,818 py4j.clientserver DEBUG Command to send: c
z:org.apache.spark.api.python.PythonUtils
getSparkBufferSize
ro13
e

15:27:58,819 py4j.clientserver DEBUG Answer received: !yi65536
15:27:58,819 py4j.clientserver DEBUG Command to send: r
u
org
rj
e

15:27:58,823 py4j.clientserver DEBUG Answer received: !yp
15:27:58,823 py4j.clientserver DEBUG Command to send: r
u
org.apache
rj
e

15:27:58,824 py4j.clientserver DEBUG Answer received: !yp
15:27:58,824 py4j.clientserver DEBUG Command to send: r
u
org.apache.spark
rj
e

15:27:58,824 py4j.clientserver DEBUG Answer received: !yp
15:27:58,824 py4j.clientserver DEBUG Command to send: r
u
org.apache.spark.SparkFiles
rj
e

15:27:58,825 py4j.clientserver DEBUG Answer received: !ycorg.apache.spark.SparkFiles
15:27:58,825 py4j.clientserver DEBUG Command to send: r
m
org.apache.spark.SparkFiles
getRootDirectory
e

15:27:58,825 py4j.clientserver DEBUG Answer received: !ym
15:27:58,826 py4j.clientserver DEBUG Command to send: c
z:org.apache.spark.SparkFiles
getRootDirectory
e

15:27:58,827 py4j.clientserver DEBUG Answer received: !ysC:\\Users\\danie\\AppData\\Local\\Temp\\spark-63789a9b-1380-42b0-bf31-ea9ecd3afd0a\\userFiles-23b16343-487b-4d05-a970-764deaaf48ae
15:27:58,827 py4j.clientserver DEBUG Command to send: c
o15
get
sspark.submit.pyFiles
s
e

15:27:58,828 py4j.clientserver DEBUG Answer received: !ys
15:27:58,828 py4j.clientserver DEBUG Command to send: r
u
org
rj
e

15:27:58,831 py4j.clientserver DEBUG Answer received: !yp
15:27:58,831 py4j.clientserver DEBUG Command to send: r
u
org.apache
rj
e

15:27:58,831 py4j.clientserver DEBUG Answer received: !yp
15:27:58,831 py4j.clientserver DEBUG Command to send: r
u
org.apache.spark
rj
e

15:27:58,832 py4j.clientserver DEBUG Answer received: !yp
15:27:58,832 py4j.clientserver DEBUG Command to send: r
u
org.apache.spark.util
rj
e

15:27:58,833 py4j.clientserver DEBUG Answer received: !yp
15:27:58,833 py4j.clientserver DEBUG Command to send: r
u
org.apache.spark.util.Utils
rj
e

15:27:58,835 py4j.clientserver DEBUG Answer received: !ycorg.apache.spark.util.Utils
15:27:58,835 py4j.clientserver DEBUG Command to send: r
m
org.apache.spark.util.Utils
getLocalDir
e

15:27:58,838 py4j.clientserver DEBUG Answer received: !ym
15:27:58,838 py4j.clientserver DEBUG Command to send: c
o13
sc
e

15:27:58,838 py4j.clientserver DEBUG Answer received: !yro18
15:27:58,839 py4j.clientserver DEBUG Command to send: c
o18
conf
e

15:27:58,839 py4j.clientserver DEBUG Answer received: !yro19
15:27:58,839 py4j.clientserver DEBUG Command to send: c
z:org.apache.spark.util.Utils
getLocalDir
ro19
e

15:27:58,839 py4j.clientserver DEBUG Answer received: !ysC:\\Users\\danie\\AppData\\Local\\Temp\\spark-63789a9b-1380-42b0-bf31-ea9ecd3afd0a
15:27:58,840 py4j.clientserver DEBUG Command to send: r
u
org
rj
e

15:27:58,843 py4j.clientserver DEBUG Answer received: !yp
15:27:58,844 py4j.clientserver DEBUG Command to send: r
u
org.apache
rj
e

15:27:58,844 py4j.clientserver DEBUG Answer received: !yp
15:27:58,844 py4j.clientserver DEBUG Command to send: r
u
org.apache.spark
rj
e

15:27:58,845 py4j.clientserver DEBUG Answer received: !yp
15:27:58,845 py4j.clientserver DEBUG Command to send: r
u
org.apache.spark.util
rj
e

15:27:58,846 py4j.clientserver DEBUG Answer received: !yp
15:27:58,846 py4j.clientserver DEBUG Command to send: r
u
org.apache.spark.util.Utils
rj
e

15:27:58,846 py4j.clientserver DEBUG Answer received: !ycorg.apache.spark.util.Utils
15:27:58,846 py4j.clientserver DEBUG Command to send: r
m
org.apache.spark.util.Utils
createTempDir
e

15:27:58,846 py4j.clientserver DEBUG Answer received: !ym
15:27:58,846 py4j.clientserver DEBUG Command to send: c
z:org.apache.spark.util.Utils
createTempDir
sC:\\Users\\danie\\AppData\\Local\\Temp\\spark-63789a9b-1380-42b0-bf31-ea9ecd3afd0a
spyspark
e

15:27:58,847 py4j.clientserver DEBUG Answer received: !yro20
15:27:58,848 py4j.clientserver DEBUG Command to send: c
o20
getAbsolutePath
e

15:27:58,848 py4j.clientserver DEBUG Answer received: !ysC:\\Users\\danie\\AppData\\Local\\Temp\\spark-63789a9b-1380-42b0-bf31-ea9ecd3afd0a\\pyspark-c8391bc1-84b8-4628-a294-288801a6ab01
15:27:58,848 py4j.clientserver DEBUG Command to send: c
o15
get
sspark.python.profile
sfalse
e

15:27:58,849 py4j.clientserver DEBUG Answer received: !ysfalse
15:27:58,849 py4j.clientserver DEBUG Command to send: r
u
SparkSession
rj
e

15:27:58,894 py4j.clientserver DEBUG Answer received: !ycorg.apache.spark.sql.SparkSession
15:27:58,894 py4j.clientserver DEBUG Command to send: r
m
org.apache.spark.sql.SparkSession
getDefaultSession
e

15:27:58,929 py4j.clientserver DEBUG Answer received: !ym
15:27:58,929 py4j.clientserver DEBUG Command to send: c
z:org.apache.spark.sql.SparkSession
getDefaultSession
e

15:27:58,931 py4j.clientserver DEBUG Answer received: !yro21
15:27:58,932 py4j.clientserver DEBUG Command to send: c
o21
isDefined
e

15:27:58,932 py4j.clientserver DEBUG Answer received: !ybfalse
15:27:58,932 py4j.clientserver DEBUG Command to send: r
u
SparkSession
rj
e

15:27:58,935 py4j.clientserver DEBUG Answer received: !ycorg.apache.spark.sql.SparkSession
15:27:58,935 py4j.clientserver DEBUG Command to send: c
o13
sc
e

15:27:58,935 py4j.clientserver DEBUG Answer received: !yro22
15:27:58,935 py4j.clientserver DEBUG Command to send: i
org.apache.spark.sql.SparkSession
ro22
e

15:27:59,15 py4j.clientserver DEBUG Answer received: !yro23
15:27:59,15 py4j.clientserver DEBUG Command to send: c
o23
sqlContext
e

15:27:59,15 py4j.clientserver DEBUG Answer received: !yro24
15:27:59,15 py4j.clientserver DEBUG Command to send: r
u
SparkSession
rj
e

15:27:59,18 py4j.clientserver DEBUG Answer received: !ycorg.apache.spark.sql.SparkSession
15:27:59,18 py4j.clientserver DEBUG Command to send: r
m
org.apache.spark.sql.SparkSession
setDefaultSession
e

15:27:59,18 py4j.clientserver DEBUG Answer received: !ym
15:27:59,18 py4j.clientserver DEBUG Command to send: c
z:org.apache.spark.sql.SparkSession
setDefaultSession
ro23
e

15:27:59,18 py4j.clientserver DEBUG Answer received: !yv
15:27:59,19 py4j.clientserver DEBUG Command to send: r
u
SparkSession
rj
e

15:27:59,21 py4j.clientserver DEBUG Answer received: !ycorg.apache.spark.sql.SparkSession
15:27:59,21 py4j.clientserver DEBUG Command to send: r
m
org.apache.spark.sql.SparkSession
setActiveSession
e

15:27:59,21 py4j.clientserver DEBUG Answer received: !ym
15:27:59,21 py4j.clientserver DEBUG Command to send: c
z:org.apache.spark.sql.SparkSession
setActiveSession
ro23
e

15:27:59,21 py4j.clientserver DEBUG Answer received: !yv
15:27:59,21 py4j.clientserver DEBUG Command to send: c
o23
sessionState
e

15:27:59,255 py4j.clientserver DEBUG Command to send: m
d
o0
e

15:27:59,255 py4j.clientserver DEBUG Answer received: !yv
15:27:59,255 py4j.clientserver DEBUG Command to send: m
d
o6
e

15:27:59,255 py4j.clientserver DEBUG Answer received: !yv
15:27:59,256 py4j.clientserver DEBUG Command to send: m
d
o7
e

15:27:59,256 py4j.clientserver DEBUG Answer received: !yv
15:27:59,256 py4j.clientserver DEBUG Command to send: m
d
o8
e

15:27:59,256 py4j.clientserver DEBUG Answer received: !yv
15:27:59,256 py4j.clientserver DEBUG Command to send: m
d
o9
e

15:27:59,257 py4j.clientserver DEBUG Answer received: !yv
15:27:59,257 py4j.clientserver DEBUG Command to send: m
d
o10
e

15:27:59,257 py4j.clientserver DEBUG Answer received: !yv
15:27:59,257 py4j.clientserver DEBUG Command to send: m
d
o11
e

15:27:59,257 py4j.clientserver DEBUG Answer received: !yv
15:27:59,257 py4j.clientserver DEBUG Command to send: m
d
o12
e

15:27:59,258 py4j.clientserver DEBUG Answer received: !yv
15:27:59,258 py4j.clientserver DEBUG Command to send: m
d
o14
e

15:27:59,258 py4j.clientserver DEBUG Answer received: !yv
15:28:00,167 py4j.clientserver DEBUG Answer received: !yro25
15:28:00,167 py4j.clientserver DEBUG Command to send: c
o25
conf
e

15:28:00,168 py4j.clientserver DEBUG Answer received: !yro26
15:28:00,169 py4j.clientserver DEBUG Command to send: c
o26
setConfString
sspark.master
slocal
e

15:28:00,170 py4j.clientserver DEBUG Answer received: !yv
15:28:00,171 py4j.clientserver DEBUG Command to send: c
o23
sessionState
e

15:28:00,171 py4j.clientserver DEBUG Answer received: !yro27
15:28:00,171 py4j.clientserver DEBUG Command to send: c
o27
conf
e

15:28:00,171 py4j.clientserver DEBUG Answer received: !yro28
15:28:00,171 py4j.clientserver DEBUG Command to send: c
o28
setConfString
sspark.app.name
sapp
e

15:28:00,172 py4j.clientserver DEBUG Answer received: !yv
15:28:00,172 py4j.clientserver DEBUG Command to send: c
o13
setLogLevel
sWARN
e

15:28:00,173 py4j.clientserver DEBUG Answer received: !yv
15:28:00,173 py4j.clientserver DEBUG Command to send: c
o24
read
e

15:28:00,181 py4j.clientserver DEBUG Answer received: !yro29
15:28:00,181 py4j.clientserver DEBUG Command to send: r
u
PythonUtils
rj
e

15:28:00,182 py4j.clientserver DEBUG Answer received: !ycorg.apache.spark.api.python.PythonUtils
15:28:00,182 py4j.clientserver DEBUG Command to send: r
m
org.apache.spark.api.python.PythonUtils
toSeq
e

15:28:00,183 py4j.clientserver DEBUG Answer received: !ym
15:28:00,183 py4j.clientserver DEBUG Command to send: i
java.util.ArrayList
e

15:28:00,183 py4j.clientserver DEBUG Answer received: !ylo30
15:28:00,183 py4j.clientserver DEBUG Command to send: c
o30
add
sC:\\GitRepos\\Springboard\\Capstone\\output\\divs_and_prices\\
e

15:28:00,184 py4j.clientserver DEBUG Answer received: !ybtrue
15:28:00,184 py4j.clientserver DEBUG Command to send: c
z:org.apache.spark.api.python.PythonUtils
toSeq
ro30
e

15:28:00,185 py4j.clientserver DEBUG Answer received: !yro31
15:28:00,185 py4j.clientserver DEBUG Command to send: c
o29
parquet
ro31
e

15:28:00,264 py4j.clientserver DEBUG Command to send: m
d
o30
e

15:28:00,291 py4j.clientserver DEBUG Answer received: !yv
15:28:08,409 py4j.clientserver DEBUG Answer received: !yro32
