16:12:09,9 root DEBUG running analyzer now
16:12:12,238 py4j.java_gateway DEBUG GatewayClient.address is deprecated and will be removed in version 1.0. Use GatewayParameters instead.
16:12:12,240 py4j.clientserver DEBUG Command to send: A
83a8b41c7eae5dcf566071ff72785c94679d09be7b416326428abd0f55e76a3c

16:12:12,258 py4j.clientserver DEBUG Answer received: !yv
16:12:12,258 py4j.clientserver DEBUG Command to send: j
i
rj
org.apache.spark.SparkConf
e

16:12:12,260 py4j.clientserver DEBUG Answer received: !yv
16:12:12,260 py4j.clientserver DEBUG Command to send: j
i
rj
org.apache.spark.api.java.*
e

16:12:12,261 py4j.clientserver DEBUG Answer received: !yv
16:12:12,261 py4j.clientserver DEBUG Command to send: j
i
rj
org.apache.spark.api.python.*
e

16:12:12,261 py4j.clientserver DEBUG Answer received: !yv
16:12:12,261 py4j.clientserver DEBUG Command to send: j
i
rj
org.apache.spark.ml.python.*
e

16:12:12,261 py4j.clientserver DEBUG Answer received: !yv
16:12:12,262 py4j.clientserver DEBUG Command to send: j
i
rj
org.apache.spark.mllib.api.python.*
e

16:12:12,262 py4j.clientserver DEBUG Answer received: !yv
16:12:12,262 py4j.clientserver DEBUG Command to send: j
i
rj
org.apache.spark.resource.*
e

16:12:12,262 py4j.clientserver DEBUG Answer received: !yv
16:12:12,262 py4j.clientserver DEBUG Command to send: j
i
rj
org.apache.spark.sql.*
e

16:12:12,263 py4j.clientserver DEBUG Answer received: !yv
16:12:12,263 py4j.clientserver DEBUG Command to send: j
i
rj
org.apache.spark.sql.api.python.*
e

16:12:12,263 py4j.clientserver DEBUG Answer received: !yv
16:12:12,263 py4j.clientserver DEBUG Command to send: j
i
rj
org.apache.spark.sql.hive.*
e

16:12:12,264 py4j.clientserver DEBUG Answer received: !yv
16:12:12,264 py4j.clientserver DEBUG Command to send: j
i
rj
scala.Tuple2
e

16:12:12,264 py4j.clientserver DEBUG Answer received: !yv
16:12:12,264 py4j.clientserver DEBUG Command to send: r
u
SparkConf
rj
e

16:12:12,266 py4j.clientserver DEBUG Answer received: !ycorg.apache.spark.SparkConf
16:12:12,266 py4j.clientserver DEBUG Command to send: i
org.apache.spark.SparkConf
bTrue
e

16:12:12,272 py4j.clientserver DEBUG Answer received: !yro0
16:12:12,272 py4j.clientserver DEBUG Command to send: c
o0
set
sspark.master
slocal
e

16:12:12,280 py4j.clientserver DEBUG Answer received: !yro1
16:12:12,281 py4j.clientserver DEBUG Command to send: c
o0
set
sspark.app.name
sapp
e

16:12:12,281 py4j.clientserver DEBUG Answer received: !yro2
16:12:12,281 py4j.clientserver DEBUG Command to send: c
o0
contains
sspark.serializer.objectStreamReset
e

16:12:12,282 py4j.clientserver DEBUG Answer received: !ybfalse
16:12:12,282 py4j.clientserver DEBUG Command to send: c
o0
set
sspark.serializer.objectStreamReset
s100
e

16:12:12,282 py4j.clientserver DEBUG Answer received: !yro3
16:12:12,282 py4j.clientserver DEBUG Command to send: c
o0
contains
sspark.rdd.compress
e

16:12:12,283 py4j.clientserver DEBUG Answer received: !ybfalse
16:12:12,283 py4j.clientserver DEBUG Command to send: c
o0
set
sspark.rdd.compress
sTrue
e

16:12:12,283 py4j.clientserver DEBUG Answer received: !yro4
16:12:12,283 py4j.clientserver DEBUG Command to send: c
o0
contains
sspark.master
e

16:12:12,283 py4j.clientserver DEBUG Answer received: !ybtrue
16:12:12,284 py4j.clientserver DEBUG Command to send: c
o0
contains
sspark.app.name
e

16:12:12,284 py4j.clientserver DEBUG Answer received: !ybtrue
16:12:12,284 py4j.clientserver DEBUG Command to send: c
o0
contains
sspark.master
e

16:12:12,286 py4j.clientserver DEBUG Answer received: !ybtrue
16:12:12,287 py4j.clientserver DEBUG Command to send: c
o0
get
sspark.master
e

16:12:12,288 py4j.clientserver DEBUG Answer received: !yslocal
16:12:12,288 py4j.clientserver DEBUG Command to send: c
o0
contains
sspark.app.name
e

16:12:12,288 py4j.clientserver DEBUG Answer received: !ybtrue
16:12:12,288 py4j.clientserver DEBUG Command to send: c
o0
get
sspark.app.name
e

16:12:12,288 py4j.clientserver DEBUG Answer received: !ysapp
16:12:12,289 py4j.clientserver DEBUG Command to send: c
o0
contains
sspark.home
e

16:12:12,289 py4j.clientserver DEBUG Answer received: !ybfalse
16:12:12,289 py4j.clientserver DEBUG Command to send: c
o0
getAll
e

16:12:12,290 py4j.clientserver DEBUG Answer received: !yto5
16:12:12,290 py4j.clientserver DEBUG Command to send: a
e
o5
e

16:12:12,290 py4j.clientserver DEBUG Answer received: !yi7
16:12:12,290 py4j.clientserver DEBUG Command to send: a
g
o5
i0
e

16:12:12,291 py4j.clientserver DEBUG Answer received: !yro6
16:12:12,291 py4j.clientserver DEBUG Command to send: c
o6
_1
e

16:12:12,292 py4j.clientserver DEBUG Answer received: !ysspark.master
16:12:12,292 py4j.clientserver DEBUG Command to send: c
o6
_2
e

16:12:12,293 py4j.clientserver DEBUG Answer received: !yslocal
16:12:12,293 py4j.clientserver DEBUG Command to send: a
e
o5
e

16:12:12,293 py4j.clientserver DEBUG Answer received: !yi7
16:12:12,293 py4j.clientserver DEBUG Command to send: a
g
o5
i1
e

16:12:12,293 py4j.clientserver DEBUG Answer received: !yro7
16:12:12,293 py4j.clientserver DEBUG Command to send: c
o7
_1
e

16:12:12,294 py4j.clientserver DEBUG Answer received: !ysspark.app.name
16:12:12,294 py4j.clientserver DEBUG Command to send: c
o7
_2
e

16:12:12,294 py4j.clientserver DEBUG Answer received: !ysapp
16:12:12,294 py4j.clientserver DEBUG Command to send: a
e
o5
e

16:12:12,294 py4j.clientserver DEBUG Answer received: !yi7
16:12:12,294 py4j.clientserver DEBUG Command to send: a
g
o5
i2
e

16:12:12,295 py4j.clientserver DEBUG Answer received: !yro8
16:12:12,295 py4j.clientserver DEBUG Command to send: c
o8
_1
e

16:12:12,295 py4j.clientserver DEBUG Answer received: !ysspark.rdd.compress
16:12:12,295 py4j.clientserver DEBUG Command to send: c
o8
_2
e

16:12:12,295 py4j.clientserver DEBUG Answer received: !ysTrue
16:12:12,296 py4j.clientserver DEBUG Command to send: a
e
o5
e

16:12:12,296 py4j.clientserver DEBUG Answer received: !yi7
16:12:12,296 py4j.clientserver DEBUG Command to send: a
g
o5
i3
e

16:12:12,296 py4j.clientserver DEBUG Answer received: !yro9
16:12:12,296 py4j.clientserver DEBUG Command to send: c
o9
_1
e

16:12:12,296 py4j.clientserver DEBUG Answer received: !ysspark.serializer.objectStreamReset
16:12:12,297 py4j.clientserver DEBUG Command to send: c
o9
_2
e

16:12:12,297 py4j.clientserver DEBUG Answer received: !ys100
16:12:12,297 py4j.clientserver DEBUG Command to send: a
e
o5
e

16:12:12,297 py4j.clientserver DEBUG Answer received: !yi7
16:12:12,297 py4j.clientserver DEBUG Command to send: a
g
o5
i4
e

16:12:12,298 py4j.clientserver DEBUG Answer received: !yro10
16:12:12,298 py4j.clientserver DEBUG Command to send: c
o10
_1
e

16:12:12,298 py4j.clientserver DEBUG Answer received: !ysspark.submit.pyFiles
16:12:12,298 py4j.clientserver DEBUG Command to send: c
o10
_2
e

16:12:12,299 py4j.clientserver DEBUG Answer received: !ys
16:12:12,299 py4j.clientserver DEBUG Command to send: a
e
o5
e

16:12:12,299 py4j.clientserver DEBUG Answer received: !yi7
16:12:12,299 py4j.clientserver DEBUG Command to send: a
g
o5
i5
e

16:12:12,299 py4j.clientserver DEBUG Answer received: !yro11
16:12:12,299 py4j.clientserver DEBUG Command to send: c
o11
_1
e

16:12:12,300 py4j.clientserver DEBUG Answer received: !ysspark.submit.deployMode
16:12:12,300 py4j.clientserver DEBUG Command to send: c
o11
_2
e

16:12:12,300 py4j.clientserver DEBUG Answer received: !ysclient
16:12:12,300 py4j.clientserver DEBUG Command to send: a
e
o5
e

16:12:12,300 py4j.clientserver DEBUG Answer received: !yi7
16:12:12,301 py4j.clientserver DEBUG Command to send: a
g
o5
i6
e

16:12:12,301 py4j.clientserver DEBUG Answer received: !yro12
16:12:12,301 py4j.clientserver DEBUG Command to send: c
o12
_1
e

16:12:12,301 py4j.clientserver DEBUG Answer received: !ysspark.ui.showConsoleProgress
16:12:12,301 py4j.clientserver DEBUG Command to send: c
o12
_2
e

16:12:12,303 py4j.clientserver DEBUG Answer received: !ystrue
16:12:12,303 py4j.clientserver DEBUG Command to send: a
e
o5
e

16:12:12,304 py4j.clientserver DEBUG Answer received: !yi7
16:12:12,304 py4j.clientserver DEBUG Command to send: r
u
JavaSparkContext
rj
e

16:12:12,317 py4j.clientserver DEBUG Answer received: !ycorg.apache.spark.api.java.JavaSparkContext
16:12:12,317 py4j.clientserver DEBUG Command to send: i
org.apache.spark.api.java.JavaSparkContext
ro0
e

16:12:13,240 py4j.clientserver DEBUG Command to send: A
83a8b41c7eae5dcf566071ff72785c94679d09be7b416326428abd0f55e76a3c

16:12:13,241 py4j.clientserver DEBUG Answer received: !yv
16:12:13,241 py4j.clientserver DEBUG Command to send: m
d
o1
e

16:12:13,241 py4j.clientserver DEBUG Answer received: !yv
16:12:13,241 py4j.clientserver DEBUG Command to send: m
d
o2
e

16:12:13,242 py4j.clientserver DEBUG Answer received: !yv
16:12:13,242 py4j.clientserver DEBUG Command to send: m
d
o3
e

16:12:13,242 py4j.clientserver DEBUG Answer received: !yv
16:12:13,242 py4j.clientserver DEBUG Command to send: m
d
o4
e

16:12:13,242 py4j.clientserver DEBUG Answer received: !yv
16:12:13,242 py4j.clientserver DEBUG Command to send: m
d
o5
e

16:12:13,242 py4j.clientserver DEBUG Answer received: !yv
16:12:15,857 py4j.clientserver DEBUG Answer received: !yro13
16:12:15,857 py4j.clientserver DEBUG Command to send: c
o13
sc
e

16:12:15,861 py4j.clientserver DEBUG Answer received: !yro14
16:12:15,861 py4j.clientserver DEBUG Command to send: c
o14
conf
e

16:12:15,882 py4j.clientserver DEBUG Answer received: !yro15
16:12:15,902 py4j.clientserver DEBUG Command to send: r
u
PythonAccumulatorV2
rj
e

16:12:15,905 py4j.clientserver DEBUG Answer received: !ycorg.apache.spark.api.python.PythonAccumulatorV2
16:12:15,906 py4j.clientserver DEBUG Command to send: i
org.apache.spark.api.python.PythonAccumulatorV2
s127.0.0.1
i55346
s83a8b41c7eae5dcf566071ff72785c94679d09be7b416326428abd0f55e76a3c
e

16:12:15,907 py4j.clientserver DEBUG Answer received: !yro16
16:12:15,907 py4j.clientserver DEBUG Command to send: c
o13
sc
e

16:12:15,907 py4j.clientserver DEBUG Answer received: !yro17
16:12:15,907 py4j.clientserver DEBUG Command to send: c
o17
register
ro16
e

16:12:15,911 py4j.clientserver DEBUG Answer received: !yv
16:12:15,912 py4j.clientserver DEBUG Command to send: r
u
PythonUtils
rj
e

16:12:15,914 py4j.clientserver DEBUG Answer received: !ycorg.apache.spark.api.python.PythonUtils
16:12:15,914 py4j.clientserver DEBUG Command to send: r
m
org.apache.spark.api.python.PythonUtils
isEncryptionEnabled
e

16:12:15,915 py4j.clientserver DEBUG Answer received: !ym
16:12:15,915 py4j.clientserver DEBUG Command to send: c
z:org.apache.spark.api.python.PythonUtils
isEncryptionEnabled
ro13
e

16:12:15,917 py4j.clientserver DEBUG Answer received: !ybfalse
16:12:15,917 py4j.clientserver DEBUG Command to send: r
u
PythonUtils
rj
e

16:12:15,919 py4j.clientserver DEBUG Answer received: !ycorg.apache.spark.api.python.PythonUtils
16:12:15,919 py4j.clientserver DEBUG Command to send: r
m
org.apache.spark.api.python.PythonUtils
getPythonAuthSocketTimeout
e

16:12:15,919 py4j.clientserver DEBUG Answer received: !ym
16:12:15,919 py4j.clientserver DEBUG Command to send: c
z:org.apache.spark.api.python.PythonUtils
getPythonAuthSocketTimeout
ro13
e

16:12:15,920 py4j.clientserver DEBUG Answer received: !yL15
16:12:15,920 py4j.clientserver DEBUG Command to send: r
u
PythonUtils
rj
e

16:12:15,923 py4j.clientserver DEBUG Answer received: !ycorg.apache.spark.api.python.PythonUtils
16:12:15,923 py4j.clientserver DEBUG Command to send: r
m
org.apache.spark.api.python.PythonUtils
getSparkBufferSize
e

16:12:15,923 py4j.clientserver DEBUG Answer received: !ym
16:12:15,923 py4j.clientserver DEBUG Command to send: c
z:org.apache.spark.api.python.PythonUtils
getSparkBufferSize
ro13
e

16:12:15,924 py4j.clientserver DEBUG Answer received: !yi65536
16:12:15,924 py4j.clientserver DEBUG Command to send: r
u
org
rj
e

16:12:15,930 py4j.clientserver DEBUG Answer received: !yp
16:12:15,930 py4j.clientserver DEBUG Command to send: r
u
org.apache
rj
e

16:12:15,931 py4j.clientserver DEBUG Answer received: !yp
16:12:15,932 py4j.clientserver DEBUG Command to send: r
u
org.apache.spark
rj
e

16:12:15,932 py4j.clientserver DEBUG Answer received: !yp
16:12:15,933 py4j.clientserver DEBUG Command to send: r
u
org.apache.spark.SparkFiles
rj
e

16:12:15,934 py4j.clientserver DEBUG Answer received: !ycorg.apache.spark.SparkFiles
16:12:15,934 py4j.clientserver DEBUG Command to send: r
m
org.apache.spark.SparkFiles
getRootDirectory
e

16:12:15,934 py4j.clientserver DEBUG Answer received: !ym
16:12:15,934 py4j.clientserver DEBUG Command to send: c
z:org.apache.spark.SparkFiles
getRootDirectory
e

16:12:15,936 py4j.clientserver DEBUG Answer received: !ysC:\\Users\\danie\\AppData\\Local\\Temp\\spark-d2ec3392-9a34-4f10-97fb-8161460787e2\\userFiles-91897d5a-c753-45d8-beb1-527a80e497c4
16:12:15,936 py4j.clientserver DEBUG Command to send: c
o15
get
sspark.submit.pyFiles
s
e

16:12:15,936 py4j.clientserver DEBUG Answer received: !ys
16:12:15,936 py4j.clientserver DEBUG Command to send: r
u
org
rj
e

16:12:15,948 py4j.clientserver DEBUG Answer received: !yp
16:12:15,948 py4j.clientserver DEBUG Command to send: r
u
org.apache
rj
e

16:12:15,949 py4j.clientserver DEBUG Answer received: !yp
16:12:15,949 py4j.clientserver DEBUG Command to send: r
u
org.apache.spark
rj
e

16:12:15,951 py4j.clientserver DEBUG Answer received: !yp
16:12:15,951 py4j.clientserver DEBUG Command to send: r
u
org.apache.spark.util
rj
e

16:12:15,952 py4j.clientserver DEBUG Answer received: !yp
16:12:15,952 py4j.clientserver DEBUG Command to send: r
u
org.apache.spark.util.Utils
rj
e

16:12:15,955 py4j.clientserver DEBUG Answer received: !ycorg.apache.spark.util.Utils
16:12:15,955 py4j.clientserver DEBUG Command to send: r
m
org.apache.spark.util.Utils
getLocalDir
e

16:12:15,960 py4j.clientserver DEBUG Answer received: !ym
16:12:15,960 py4j.clientserver DEBUG Command to send: c
o13
sc
e

16:12:15,961 py4j.clientserver DEBUG Answer received: !yro18
16:12:15,961 py4j.clientserver DEBUG Command to send: c
o18
conf
e

16:12:15,962 py4j.clientserver DEBUG Answer received: !yro19
16:12:15,962 py4j.clientserver DEBUG Command to send: c
z:org.apache.spark.util.Utils
getLocalDir
ro19
e

16:12:15,963 py4j.clientserver DEBUG Answer received: !ysC:\\Users\\danie\\AppData\\Local\\Temp\\spark-d2ec3392-9a34-4f10-97fb-8161460787e2
16:12:15,963 py4j.clientserver DEBUG Command to send: r
u
org
rj
e

16:12:15,967 py4j.clientserver DEBUG Answer received: !yp
16:12:15,967 py4j.clientserver DEBUG Command to send: r
u
org.apache
rj
e

16:12:15,969 py4j.clientserver DEBUG Answer received: !yp
16:12:15,969 py4j.clientserver DEBUG Command to send: r
u
org.apache.spark
rj
e

16:12:15,969 py4j.clientserver DEBUG Answer received: !yp
16:12:15,969 py4j.clientserver DEBUG Command to send: r
u
org.apache.spark.util
rj
e

16:12:15,970 py4j.clientserver DEBUG Answer received: !yp
16:12:15,970 py4j.clientserver DEBUG Command to send: r
u
org.apache.spark.util.Utils
rj
e

16:12:15,970 py4j.clientserver DEBUG Answer received: !ycorg.apache.spark.util.Utils
16:12:15,970 py4j.clientserver DEBUG Command to send: r
m
org.apache.spark.util.Utils
createTempDir
e

16:12:15,971 py4j.clientserver DEBUG Answer received: !ym
16:12:15,971 py4j.clientserver DEBUG Command to send: c
z:org.apache.spark.util.Utils
createTempDir
sC:\\Users\\danie\\AppData\\Local\\Temp\\spark-d2ec3392-9a34-4f10-97fb-8161460787e2
spyspark
e

16:12:15,972 py4j.clientserver DEBUG Answer received: !yro20
16:12:15,972 py4j.clientserver DEBUG Command to send: c
o20
getAbsolutePath
e

16:12:15,973 py4j.clientserver DEBUG Answer received: !ysC:\\Users\\danie\\AppData\\Local\\Temp\\spark-d2ec3392-9a34-4f10-97fb-8161460787e2\\pyspark-8c5fd5ee-87ea-49b2-beb7-01cf2a0b3bf4
16:12:15,973 py4j.clientserver DEBUG Command to send: c
o15
get
sspark.python.profile
sfalse
e

16:12:15,973 py4j.clientserver DEBUG Answer received: !ysfalse
16:12:15,973 py4j.clientserver DEBUG Command to send: r
u
SparkSession
rj
e

16:12:16,10 py4j.clientserver DEBUG Answer received: !ycorg.apache.spark.sql.SparkSession
16:12:16,10 py4j.clientserver DEBUG Command to send: r
m
org.apache.spark.sql.SparkSession
getDefaultSession
e

16:12:16,52 py4j.clientserver DEBUG Answer received: !ym
16:12:16,52 py4j.clientserver DEBUG Command to send: c
z:org.apache.spark.sql.SparkSession
getDefaultSession
e

16:12:16,54 py4j.clientserver DEBUG Answer received: !yro21
16:12:16,55 py4j.clientserver DEBUG Command to send: c
o21
isDefined
e

16:12:16,55 py4j.clientserver DEBUG Answer received: !ybfalse
16:12:16,55 py4j.clientserver DEBUG Command to send: r
u
SparkSession
rj
e

16:12:16,57 py4j.clientserver DEBUG Answer received: !ycorg.apache.spark.sql.SparkSession
16:12:16,57 py4j.clientserver DEBUG Command to send: c
o13
sc
e

16:12:16,58 py4j.clientserver DEBUG Answer received: !yro22
16:12:16,58 py4j.clientserver DEBUG Command to send: i
org.apache.spark.sql.SparkSession
ro22
e

16:12:16,188 py4j.clientserver DEBUG Answer received: !yro23
16:12:16,189 py4j.clientserver DEBUG Command to send: c
o23
sqlContext
e

16:12:16,189 py4j.clientserver DEBUG Answer received: !yro24
16:12:16,189 py4j.clientserver DEBUG Command to send: r
u
SparkSession
rj
e

16:12:16,201 py4j.clientserver DEBUG Answer received: !ycorg.apache.spark.sql.SparkSession
16:12:16,201 py4j.clientserver DEBUG Command to send: r
m
org.apache.spark.sql.SparkSession
setDefaultSession
e

16:12:16,201 py4j.clientserver DEBUG Answer received: !ym
16:12:16,201 py4j.clientserver DEBUG Command to send: c
z:org.apache.spark.sql.SparkSession
setDefaultSession
ro23
e

16:12:16,202 py4j.clientserver DEBUG Answer received: !yv
16:12:16,202 py4j.clientserver DEBUG Command to send: r
u
SparkSession
rj
e

16:12:16,204 py4j.clientserver DEBUG Answer received: !ycorg.apache.spark.sql.SparkSession
16:12:16,204 py4j.clientserver DEBUG Command to send: r
m
org.apache.spark.sql.SparkSession
setActiveSession
e

16:12:16,204 py4j.clientserver DEBUG Answer received: !ym
16:12:16,204 py4j.clientserver DEBUG Command to send: c
z:org.apache.spark.sql.SparkSession
setActiveSession
ro23
e

16:12:16,205 py4j.clientserver DEBUG Answer received: !yv
16:12:16,205 py4j.clientserver DEBUG Command to send: c
o23
sessionState
e

16:12:16,293 py4j.clientserver DEBUG Command to send: m
d
o0
e

16:12:16,294 py4j.clientserver DEBUG Answer received: !yv
16:12:16,294 py4j.clientserver DEBUG Command to send: m
d
o6
e

16:12:16,294 py4j.clientserver DEBUG Answer received: !yv
16:12:16,294 py4j.clientserver DEBUG Command to send: m
d
o7
e

16:12:16,294 py4j.clientserver DEBUG Answer received: !yv
16:12:16,294 py4j.clientserver DEBUG Command to send: m
d
o8
e

16:12:16,296 py4j.clientserver DEBUG Answer received: !yv
16:12:16,296 py4j.clientserver DEBUG Command to send: m
d
o9
e

16:12:16,297 py4j.clientserver DEBUG Answer received: !yv
16:12:16,297 py4j.clientserver DEBUG Command to send: m
d
o10
e

16:12:16,297 py4j.clientserver DEBUG Answer received: !yv
16:12:16,298 py4j.clientserver DEBUG Command to send: m
d
o11
e

16:12:16,298 py4j.clientserver DEBUG Answer received: !yv
16:12:16,298 py4j.clientserver DEBUG Command to send: m
d
o12
e

16:12:16,298 py4j.clientserver DEBUG Answer received: !yv
16:12:16,299 py4j.clientserver DEBUG Command to send: m
d
o14
e

16:12:16,299 py4j.clientserver DEBUG Answer received: !yv
16:12:17,491 py4j.clientserver DEBUG Answer received: !yro25
16:12:17,491 py4j.clientserver DEBUG Command to send: c
o25
conf
e

16:12:17,492 py4j.clientserver DEBUG Answer received: !yro26
16:12:17,493 py4j.clientserver DEBUG Command to send: c
o26
setConfString
sspark.master
slocal
e

16:12:17,495 py4j.clientserver DEBUG Answer received: !yv
16:12:17,495 py4j.clientserver DEBUG Command to send: c
o23
sessionState
e

16:12:17,496 py4j.clientserver DEBUG Answer received: !yro27
16:12:17,496 py4j.clientserver DEBUG Command to send: c
o27
conf
e

16:12:17,496 py4j.clientserver DEBUG Answer received: !yro28
16:12:17,497 py4j.clientserver DEBUG Command to send: c
o28
setConfString
sspark.app.name
sapp
e

16:12:17,497 py4j.clientserver DEBUG Answer received: !yv
16:12:17,497 py4j.clientserver DEBUG Command to send: c
o13
setLogLevel
sWARN
e

16:12:17,498 py4j.clientserver DEBUG Answer received: !yv
16:12:17,498 py4j.clientserver DEBUG Command to send: c
o24
read
e

16:12:17,507 py4j.clientserver DEBUG Answer received: !yro29
16:12:17,507 py4j.clientserver DEBUG Command to send: r
u
PythonUtils
rj
e

16:12:17,509 py4j.clientserver DEBUG Answer received: !ycorg.apache.spark.api.python.PythonUtils
16:12:17,509 py4j.clientserver DEBUG Command to send: r
m
org.apache.spark.api.python.PythonUtils
toSeq
e

16:12:17,509 py4j.clientserver DEBUG Answer received: !ym
16:12:17,509 py4j.clientserver DEBUG Command to send: i
java.util.ArrayList
e

16:12:17,510 py4j.clientserver DEBUG Answer received: !ylo30
16:12:17,510 py4j.clientserver DEBUG Command to send: c
o30
add
sC:\\GitRepos\\Springboard\\Capstone\\output\\divs_and_prices\\
e

16:12:17,511 py4j.clientserver DEBUG Answer received: !ybtrue
16:12:17,511 py4j.clientserver DEBUG Command to send: c
z:org.apache.spark.api.python.PythonUtils
toSeq
ro30
e

16:12:17,511 py4j.clientserver DEBUG Answer received: !yro31
16:12:17,511 py4j.clientserver DEBUG Command to send: c
o29
parquet
ro31
e

16:12:18,320 py4j.clientserver DEBUG Command to send: m
d
o30
e

16:12:18,321 py4j.clientserver DEBUG Answer received: !yv
16:12:25,707 py4j.clientserver DEBUG Answer received: !yro32
16:12:25,708 py4j.clientserver DEBUG Command to send: c
o32
createOrReplaceTempView
sall_data
e

16:12:26,171 py4j.clientserver DEBUG Answer received: !yv
16:12:26,171 py4j.clientserver DEBUG Command to send: c
o23
sql
s\n                SELECT \n                    b.Ticker,\n                    b.FreqType, \n                    b.ExDivDate,\n                    b.ExDivDays AS b_ExDivDays,\n                    b.AvgPrice AS b_AvgPrice,\n                    b.SandPAvgPrice AS b_SandPAvgPrice,\n                    a.ExDivDays AS a_ExDivDays,\n                    a.AvgPrice AS a_AvgPrice,\n                    a.SandPAvgPrice AS a_SandPAvgPrice\n                    ((a.AvgPrice + a.AdjAmount) - b.AvgPrice) / b.AvgPrice AS TotalReturn\n                    ((a.SandPAvgPrice + a.SandPAvgPrice) - b.SandPAvgPrice) / b.SandPAvgPrice AS TotalSandPReturn\n                FROM all_data b\n                    LEFT JOIN add_data a ON b.Ticker = a.Ticker\n                        AND b.ExDivDate = b.ExDivDate\n                WHERE b.ExDivDays = 1 \n                    AND a.ExDivDate = 0\n                
e

16:12:26,204 py4j.clientserver DEBUG Answer received: !xro33
16:12:26,204 py4j.clientserver DEBUG Command to send: c
o33
toString
e

16:12:26,205 py4j.clientserver DEBUG Answer received: !ysorg.apache.spark.sql.catalyst.parser.ParseException: \nmismatched input '(' expecting {<EOF>, ';'}(line 12, pos 20)\n\n== SQL ==\n\n                SELECT \n                    b.Ticker,\n                    b.FreqType, \n                    b.ExDivDate,\n                    b.ExDivDays AS b_ExDivDays,\n                    b.AvgPrice AS b_AvgPrice,\n                    b.SandPAvgPrice AS b_SandPAvgPrice,\n                    a.ExDivDays AS a_ExDivDays,\n                    a.AvgPrice AS a_AvgPrice,\n                    a.SandPAvgPrice AS a_SandPAvgPrice\n                    ((a.AvgPrice + a.AdjAmount) - b.AvgPrice) / b.AvgPrice AS TotalReturn\n--------------------^^^\n                    ((a.SandPAvgPrice + a.SandPAvgPrice) - b.SandPAvgPrice) / b.SandPAvgPrice AS TotalSandPReturn\n                FROM all_data b\n                    LEFT JOIN add_data a ON b.Ticker = a.Ticker\n                        AND b.ExDivDate = b.ExDivDate\n                WHERE b.ExDivDays = 1 \n                    AND a.ExDivDate = 0\n                \n
16:12:26,205 py4j.clientserver DEBUG Command to send: c
o33
getCause
e

16:12:26,206 py4j.clientserver DEBUG Answer received: !yn
16:12:26,206 py4j.clientserver DEBUG Command to send: r
u
org
rj
e

16:12:26,209 py4j.clientserver DEBUG Answer received: !yp
16:12:26,210 py4j.clientserver DEBUG Command to send: r
u
org.apache
rj
e

16:12:26,210 py4j.clientserver DEBUG Answer received: !yp
16:12:26,211 py4j.clientserver DEBUG Command to send: r
u
org.apache.spark
rj
e

16:12:26,211 py4j.clientserver DEBUG Answer received: !yp
16:12:26,211 py4j.clientserver DEBUG Command to send: r
u
org.apache.spark.util
rj
e

16:12:26,212 py4j.clientserver DEBUG Answer received: !yp
16:12:26,212 py4j.clientserver DEBUG Command to send: r
u
org.apache.spark.util.Utils
rj
e

16:12:26,213 py4j.clientserver DEBUG Answer received: !ycorg.apache.spark.util.Utils
16:12:26,213 py4j.clientserver DEBUG Command to send: r
m
org.apache.spark.util.Utils
exceptionString
e

16:12:26,213 py4j.clientserver DEBUG Answer received: !ym
16:12:26,213 py4j.clientserver DEBUG Command to send: c
z:org.apache.spark.util.Utils
exceptionString
ro33
e

16:12:26,214 py4j.clientserver DEBUG Answer received: !ysorg.apache.spark.sql.catalyst.parser.ParseException: \nmismatched input '(' expecting {<EOF>, ';'}(line 12, pos 20)\n\n== SQL ==\n\n                SELECT \n                    b.Ticker,\n                    b.FreqType, \n                    b.ExDivDate,\n                    b.ExDivDays AS b_ExDivDays,\n                    b.AvgPrice AS b_AvgPrice,\n                    b.SandPAvgPrice AS b_SandPAvgPrice,\n                    a.ExDivDays AS a_ExDivDays,\n                    a.AvgPrice AS a_AvgPrice,\n                    a.SandPAvgPrice AS a_SandPAvgPrice\n                    ((a.AvgPrice + a.AdjAmount) - b.AvgPrice) / b.AvgPrice AS TotalReturn\n--------------------^^^\n                    ((a.SandPAvgPrice + a.SandPAvgPrice) - b.SandPAvgPrice) / b.SandPAvgPrice AS TotalSandPReturn\n                FROM all_data b\n                    LEFT JOIN add_data a ON b.Ticker = a.Ticker\n                        AND b.ExDivDate = b.ExDivDate\n                WHERE b.ExDivDays = 1 \n                    AND a.ExDivDate = 0\n                \n\r\n	at org.apache.spark.sql.catalyst.parser.ParseException.withCommand(ParseDriver.scala:266)\r\n	at org.apache.spark.sql.catalyst.parser.AbstractSqlParser.parse(ParseDriver.scala:127)\r\n	at org.apache.spark.sql.execution.SparkSqlParser.parse(SparkSqlParser.scala:51)\r\n	at org.apache.spark.sql.catalyst.parser.AbstractSqlParser.parsePlan(ParseDriver.scala:77)\r\n	at org.apache.spark.sql.SparkSession.$anonfun$sql$2(SparkSession.scala:616)\r\n	at org.apache.spark.sql.catalyst.QueryPlanningTracker.measurePhase(QueryPlanningTracker.scala:111)\r\n	at org.apache.spark.sql.SparkSession.$anonfun$sql$1(SparkSession.scala:616)\r\n	at org.apache.spark.sql.SparkSession.withActive(SparkSession.scala:775)\r\n	at org.apache.spark.sql.SparkSession.sql(SparkSession.scala:613)\r\n	at sun.reflect.NativeMethodAccessorImpl.invoke0(Native Method)\r\n	at sun.reflect.NativeMethodAccessorImpl.invoke(NativeMethodAccessorImpl.java:62)\r\n	at sun.reflect.DelegatingMethodAccessorImpl.invoke(DelegatingMethodAccessorImpl.java:43)\r\n	at java.lang.reflect.Method.invoke(Method.java:498)\r\n	at py4j.reflection.MethodInvoker.invoke(MethodInvoker.java:244)\r\n	at py4j.reflection.ReflectionEngine.invoke(ReflectionEngine.java:357)\r\n	at py4j.Gateway.invoke(Gateway.java:282)\r\n	at py4j.commands.AbstractCommand.invokeMethod(AbstractCommand.java:132)\r\n	at py4j.commands.CallCommand.execute(CallCommand.java:79)\r\n	at py4j.ClientServerConnection.waitForCommands(ClientServerConnection.java:182)\r\n	at py4j.ClientServerConnection.run(ClientServerConnection.java:106)\r\n	at java.lang.Thread.run(Thread.java:748)\r\n
16:12:26,229 py4j.clientserver DEBUG Command to send: r
u
org
rj
e

16:12:26,234 py4j.clientserver DEBUG Answer received: !yp
16:12:26,234 py4j.clientserver DEBUG Command to send: r
u
org.apache
rj
e

16:12:26,235 py4j.clientserver DEBUG Answer received: !yp
16:12:26,235 py4j.clientserver DEBUG Command to send: r
u
org.apache.spark
rj
e

16:12:26,236 py4j.clientserver DEBUG Answer received: !yp
16:12:26,236 py4j.clientserver DEBUG Command to send: r
u
org.apache.spark.sql
rj
e

16:12:26,237 py4j.clientserver DEBUG Answer received: !yp
16:12:26,237 py4j.clientserver DEBUG Command to send: r
u
org.apache.spark.sql.internal
rj
e

16:12:26,238 py4j.clientserver DEBUG Answer received: !yp
16:12:26,238 py4j.clientserver DEBUG Command to send: r
u
org.apache.spark.sql.internal.SQLConf
rj
e

16:12:26,238 py4j.clientserver DEBUG Answer received: !ycorg.apache.spark.sql.internal.SQLConf
16:12:26,238 py4j.clientserver DEBUG Command to send: r
m
org.apache.spark.sql.internal.SQLConf
get
e

16:12:26,238 py4j.clientserver DEBUG Answer received: !ym
16:12:26,239 py4j.clientserver DEBUG Command to send: c
z:org.apache.spark.sql.internal.SQLConf
get
e

16:12:26,239 py4j.clientserver DEBUG Answer received: !yro34
16:12:26,239 py4j.clientserver DEBUG Command to send: c
o34
pysparkJVMStacktraceEnabled
e

16:12:26,240 py4j.clientserver DEBUG Answer received: !ybfalse
