16:56:44,939 root DEBUG running analyzer now
16:56:48,520 py4j.java_gateway DEBUG GatewayClient.address is deprecated and will be removed in version 1.0. Use GatewayParameters instead.
16:56:48,525 py4j.clientserver DEBUG Command to send: A
003c80a164a3d590ee9e7cbda357b70c1dbcfe0a5d6a595dc0d151778d85157e

16:56:48,558 py4j.clientserver DEBUG Answer received: !yv
16:56:48,558 py4j.clientserver DEBUG Command to send: j
i
rj
org.apache.spark.SparkConf
e

16:56:48,561 py4j.clientserver DEBUG Answer received: !yv
16:56:48,561 py4j.clientserver DEBUG Command to send: j
i
rj
org.apache.spark.api.java.*
e

16:56:48,562 py4j.clientserver DEBUG Answer received: !yv
16:56:48,562 py4j.clientserver DEBUG Command to send: j
i
rj
org.apache.spark.api.python.*
e

16:56:48,562 py4j.clientserver DEBUG Answer received: !yv
16:56:48,563 py4j.clientserver DEBUG Command to send: j
i
rj
org.apache.spark.ml.python.*
e

16:56:48,563 py4j.clientserver DEBUG Answer received: !yv
16:56:48,563 py4j.clientserver DEBUG Command to send: j
i
rj
org.apache.spark.mllib.api.python.*
e

16:56:48,563 py4j.clientserver DEBUG Answer received: !yv
16:56:48,564 py4j.clientserver DEBUG Command to send: j
i
rj
org.apache.spark.resource.*
e

16:56:48,564 py4j.clientserver DEBUG Answer received: !yv
16:56:48,564 py4j.clientserver DEBUG Command to send: j
i
rj
org.apache.spark.sql.*
e

16:56:48,564 py4j.clientserver DEBUG Answer received: !yv
16:56:48,565 py4j.clientserver DEBUG Command to send: j
i
rj
org.apache.spark.sql.api.python.*
e

16:56:48,565 py4j.clientserver DEBUG Answer received: !yv
16:56:48,565 py4j.clientserver DEBUG Command to send: j
i
rj
org.apache.spark.sql.hive.*
e

16:56:48,565 py4j.clientserver DEBUG Answer received: !yv
16:56:48,566 py4j.clientserver DEBUG Command to send: j
i
rj
scala.Tuple2
e

16:56:48,566 py4j.clientserver DEBUG Answer received: !yv
16:56:48,566 py4j.clientserver DEBUG Command to send: r
u
SparkConf
rj
e

16:56:48,569 py4j.clientserver DEBUG Answer received: !ycorg.apache.spark.SparkConf
16:56:48,569 py4j.clientserver DEBUG Command to send: i
org.apache.spark.SparkConf
bTrue
e

16:56:48,577 py4j.clientserver DEBUG Answer received: !yro0
16:56:48,578 py4j.clientserver DEBUG Command to send: c
o0
set
sspark.master
slocal
e

16:56:48,586 py4j.clientserver DEBUG Answer received: !yro1
16:56:48,586 py4j.clientserver DEBUG Command to send: c
o0
set
sspark.app.name
sapp
e

16:56:48,587 py4j.clientserver DEBUG Answer received: !yro2
16:56:48,587 py4j.clientserver DEBUG Command to send: c
o0
contains
sspark.serializer.objectStreamReset
e

16:56:48,588 py4j.clientserver DEBUG Answer received: !ybfalse
16:56:48,588 py4j.clientserver DEBUG Command to send: c
o0
set
sspark.serializer.objectStreamReset
s100
e

16:56:48,589 py4j.clientserver DEBUG Answer received: !yro3
16:56:48,589 py4j.clientserver DEBUG Command to send: c
o0
contains
sspark.rdd.compress
e

16:56:48,590 py4j.clientserver DEBUG Answer received: !ybfalse
16:56:48,590 py4j.clientserver DEBUG Command to send: c
o0
set
sspark.rdd.compress
sTrue
e

16:56:48,590 py4j.clientserver DEBUG Answer received: !yro4
16:56:48,590 py4j.clientserver DEBUG Command to send: c
o0
contains
sspark.master
e

16:56:48,591 py4j.clientserver DEBUG Answer received: !ybtrue
16:56:48,591 py4j.clientserver DEBUG Command to send: c
o0
contains
sspark.app.name
e

16:56:48,591 py4j.clientserver DEBUG Answer received: !ybtrue
16:56:48,591 py4j.clientserver DEBUG Command to send: c
o0
contains
sspark.master
e

16:56:48,594 py4j.clientserver DEBUG Answer received: !ybtrue
16:56:48,594 py4j.clientserver DEBUG Command to send: c
o0
get
sspark.master
e

16:56:48,596 py4j.clientserver DEBUG Answer received: !yslocal
16:56:48,596 py4j.clientserver DEBUG Command to send: c
o0
contains
sspark.app.name
e

16:56:48,596 py4j.clientserver DEBUG Answer received: !ybtrue
16:56:48,597 py4j.clientserver DEBUG Command to send: c
o0
get
sspark.app.name
e

16:56:48,597 py4j.clientserver DEBUG Answer received: !ysapp
16:56:48,597 py4j.clientserver DEBUG Command to send: c
o0
contains
sspark.home
e

16:56:48,598 py4j.clientserver DEBUG Answer received: !ybfalse
16:56:48,598 py4j.clientserver DEBUG Command to send: c
o0
getAll
e

16:56:48,599 py4j.clientserver DEBUG Answer received: !yto5
16:56:48,599 py4j.clientserver DEBUG Command to send: a
e
o5
e

16:56:48,599 py4j.clientserver DEBUG Answer received: !yi7
16:56:48,599 py4j.clientserver DEBUG Command to send: a
g
o5
i0
e

16:56:48,600 py4j.clientserver DEBUG Answer received: !yro6
16:56:48,600 py4j.clientserver DEBUG Command to send: c
o6
_1
e

16:56:48,601 py4j.clientserver DEBUG Answer received: !ysspark.master
16:56:48,601 py4j.clientserver DEBUG Command to send: c
o6
_2
e

16:56:48,601 py4j.clientserver DEBUG Answer received: !yslocal
16:56:48,601 py4j.clientserver DEBUG Command to send: a
e
o5
e

16:56:48,602 py4j.clientserver DEBUG Answer received: !yi7
16:56:48,602 py4j.clientserver DEBUG Command to send: a
g
o5
i1
e

16:56:48,602 py4j.clientserver DEBUG Answer received: !yro7
16:56:48,603 py4j.clientserver DEBUG Command to send: c
o7
_1
e

16:56:48,603 py4j.clientserver DEBUG Answer received: !ysspark.app.name
16:56:48,603 py4j.clientserver DEBUG Command to send: c
o7
_2
e

16:56:48,604 py4j.clientserver DEBUG Answer received: !ysapp
16:56:48,604 py4j.clientserver DEBUG Command to send: a
e
o5
e

16:56:48,604 py4j.clientserver DEBUG Answer received: !yi7
16:56:48,604 py4j.clientserver DEBUG Command to send: a
g
o5
i2
e

16:56:48,605 py4j.clientserver DEBUG Answer received: !yro8
16:56:48,605 py4j.clientserver DEBUG Command to send: c
o8
_1
e

16:56:48,605 py4j.clientserver DEBUG Answer received: !ysspark.rdd.compress
16:56:48,605 py4j.clientserver DEBUG Command to send: c
o8
_2
e

16:56:48,606 py4j.clientserver DEBUG Answer received: !ysTrue
16:56:48,606 py4j.clientserver DEBUG Command to send: a
e
o5
e

16:56:48,606 py4j.clientserver DEBUG Answer received: !yi7
16:56:48,606 py4j.clientserver DEBUG Command to send: a
g
o5
i3
e

16:56:48,606 py4j.clientserver DEBUG Answer received: !yro9
16:56:48,607 py4j.clientserver DEBUG Command to send: c
o9
_1
e

16:56:48,607 py4j.clientserver DEBUG Answer received: !ysspark.serializer.objectStreamReset
16:56:48,607 py4j.clientserver DEBUG Command to send: c
o9
_2
e

16:56:48,607 py4j.clientserver DEBUG Answer received: !ys100
16:56:48,608 py4j.clientserver DEBUG Command to send: a
e
o5
e

16:56:48,608 py4j.clientserver DEBUG Answer received: !yi7
16:56:48,608 py4j.clientserver DEBUG Command to send: a
g
o5
i4
e

16:56:48,608 py4j.clientserver DEBUG Answer received: !yro10
16:56:48,609 py4j.clientserver DEBUG Command to send: c
o10
_1
e

16:56:48,609 py4j.clientserver DEBUG Answer received: !ysspark.submit.pyFiles
16:56:48,609 py4j.clientserver DEBUG Command to send: c
o10
_2
e

16:56:48,610 py4j.clientserver DEBUG Answer received: !ys
16:56:48,610 py4j.clientserver DEBUG Command to send: a
e
o5
e

16:56:48,610 py4j.clientserver DEBUG Answer received: !yi7
16:56:48,610 py4j.clientserver DEBUG Command to send: a
g
o5
i5
e

16:56:48,611 py4j.clientserver DEBUG Answer received: !yro11
16:56:48,611 py4j.clientserver DEBUG Command to send: c
o11
_1
e

16:56:48,611 py4j.clientserver DEBUG Answer received: !ysspark.submit.deployMode
16:56:48,612 py4j.clientserver DEBUG Command to send: c
o11
_2
e

16:56:48,612 py4j.clientserver DEBUG Answer received: !ysclient
16:56:48,612 py4j.clientserver DEBUG Command to send: a
e
o5
e

16:56:48,612 py4j.clientserver DEBUG Answer received: !yi7
16:56:48,613 py4j.clientserver DEBUG Command to send: a
g
o5
i6
e

16:56:48,613 py4j.clientserver DEBUG Answer received: !yro12
16:56:48,613 py4j.clientserver DEBUG Command to send: c
o12
_1
e

16:56:48,614 py4j.clientserver DEBUG Answer received: !ysspark.ui.showConsoleProgress
16:56:48,614 py4j.clientserver DEBUG Command to send: c
o12
_2
e

16:56:48,614 py4j.clientserver DEBUG Answer received: !ystrue
16:56:48,615 py4j.clientserver DEBUG Command to send: a
e
o5
e

16:56:48,615 py4j.clientserver DEBUG Answer received: !yi7
16:56:48,615 py4j.clientserver DEBUG Command to send: r
u
JavaSparkContext
rj
e

16:56:48,632 py4j.clientserver DEBUG Answer received: !ycorg.apache.spark.api.java.JavaSparkContext
16:56:48,632 py4j.clientserver DEBUG Command to send: i
org.apache.spark.api.java.JavaSparkContext
ro0
e

16:56:49,535 py4j.clientserver DEBUG Command to send: A
003c80a164a3d590ee9e7cbda357b70c1dbcfe0a5d6a595dc0d151778d85157e

16:56:49,536 py4j.clientserver DEBUG Answer received: !yv
16:56:49,536 py4j.clientserver DEBUG Command to send: m
d
o1
e

16:56:49,536 py4j.clientserver DEBUG Answer received: !yv
16:56:49,537 py4j.clientserver DEBUG Command to send: m
d
o2
e

16:56:49,537 py4j.clientserver DEBUG Answer received: !yv
16:56:49,537 py4j.clientserver DEBUG Command to send: m
d
o3
e

16:56:49,537 py4j.clientserver DEBUG Answer received: !yv
16:56:49,537 py4j.clientserver DEBUG Command to send: m
d
o4
e

16:56:49,537 py4j.clientserver DEBUG Answer received: !yv
16:56:49,537 py4j.clientserver DEBUG Command to send: m
d
o5
e

16:56:49,538 py4j.clientserver DEBUG Answer received: !yv
16:56:53,135 py4j.clientserver DEBUG Answer received: !yro13
16:56:53,135 py4j.clientserver DEBUG Command to send: c
o13
sc
e

16:56:53,139 py4j.clientserver DEBUG Answer received: !yro14
16:56:53,139 py4j.clientserver DEBUG Command to send: c
o14
conf
e

16:56:53,159 py4j.clientserver DEBUG Answer received: !yro15
16:56:53,166 py4j.clientserver DEBUG Command to send: r
u
PythonAccumulatorV2
rj
e

16:56:53,169 py4j.clientserver DEBUG Answer received: !ycorg.apache.spark.api.python.PythonAccumulatorV2
16:56:53,170 py4j.clientserver DEBUG Command to send: i
org.apache.spark.api.python.PythonAccumulatorV2
s127.0.0.1
i56207
s003c80a164a3d590ee9e7cbda357b70c1dbcfe0a5d6a595dc0d151778d85157e
e

16:56:53,170 py4j.clientserver DEBUG Answer received: !yro16
16:56:53,170 py4j.clientserver DEBUG Command to send: c
o13
sc
e

16:56:53,170 py4j.clientserver DEBUG Answer received: !yro17
16:56:53,171 py4j.clientserver DEBUG Command to send: c
o17
register
ro16
e

16:56:53,174 py4j.clientserver DEBUG Answer received: !yv
16:56:53,174 py4j.clientserver DEBUG Command to send: r
u
PythonUtils
rj
e

16:56:53,176 py4j.clientserver DEBUG Answer received: !ycorg.apache.spark.api.python.PythonUtils
16:56:53,176 py4j.clientserver DEBUG Command to send: r
m
org.apache.spark.api.python.PythonUtils
isEncryptionEnabled
e

16:56:53,176 py4j.clientserver DEBUG Answer received: !ym
16:56:53,176 py4j.clientserver DEBUG Command to send: c
z:org.apache.spark.api.python.PythonUtils
isEncryptionEnabled
ro13
e

16:56:53,178 py4j.clientserver DEBUG Answer received: !ybfalse
16:56:53,178 py4j.clientserver DEBUG Command to send: r
u
PythonUtils
rj
e

16:56:53,180 py4j.clientserver DEBUG Answer received: !ycorg.apache.spark.api.python.PythonUtils
16:56:53,180 py4j.clientserver DEBUG Command to send: r
m
org.apache.spark.api.python.PythonUtils
getPythonAuthSocketTimeout
e

16:56:53,180 py4j.clientserver DEBUG Answer received: !ym
16:56:53,180 py4j.clientserver DEBUG Command to send: c
z:org.apache.spark.api.python.PythonUtils
getPythonAuthSocketTimeout
ro13
e

16:56:53,180 py4j.clientserver DEBUG Answer received: !yL15
16:56:53,180 py4j.clientserver DEBUG Command to send: r
u
PythonUtils
rj
e

16:56:53,181 py4j.clientserver DEBUG Answer received: !ycorg.apache.spark.api.python.PythonUtils
16:56:53,182 py4j.clientserver DEBUG Command to send: r
m
org.apache.spark.api.python.PythonUtils
getSparkBufferSize
e

16:56:53,182 py4j.clientserver DEBUG Answer received: !ym
16:56:53,182 py4j.clientserver DEBUG Command to send: c
z:org.apache.spark.api.python.PythonUtils
getSparkBufferSize
ro13
e

16:56:53,182 py4j.clientserver DEBUG Answer received: !yi65536
16:56:53,182 py4j.clientserver DEBUG Command to send: r
u
org
rj
e

16:56:53,185 py4j.clientserver DEBUG Answer received: !yp
16:56:53,185 py4j.clientserver DEBUG Command to send: r
u
org.apache
rj
e

16:56:53,186 py4j.clientserver DEBUG Answer received: !yp
16:56:53,186 py4j.clientserver DEBUG Command to send: r
u
org.apache.spark
rj
e

16:56:53,187 py4j.clientserver DEBUG Answer received: !yp
16:56:53,187 py4j.clientserver DEBUG Command to send: r
u
org.apache.spark.SparkFiles
rj
e

16:56:53,187 py4j.clientserver DEBUG Answer received: !ycorg.apache.spark.SparkFiles
16:56:53,187 py4j.clientserver DEBUG Command to send: r
m
org.apache.spark.SparkFiles
getRootDirectory
e

16:56:53,187 py4j.clientserver DEBUG Answer received: !ym
16:56:53,188 py4j.clientserver DEBUG Command to send: c
z:org.apache.spark.SparkFiles
getRootDirectory
e

16:56:53,189 py4j.clientserver DEBUG Answer received: !ysC:\\Users\\danie\\AppData\\Local\\Temp\\spark-450a5be9-4aca-4105-ab64-9d3be82b9628\\userFiles-55872fdc-9320-40dd-875d-90c6f52da20b
16:56:53,189 py4j.clientserver DEBUG Command to send: c
o15
get
sspark.submit.pyFiles
s
e

16:56:53,189 py4j.clientserver DEBUG Answer received: !ys
16:56:53,189 py4j.clientserver DEBUG Command to send: r
u
org
rj
e

16:56:53,193 py4j.clientserver DEBUG Answer received: !yp
16:56:53,193 py4j.clientserver DEBUG Command to send: r
u
org.apache
rj
e

16:56:53,194 py4j.clientserver DEBUG Answer received: !yp
16:56:53,194 py4j.clientserver DEBUG Command to send: r
u
org.apache.spark
rj
e

16:56:53,195 py4j.clientserver DEBUG Answer received: !yp
16:56:53,195 py4j.clientserver DEBUG Command to send: r
u
org.apache.spark.util
rj
e

16:56:53,196 py4j.clientserver DEBUG Answer received: !yp
16:56:53,196 py4j.clientserver DEBUG Command to send: r
u
org.apache.spark.util.Utils
rj
e

16:56:53,198 py4j.clientserver DEBUG Answer received: !ycorg.apache.spark.util.Utils
16:56:53,198 py4j.clientserver DEBUG Command to send: r
m
org.apache.spark.util.Utils
getLocalDir
e

16:56:53,201 py4j.clientserver DEBUG Answer received: !ym
16:56:53,201 py4j.clientserver DEBUG Command to send: c
o13
sc
e

16:56:53,202 py4j.clientserver DEBUG Answer received: !yro18
16:56:53,202 py4j.clientserver DEBUG Command to send: c
o18
conf
e

16:56:53,202 py4j.clientserver DEBUG Answer received: !yro19
16:56:53,202 py4j.clientserver DEBUG Command to send: c
z:org.apache.spark.util.Utils
getLocalDir
ro19
e

16:56:53,202 py4j.clientserver DEBUG Answer received: !ysC:\\Users\\danie\\AppData\\Local\\Temp\\spark-450a5be9-4aca-4105-ab64-9d3be82b9628
16:56:53,203 py4j.clientserver DEBUG Command to send: r
u
org
rj
e

16:56:53,213 py4j.clientserver DEBUG Answer received: !yp
16:56:53,214 py4j.clientserver DEBUG Command to send: r
u
org.apache
rj
e

16:56:53,214 py4j.clientserver DEBUG Answer received: !yp
16:56:53,215 py4j.clientserver DEBUG Command to send: r
u
org.apache.spark
rj
e

16:56:53,215 py4j.clientserver DEBUG Answer received: !yp
16:56:53,216 py4j.clientserver DEBUG Command to send: r
u
org.apache.spark.util
rj
e

16:56:53,216 py4j.clientserver DEBUG Answer received: !yp
16:56:53,216 py4j.clientserver DEBUG Command to send: r
u
org.apache.spark.util.Utils
rj
e

16:56:53,217 py4j.clientserver DEBUG Answer received: !ycorg.apache.spark.util.Utils
16:56:53,217 py4j.clientserver DEBUG Command to send: r
m
org.apache.spark.util.Utils
createTempDir
e

16:56:53,217 py4j.clientserver DEBUG Answer received: !ym
16:56:53,217 py4j.clientserver DEBUG Command to send: c
z:org.apache.spark.util.Utils
createTempDir
sC:\\Users\\danie\\AppData\\Local\\Temp\\spark-450a5be9-4aca-4105-ab64-9d3be82b9628
spyspark
e

16:56:53,219 py4j.clientserver DEBUG Answer received: !yro20
16:56:53,219 py4j.clientserver DEBUG Command to send: c
o20
getAbsolutePath
e

16:56:53,220 py4j.clientserver DEBUG Answer received: !ysC:\\Users\\danie\\AppData\\Local\\Temp\\spark-450a5be9-4aca-4105-ab64-9d3be82b9628\\pyspark-3320ffba-67d4-41f1-a3fd-9343fc97ab1c
16:56:53,220 py4j.clientserver DEBUG Command to send: c
o15
get
sspark.python.profile
sfalse
e

16:56:53,221 py4j.clientserver DEBUG Answer received: !ysfalse
16:56:53,221 py4j.clientserver DEBUG Command to send: r
u
SparkSession
rj
e

16:56:53,256 py4j.clientserver DEBUG Answer received: !ycorg.apache.spark.sql.SparkSession
16:56:53,257 py4j.clientserver DEBUG Command to send: r
m
org.apache.spark.sql.SparkSession
getDefaultSession
e

16:56:53,288 py4j.clientserver DEBUG Answer received: !ym
16:56:53,288 py4j.clientserver DEBUG Command to send: c
z:org.apache.spark.sql.SparkSession
getDefaultSession
e

16:56:53,289 py4j.clientserver DEBUG Answer received: !yro21
16:56:53,290 py4j.clientserver DEBUG Command to send: c
o21
isDefined
e

16:56:53,290 py4j.clientserver DEBUG Answer received: !ybfalse
16:56:53,290 py4j.clientserver DEBUG Command to send: r
u
SparkSession
rj
e

16:56:53,292 py4j.clientserver DEBUG Answer received: !ycorg.apache.spark.sql.SparkSession
16:56:53,292 py4j.clientserver DEBUG Command to send: c
o13
sc
e

16:56:53,292 py4j.clientserver DEBUG Answer received: !yro22
16:56:53,293 py4j.clientserver DEBUG Command to send: i
org.apache.spark.sql.SparkSession
ro22
e

16:56:53,382 py4j.clientserver DEBUG Answer received: !yro23
16:56:53,382 py4j.clientserver DEBUG Command to send: c
o23
sqlContext
e

16:56:53,383 py4j.clientserver DEBUG Answer received: !yro24
16:56:53,383 py4j.clientserver DEBUG Command to send: r
u
SparkSession
rj
e

16:56:53,384 py4j.clientserver DEBUG Answer received: !ycorg.apache.spark.sql.SparkSession
16:56:53,385 py4j.clientserver DEBUG Command to send: r
m
org.apache.spark.sql.SparkSession
setDefaultSession
e

16:56:53,385 py4j.clientserver DEBUG Answer received: !ym
16:56:53,385 py4j.clientserver DEBUG Command to send: c
z:org.apache.spark.sql.SparkSession
setDefaultSession
ro23
e

16:56:53,385 py4j.clientserver DEBUG Answer received: !yv
16:56:53,385 py4j.clientserver DEBUG Command to send: r
u
SparkSession
rj
e

16:56:53,387 py4j.clientserver DEBUG Answer received: !ycorg.apache.spark.sql.SparkSession
16:56:53,387 py4j.clientserver DEBUG Command to send: r
m
org.apache.spark.sql.SparkSession
setActiveSession
e

16:56:53,388 py4j.clientserver DEBUG Answer received: !ym
16:56:53,388 py4j.clientserver DEBUG Command to send: c
z:org.apache.spark.sql.SparkSession
setActiveSession
ro23
e

16:56:53,388 py4j.clientserver DEBUG Answer received: !yv
16:56:53,388 py4j.clientserver DEBUG Command to send: c
o23
sessionState
e

16:56:53,569 py4j.clientserver DEBUG Command to send: m
d
o0
e

16:56:53,570 py4j.clientserver DEBUG Answer received: !yv
16:56:53,570 py4j.clientserver DEBUG Command to send: m
d
o6
e

16:56:53,570 py4j.clientserver DEBUG Answer received: !yv
16:56:53,570 py4j.clientserver DEBUG Command to send: m
d
o7
e

16:56:53,570 py4j.clientserver DEBUG Answer received: !yv
16:56:53,570 py4j.clientserver DEBUG Command to send: m
d
o8
e

16:56:53,570 py4j.clientserver DEBUG Answer received: !yv
16:56:53,571 py4j.clientserver DEBUG Command to send: m
d
o9
e

16:56:53,571 py4j.clientserver DEBUG Answer received: !yv
16:56:53,571 py4j.clientserver DEBUG Command to send: m
d
o10
e

16:56:53,571 py4j.clientserver DEBUG Answer received: !yv
16:56:53,571 py4j.clientserver DEBUG Command to send: m
d
o11
e

16:56:53,571 py4j.clientserver DEBUG Answer received: !yv
16:56:53,571 py4j.clientserver DEBUG Command to send: m
d
o12
e

16:56:53,572 py4j.clientserver DEBUG Answer received: !yv
16:56:53,572 py4j.clientserver DEBUG Command to send: m
d
o14
e

16:56:53,572 py4j.clientserver DEBUG Answer received: !yv
16:56:54,547 py4j.clientserver DEBUG Answer received: !yro25
16:56:54,547 py4j.clientserver DEBUG Command to send: c
o25
conf
e

16:56:54,548 py4j.clientserver DEBUG Answer received: !yro26
16:56:54,549 py4j.clientserver DEBUG Command to send: c
o26
setConfString
sspark.master
slocal
e

16:56:54,550 py4j.clientserver DEBUG Answer received: !yv
16:56:54,550 py4j.clientserver DEBUG Command to send: c
o23
sessionState
e

16:56:54,550 py4j.clientserver DEBUG Answer received: !yro27
16:56:54,550 py4j.clientserver DEBUG Command to send: c
o27
conf
e

16:56:54,551 py4j.clientserver DEBUG Answer received: !yro28
16:56:54,551 py4j.clientserver DEBUG Command to send: c
o28
setConfString
sspark.app.name
sapp
e

16:56:54,551 py4j.clientserver DEBUG Answer received: !yv
16:56:54,551 py4j.clientserver DEBUG Command to send: c
o13
setLogLevel
sWARN
e

16:56:54,552 py4j.clientserver DEBUG Answer received: !yv
16:56:54,552 py4j.clientserver DEBUG Command to send: c
o24
read
e

16:56:54,563 py4j.clientserver DEBUG Answer received: !yro29
16:56:54,563 py4j.clientserver DEBUG Command to send: r
u
PythonUtils
rj
e

16:56:54,564 py4j.clientserver DEBUG Answer received: !ycorg.apache.spark.api.python.PythonUtils
16:56:54,564 py4j.clientserver DEBUG Command to send: r
m
org.apache.spark.api.python.PythonUtils
toSeq
e

16:56:54,565 py4j.clientserver DEBUG Answer received: !ym
16:56:54,565 py4j.clientserver DEBUG Command to send: i
java.util.ArrayList
e

16:56:54,565 py4j.clientserver DEBUG Answer received: !ylo30
16:56:54,565 py4j.clientserver DEBUG Command to send: c
o30
add
sC:\\GitRepos\\Springboard\\Capstone\\output\\divs_and_prices\\
e

16:56:54,566 py4j.clientserver DEBUG Answer received: !ybtrue
16:56:54,566 py4j.clientserver DEBUG Command to send: c
z:org.apache.spark.api.python.PythonUtils
toSeq
ro30
e

16:56:54,567 py4j.clientserver DEBUG Answer received: !yro31
16:56:54,567 py4j.clientserver DEBUG Command to send: c
o29
parquet
ro31
e

16:56:54,577 py4j.clientserver DEBUG Command to send: m
d
o30
e

16:56:54,678 py4j.clientserver DEBUG Answer received: !yv
16:57:02,318 py4j.clientserver DEBUG Answer received: !yro32
16:57:02,318 py4j.clientserver DEBUG Command to send: c
o32
createOrReplaceTempView
sall_data
e

16:57:02,762 py4j.clientserver DEBUG Answer received: !yv
16:57:02,762 py4j.clientserver DEBUG Command to send: c
o23
sql
s\n                    SELECT \n                        b.Ticker,\n                        b.FreqType, \n                        b.ExDivDate,\n                        b.ExDivDays AS b_ExDivDays,\n                        a.ExDivDays AS a_ExDivDays,\n                        b.AvgPrice AS b_AvgPrice,\n                        a.AvgPrice AS a_AvgPrice,\n                        b.AdjAmount AS Dividend,\n                        b.SandPAvgPrice AS b_SandPAvgPrice,\n                        a.SandPAvgPrice AS a_SandPAvgPrice,\n                        ((a.AvgPrice + a.AdjAmount) - b.AvgPrice) / b.AvgPrice AS TickerReturn,\n                        (a.SandPAvgPrice - b.SandPAvgPrice) / b.SandPAvgPrice AS SandPReturn\n                    FROM all_data b\n                        INNER JOIN all_data a ON b.Ticker = a.Ticker\n                            AND b.ExDivDate = a.ExDivDate\n                    WHERE b.ExDivDays = 1 \n                        AND a.ExDivDays = 0\n                    
e

16:57:02,978 py4j.clientserver DEBUG Answer received: !yro33
16:57:02,978 py4j.clientserver DEBUG Command to send: c
o33
createOrReplaceTempView
sdiv_returns
e

16:57:02,997 py4j.clientserver DEBUG Answer received: !yv
16:57:02,998 py4j.clientserver DEBUG Command to send: c
o23
sql
s\n                    SELECT Ticker, \n                        b_ExDivDays AS BeforeDays, \n                        a_ExDivDays AS AfterDays,\n                        AVG(TickerReturn - SandPReturn) AS TickerReturnVsSandP\n                    FROM div_returns\n                    GRUOP BY Ticker, b_ExDivDays, a_ExDivDays\n                    
e

16:57:03,8 py4j.clientserver DEBUG Answer received: !xro34
16:57:03,8 py4j.clientserver DEBUG Command to send: c
o34
toString
e

16:57:03,9 py4j.clientserver DEBUG Answer received: !ysorg.apache.spark.sql.catalyst.parser.ParseException: \nmismatched input 'BY' expecting {<EOF>, ';'}(line 7, pos 26)\n\n== SQL ==\n\n                    SELECT Ticker, \n                        b_ExDivDays AS BeforeDays, \n                        a_ExDivDays AS AfterDays,\n                        AVG(TickerReturn - SandPReturn) AS TickerReturnVsSandP\n                    FROM div_returns\n                    GRUOP BY Ticker, b_ExDivDays, a_ExDivDays\n--------------------------^^^\n                    \n
16:57:03,9 py4j.clientserver DEBUG Command to send: c
o34
getCause
e

16:57:03,9 py4j.clientserver DEBUG Answer received: !yn
16:57:03,9 py4j.clientserver DEBUG Command to send: r
u
org
rj
e

16:57:03,12 py4j.clientserver DEBUG Answer received: !yp
16:57:03,12 py4j.clientserver DEBUG Command to send: r
u
org.apache
rj
e

16:57:03,13 py4j.clientserver DEBUG Answer received: !yp
16:57:03,13 py4j.clientserver DEBUG Command to send: r
u
org.apache.spark
rj
e

16:57:03,13 py4j.clientserver DEBUG Answer received: !yp
16:57:03,13 py4j.clientserver DEBUG Command to send: r
u
org.apache.spark.util
rj
e

16:57:03,14 py4j.clientserver DEBUG Answer received: !yp
16:57:03,14 py4j.clientserver DEBUG Command to send: r
u
org.apache.spark.util.Utils
rj
e

16:57:03,14 py4j.clientserver DEBUG Answer received: !ycorg.apache.spark.util.Utils
16:57:03,14 py4j.clientserver DEBUG Command to send: r
m
org.apache.spark.util.Utils
exceptionString
e

16:57:03,14 py4j.clientserver DEBUG Answer received: !ym
16:57:03,14 py4j.clientserver DEBUG Command to send: c
z:org.apache.spark.util.Utils
exceptionString
ro34
e

16:57:03,15 py4j.clientserver DEBUG Answer received: !ysorg.apache.spark.sql.catalyst.parser.ParseException: \nmismatched input 'BY' expecting {<EOF>, ';'}(line 7, pos 26)\n\n== SQL ==\n\n                    SELECT Ticker, \n                        b_ExDivDays AS BeforeDays, \n                        a_ExDivDays AS AfterDays,\n                        AVG(TickerReturn - SandPReturn) AS TickerReturnVsSandP\n                    FROM div_returns\n                    GRUOP BY Ticker, b_ExDivDays, a_ExDivDays\n--------------------------^^^\n                    \n\r\n	at org.apache.spark.sql.catalyst.parser.ParseException.withCommand(ParseDriver.scala:266)\r\n	at org.apache.spark.sql.catalyst.parser.AbstractSqlParser.parse(ParseDriver.scala:127)\r\n	at org.apache.spark.sql.execution.SparkSqlParser.parse(SparkSqlParser.scala:51)\r\n	at org.apache.spark.sql.catalyst.parser.AbstractSqlParser.parsePlan(ParseDriver.scala:77)\r\n	at org.apache.spark.sql.SparkSession.$anonfun$sql$2(SparkSession.scala:616)\r\n	at org.apache.spark.sql.catalyst.QueryPlanningTracker.measurePhase(QueryPlanningTracker.scala:111)\r\n	at org.apache.spark.sql.SparkSession.$anonfun$sql$1(SparkSession.scala:616)\r\n	at org.apache.spark.sql.SparkSession.withActive(SparkSession.scala:775)\r\n	at org.apache.spark.sql.SparkSession.sql(SparkSession.scala:613)\r\n	at sun.reflect.NativeMethodAccessorImpl.invoke0(Native Method)\r\n	at sun.reflect.NativeMethodAccessorImpl.invoke(NativeMethodAccessorImpl.java:62)\r\n	at sun.reflect.DelegatingMethodAccessorImpl.invoke(DelegatingMethodAccessorImpl.java:43)\r\n	at java.lang.reflect.Method.invoke(Method.java:498)\r\n	at py4j.reflection.MethodInvoker.invoke(MethodInvoker.java:244)\r\n	at py4j.reflection.ReflectionEngine.invoke(ReflectionEngine.java:357)\r\n	at py4j.Gateway.invoke(Gateway.java:282)\r\n	at py4j.commands.AbstractCommand.invokeMethod(AbstractCommand.java:132)\r\n	at py4j.commands.CallCommand.execute(CallCommand.java:79)\r\n	at py4j.ClientServerConnection.waitForCommands(ClientServerConnection.java:182)\r\n	at py4j.ClientServerConnection.run(ClientServerConnection.java:106)\r\n	at java.lang.Thread.run(Thread.java:748)\r\n
16:57:03,27 py4j.clientserver DEBUG Command to send: r
u
org
rj
e

16:57:03,31 py4j.clientserver DEBUG Answer received: !yp
16:57:03,31 py4j.clientserver DEBUG Command to send: r
u
org.apache
rj
e

16:57:03,32 py4j.clientserver DEBUG Answer received: !yp
16:57:03,32 py4j.clientserver DEBUG Command to send: r
u
org.apache.spark
rj
e

16:57:03,32 py4j.clientserver DEBUG Answer received: !yp
16:57:03,33 py4j.clientserver DEBUG Command to send: r
u
org.apache.spark.sql
rj
e

16:57:03,33 py4j.clientserver DEBUG Answer received: !yp
16:57:03,33 py4j.clientserver DEBUG Command to send: r
u
org.apache.spark.sql.internal
rj
e

16:57:03,34 py4j.clientserver DEBUG Answer received: !yp
16:57:03,34 py4j.clientserver DEBUG Command to send: r
u
org.apache.spark.sql.internal.SQLConf
rj
e

16:57:03,35 py4j.clientserver DEBUG Answer received: !ycorg.apache.spark.sql.internal.SQLConf
16:57:03,35 py4j.clientserver DEBUG Command to send: r
m
org.apache.spark.sql.internal.SQLConf
get
e

16:57:03,35 py4j.clientserver DEBUG Answer received: !ym
16:57:03,35 py4j.clientserver DEBUG Command to send: c
z:org.apache.spark.sql.internal.SQLConf
get
e

16:57:03,36 py4j.clientserver DEBUG Answer received: !yro35
16:57:03,36 py4j.clientserver DEBUG Command to send: c
o35
pysparkJVMStacktraceEnabled
e

16:57:03,36 py4j.clientserver DEBUG Answer received: !ybfalse
