20:43:02,823 root DEBUG running analyzer now
20:43:05,954 py4j.java_gateway DEBUG GatewayClient.address is deprecated and will be removed in version 1.0. Use GatewayParameters instead.
20:43:05,957 py4j.clientserver DEBUG Command to send: A
20b18ad1f47f2a87a803567beecd2fa8d990edb68b803d8d75f3d4e2fb029602

20:43:05,974 py4j.clientserver DEBUG Answer received: !yv
20:43:05,974 py4j.clientserver DEBUG Command to send: j
i
rj
org.apache.spark.SparkConf
e

20:43:05,976 py4j.clientserver DEBUG Answer received: !yv
20:43:05,976 py4j.clientserver DEBUG Command to send: j
i
rj
org.apache.spark.api.java.*
e

20:43:05,977 py4j.clientserver DEBUG Answer received: !yv
20:43:05,977 py4j.clientserver DEBUG Command to send: j
i
rj
org.apache.spark.api.python.*
e

20:43:05,977 py4j.clientserver DEBUG Answer received: !yv
20:43:05,977 py4j.clientserver DEBUG Command to send: j
i
rj
org.apache.spark.ml.python.*
e

20:43:05,977 py4j.clientserver DEBUG Answer received: !yv
20:43:05,977 py4j.clientserver DEBUG Command to send: j
i
rj
org.apache.spark.mllib.api.python.*
e

20:43:05,978 py4j.clientserver DEBUG Answer received: !yv
20:43:05,978 py4j.clientserver DEBUG Command to send: j
i
rj
org.apache.spark.resource.*
e

20:43:05,978 py4j.clientserver DEBUG Answer received: !yv
20:43:05,978 py4j.clientserver DEBUG Command to send: j
i
rj
org.apache.spark.sql.*
e

20:43:05,978 py4j.clientserver DEBUG Answer received: !yv
20:43:05,978 py4j.clientserver DEBUG Command to send: j
i
rj
org.apache.spark.sql.api.python.*
e

20:43:05,979 py4j.clientserver DEBUG Answer received: !yv
20:43:05,979 py4j.clientserver DEBUG Command to send: j
i
rj
org.apache.spark.sql.hive.*
e

20:43:05,979 py4j.clientserver DEBUG Answer received: !yv
20:43:05,979 py4j.clientserver DEBUG Command to send: j
i
rj
scala.Tuple2
e

20:43:05,979 py4j.clientserver DEBUG Answer received: !yv
20:43:05,979 py4j.clientserver DEBUG Command to send: r
u
SparkConf
rj
e

20:43:05,981 py4j.clientserver DEBUG Answer received: !ycorg.apache.spark.SparkConf
20:43:05,981 py4j.clientserver DEBUG Command to send: i
org.apache.spark.SparkConf
bTrue
e

20:43:05,986 py4j.clientserver DEBUG Answer received: !yro0
20:43:05,986 py4j.clientserver DEBUG Command to send: c
o0
set
sspark.master
slocal
e

20:43:05,993 py4j.clientserver DEBUG Answer received: !yro1
20:43:05,993 py4j.clientserver DEBUG Command to send: c
o0
set
sspark.app.name
sapp
e

20:43:05,994 py4j.clientserver DEBUG Answer received: !yro2
20:43:05,994 py4j.clientserver DEBUG Command to send: c
o0
contains
sspark.serializer.objectStreamReset
e

20:43:05,994 py4j.clientserver DEBUG Answer received: !ybfalse
20:43:05,994 py4j.clientserver DEBUG Command to send: c
o0
set
sspark.serializer.objectStreamReset
s100
e

20:43:05,995 py4j.clientserver DEBUG Answer received: !yro3
20:43:05,995 py4j.clientserver DEBUG Command to send: c
o0
contains
sspark.rdd.compress
e

20:43:05,995 py4j.clientserver DEBUG Answer received: !ybfalse
20:43:05,996 py4j.clientserver DEBUG Command to send: c
o0
set
sspark.rdd.compress
sTrue
e

20:43:05,996 py4j.clientserver DEBUG Answer received: !yro4
20:43:05,996 py4j.clientserver DEBUG Command to send: c
o0
contains
sspark.master
e

20:43:05,996 py4j.clientserver DEBUG Answer received: !ybtrue
20:43:05,996 py4j.clientserver DEBUG Command to send: c
o0
contains
sspark.app.name
e

20:43:05,996 py4j.clientserver DEBUG Answer received: !ybtrue
20:43:05,997 py4j.clientserver DEBUG Command to send: c
o0
contains
sspark.master
e

20:43:05,999 py4j.clientserver DEBUG Answer received: !ybtrue
20:43:05,999 py4j.clientserver DEBUG Command to send: c
o0
get
sspark.master
e

20:43:06,0 py4j.clientserver DEBUG Answer received: !yslocal
20:43:06,0 py4j.clientserver DEBUG Command to send: c
o0
contains
sspark.app.name
e

20:43:06,0 py4j.clientserver DEBUG Answer received: !ybtrue
20:43:06,1 py4j.clientserver DEBUG Command to send: c
o0
get
sspark.app.name
e

20:43:06,1 py4j.clientserver DEBUG Answer received: !ysapp
20:43:06,1 py4j.clientserver DEBUG Command to send: c
o0
contains
sspark.home
e

20:43:06,1 py4j.clientserver DEBUG Answer received: !ybfalse
20:43:06,1 py4j.clientserver DEBUG Command to send: c
o0
getAll
e

20:43:06,2 py4j.clientserver DEBUG Answer received: !yto5
20:43:06,2 py4j.clientserver DEBUG Command to send: a
e
o5
e

20:43:06,2 py4j.clientserver DEBUG Answer received: !yi7
20:43:06,2 py4j.clientserver DEBUG Command to send: a
g
o5
i0
e

20:43:06,3 py4j.clientserver DEBUG Answer received: !yro6
20:43:06,3 py4j.clientserver DEBUG Command to send: c
o6
_1
e

20:43:06,4 py4j.clientserver DEBUG Answer received: !ysspark.master
20:43:06,4 py4j.clientserver DEBUG Command to send: c
o6
_2
e

20:43:06,4 py4j.clientserver DEBUG Answer received: !yslocal
20:43:06,4 py4j.clientserver DEBUG Command to send: a
e
o5
e

20:43:06,4 py4j.clientserver DEBUG Answer received: !yi7
20:43:06,5 py4j.clientserver DEBUG Command to send: a
g
o5
i1
e

20:43:06,5 py4j.clientserver DEBUG Answer received: !yro7
20:43:06,5 py4j.clientserver DEBUG Command to send: c
o7
_1
e

20:43:06,5 py4j.clientserver DEBUG Answer received: !ysspark.app.name
20:43:06,5 py4j.clientserver DEBUG Command to send: c
o7
_2
e

20:43:06,6 py4j.clientserver DEBUG Answer received: !ysapp
20:43:06,6 py4j.clientserver DEBUG Command to send: a
e
o5
e

20:43:06,6 py4j.clientserver DEBUG Answer received: !yi7
20:43:06,6 py4j.clientserver DEBUG Command to send: a
g
o5
i2
e

20:43:06,6 py4j.clientserver DEBUG Answer received: !yro8
20:43:06,6 py4j.clientserver DEBUG Command to send: c
o8
_1
e

20:43:06,6 py4j.clientserver DEBUG Answer received: !ysspark.rdd.compress
20:43:06,7 py4j.clientserver DEBUG Command to send: c
o8
_2
e

20:43:06,7 py4j.clientserver DEBUG Answer received: !ysTrue
20:43:06,7 py4j.clientserver DEBUG Command to send: a
e
o5
e

20:43:06,7 py4j.clientserver DEBUG Answer received: !yi7
20:43:06,7 py4j.clientserver DEBUG Command to send: a
g
o5
i3
e

20:43:06,7 py4j.clientserver DEBUG Answer received: !yro9
20:43:06,8 py4j.clientserver DEBUG Command to send: c
o9
_1
e

20:43:06,8 py4j.clientserver DEBUG Answer received: !ysspark.serializer.objectStreamReset
20:43:06,8 py4j.clientserver DEBUG Command to send: c
o9
_2
e

20:43:06,8 py4j.clientserver DEBUG Answer received: !ys100
20:43:06,8 py4j.clientserver DEBUG Command to send: a
e
o5
e

20:43:06,9 py4j.clientserver DEBUG Answer received: !yi7
20:43:06,9 py4j.clientserver DEBUG Command to send: a
g
o5
i4
e

20:43:06,9 py4j.clientserver DEBUG Answer received: !yro10
20:43:06,9 py4j.clientserver DEBUG Command to send: c
o10
_1
e

20:43:06,9 py4j.clientserver DEBUG Answer received: !ysspark.submit.pyFiles
20:43:06,10 py4j.clientserver DEBUG Command to send: c
o10
_2
e

20:43:06,10 py4j.clientserver DEBUG Answer received: !ys
20:43:06,10 py4j.clientserver DEBUG Command to send: a
e
o5
e

20:43:06,10 py4j.clientserver DEBUG Answer received: !yi7
20:43:06,10 py4j.clientserver DEBUG Command to send: a
g
o5
i5
e

20:43:06,10 py4j.clientserver DEBUG Answer received: !yro11
20:43:06,11 py4j.clientserver DEBUG Command to send: c
o11
_1
e

20:43:06,11 py4j.clientserver DEBUG Answer received: !ysspark.submit.deployMode
20:43:06,11 py4j.clientserver DEBUG Command to send: c
o11
_2
e

20:43:06,11 py4j.clientserver DEBUG Answer received: !ysclient
20:43:06,12 py4j.clientserver DEBUG Command to send: a
e
o5
e

20:43:06,12 py4j.clientserver DEBUG Answer received: !yi7
20:43:06,12 py4j.clientserver DEBUG Command to send: a
g
o5
i6
e

20:43:06,12 py4j.clientserver DEBUG Answer received: !yro12
20:43:06,12 py4j.clientserver DEBUG Command to send: c
o12
_1
e

20:43:06,12 py4j.clientserver DEBUG Answer received: !ysspark.ui.showConsoleProgress
20:43:06,13 py4j.clientserver DEBUG Command to send: c
o12
_2
e

20:43:06,13 py4j.clientserver DEBUG Answer received: !ystrue
20:43:06,13 py4j.clientserver DEBUG Command to send: a
e
o5
e

20:43:06,13 py4j.clientserver DEBUG Answer received: !yi7
20:43:06,13 py4j.clientserver DEBUG Command to send: r
u
JavaSparkContext
rj
e

20:43:06,25 py4j.clientserver DEBUG Answer received: !ycorg.apache.spark.api.java.JavaSparkContext
20:43:06,25 py4j.clientserver DEBUG Command to send: i
org.apache.spark.api.java.JavaSparkContext
ro0
e

20:43:06,963 py4j.clientserver DEBUG Command to send: A
20b18ad1f47f2a87a803567beecd2fa8d990edb68b803d8d75f3d4e2fb029602

20:43:06,964 py4j.clientserver DEBUG Answer received: !yv
20:43:06,964 py4j.clientserver DEBUG Command to send: m
d
o1
e

20:43:06,964 py4j.clientserver DEBUG Answer received: !yv
20:43:06,965 py4j.clientserver DEBUG Command to send: m
d
o2
e

20:43:06,965 py4j.clientserver DEBUG Answer received: !yv
20:43:06,965 py4j.clientserver DEBUG Command to send: m
d
o3
e

20:43:06,965 py4j.clientserver DEBUG Answer received: !yv
20:43:06,965 py4j.clientserver DEBUG Command to send: m
d
o4
e

20:43:06,965 py4j.clientserver DEBUG Answer received: !yv
20:43:06,966 py4j.clientserver DEBUG Command to send: m
d
o5
e

20:43:06,966 py4j.clientserver DEBUG Answer received: !yv
20:43:09,411 py4j.clientserver DEBUG Answer received: !yro13
20:43:09,411 py4j.clientserver DEBUG Command to send: c
o13
sc
e

20:43:09,415 py4j.clientserver DEBUG Answer received: !yro14
20:43:09,416 py4j.clientserver DEBUG Command to send: c
o14
conf
e

20:43:09,437 py4j.clientserver DEBUG Answer received: !yro15
20:43:09,447 py4j.clientserver DEBUG Command to send: r
u
PythonAccumulatorV2
rj
e

20:43:09,450 py4j.clientserver DEBUG Answer received: !ycorg.apache.spark.api.python.PythonAccumulatorV2
20:43:09,450 py4j.clientserver DEBUG Command to send: i
org.apache.spark.api.python.PythonAccumulatorV2
s127.0.0.1
i62638
s20b18ad1f47f2a87a803567beecd2fa8d990edb68b803d8d75f3d4e2fb029602
e

20:43:09,451 py4j.clientserver DEBUG Answer received: !yro16
20:43:09,451 py4j.clientserver DEBUG Command to send: c
o13
sc
e

20:43:09,451 py4j.clientserver DEBUG Answer received: !yro17
20:43:09,451 py4j.clientserver DEBUG Command to send: c
o17
register
ro16
e

20:43:09,455 py4j.clientserver DEBUG Answer received: !yv
20:43:09,456 py4j.clientserver DEBUG Command to send: r
u
PythonUtils
rj
e

20:43:09,458 py4j.clientserver DEBUG Answer received: !ycorg.apache.spark.api.python.PythonUtils
20:43:09,458 py4j.clientserver DEBUG Command to send: r
m
org.apache.spark.api.python.PythonUtils
isEncryptionEnabled
e

20:43:09,458 py4j.clientserver DEBUG Answer received: !ym
20:43:09,458 py4j.clientserver DEBUG Command to send: c
z:org.apache.spark.api.python.PythonUtils
isEncryptionEnabled
ro13
e

20:43:09,460 py4j.clientserver DEBUG Answer received: !ybfalse
20:43:09,461 py4j.clientserver DEBUG Command to send: r
u
PythonUtils
rj
e

20:43:09,462 py4j.clientserver DEBUG Answer received: !ycorg.apache.spark.api.python.PythonUtils
20:43:09,462 py4j.clientserver DEBUG Command to send: r
m
org.apache.spark.api.python.PythonUtils
getPythonAuthSocketTimeout
e

20:43:09,463 py4j.clientserver DEBUG Answer received: !ym
20:43:09,463 py4j.clientserver DEBUG Command to send: c
z:org.apache.spark.api.python.PythonUtils
getPythonAuthSocketTimeout
ro13
e

20:43:09,463 py4j.clientserver DEBUG Answer received: !yL15
20:43:09,463 py4j.clientserver DEBUG Command to send: r
u
PythonUtils
rj
e

20:43:09,465 py4j.clientserver DEBUG Answer received: !ycorg.apache.spark.api.python.PythonUtils
20:43:09,465 py4j.clientserver DEBUG Command to send: r
m
org.apache.spark.api.python.PythonUtils
getSparkBufferSize
e

20:43:09,466 py4j.clientserver DEBUG Answer received: !ym
20:43:09,466 py4j.clientserver DEBUG Command to send: c
z:org.apache.spark.api.python.PythonUtils
getSparkBufferSize
ro13
e

20:43:09,466 py4j.clientserver DEBUG Answer received: !yi65536
20:43:09,466 py4j.clientserver DEBUG Command to send: r
u
org
rj
e

20:43:09,470 py4j.clientserver DEBUG Answer received: !yp
20:43:09,470 py4j.clientserver DEBUG Command to send: r
u
org.apache
rj
e

20:43:09,471 py4j.clientserver DEBUG Answer received: !yp
20:43:09,471 py4j.clientserver DEBUG Command to send: r
u
org.apache.spark
rj
e

20:43:09,472 py4j.clientserver DEBUG Answer received: !yp
20:43:09,472 py4j.clientserver DEBUG Command to send: r
u
org.apache.spark.SparkFiles
rj
e

20:43:09,472 py4j.clientserver DEBUG Answer received: !ycorg.apache.spark.SparkFiles
20:43:09,472 py4j.clientserver DEBUG Command to send: r
m
org.apache.spark.SparkFiles
getRootDirectory
e

20:43:09,473 py4j.clientserver DEBUG Answer received: !ym
20:43:09,473 py4j.clientserver DEBUG Command to send: c
z:org.apache.spark.SparkFiles
getRootDirectory
e

20:43:09,474 py4j.clientserver DEBUG Answer received: !ysC:\\Users\\danie\\AppData\\Local\\Temp\\spark-6a13319f-69de-4105-8c93-ea1879de9723\\userFiles-ab86c31a-1ed0-426f-86fa-6484f0ee29b3
20:43:09,474 py4j.clientserver DEBUG Command to send: c
o15
get
sspark.submit.pyFiles
s
e

20:43:09,474 py4j.clientserver DEBUG Answer received: !ys
20:43:09,475 py4j.clientserver DEBUG Command to send: r
u
org
rj
e

20:43:09,477 py4j.clientserver DEBUG Answer received: !yp
20:43:09,477 py4j.clientserver DEBUG Command to send: r
u
org.apache
rj
e

20:43:09,478 py4j.clientserver DEBUG Answer received: !yp
20:43:09,478 py4j.clientserver DEBUG Command to send: r
u
org.apache.spark
rj
e

20:43:09,479 py4j.clientserver DEBUG Answer received: !yp
20:43:09,479 py4j.clientserver DEBUG Command to send: r
u
org.apache.spark.util
rj
e

20:43:09,479 py4j.clientserver DEBUG Answer received: !yp
20:43:09,479 py4j.clientserver DEBUG Command to send: r
u
org.apache.spark.util.Utils
rj
e

20:43:09,482 py4j.clientserver DEBUG Answer received: !ycorg.apache.spark.util.Utils
20:43:09,482 py4j.clientserver DEBUG Command to send: r
m
org.apache.spark.util.Utils
getLocalDir
e

20:43:09,486 py4j.clientserver DEBUG Answer received: !ym
20:43:09,486 py4j.clientserver DEBUG Command to send: c
o13
sc
e

20:43:09,486 py4j.clientserver DEBUG Answer received: !yro18
20:43:09,486 py4j.clientserver DEBUG Command to send: c
o18
conf
e

20:43:09,487 py4j.clientserver DEBUG Answer received: !yro19
20:43:09,487 py4j.clientserver DEBUG Command to send: c
z:org.apache.spark.util.Utils
getLocalDir
ro19
e

20:43:09,487 py4j.clientserver DEBUG Answer received: !ysC:\\Users\\danie\\AppData\\Local\\Temp\\spark-6a13319f-69de-4105-8c93-ea1879de9723
20:43:09,487 py4j.clientserver DEBUG Command to send: r
u
org
rj
e

20:43:09,500 py4j.clientserver DEBUG Answer received: !yp
20:43:09,500 py4j.clientserver DEBUG Command to send: r
u
org.apache
rj
e

20:43:09,501 py4j.clientserver DEBUG Answer received: !yp
20:43:09,501 py4j.clientserver DEBUG Command to send: r
u
org.apache.spark
rj
e

20:43:09,503 py4j.clientserver DEBUG Answer received: !yp
20:43:09,503 py4j.clientserver DEBUG Command to send: r
u
org.apache.spark.util
rj
e

20:43:09,504 py4j.clientserver DEBUG Answer received: !yp
20:43:09,504 py4j.clientserver DEBUG Command to send: r
u
org.apache.spark.util.Utils
rj
e

20:43:09,504 py4j.clientserver DEBUG Answer received: !ycorg.apache.spark.util.Utils
20:43:09,504 py4j.clientserver DEBUG Command to send: r
m
org.apache.spark.util.Utils
createTempDir
e

20:43:09,504 py4j.clientserver DEBUG Answer received: !ym
20:43:09,504 py4j.clientserver DEBUG Command to send: c
z:org.apache.spark.util.Utils
createTempDir
sC:\\Users\\danie\\AppData\\Local\\Temp\\spark-6a13319f-69de-4105-8c93-ea1879de9723
spyspark
e

20:43:09,506 py4j.clientserver DEBUG Answer received: !yro20
20:43:09,506 py4j.clientserver DEBUG Command to send: c
o20
getAbsolutePath
e

20:43:09,506 py4j.clientserver DEBUG Answer received: !ysC:\\Users\\danie\\AppData\\Local\\Temp\\spark-6a13319f-69de-4105-8c93-ea1879de9723\\pyspark-58707e5c-8d18-4e6f-aeb7-3f4ddf057b16
20:43:09,507 py4j.clientserver DEBUG Command to send: c
o15
get
sspark.python.profile
sfalse
e

20:43:09,507 py4j.clientserver DEBUG Answer received: !ysfalse
20:43:09,507 py4j.clientserver DEBUG Command to send: r
u
SparkSession
rj
e

20:43:09,542 py4j.clientserver DEBUG Answer received: !ycorg.apache.spark.sql.SparkSession
20:43:09,542 py4j.clientserver DEBUG Command to send: r
m
org.apache.spark.sql.SparkSession
getDefaultSession
e

20:43:09,573 py4j.clientserver DEBUG Answer received: !ym
20:43:09,573 py4j.clientserver DEBUG Command to send: c
z:org.apache.spark.sql.SparkSession
getDefaultSession
e

20:43:09,575 py4j.clientserver DEBUG Answer received: !yro21
20:43:09,575 py4j.clientserver DEBUG Command to send: c
o21
isDefined
e

20:43:09,576 py4j.clientserver DEBUG Answer received: !ybfalse
20:43:09,576 py4j.clientserver DEBUG Command to send: r
u
SparkSession
rj
e

20:43:09,579 py4j.clientserver DEBUG Answer received: !ycorg.apache.spark.sql.SparkSession
20:43:09,579 py4j.clientserver DEBUG Command to send: c
o13
sc
e

20:43:09,579 py4j.clientserver DEBUG Answer received: !yro22
20:43:09,579 py4j.clientserver DEBUG Command to send: i
org.apache.spark.sql.SparkSession
ro22
e

20:43:09,664 py4j.clientserver DEBUG Answer received: !yro23
20:43:09,664 py4j.clientserver DEBUG Command to send: c
o23
sqlContext
e

20:43:09,664 py4j.clientserver DEBUG Answer received: !yro24
20:43:09,664 py4j.clientserver DEBUG Command to send: r
u
SparkSession
rj
e

20:43:09,667 py4j.clientserver DEBUG Answer received: !ycorg.apache.spark.sql.SparkSession
20:43:09,667 py4j.clientserver DEBUG Command to send: r
m
org.apache.spark.sql.SparkSession
setDefaultSession
e

20:43:09,667 py4j.clientserver DEBUG Answer received: !ym
20:43:09,667 py4j.clientserver DEBUG Command to send: c
z:org.apache.spark.sql.SparkSession
setDefaultSession
ro23
e

20:43:09,667 py4j.clientserver DEBUG Answer received: !yv
20:43:09,668 py4j.clientserver DEBUG Command to send: r
u
SparkSession
rj
e

20:43:09,669 py4j.clientserver DEBUG Answer received: !ycorg.apache.spark.sql.SparkSession
20:43:09,670 py4j.clientserver DEBUG Command to send: r
m
org.apache.spark.sql.SparkSession
setActiveSession
e

20:43:09,670 py4j.clientserver DEBUG Answer received: !ym
20:43:09,670 py4j.clientserver DEBUG Command to send: c
z:org.apache.spark.sql.SparkSession
setActiveSession
ro23
e

20:43:09,670 py4j.clientserver DEBUG Answer received: !yv
20:43:09,670 py4j.clientserver DEBUG Command to send: c
o23
sessionState
e

20:43:10,6 py4j.clientserver DEBUG Command to send: m
d
o0
e

20:43:10,6 py4j.clientserver DEBUG Answer received: !yv
20:43:10,6 py4j.clientserver DEBUG Command to send: m
d
o6
e

20:43:10,7 py4j.clientserver DEBUG Answer received: !yv
20:43:10,7 py4j.clientserver DEBUG Command to send: m
d
o7
e

20:43:10,7 py4j.clientserver DEBUG Answer received: !yv
20:43:10,7 py4j.clientserver DEBUG Command to send: m
d
o8
e

20:43:10,7 py4j.clientserver DEBUG Answer received: !yv
20:43:10,8 py4j.clientserver DEBUG Command to send: m
d
o9
e

20:43:10,8 py4j.clientserver DEBUG Answer received: !yv
20:43:10,8 py4j.clientserver DEBUG Command to send: m
d
o10
e

20:43:10,8 py4j.clientserver DEBUG Answer received: !yv
20:43:10,8 py4j.clientserver DEBUG Command to send: m
d
o11
e

20:43:10,9 py4j.clientserver DEBUG Answer received: !yv
20:43:10,9 py4j.clientserver DEBUG Command to send: m
d
o12
e

20:43:10,10 py4j.clientserver DEBUG Answer received: !yv
20:43:10,10 py4j.clientserver DEBUG Command to send: m
d
o14
e

20:43:10,11 py4j.clientserver DEBUG Answer received: !yv
20:43:11,7 py4j.clientserver DEBUG Answer received: !yro25
20:43:11,8 py4j.clientserver DEBUG Command to send: c
o25
conf
e

20:43:11,9 py4j.clientserver DEBUG Answer received: !yro26
20:43:11,9 py4j.clientserver DEBUG Command to send: c
o26
setConfString
sspark.master
slocal
e

20:43:11,10 py4j.clientserver DEBUG Answer received: !yv
20:43:11,11 py4j.clientserver DEBUG Command to send: c
o23
sessionState
e

20:43:11,11 py4j.clientserver DEBUG Answer received: !yro27
20:43:11,11 py4j.clientserver DEBUG Command to send: c
o27
conf
e

20:43:11,11 py4j.clientserver DEBUG Answer received: !yro28
20:43:11,11 py4j.clientserver DEBUG Command to send: c
o28
setConfString
sspark.app.name
sapp
e

20:43:11,13 py4j.clientserver DEBUG Answer received: !yv
20:43:11,13 py4j.clientserver DEBUG Command to send: c
o13
setLogLevel
sWARN
e

20:43:11,15 py4j.clientserver DEBUG Answer received: !yv
20:43:11,15 py4j.clientserver DEBUG Command to send: c
o24
read
e

20:43:11,25 py4j.clientserver DEBUG Answer received: !yro29
20:43:11,25 py4j.clientserver DEBUG Command to send: r
u
PythonUtils
rj
e

20:43:11,27 py4j.clientserver DEBUG Answer received: !ycorg.apache.spark.api.python.PythonUtils
20:43:11,27 py4j.clientserver DEBUG Command to send: r
m
org.apache.spark.api.python.PythonUtils
toSeq
e

20:43:11,27 py4j.clientserver DEBUG Answer received: !ym
20:43:11,28 py4j.clientserver DEBUG Command to send: i
java.util.ArrayList
e

20:43:11,28 py4j.clientserver DEBUG Answer received: !ylo30
20:43:11,28 py4j.clientserver DEBUG Command to send: c
o30
add
sC:\\GitRepos\\Springboard\\Capstone\\output\\divs_and_prices\\
e

20:43:11,30 py4j.clientserver DEBUG Answer received: !ybtrue
20:43:11,31 py4j.clientserver DEBUG Command to send: c
z:org.apache.spark.api.python.PythonUtils
toSeq
ro30
e

20:43:11,31 py4j.clientserver DEBUG Answer received: !yro31
20:43:11,31 py4j.clientserver DEBUG Command to send: c
o29
parquet
ro31
e

20:43:12,36 py4j.clientserver DEBUG Command to send: m
d
o30
e

20:43:12,37 py4j.clientserver DEBUG Answer received: !yv
20:43:19,522 py4j.clientserver DEBUG Answer received: !yro32
20:43:19,523 py4j.clientserver DEBUG Command to send: c
o32
createOrReplaceTempView
sall_data
e

20:43:19,986 py4j.clientserver DEBUG Answer received: !yv
20:43:19,987 py4j.clientserver DEBUG Command to send: c
o23
sql
s\n            SELECT \n                b.Ticker,\n                b.FreqType, \n                b.ExDivDate,\n                b.ExDivDays AS b_ExDivDays,\n                a.ExDivDays AS a_ExDivDays,\n                b.AvgPrice AS b_AvgPrice,\n                a.AvgPrice AS a_AvgPrice,\n                b.AdjAmount AS Dividend,\n                b.SandPAvgPrice AS b_SandPAvgPrice,\n                a.SandPAvgPrice AS a_SandPAvgPrice,\n                ((a.AvgPrice + a.AdjAmount) - b.AvgPrice) / b.AvgPrice AS TickerReturn,\n                (a.SandPAvgPrice - b.SandPAvgPrice) / b.SandPAvgPrice AS SandPReturn\n            FROM all_data b\n                INNER JOIN all_data a ON b.Ticker = a.Ticker\n                    AND b.ExDivDate = a.ExDivDate\n            WHERE b.ExDivDays BETWEEN -30 AND -1 \n               AND a.ExDivDays BETWEEN 0 AND 30\n            
e

20:43:20,190 py4j.clientserver DEBUG Answer received: !yro33
20:43:20,191 py4j.clientserver DEBUG Command to send: c
o33
createOrReplaceTempView
sdiv_returns
e

20:43:20,211 py4j.clientserver DEBUG Answer received: !yv
20:43:20,211 py4j.clientserver DEBUG Command to send: c
o23
sql
s\n            SELECT Ticker, \n                b_ExDivDays AS BeforeDays, \n                a_ExDivDays AS AfterDays,\n                COUNT(*) as NumExDivDates,\n                AVG(TickerReturn - SandPReturn) AS ReturnVsSandP\n            FROM div_returns\n            GROUP BY Ticker, b_ExDivDays, a_ExDivDays\n            ORDER BY ReturnVsSandP DESC\n            
e

20:43:20,281 py4j.clientserver DEBUG Answer received: !yro34
20:43:20,281 py4j.clientserver DEBUG Command to send: c
o34
write
e

20:43:20,287 py4j.clientserver DEBUG Answer received: !yro35
20:43:20,287 py4j.clientserver DEBUG Command to send: r
u
PythonUtils
rj
e

20:43:20,289 py4j.clientserver DEBUG Answer received: !ycorg.apache.spark.api.python.PythonUtils
20:43:20,289 py4j.clientserver DEBUG Command to send: r
m
org.apache.spark.api.python.PythonUtils
toSeq
e

20:43:20,289 py4j.clientserver DEBUG Answer received: !ym
20:43:20,289 py4j.clientserver DEBUG Command to send: i
java.util.ArrayList
e

20:43:20,289 py4j.clientserver DEBUG Answer received: !ylo36
20:43:20,290 py4j.clientserver DEBUG Command to send: c
o36
add
sTicker
e

20:43:20,290 py4j.clientserver DEBUG Answer received: !ybtrue
20:43:20,290 py4j.clientserver DEBUG Command to send: c
z:org.apache.spark.api.python.PythonUtils
toSeq
ro36
e

20:43:20,290 py4j.clientserver DEBUG Answer received: !yro37
20:43:20,290 py4j.clientserver DEBUG Command to send: c
o35
partitionBy
ro37
e

20:43:20,294 py4j.clientserver DEBUG Answer received: !yro38
20:43:20,294 py4j.clientserver DEBUG Command to send: c
o38
mode
soverwrite
e

20:43:20,294 py4j.clientserver DEBUG Answer received: !yro39
20:43:20,295 py4j.clientserver DEBUG Command to send: c
o39
parquet
soutput/days_returns
e

20:43:21,113 py4j.clientserver DEBUG Command to send: m
d
o36
e

20:43:21,114 py4j.clientserver DEBUG Answer received: !yv
20:44:52,825 py4j.clientserver DEBUG Answer received: !yv
20:44:52,826 root DEBUG success
