16:23:10,329 root DEBUG running analyzer now
16:23:13,837 py4j.java_gateway DEBUG GatewayClient.address is deprecated and will be removed in version 1.0. Use GatewayParameters instead.
16:23:13,841 py4j.clientserver DEBUG Command to send: A
b6abd62fda826262028c8b1b862ca3fd7b8b72d4fa8f20b56b36863b9864579d

16:23:13,873 py4j.clientserver DEBUG Answer received: !yv
16:23:13,873 py4j.clientserver DEBUG Command to send: j
i
rj
org.apache.spark.SparkConf
e

16:23:13,876 py4j.clientserver DEBUG Answer received: !yv
16:23:13,877 py4j.clientserver DEBUG Command to send: j
i
rj
org.apache.spark.api.java.*
e

16:23:13,877 py4j.clientserver DEBUG Answer received: !yv
16:23:13,877 py4j.clientserver DEBUG Command to send: j
i
rj
org.apache.spark.api.python.*
e

16:23:13,877 py4j.clientserver DEBUG Answer received: !yv
16:23:13,877 py4j.clientserver DEBUG Command to send: j
i
rj
org.apache.spark.ml.python.*
e

16:23:13,878 py4j.clientserver DEBUG Answer received: !yv
16:23:13,878 py4j.clientserver DEBUG Command to send: j
i
rj
org.apache.spark.mllib.api.python.*
e

16:23:13,878 py4j.clientserver DEBUG Answer received: !yv
16:23:13,878 py4j.clientserver DEBUG Command to send: j
i
rj
org.apache.spark.resource.*
e

16:23:13,879 py4j.clientserver DEBUG Answer received: !yv
16:23:13,879 py4j.clientserver DEBUG Command to send: j
i
rj
org.apache.spark.sql.*
e

16:23:13,879 py4j.clientserver DEBUG Answer received: !yv
16:23:13,879 py4j.clientserver DEBUG Command to send: j
i
rj
org.apache.spark.sql.api.python.*
e

16:23:13,879 py4j.clientserver DEBUG Answer received: !yv
16:23:13,880 py4j.clientserver DEBUG Command to send: j
i
rj
org.apache.spark.sql.hive.*
e

16:23:13,880 py4j.clientserver DEBUG Answer received: !yv
16:23:13,880 py4j.clientserver DEBUG Command to send: j
i
rj
scala.Tuple2
e

16:23:13,880 py4j.clientserver DEBUG Answer received: !yv
16:23:13,880 py4j.clientserver DEBUG Command to send: r
u
SparkConf
rj
e

16:23:13,884 py4j.clientserver DEBUG Answer received: !ycorg.apache.spark.SparkConf
16:23:13,884 py4j.clientserver DEBUG Command to send: i
org.apache.spark.SparkConf
bTrue
e

16:23:13,891 py4j.clientserver DEBUG Answer received: !yro0
16:23:13,892 py4j.clientserver DEBUG Command to send: c
o0
set
sspark.master
slocal
e

16:23:13,900 py4j.clientserver DEBUG Answer received: !yro1
16:23:13,901 py4j.clientserver DEBUG Command to send: c
o0
set
sspark.app.name
sapp
e

16:23:13,901 py4j.clientserver DEBUG Answer received: !yro2
16:23:13,901 py4j.clientserver DEBUG Command to send: c
o0
contains
sspark.serializer.objectStreamReset
e

16:23:13,902 py4j.clientserver DEBUG Answer received: !ybfalse
16:23:13,902 py4j.clientserver DEBUG Command to send: c
o0
set
sspark.serializer.objectStreamReset
s100
e

16:23:13,902 py4j.clientserver DEBUG Answer received: !yro3
16:23:13,903 py4j.clientserver DEBUG Command to send: c
o0
contains
sspark.rdd.compress
e

16:23:13,903 py4j.clientserver DEBUG Answer received: !ybfalse
16:23:13,904 py4j.clientserver DEBUG Command to send: c
o0
set
sspark.rdd.compress
sTrue
e

16:23:13,904 py4j.clientserver DEBUG Answer received: !yro4
16:23:13,904 py4j.clientserver DEBUG Command to send: c
o0
contains
sspark.master
e

16:23:13,905 py4j.clientserver DEBUG Answer received: !ybtrue
16:23:13,905 py4j.clientserver DEBUG Command to send: c
o0
contains
sspark.app.name
e

16:23:13,905 py4j.clientserver DEBUG Answer received: !ybtrue
16:23:13,906 py4j.clientserver DEBUG Command to send: c
o0
contains
sspark.master
e

16:23:13,908 py4j.clientserver DEBUG Answer received: !ybtrue
16:23:13,908 py4j.clientserver DEBUG Command to send: c
o0
get
sspark.master
e

16:23:13,909 py4j.clientserver DEBUG Answer received: !yslocal
16:23:13,909 py4j.clientserver DEBUG Command to send: c
o0
contains
sspark.app.name
e

16:23:13,909 py4j.clientserver DEBUG Answer received: !ybtrue
16:23:13,910 py4j.clientserver DEBUG Command to send: c
o0
get
sspark.app.name
e

16:23:13,910 py4j.clientserver DEBUG Answer received: !ysapp
16:23:13,910 py4j.clientserver DEBUG Command to send: c
o0
contains
sspark.home
e

16:23:13,911 py4j.clientserver DEBUG Answer received: !ybfalse
16:23:13,911 py4j.clientserver DEBUG Command to send: c
o0
getAll
e

16:23:13,911 py4j.clientserver DEBUG Answer received: !yto5
16:23:13,912 py4j.clientserver DEBUG Command to send: a
e
o5
e

16:23:13,912 py4j.clientserver DEBUG Answer received: !yi7
16:23:13,913 py4j.clientserver DEBUG Command to send: a
g
o5
i0
e

16:23:13,913 py4j.clientserver DEBUG Answer received: !yro6
16:23:13,913 py4j.clientserver DEBUG Command to send: c
o6
_1
e

16:23:13,914 py4j.clientserver DEBUG Answer received: !ysspark.master
16:23:13,914 py4j.clientserver DEBUG Command to send: c
o6
_2
e

16:23:13,915 py4j.clientserver DEBUG Answer received: !yslocal
16:23:13,915 py4j.clientserver DEBUG Command to send: a
e
o5
e

16:23:13,915 py4j.clientserver DEBUG Answer received: !yi7
16:23:13,916 py4j.clientserver DEBUG Command to send: a
g
o5
i1
e

16:23:13,916 py4j.clientserver DEBUG Answer received: !yro7
16:23:13,916 py4j.clientserver DEBUG Command to send: c
o7
_1
e

16:23:13,916 py4j.clientserver DEBUG Answer received: !ysspark.app.name
16:23:13,917 py4j.clientserver DEBUG Command to send: c
o7
_2
e

16:23:13,917 py4j.clientserver DEBUG Answer received: !ysapp
16:23:13,917 py4j.clientserver DEBUG Command to send: a
e
o5
e

16:23:13,917 py4j.clientserver DEBUG Answer received: !yi7
16:23:13,917 py4j.clientserver DEBUG Command to send: a
g
o5
i2
e

16:23:13,917 py4j.clientserver DEBUG Answer received: !yro8
16:23:13,918 py4j.clientserver DEBUG Command to send: c
o8
_1
e

16:23:13,918 py4j.clientserver DEBUG Answer received: !ysspark.rdd.compress
16:23:13,918 py4j.clientserver DEBUG Command to send: c
o8
_2
e

16:23:13,918 py4j.clientserver DEBUG Answer received: !ysTrue
16:23:13,919 py4j.clientserver DEBUG Command to send: a
e
o5
e

16:23:13,919 py4j.clientserver DEBUG Answer received: !yi7
16:23:13,919 py4j.clientserver DEBUG Command to send: a
g
o5
i3
e

16:23:13,919 py4j.clientserver DEBUG Answer received: !yro9
16:23:13,919 py4j.clientserver DEBUG Command to send: c
o9
_1
e

16:23:13,920 py4j.clientserver DEBUG Answer received: !ysspark.serializer.objectStreamReset
16:23:13,920 py4j.clientserver DEBUG Command to send: c
o9
_2
e

16:23:13,920 py4j.clientserver DEBUG Answer received: !ys100
16:23:13,920 py4j.clientserver DEBUG Command to send: a
e
o5
e

16:23:13,920 py4j.clientserver DEBUG Answer received: !yi7
16:23:13,921 py4j.clientserver DEBUG Command to send: a
g
o5
i4
e

16:23:13,921 py4j.clientserver DEBUG Answer received: !yro10
16:23:13,921 py4j.clientserver DEBUG Command to send: c
o10
_1
e

16:23:13,921 py4j.clientserver DEBUG Answer received: !ysspark.submit.pyFiles
16:23:13,921 py4j.clientserver DEBUG Command to send: c
o10
_2
e

16:23:13,922 py4j.clientserver DEBUG Answer received: !ys
16:23:13,922 py4j.clientserver DEBUG Command to send: a
e
o5
e

16:23:13,922 py4j.clientserver DEBUG Answer received: !yi7
16:23:13,922 py4j.clientserver DEBUG Command to send: a
g
o5
i5
e

16:23:13,922 py4j.clientserver DEBUG Answer received: !yro11
16:23:13,922 py4j.clientserver DEBUG Command to send: c
o11
_1
e

16:23:13,923 py4j.clientserver DEBUG Answer received: !ysspark.submit.deployMode
16:23:13,923 py4j.clientserver DEBUG Command to send: c
o11
_2
e

16:23:13,923 py4j.clientserver DEBUG Answer received: !ysclient
16:23:13,923 py4j.clientserver DEBUG Command to send: a
e
o5
e

16:23:13,923 py4j.clientserver DEBUG Answer received: !yi7
16:23:13,923 py4j.clientserver DEBUG Command to send: a
g
o5
i6
e

16:23:13,924 py4j.clientserver DEBUG Answer received: !yro12
16:23:13,924 py4j.clientserver DEBUG Command to send: c
o12
_1
e

16:23:13,924 py4j.clientserver DEBUG Answer received: !ysspark.ui.showConsoleProgress
16:23:13,924 py4j.clientserver DEBUG Command to send: c
o12
_2
e

16:23:13,924 py4j.clientserver DEBUG Answer received: !ystrue
16:23:13,924 py4j.clientserver DEBUG Command to send: a
e
o5
e

16:23:13,925 py4j.clientserver DEBUG Answer received: !yi7
16:23:13,925 py4j.clientserver DEBUG Command to send: r
u
JavaSparkContext
rj
e

16:23:13,944 py4j.clientserver DEBUG Answer received: !ycorg.apache.spark.api.java.JavaSparkContext
16:23:13,944 py4j.clientserver DEBUG Command to send: i
org.apache.spark.api.java.JavaSparkContext
ro0
e

16:23:14,851 py4j.clientserver DEBUG Command to send: A
b6abd62fda826262028c8b1b862ca3fd7b8b72d4fa8f20b56b36863b9864579d

16:23:14,852 py4j.clientserver DEBUG Answer received: !yv
16:23:14,852 py4j.clientserver DEBUG Command to send: m
d
o1
e

16:23:14,853 py4j.clientserver DEBUG Answer received: !yv
16:23:14,853 py4j.clientserver DEBUG Command to send: m
d
o2
e

16:23:14,853 py4j.clientserver DEBUG Answer received: !yv
16:23:14,853 py4j.clientserver DEBUG Command to send: m
d
o3
e

16:23:14,853 py4j.clientserver DEBUG Answer received: !yv
16:23:14,853 py4j.clientserver DEBUG Command to send: m
d
o4
e

16:23:14,854 py4j.clientserver DEBUG Answer received: !yv
16:23:14,854 py4j.clientserver DEBUG Command to send: m
d
o5
e

16:23:14,854 py4j.clientserver DEBUG Answer received: !yv
16:23:17,690 py4j.clientserver DEBUG Answer received: !yro13
16:23:17,690 py4j.clientserver DEBUG Command to send: c
o13
sc
e

16:23:17,695 py4j.clientserver DEBUG Answer received: !yro14
16:23:17,695 py4j.clientserver DEBUG Command to send: c
o14
conf
e

16:23:17,716 py4j.clientserver DEBUG Answer received: !yro15
16:23:17,723 py4j.clientserver DEBUG Command to send: r
u
PythonAccumulatorV2
rj
e

16:23:17,726 py4j.clientserver DEBUG Answer received: !ycorg.apache.spark.api.python.PythonAccumulatorV2
16:23:17,726 py4j.clientserver DEBUG Command to send: i
org.apache.spark.api.python.PythonAccumulatorV2
s127.0.0.1
i55173
sb6abd62fda826262028c8b1b862ca3fd7b8b72d4fa8f20b56b36863b9864579d
e

16:23:17,727 py4j.clientserver DEBUG Answer received: !yro16
16:23:17,727 py4j.clientserver DEBUG Command to send: c
o13
sc
e

16:23:17,728 py4j.clientserver DEBUG Answer received: !yro17
16:23:17,728 py4j.clientserver DEBUG Command to send: c
o17
register
ro16
e

16:23:17,732 py4j.clientserver DEBUG Answer received: !yv
16:23:17,733 py4j.clientserver DEBUG Command to send: r
u
PythonUtils
rj
e

16:23:17,734 py4j.clientserver DEBUG Answer received: !ycorg.apache.spark.api.python.PythonUtils
16:23:17,734 py4j.clientserver DEBUG Command to send: r
m
org.apache.spark.api.python.PythonUtils
isEncryptionEnabled
e

16:23:17,735 py4j.clientserver DEBUG Answer received: !ym
16:23:17,735 py4j.clientserver DEBUG Command to send: c
z:org.apache.spark.api.python.PythonUtils
isEncryptionEnabled
ro13
e

16:23:17,736 py4j.clientserver DEBUG Answer received: !ybfalse
16:23:17,737 py4j.clientserver DEBUG Command to send: r
u
PythonUtils
rj
e

16:23:17,738 py4j.clientserver DEBUG Answer received: !ycorg.apache.spark.api.python.PythonUtils
16:23:17,738 py4j.clientserver DEBUG Command to send: r
m
org.apache.spark.api.python.PythonUtils
getPythonAuthSocketTimeout
e

16:23:17,738 py4j.clientserver DEBUG Answer received: !ym
16:23:17,739 py4j.clientserver DEBUG Command to send: c
z:org.apache.spark.api.python.PythonUtils
getPythonAuthSocketTimeout
ro13
e

16:23:17,739 py4j.clientserver DEBUG Answer received: !yL15
16:23:17,739 py4j.clientserver DEBUG Command to send: r
u
PythonUtils
rj
e

16:23:17,740 py4j.clientserver DEBUG Answer received: !ycorg.apache.spark.api.python.PythonUtils
16:23:17,740 py4j.clientserver DEBUG Command to send: r
m
org.apache.spark.api.python.PythonUtils
getSparkBufferSize
e

16:23:17,740 py4j.clientserver DEBUG Answer received: !ym
16:23:17,741 py4j.clientserver DEBUG Command to send: c
z:org.apache.spark.api.python.PythonUtils
getSparkBufferSize
ro13
e

16:23:17,741 py4j.clientserver DEBUG Answer received: !yi65536
16:23:17,741 py4j.clientserver DEBUG Command to send: r
u
org
rj
e

16:23:17,745 py4j.clientserver DEBUG Answer received: !yp
16:23:17,745 py4j.clientserver DEBUG Command to send: r
u
org.apache
rj
e

16:23:17,746 py4j.clientserver DEBUG Answer received: !yp
16:23:17,746 py4j.clientserver DEBUG Command to send: r
u
org.apache.spark
rj
e

16:23:17,746 py4j.clientserver DEBUG Answer received: !yp
16:23:17,746 py4j.clientserver DEBUG Command to send: r
u
org.apache.spark.SparkFiles
rj
e

16:23:17,747 py4j.clientserver DEBUG Answer received: !ycorg.apache.spark.SparkFiles
16:23:17,747 py4j.clientserver DEBUG Command to send: r
m
org.apache.spark.SparkFiles
getRootDirectory
e

16:23:17,748 py4j.clientserver DEBUG Answer received: !ym
16:23:17,748 py4j.clientserver DEBUG Command to send: c
z:org.apache.spark.SparkFiles
getRootDirectory
e

16:23:17,749 py4j.clientserver DEBUG Answer received: !ysC:\\Users\\danie\\AppData\\Local\\Temp\\spark-4a8b21e0-9125-4082-9277-9fc5c9cf6cf2\\userFiles-c91a4053-f2ea-4fdc-a739-1bc1bd6339a3
16:23:17,749 py4j.clientserver DEBUG Command to send: c
o15
get
sspark.submit.pyFiles
s
e

16:23:17,749 py4j.clientserver DEBUG Answer received: !ys
16:23:17,749 py4j.clientserver DEBUG Command to send: r
u
org
rj
e

16:23:17,752 py4j.clientserver DEBUG Answer received: !yp
16:23:17,753 py4j.clientserver DEBUG Command to send: r
u
org.apache
rj
e

16:23:17,753 py4j.clientserver DEBUG Answer received: !yp
16:23:17,753 py4j.clientserver DEBUG Command to send: r
u
org.apache.spark
rj
e

16:23:17,754 py4j.clientserver DEBUG Answer received: !yp
16:23:17,754 py4j.clientserver DEBUG Command to send: r
u
org.apache.spark.util
rj
e

16:23:17,755 py4j.clientserver DEBUG Answer received: !yp
16:23:17,755 py4j.clientserver DEBUG Command to send: r
u
org.apache.spark.util.Utils
rj
e

16:23:17,757 py4j.clientserver DEBUG Answer received: !ycorg.apache.spark.util.Utils
16:23:17,757 py4j.clientserver DEBUG Command to send: r
m
org.apache.spark.util.Utils
getLocalDir
e

16:23:17,761 py4j.clientserver DEBUG Answer received: !ym
16:23:17,761 py4j.clientserver DEBUG Command to send: c
o13
sc
e

16:23:17,762 py4j.clientserver DEBUG Answer received: !yro18
16:23:17,762 py4j.clientserver DEBUG Command to send: c
o18
conf
e

16:23:17,762 py4j.clientserver DEBUG Answer received: !yro19
16:23:17,762 py4j.clientserver DEBUG Command to send: c
z:org.apache.spark.util.Utils
getLocalDir
ro19
e

16:23:17,763 py4j.clientserver DEBUG Answer received: !ysC:\\Users\\danie\\AppData\\Local\\Temp\\spark-4a8b21e0-9125-4082-9277-9fc5c9cf6cf2
16:23:17,763 py4j.clientserver DEBUG Command to send: r
u
org
rj
e

16:23:17,766 py4j.clientserver DEBUG Answer received: !yp
16:23:17,766 py4j.clientserver DEBUG Command to send: r
u
org.apache
rj
e

16:23:17,767 py4j.clientserver DEBUG Answer received: !yp
16:23:17,767 py4j.clientserver DEBUG Command to send: r
u
org.apache.spark
rj
e

16:23:17,768 py4j.clientserver DEBUG Answer received: !yp
16:23:17,768 py4j.clientserver DEBUG Command to send: r
u
org.apache.spark.util
rj
e

16:23:17,768 py4j.clientserver DEBUG Answer received: !yp
16:23:17,768 py4j.clientserver DEBUG Command to send: r
u
org.apache.spark.util.Utils
rj
e

16:23:17,769 py4j.clientserver DEBUG Answer received: !ycorg.apache.spark.util.Utils
16:23:17,769 py4j.clientserver DEBUG Command to send: r
m
org.apache.spark.util.Utils
createTempDir
e

16:23:17,769 py4j.clientserver DEBUG Answer received: !ym
16:23:17,769 py4j.clientserver DEBUG Command to send: c
z:org.apache.spark.util.Utils
createTempDir
sC:\\Users\\danie\\AppData\\Local\\Temp\\spark-4a8b21e0-9125-4082-9277-9fc5c9cf6cf2
spyspark
e

16:23:17,771 py4j.clientserver DEBUG Answer received: !yro20
16:23:17,771 py4j.clientserver DEBUG Command to send: c
o20
getAbsolutePath
e

16:23:17,771 py4j.clientserver DEBUG Answer received: !ysC:\\Users\\danie\\AppData\\Local\\Temp\\spark-4a8b21e0-9125-4082-9277-9fc5c9cf6cf2\\pyspark-a9428b2f-dff0-4a01-a7ac-21d624d8bc13
16:23:17,772 py4j.clientserver DEBUG Command to send: c
o15
get
sspark.python.profile
sfalse
e

16:23:17,772 py4j.clientserver DEBUG Answer received: !ysfalse
16:23:17,772 py4j.clientserver DEBUG Command to send: r
u
SparkSession
rj
e

16:23:17,815 py4j.clientserver DEBUG Answer received: !ycorg.apache.spark.sql.SparkSession
16:23:17,815 py4j.clientserver DEBUG Command to send: r
m
org.apache.spark.sql.SparkSession
getDefaultSession
e

16:23:17,852 py4j.clientserver DEBUG Answer received: !ym
16:23:17,852 py4j.clientserver DEBUG Command to send: c
z:org.apache.spark.sql.SparkSession
getDefaultSession
e

16:23:17,854 py4j.clientserver DEBUG Answer received: !yro21
16:23:17,855 py4j.clientserver DEBUG Command to send: c
o21
isDefined
e

16:23:17,855 py4j.clientserver DEBUG Answer received: !ybfalse
16:23:17,855 py4j.clientserver DEBUG Command to send: r
u
SparkSession
rj
e

16:23:17,858 py4j.clientserver DEBUG Answer received: !ycorg.apache.spark.sql.SparkSession
16:23:17,858 py4j.clientserver DEBUG Command to send: c
o13
sc
e

16:23:17,858 py4j.clientserver DEBUG Answer received: !yro22
16:23:17,859 py4j.clientserver DEBUG Command to send: i
org.apache.spark.sql.SparkSession
ro22
e

16:23:17,870 py4j.clientserver DEBUG Command to send: m
d
o0
e

16:23:17,871 py4j.clientserver DEBUG Answer received: !yv
16:23:17,872 py4j.clientserver DEBUG Command to send: m
d
o6
e

16:23:17,873 py4j.clientserver DEBUG Answer received: !yv
16:23:17,873 py4j.clientserver DEBUG Command to send: m
d
o7
e

16:23:17,874 py4j.clientserver DEBUG Answer received: !yv
16:23:17,874 py4j.clientserver DEBUG Command to send: m
d
o8
e

16:23:17,875 py4j.clientserver DEBUG Answer received: !yv
16:23:17,875 py4j.clientserver DEBUG Command to send: m
d
o9
e

16:23:17,875 py4j.clientserver DEBUG Answer received: !yv
16:23:17,875 py4j.clientserver DEBUG Command to send: m
d
o10
e

16:23:17,876 py4j.clientserver DEBUG Answer received: !yv
16:23:17,876 py4j.clientserver DEBUG Command to send: m
d
o11
e

16:23:17,876 py4j.clientserver DEBUG Answer received: !yv
16:23:17,876 py4j.clientserver DEBUG Command to send: m
d
o12
e

16:23:17,876 py4j.clientserver DEBUG Answer received: !yv
16:23:17,876 py4j.clientserver DEBUG Command to send: m
d
o14
e

16:23:17,876 py4j.clientserver DEBUG Answer received: !yv
16:23:17,966 py4j.clientserver DEBUG Answer received: !yro23
16:23:17,966 py4j.clientserver DEBUG Command to send: c
o23
sqlContext
e

16:23:17,967 py4j.clientserver DEBUG Answer received: !yro24
16:23:17,967 py4j.clientserver DEBUG Command to send: r
u
SparkSession
rj
e

16:23:17,969 py4j.clientserver DEBUG Answer received: !ycorg.apache.spark.sql.SparkSession
16:23:17,969 py4j.clientserver DEBUG Command to send: r
m
org.apache.spark.sql.SparkSession
setDefaultSession
e

16:23:17,970 py4j.clientserver DEBUG Answer received: !ym
16:23:17,970 py4j.clientserver DEBUG Command to send: c
z:org.apache.spark.sql.SparkSession
setDefaultSession
ro23
e

16:23:17,970 py4j.clientserver DEBUG Answer received: !yv
16:23:17,970 py4j.clientserver DEBUG Command to send: r
u
SparkSession
rj
e

16:23:17,973 py4j.clientserver DEBUG Answer received: !ycorg.apache.spark.sql.SparkSession
16:23:17,973 py4j.clientserver DEBUG Command to send: r
m
org.apache.spark.sql.SparkSession
setActiveSession
e

16:23:17,974 py4j.clientserver DEBUG Answer received: !ym
16:23:17,974 py4j.clientserver DEBUG Command to send: c
z:org.apache.spark.sql.SparkSession
setActiveSession
ro23
e

16:23:17,974 py4j.clientserver DEBUG Answer received: !yv
16:23:17,974 py4j.clientserver DEBUG Command to send: c
o23
sessionState
e

16:23:19,198 py4j.clientserver DEBUG Answer received: !yro25
16:23:19,198 py4j.clientserver DEBUG Command to send: c
o25
conf
e

16:23:19,199 py4j.clientserver DEBUG Answer received: !yro26
16:23:19,199 py4j.clientserver DEBUG Command to send: c
o26
setConfString
sspark.master
slocal
e

16:23:19,201 py4j.clientserver DEBUG Answer received: !yv
16:23:19,201 py4j.clientserver DEBUG Command to send: c
o23
sessionState
e

16:23:19,201 py4j.clientserver DEBUG Answer received: !yro27
16:23:19,201 py4j.clientserver DEBUG Command to send: c
o27
conf
e

16:23:19,202 py4j.clientserver DEBUG Answer received: !yro28
16:23:19,202 py4j.clientserver DEBUG Command to send: c
o28
setConfString
sspark.app.name
sapp
e

16:23:19,202 py4j.clientserver DEBUG Answer received: !yv
16:23:19,203 py4j.clientserver DEBUG Command to send: c
o13
setLogLevel
sWARN
e

16:23:19,204 py4j.clientserver DEBUG Answer received: !yv
16:23:19,204 py4j.clientserver DEBUG Command to send: c
o24
read
e

16:23:19,217 py4j.clientserver DEBUG Answer received: !yro29
16:23:19,218 py4j.clientserver DEBUG Command to send: r
u
PythonUtils
rj
e

16:23:19,219 py4j.clientserver DEBUG Answer received: !ycorg.apache.spark.api.python.PythonUtils
16:23:19,220 py4j.clientserver DEBUG Command to send: r
m
org.apache.spark.api.python.PythonUtils
toSeq
e

16:23:19,220 py4j.clientserver DEBUG Answer received: !ym
16:23:19,220 py4j.clientserver DEBUG Command to send: i
java.util.ArrayList
e

16:23:19,221 py4j.clientserver DEBUG Answer received: !ylo30
16:23:19,221 py4j.clientserver DEBUG Command to send: c
o30
add
sC:\\GitRepos\\Springboard\\Capstone\\output\\divs_and_prices\\
e

16:23:19,223 py4j.clientserver DEBUG Answer received: !ybtrue
16:23:19,223 py4j.clientserver DEBUG Command to send: c
z:org.apache.spark.api.python.PythonUtils
toSeq
ro30
e

16:23:19,223 py4j.clientserver DEBUG Answer received: !yro31
16:23:19,223 py4j.clientserver DEBUG Command to send: c
o29
parquet
ro31
e

16:23:19,892 py4j.clientserver DEBUG Command to send: m
d
o30
e

16:23:19,892 py4j.clientserver DEBUG Answer received: !yv
16:23:27,252 py4j.clientserver DEBUG Answer received: !yro32
16:23:27,253 py4j.clientserver DEBUG Command to send: c
o32
createOrReplaceTempView
sall_data
e

16:23:27,729 py4j.clientserver DEBUG Answer received: !yv
16:23:27,730 py4j.clientserver DEBUG Command to send: c
o23
sql
s\n                SELECT \n                    b.Ticker,\n                    b.FreqType, \n                    b.ExDivDate,\n                    b.ExDivDays AS b_ExDivDays,\n                    b.AvgPrice AS b_AvgPrice,\n                    b.SandPAvgPrice AS b_SandPAvgPrice,\n                    a.ExDivDays AS a_ExDivDays,\n                    a.AvgPrice AS a_AvgPrice,\n                    a.SandPAvgPrice AS a_SandPAvgPrice,\n                    ((a.AvgPrice + a.AdjAmount) - b.AvgPrice) / b.AvgPrice AS TotalReturn,\n                    ((a.SandPAvgPrice + a.SandPAvgPrice) - b.SandPAvgPrice) / b.SandPAvgPrice AS TotalSandPReturn\n                FROM all_data b\n                    LEFT JOIN all_data a ON b.Ticker = a.Ticker\n                        AND b.ExDivDate = b.ExDivDate\n                WHERE b.ExDivDays = 1 \n                    AND a.ExDivDays = 0\n                
e

16:23:27,938 py4j.clientserver DEBUG Answer received: !yro33
16:23:27,939 py4j.clientserver DEBUG Command to send: c
o33
write
e

16:23:27,947 py4j.clientserver DEBUG Answer received: !yro34
16:23:27,947 py4j.clientserver DEBUG Command to send: r
u
PythonUtils
rj
e

16:23:27,948 py4j.clientserver DEBUG Answer received: !ycorg.apache.spark.api.python.PythonUtils
16:23:27,949 py4j.clientserver DEBUG Command to send: r
m
org.apache.spark.api.python.PythonUtils
toSeq
e

16:23:27,949 py4j.clientserver DEBUG Answer received: !ym
16:23:27,949 py4j.clientserver DEBUG Command to send: i
java.util.ArrayList
e

16:23:27,949 py4j.clientserver DEBUG Answer received: !ylo35
16:23:27,949 py4j.clientserver DEBUG Command to send: c
o35
add
sTicker
e

16:23:27,950 py4j.clientserver DEBUG Answer received: !ybtrue
16:23:27,950 py4j.clientserver DEBUG Command to send: c
z:org.apache.spark.api.python.PythonUtils
toSeq
ro35
e

16:23:27,950 py4j.clientserver DEBUG Answer received: !yro36
16:23:27,950 py4j.clientserver DEBUG Command to send: c
o34
partitionBy
ro36
e

16:23:27,953 py4j.clientserver DEBUG Answer received: !yro37
16:23:27,954 py4j.clientserver DEBUG Command to send: c
o37
mode
soverwrite
e

16:23:27,954 py4j.clientserver DEBUG Answer received: !yro38
16:23:27,955 py4j.clientserver DEBUG Command to send: c
o38
parquet
soutput/days_returns
e

16:23:27,955 py4j.clientserver DEBUG Command to send: m
d
o35
e

16:23:27,955 py4j.clientserver DEBUG Answer received: !yv
16:24:48,665 py4j.clientserver DEBUG Answer received: !yv
16:24:48,665 root DEBUG success
