22:19:23,26 root DEBUG running analyzer now
22:19:26,152 py4j.java_gateway DEBUG GatewayClient.address is deprecated and will be removed in version 1.0. Use GatewayParameters instead.
22:19:26,154 py4j.clientserver DEBUG Command to send: A
31246d093ee3b4136e154c7574e77da59a2120d739b991ad62c6d2480c23ac9f

22:19:26,177 py4j.clientserver DEBUG Answer received: !yv
22:19:26,177 py4j.clientserver DEBUG Command to send: j
i
rj
org.apache.spark.SparkConf
e

22:19:26,179 py4j.clientserver DEBUG Answer received: !yv
22:19:26,179 py4j.clientserver DEBUG Command to send: j
i
rj
org.apache.spark.api.java.*
e

22:19:26,179 py4j.clientserver DEBUG Answer received: !yv
22:19:26,180 py4j.clientserver DEBUG Command to send: j
i
rj
org.apache.spark.api.python.*
e

22:19:26,180 py4j.clientserver DEBUG Answer received: !yv
22:19:26,180 py4j.clientserver DEBUG Command to send: j
i
rj
org.apache.spark.ml.python.*
e

22:19:26,180 py4j.clientserver DEBUG Answer received: !yv
22:19:26,180 py4j.clientserver DEBUG Command to send: j
i
rj
org.apache.spark.mllib.api.python.*
e

22:19:26,180 py4j.clientserver DEBUG Answer received: !yv
22:19:26,181 py4j.clientserver DEBUG Command to send: j
i
rj
org.apache.spark.resource.*
e

22:19:26,181 py4j.clientserver DEBUG Answer received: !yv
22:19:26,181 py4j.clientserver DEBUG Command to send: j
i
rj
org.apache.spark.sql.*
e

22:19:26,181 py4j.clientserver DEBUG Answer received: !yv
22:19:26,181 py4j.clientserver DEBUG Command to send: j
i
rj
org.apache.spark.sql.api.python.*
e

22:19:26,181 py4j.clientserver DEBUG Answer received: !yv
22:19:26,181 py4j.clientserver DEBUG Command to send: j
i
rj
org.apache.spark.sql.hive.*
e

22:19:26,182 py4j.clientserver DEBUG Answer received: !yv
22:19:26,182 py4j.clientserver DEBUG Command to send: j
i
rj
scala.Tuple2
e

22:19:26,182 py4j.clientserver DEBUG Answer received: !yv
22:19:26,182 py4j.clientserver DEBUG Command to send: r
u
SparkConf
rj
e

22:19:26,184 py4j.clientserver DEBUG Answer received: !ycorg.apache.spark.SparkConf
22:19:26,184 py4j.clientserver DEBUG Command to send: i
org.apache.spark.SparkConf
bTrue
e

22:19:26,190 py4j.clientserver DEBUG Answer received: !yro0
22:19:26,190 py4j.clientserver DEBUG Command to send: c
o0
set
sspark.master
slocal
e

22:19:26,197 py4j.clientserver DEBUG Answer received: !yro1
22:19:26,198 py4j.clientserver DEBUG Command to send: c
o0
set
sspark.app.name
sapp
e

22:19:26,198 py4j.clientserver DEBUG Answer received: !yro2
22:19:26,198 py4j.clientserver DEBUG Command to send: c
o0
contains
sspark.serializer.objectStreamReset
e

22:19:26,199 py4j.clientserver DEBUG Answer received: !ybfalse
22:19:26,199 py4j.clientserver DEBUG Command to send: c
o0
set
sspark.serializer.objectStreamReset
s100
e

22:19:26,199 py4j.clientserver DEBUG Answer received: !yro3
22:19:26,199 py4j.clientserver DEBUG Command to send: c
o0
contains
sspark.rdd.compress
e

22:19:26,200 py4j.clientserver DEBUG Answer received: !ybfalse
22:19:26,200 py4j.clientserver DEBUG Command to send: c
o0
set
sspark.rdd.compress
sTrue
e

22:19:26,200 py4j.clientserver DEBUG Answer received: !yro4
22:19:26,200 py4j.clientserver DEBUG Command to send: c
o0
contains
sspark.master
e

22:19:26,200 py4j.clientserver DEBUG Answer received: !ybtrue
22:19:26,201 py4j.clientserver DEBUG Command to send: c
o0
contains
sspark.app.name
e

22:19:26,201 py4j.clientserver DEBUG Answer received: !ybtrue
22:19:26,201 py4j.clientserver DEBUG Command to send: c
o0
contains
sspark.master
e

22:19:26,203 py4j.clientserver DEBUG Answer received: !ybtrue
22:19:26,203 py4j.clientserver DEBUG Command to send: c
o0
get
sspark.master
e

22:19:26,204 py4j.clientserver DEBUG Answer received: !yslocal
22:19:26,204 py4j.clientserver DEBUG Command to send: c
o0
contains
sspark.app.name
e

22:19:26,205 py4j.clientserver DEBUG Answer received: !ybtrue
22:19:26,205 py4j.clientserver DEBUG Command to send: c
o0
get
sspark.app.name
e

22:19:26,205 py4j.clientserver DEBUG Answer received: !ysapp
22:19:26,206 py4j.clientserver DEBUG Command to send: c
o0
contains
sspark.home
e

22:19:26,206 py4j.clientserver DEBUG Answer received: !ybfalse
22:19:26,206 py4j.clientserver DEBUG Command to send: c
o0
getAll
e

22:19:26,206 py4j.clientserver DEBUG Answer received: !yto5
22:19:26,207 py4j.clientserver DEBUG Command to send: a
e
o5
e

22:19:26,207 py4j.clientserver DEBUG Answer received: !yi7
22:19:26,207 py4j.clientserver DEBUG Command to send: a
g
o5
i0
e

22:19:26,207 py4j.clientserver DEBUG Answer received: !yro6
22:19:26,207 py4j.clientserver DEBUG Command to send: c
o6
_1
e

22:19:26,208 py4j.clientserver DEBUG Answer received: !ysspark.master
22:19:26,209 py4j.clientserver DEBUG Command to send: c
o6
_2
e

22:19:26,209 py4j.clientserver DEBUG Answer received: !yslocal
22:19:26,209 py4j.clientserver DEBUG Command to send: a
e
o5
e

22:19:26,209 py4j.clientserver DEBUG Answer received: !yi7
22:19:26,210 py4j.clientserver DEBUG Command to send: a
g
o5
i1
e

22:19:26,210 py4j.clientserver DEBUG Answer received: !yro7
22:19:26,210 py4j.clientserver DEBUG Command to send: c
o7
_1
e

22:19:26,210 py4j.clientserver DEBUG Answer received: !ysspark.app.name
22:19:26,210 py4j.clientserver DEBUG Command to send: c
o7
_2
e

22:19:26,211 py4j.clientserver DEBUG Answer received: !ysapp
22:19:26,211 py4j.clientserver DEBUG Command to send: a
e
o5
e

22:19:26,211 py4j.clientserver DEBUG Answer received: !yi7
22:19:26,211 py4j.clientserver DEBUG Command to send: a
g
o5
i2
e

22:19:26,211 py4j.clientserver DEBUG Answer received: !yro8
22:19:26,211 py4j.clientserver DEBUG Command to send: c
o8
_1
e

22:19:26,212 py4j.clientserver DEBUG Answer received: !ysspark.rdd.compress
22:19:26,212 py4j.clientserver DEBUG Command to send: c
o8
_2
e

22:19:26,212 py4j.clientserver DEBUG Answer received: !ysTrue
22:19:26,212 py4j.clientserver DEBUG Command to send: a
e
o5
e

22:19:26,213 py4j.clientserver DEBUG Answer received: !yi7
22:19:26,213 py4j.clientserver DEBUG Command to send: a
g
o5
i3
e

22:19:26,213 py4j.clientserver DEBUG Answer received: !yro9
22:19:26,213 py4j.clientserver DEBUG Command to send: c
o9
_1
e

22:19:26,213 py4j.clientserver DEBUG Answer received: !ysspark.serializer.objectStreamReset
22:19:26,214 py4j.clientserver DEBUG Command to send: c
o9
_2
e

22:19:26,214 py4j.clientserver DEBUG Answer received: !ys100
22:19:26,214 py4j.clientserver DEBUG Command to send: a
e
o5
e

22:19:26,214 py4j.clientserver DEBUG Answer received: !yi7
22:19:26,214 py4j.clientserver DEBUG Command to send: a
g
o5
i4
e

22:19:26,215 py4j.clientserver DEBUG Answer received: !yro10
22:19:26,215 py4j.clientserver DEBUG Command to send: c
o10
_1
e

22:19:26,215 py4j.clientserver DEBUG Answer received: !ysspark.submit.pyFiles
22:19:26,215 py4j.clientserver DEBUG Command to send: c
o10
_2
e

22:19:26,216 py4j.clientserver DEBUG Answer received: !ys
22:19:26,216 py4j.clientserver DEBUG Command to send: a
e
o5
e

22:19:26,216 py4j.clientserver DEBUG Answer received: !yi7
22:19:26,216 py4j.clientserver DEBUG Command to send: a
g
o5
i5
e

22:19:26,216 py4j.clientserver DEBUG Answer received: !yro11
22:19:26,217 py4j.clientserver DEBUG Command to send: c
o11
_1
e

22:19:26,217 py4j.clientserver DEBUG Answer received: !ysspark.submit.deployMode
22:19:26,217 py4j.clientserver DEBUG Command to send: c
o11
_2
e

22:19:26,217 py4j.clientserver DEBUG Answer received: !ysclient
22:19:26,217 py4j.clientserver DEBUG Command to send: a
e
o5
e

22:19:26,218 py4j.clientserver DEBUG Answer received: !yi7
22:19:26,218 py4j.clientserver DEBUG Command to send: a
g
o5
i6
e

22:19:26,218 py4j.clientserver DEBUG Answer received: !yro12
22:19:26,218 py4j.clientserver DEBUG Command to send: c
o12
_1
e

22:19:26,218 py4j.clientserver DEBUG Answer received: !ysspark.ui.showConsoleProgress
22:19:26,218 py4j.clientserver DEBUG Command to send: c
o12
_2
e

22:19:26,218 py4j.clientserver DEBUG Answer received: !ystrue
22:19:26,219 py4j.clientserver DEBUG Command to send: a
e
o5
e

22:19:26,219 py4j.clientserver DEBUG Answer received: !yi7
22:19:26,219 py4j.clientserver DEBUG Command to send: r
u
JavaSparkContext
rj
e

22:19:26,234 py4j.clientserver DEBUG Answer received: !ycorg.apache.spark.api.java.JavaSparkContext
22:19:26,234 py4j.clientserver DEBUG Command to send: i
org.apache.spark.api.java.JavaSparkContext
ro0
e

22:19:27,159 py4j.clientserver DEBUG Command to send: A
31246d093ee3b4136e154c7574e77da59a2120d739b991ad62c6d2480c23ac9f

22:19:27,160 py4j.clientserver DEBUG Answer received: !yv
22:19:27,160 py4j.clientserver DEBUG Command to send: m
d
o1
e

22:19:27,160 py4j.clientserver DEBUG Answer received: !yv
22:19:27,161 py4j.clientserver DEBUG Command to send: m
d
o2
e

22:19:27,161 py4j.clientserver DEBUG Answer received: !yv
22:19:27,161 py4j.clientserver DEBUG Command to send: m
d
o3
e

22:19:27,161 py4j.clientserver DEBUG Answer received: !yv
22:19:27,161 py4j.clientserver DEBUG Command to send: m
d
o4
e

22:19:27,161 py4j.clientserver DEBUG Answer received: !yv
22:19:27,162 py4j.clientserver DEBUG Command to send: m
d
o5
e

22:19:27,162 py4j.clientserver DEBUG Answer received: !yv
22:19:29,854 py4j.clientserver DEBUG Answer received: !yro13
22:19:29,854 py4j.clientserver DEBUG Command to send: c
o13
sc
e

22:19:29,858 py4j.clientserver DEBUG Answer received: !yro14
22:19:29,859 py4j.clientserver DEBUG Command to send: c
o14
conf
e

22:19:29,877 py4j.clientserver DEBUG Answer received: !yro15
22:19:29,890 py4j.clientserver DEBUG Command to send: r
u
PythonAccumulatorV2
rj
e

22:19:29,893 py4j.clientserver DEBUG Answer received: !ycorg.apache.spark.api.python.PythonAccumulatorV2
22:19:29,893 py4j.clientserver DEBUG Command to send: i
org.apache.spark.api.python.PythonAccumulatorV2
s127.0.0.1
i56321
s31246d093ee3b4136e154c7574e77da59a2120d739b991ad62c6d2480c23ac9f
e

22:19:29,894 py4j.clientserver DEBUG Answer received: !yro16
22:19:29,894 py4j.clientserver DEBUG Command to send: c
o13
sc
e

22:19:29,894 py4j.clientserver DEBUG Answer received: !yro17
22:19:29,894 py4j.clientserver DEBUG Command to send: c
o17
register
ro16
e

22:19:29,900 py4j.clientserver DEBUG Answer received: !yv
22:19:29,900 py4j.clientserver DEBUG Command to send: r
u
PythonUtils
rj
e

22:19:29,903 py4j.clientserver DEBUG Answer received: !ycorg.apache.spark.api.python.PythonUtils
22:19:29,903 py4j.clientserver DEBUG Command to send: r
m
org.apache.spark.api.python.PythonUtils
isEncryptionEnabled
e

22:19:29,903 py4j.clientserver DEBUG Answer received: !ym
22:19:29,903 py4j.clientserver DEBUG Command to send: c
z:org.apache.spark.api.python.PythonUtils
isEncryptionEnabled
ro13
e

22:19:29,905 py4j.clientserver DEBUG Answer received: !ybfalse
22:19:29,905 py4j.clientserver DEBUG Command to send: r
u
PythonUtils
rj
e

22:19:29,907 py4j.clientserver DEBUG Answer received: !ycorg.apache.spark.api.python.PythonUtils
22:19:29,907 py4j.clientserver DEBUG Command to send: r
m
org.apache.spark.api.python.PythonUtils
getPythonAuthSocketTimeout
e

22:19:29,907 py4j.clientserver DEBUG Answer received: !ym
22:19:29,907 py4j.clientserver DEBUG Command to send: c
z:org.apache.spark.api.python.PythonUtils
getPythonAuthSocketTimeout
ro13
e

22:19:29,908 py4j.clientserver DEBUG Answer received: !yL15
22:19:29,908 py4j.clientserver DEBUG Command to send: r
u
PythonUtils
rj
e

22:19:29,909 py4j.clientserver DEBUG Answer received: !ycorg.apache.spark.api.python.PythonUtils
22:19:29,910 py4j.clientserver DEBUG Command to send: r
m
org.apache.spark.api.python.PythonUtils
getSparkBufferSize
e

22:19:29,910 py4j.clientserver DEBUG Answer received: !ym
22:19:29,910 py4j.clientserver DEBUG Command to send: c
z:org.apache.spark.api.python.PythonUtils
getSparkBufferSize
ro13
e

22:19:29,910 py4j.clientserver DEBUG Answer received: !yi65536
22:19:29,910 py4j.clientserver DEBUG Command to send: r
u
org
rj
e

22:19:29,914 py4j.clientserver DEBUG Answer received: !yp
22:19:29,915 py4j.clientserver DEBUG Command to send: r
u
org.apache
rj
e

22:19:29,916 py4j.clientserver DEBUG Answer received: !yp
22:19:29,916 py4j.clientserver DEBUG Command to send: r
u
org.apache.spark
rj
e

22:19:29,916 py4j.clientserver DEBUG Answer received: !yp
22:19:29,917 py4j.clientserver DEBUG Command to send: r
u
org.apache.spark.SparkFiles
rj
e

22:19:29,917 py4j.clientserver DEBUG Answer received: !ycorg.apache.spark.SparkFiles
22:19:29,918 py4j.clientserver DEBUG Command to send: r
m
org.apache.spark.SparkFiles
getRootDirectory
e

22:19:29,918 py4j.clientserver DEBUG Answer received: !ym
22:19:29,918 py4j.clientserver DEBUG Command to send: c
z:org.apache.spark.SparkFiles
getRootDirectory
e

22:19:29,919 py4j.clientserver DEBUG Answer received: !ysC:\\Users\\danie\\AppData\\Local\\Temp\\spark-47fa9f70-ac4f-4e11-959e-c44cfacfd3e0\\userFiles-f734fa40-5bf8-4427-bb46-6dfd1035bc17
22:19:29,920 py4j.clientserver DEBUG Command to send: c
o15
get
sspark.submit.pyFiles
s
e

22:19:29,920 py4j.clientserver DEBUG Answer received: !ys
22:19:29,920 py4j.clientserver DEBUG Command to send: r
u
org
rj
e

22:19:29,924 py4j.clientserver DEBUG Answer received: !yp
22:19:29,925 py4j.clientserver DEBUG Command to send: r
u
org.apache
rj
e

22:19:29,925 py4j.clientserver DEBUG Answer received: !yp
22:19:29,926 py4j.clientserver DEBUG Command to send: r
u
org.apache.spark
rj
e

22:19:29,926 py4j.clientserver DEBUG Answer received: !yp
22:19:29,926 py4j.clientserver DEBUG Command to send: r
u
org.apache.spark.util
rj
e

22:19:29,927 py4j.clientserver DEBUG Answer received: !yp
22:19:29,927 py4j.clientserver DEBUG Command to send: r
u
org.apache.spark.util.Utils
rj
e

22:19:29,930 py4j.clientserver DEBUG Answer received: !ycorg.apache.spark.util.Utils
22:19:29,930 py4j.clientserver DEBUG Command to send: r
m
org.apache.spark.util.Utils
getLocalDir
e

22:19:29,934 py4j.clientserver DEBUG Answer received: !ym
22:19:29,934 py4j.clientserver DEBUG Command to send: c
o13
sc
e

22:19:29,934 py4j.clientserver DEBUG Answer received: !yro18
22:19:29,934 py4j.clientserver DEBUG Command to send: c
o18
conf
e

22:19:29,935 py4j.clientserver DEBUG Answer received: !yro19
22:19:29,935 py4j.clientserver DEBUG Command to send: c
z:org.apache.spark.util.Utils
getLocalDir
ro19
e

22:19:29,935 py4j.clientserver DEBUG Answer received: !ysC:\\Users\\danie\\AppData\\Local\\Temp\\spark-47fa9f70-ac4f-4e11-959e-c44cfacfd3e0
22:19:29,935 py4j.clientserver DEBUG Command to send: r
u
org
rj
e

22:19:29,948 py4j.clientserver DEBUG Answer received: !yp
22:19:29,948 py4j.clientserver DEBUG Command to send: r
u
org.apache
rj
e

22:19:29,949 py4j.clientserver DEBUG Answer received: !yp
22:19:29,949 py4j.clientserver DEBUG Command to send: r
u
org.apache.spark
rj
e

22:19:29,950 py4j.clientserver DEBUG Answer received: !yp
22:19:29,950 py4j.clientserver DEBUG Command to send: r
u
org.apache.spark.util
rj
e

22:19:29,951 py4j.clientserver DEBUG Answer received: !yp
22:19:29,951 py4j.clientserver DEBUG Command to send: r
u
org.apache.spark.util.Utils
rj
e

22:19:29,951 py4j.clientserver DEBUG Answer received: !ycorg.apache.spark.util.Utils
22:19:29,951 py4j.clientserver DEBUG Command to send: r
m
org.apache.spark.util.Utils
createTempDir
e

22:19:29,952 py4j.clientserver DEBUG Answer received: !ym
22:19:29,952 py4j.clientserver DEBUG Command to send: c
z:org.apache.spark.util.Utils
createTempDir
sC:\\Users\\danie\\AppData\\Local\\Temp\\spark-47fa9f70-ac4f-4e11-959e-c44cfacfd3e0
spyspark
e

22:19:29,953 py4j.clientserver DEBUG Answer received: !yro20
22:19:29,954 py4j.clientserver DEBUG Command to send: c
o20
getAbsolutePath
e

22:19:29,954 py4j.clientserver DEBUG Answer received: !ysC:\\Users\\danie\\AppData\\Local\\Temp\\spark-47fa9f70-ac4f-4e11-959e-c44cfacfd3e0\\pyspark-56927421-c3bb-4123-8858-e9c05675dd3e
22:19:29,955 py4j.clientserver DEBUG Command to send: c
o15
get
sspark.python.profile
sfalse
e

22:19:29,955 py4j.clientserver DEBUG Answer received: !ysfalse
22:19:29,956 py4j.clientserver DEBUG Command to send: r
u
SparkSession
rj
e

22:19:29,991 py4j.clientserver DEBUG Answer received: !ycorg.apache.spark.sql.SparkSession
22:19:29,991 py4j.clientserver DEBUG Command to send: r
m
org.apache.spark.sql.SparkSession
getDefaultSession
e

22:19:30,36 py4j.clientserver DEBUG Answer received: !ym
22:19:30,36 py4j.clientserver DEBUG Command to send: c
z:org.apache.spark.sql.SparkSession
getDefaultSession
e

22:19:30,38 py4j.clientserver DEBUG Answer received: !yro21
22:19:30,38 py4j.clientserver DEBUG Command to send: c
o21
isDefined
e

22:19:30,39 py4j.clientserver DEBUG Answer received: !ybfalse
22:19:30,39 py4j.clientserver DEBUG Command to send: r
u
SparkSession
rj
e

22:19:30,42 py4j.clientserver DEBUG Answer received: !ycorg.apache.spark.sql.SparkSession
22:19:30,42 py4j.clientserver DEBUG Command to send: c
o13
sc
e

22:19:30,43 py4j.clientserver DEBUG Answer received: !yro22
22:19:30,43 py4j.clientserver DEBUG Command to send: i
org.apache.spark.sql.SparkSession
ro22
e

22:19:30,146 py4j.clientserver DEBUG Answer received: !yro23
22:19:30,146 py4j.clientserver DEBUG Command to send: c
o23
sqlContext
e

22:19:30,146 py4j.clientserver DEBUG Answer received: !yro24
22:19:30,146 py4j.clientserver DEBUG Command to send: r
u
SparkSession
rj
e

22:19:30,149 py4j.clientserver DEBUG Answer received: !ycorg.apache.spark.sql.SparkSession
22:19:30,149 py4j.clientserver DEBUG Command to send: r
m
org.apache.spark.sql.SparkSession
setDefaultSession
e

22:19:30,149 py4j.clientserver DEBUG Answer received: !ym
22:19:30,149 py4j.clientserver DEBUG Command to send: c
z:org.apache.spark.sql.SparkSession
setDefaultSession
ro23
e

22:19:30,150 py4j.clientserver DEBUG Answer received: !yv
22:19:30,150 py4j.clientserver DEBUG Command to send: r
u
SparkSession
rj
e

22:19:30,152 py4j.clientserver DEBUG Answer received: !ycorg.apache.spark.sql.SparkSession
22:19:30,152 py4j.clientserver DEBUG Command to send: r
m
org.apache.spark.sql.SparkSession
setActiveSession
e

22:19:30,152 py4j.clientserver DEBUG Answer received: !ym
22:19:30,152 py4j.clientserver DEBUG Command to send: c
z:org.apache.spark.sql.SparkSession
setActiveSession
ro23
e

22:19:30,152 py4j.clientserver DEBUG Answer received: !yv
22:19:30,152 py4j.clientserver DEBUG Command to send: c
o23
sessionState
e

22:19:30,173 py4j.clientserver DEBUG Command to send: m
d
o0
e

22:19:30,173 py4j.clientserver DEBUG Answer received: !yv
22:19:30,173 py4j.clientserver DEBUG Command to send: m
d
o6
e

22:19:30,174 py4j.clientserver DEBUG Answer received: !yv
22:19:30,174 py4j.clientserver DEBUG Command to send: m
d
o7
e

22:19:30,174 py4j.clientserver DEBUG Answer received: !yv
22:19:30,174 py4j.clientserver DEBUG Command to send: m
d
o8
e

22:19:30,174 py4j.clientserver DEBUG Answer received: !yv
22:19:30,174 py4j.clientserver DEBUG Command to send: m
d
o9
e

22:19:30,174 py4j.clientserver DEBUG Answer received: !yv
22:19:30,174 py4j.clientserver DEBUG Command to send: m
d
o10
e

22:19:30,175 py4j.clientserver DEBUG Answer received: !yv
22:19:30,175 py4j.clientserver DEBUG Command to send: m
d
o11
e

22:19:30,175 py4j.clientserver DEBUG Answer received: !yv
22:19:30,175 py4j.clientserver DEBUG Command to send: m
d
o12
e

22:19:30,175 py4j.clientserver DEBUG Answer received: !yv
22:19:30,175 py4j.clientserver DEBUG Command to send: m
d
o14
e

22:19:30,176 py4j.clientserver DEBUG Answer received: !yv
22:19:30,176 py4j.clientserver DEBUG Command to send: m
d
o17
e

22:19:30,176 py4j.clientserver DEBUG Answer received: !yv
22:19:30,176 py4j.clientserver DEBUG Command to send: m
d
o18
e

22:19:30,176 py4j.clientserver DEBUG Answer received: !yv
22:19:30,176 py4j.clientserver DEBUG Command to send: m
d
o19
e

22:19:30,177 py4j.clientserver DEBUG Answer received: !yv
22:19:30,177 py4j.clientserver DEBUG Command to send: m
d
o20
e

22:19:30,177 py4j.clientserver DEBUG Answer received: !yv
22:19:31,409 py4j.clientserver DEBUG Answer received: !yro25
22:19:31,409 py4j.clientserver DEBUG Command to send: c
o25
conf
e

22:19:31,410 py4j.clientserver DEBUG Answer received: !yro26
22:19:31,410 py4j.clientserver DEBUG Command to send: c
o26
setConfString
sspark.master
slocal
e

22:19:31,412 py4j.clientserver DEBUG Answer received: !yv
22:19:31,412 py4j.clientserver DEBUG Command to send: c
o23
sessionState
e

22:19:31,412 py4j.clientserver DEBUG Answer received: !yro27
22:19:31,412 py4j.clientserver DEBUG Command to send: c
o27
conf
e

22:19:31,412 py4j.clientserver DEBUG Answer received: !yro28
22:19:31,413 py4j.clientserver DEBUG Command to send: c
o28
setConfString
sspark.app.name
sapp
e

22:19:31,413 py4j.clientserver DEBUG Answer received: !yv
22:19:31,413 py4j.clientserver DEBUG Command to send: c
o13
setLogLevel
sWARN
e

22:19:31,414 py4j.clientserver DEBUG Answer received: !yv
22:19:31,414 py4j.clientserver DEBUG Command to send: c
o24
read
e

22:19:31,423 py4j.clientserver DEBUG Answer received: !yro29
22:19:31,423 py4j.clientserver DEBUG Command to send: r
u
PythonUtils
rj
e

22:19:31,425 py4j.clientserver DEBUG Answer received: !ycorg.apache.spark.api.python.PythonUtils
22:19:31,425 py4j.clientserver DEBUG Command to send: r
m
org.apache.spark.api.python.PythonUtils
toSeq
e

22:19:31,425 py4j.clientserver DEBUG Answer received: !ym
22:19:31,425 py4j.clientserver DEBUG Command to send: i
java.util.ArrayList
e

22:19:31,425 py4j.clientserver DEBUG Answer received: !ylo30
22:19:31,426 py4j.clientserver DEBUG Command to send: c
o30
add
sC:\\GitRepos\\Springboard\\Capstone\\output\\divs_and_prices\\
e

22:19:31,426 py4j.clientserver DEBUG Answer received: !ybtrue
22:19:31,427 py4j.clientserver DEBUG Command to send: c
z:org.apache.spark.api.python.PythonUtils
toSeq
ro30
e

22:19:31,427 py4j.clientserver DEBUG Answer received: !yro31
22:19:31,427 py4j.clientserver DEBUG Command to send: c
o29
parquet
ro31
e

22:19:32,192 py4j.clientserver DEBUG Command to send: m
d
o30
e

22:19:32,192 py4j.clientserver DEBUG Answer received: !yv
22:19:39,993 py4j.clientserver DEBUG Answer received: !yro32
22:19:39,993 py4j.clientserver DEBUG Command to send: c
o32
createOrReplaceTempView
sall_data
e

22:19:40,443 py4j.clientserver DEBUG Answer received: !yv
22:19:40,444 py4j.clientserver DEBUG Command to send: c
o23
sql
s\n            SELECT \n                b.Ticker,\n                b.FreqType, \n                b.ExDivDate,\n                b.ExDivDays AS b_ExDivDays,\n                a.ExDivDays AS a_ExDivDays,\n                b.AvgPrice AS b_AvgPrice,\n                a.AvgPrice AS a_AvgPrice,\n                b.AdjAmount AS Dividend,\n                b.SandPAvgPrice AS b_SandPAvgPrice,\n                a.SandPAvgPrice AS a_SandPAvgPrice,\n                ((a.AvgPrice + a.AdjAmount) - b.AvgPrice) / b.AvgPrice AS TickerReturn,\n                (a.SandPAvgPrice - b.SandPAvgPrice) / b.SandPAvgPrice AS SandPReturn\n            FROM all_data b\n                INNER JOIN all_data a ON b.Ticker = a.Ticker\n                    AND b.ExDivDate = a.ExDivDate\n            WHERE b.ExDivDays BETWEEN -42 AND -1 \n               AND a.ExDivDays BETWEEN 0 AND 42\n            
e

22:19:40,661 py4j.clientserver DEBUG Answer received: !yro33
22:19:40,661 py4j.clientserver DEBUG Command to send: c
o33
createOrReplaceTempView
sdiv_returns
e

22:19:40,682 py4j.clientserver DEBUG Answer received: !yv
22:19:40,682 py4j.clientserver DEBUG Command to send: c
o23
sql
s\n            SELECT Ticker, \n                b_ExDivDays AS BeforeDays, \n                a_ExDivDays AS AfterDays,\n                COUNT(*) as NumExDivDates,\n                AVG(TickerReturn - SandPReturn) AS ReturnVsSandP\n            FROM div_returns\n            GROUP BY Ticker, b_ExDivDays, a_ExDivDays\n            ORDER BY ReturnVsSandP DESC\n            
e

22:19:40,754 py4j.clientserver DEBUG Answer received: !yro34
22:19:40,754 py4j.clientserver DEBUG Command to send: c
o34
write
e

22:19:40,760 py4j.clientserver DEBUG Answer received: !yro35
22:19:40,760 py4j.clientserver DEBUG Command to send: r
u
PythonUtils
rj
e

22:19:40,761 py4j.clientserver DEBUG Answer received: !ycorg.apache.spark.api.python.PythonUtils
22:19:40,762 py4j.clientserver DEBUG Command to send: r
m
org.apache.spark.api.python.PythonUtils
toSeq
e

22:19:40,762 py4j.clientserver DEBUG Answer received: !ym
22:19:40,762 py4j.clientserver DEBUG Command to send: i
java.util.ArrayList
e

22:19:40,762 py4j.clientserver DEBUG Answer received: !ylo36
22:19:40,762 py4j.clientserver DEBUG Command to send: c
o36
add
sTicker
e

22:19:40,763 py4j.clientserver DEBUG Answer received: !ybtrue
22:19:40,763 py4j.clientserver DEBUG Command to send: c
z:org.apache.spark.api.python.PythonUtils
toSeq
ro36
e

22:19:40,763 py4j.clientserver DEBUG Answer received: !yro37
22:19:40,763 py4j.clientserver DEBUG Command to send: c
o35
partitionBy
ro37
e

22:19:40,767 py4j.clientserver DEBUG Answer received: !yro38
22:19:40,767 py4j.clientserver DEBUG Command to send: c
o38
mode
soverwrite
e

22:19:40,767 py4j.clientserver DEBUG Answer received: !yro39
22:19:40,767 py4j.clientserver DEBUG Command to send: c
o39
parquet
soutput/returns
e

22:19:41,300 py4j.clientserver DEBUG Command to send: m
d
o36
e

22:19:41,301 py4j.clientserver DEBUG Answer received: !yv
22:21:22,656 py4j.clientserver DEBUG Answer received: !yv
22:21:22,657 py4j.clientserver DEBUG Command to send: c
o23
sql
s\n            SELECT '_ALL_DAYS' AS Ticker, \n                b_ExDivDays AS BeforeDays, \n                a_ExDivDays AS AfterDays,\n                COUNT(*) as NumExDivDates,\n                AVG(TickerReturn - SandPReturn) AS ReturnVsSandP\n            FROM div_returns\n            GROUP BY b_ExDivDays, a_ExDivDays            \n            ORDER BY ReturnVsSandP DESC\n            
e

22:21:22,755 py4j.clientserver DEBUG Answer received: !yro40
22:21:22,755 py4j.clientserver DEBUG Command to send: c
o40
write
e

22:21:22,758 py4j.clientserver DEBUG Answer received: !yro41
22:21:22,758 py4j.clientserver DEBUG Command to send: r
u
PythonUtils
rj
e

22:21:22,760 py4j.clientserver DEBUG Answer received: !ycorg.apache.spark.api.python.PythonUtils
22:21:22,760 py4j.clientserver DEBUG Command to send: r
m
org.apache.spark.api.python.PythonUtils
toSeq
e

22:21:22,761 py4j.clientserver DEBUG Answer received: !ym
22:21:22,761 py4j.clientserver DEBUG Command to send: i
java.util.ArrayList
e

22:21:22,761 py4j.clientserver DEBUG Answer received: !ylo42
22:21:22,762 py4j.clientserver DEBUG Command to send: c
o42
add
sTicker
e

22:21:22,762 py4j.clientserver DEBUG Answer received: !ybtrue
22:21:22,762 py4j.clientserver DEBUG Command to send: c
z:org.apache.spark.api.python.PythonUtils
toSeq
ro42
e

22:21:22,763 py4j.clientserver DEBUG Answer received: !yro43
22:21:22,763 py4j.clientserver DEBUG Command to send: c
o41
partitionBy
ro43
e

22:21:22,764 py4j.clientserver DEBUG Answer received: !yro44
22:21:22,765 py4j.clientserver DEBUG Command to send: c
o44
mode
sappend
e

22:21:22,765 py4j.clientserver DEBUG Answer received: !yro45
22:21:22,765 py4j.clientserver DEBUG Command to send: c
o45
parquet
soutput/returns
e

22:21:23,481 py4j.clientserver DEBUG Command to send: m
d
o42
e

22:21:23,482 py4j.clientserver DEBUG Answer received: !yv
22:21:43,611 py4j.clientserver DEBUG Answer received: !yv
22:21:43,611 py4j.clientserver DEBUG Command to send: c
o23
sql
s\n            SELECT Ticker,\n                BeforeWeeks,\n                AfterWeeks,\n                COUNT(*) as NumExDivDates,\n                AVG(ReturnVsSandP) AS ReturnVsSandP\n            FROM\n            (\n                SELECT '_ALL_WEEKS' AS Ticker, \n                    b_ExDivDays / 7 AS BeforeWeeks, \n                    a_ExDivDays / 7 AS AfterWeeks,\n                    (TickerReturn - SandPReturn) AS ReturnVsSandP\n                FROM div_returns\n            ) w\n            GROUP BY Ticker, BeforeWeeks, AfterWeeks            \n            ORDER BY ReturnVsSandP DESC\n            
e

22:21:43,774 py4j.clientserver DEBUG Answer received: !yro46
22:21:43,775 py4j.clientserver DEBUG Command to send: c
o46
write
e

22:21:43,778 py4j.clientserver DEBUG Answer received: !yro47
22:21:43,778 py4j.clientserver DEBUG Command to send: r
u
PythonUtils
rj
e

22:21:43,781 py4j.clientserver DEBUG Answer received: !ycorg.apache.spark.api.python.PythonUtils
22:21:43,781 py4j.clientserver DEBUG Command to send: r
m
org.apache.spark.api.python.PythonUtils
toSeq
e

22:21:43,782 py4j.clientserver DEBUG Answer received: !ym
22:21:43,782 py4j.clientserver DEBUG Command to send: i
java.util.ArrayList
e

22:21:43,783 py4j.clientserver DEBUG Answer received: !ylo48
22:21:43,783 py4j.clientserver DEBUG Command to send: c
o48
add
sTicker
e

22:21:43,784 py4j.clientserver DEBUG Answer received: !ybtrue
22:21:43,784 py4j.clientserver DEBUG Command to send: c
z:org.apache.spark.api.python.PythonUtils
toSeq
ro48
e

22:21:43,785 py4j.clientserver DEBUG Answer received: !yro49
22:21:43,785 py4j.clientserver DEBUG Command to send: c
o47
partitionBy
ro49
e

22:21:43,785 py4j.clientserver DEBUG Answer received: !yro50
22:21:43,786 py4j.clientserver DEBUG Command to send: c
o50
mode
sappend
e

22:21:43,786 py4j.clientserver DEBUG Answer received: !yro51
22:21:43,786 py4j.clientserver DEBUG Command to send: c
o51
parquet
soutput/returns
e

22:21:43,916 py4j.clientserver DEBUG Command to send: m
d
o48
e

22:21:43,920 py4j.clientserver DEBUG Answer received: !yv
22:22:04,593 py4j.clientserver DEBUG Answer received: !yv
22:22:04,594 root DEBUG success
