20:28:57,116 root DEBUG running analyzer now
20:29:00,220 py4j.java_gateway DEBUG GatewayClient.address is deprecated and will be removed in version 1.0. Use GatewayParameters instead.
20:29:00,222 py4j.clientserver DEBUG Command to send: A
f28cecc88bb301edbe81e0078242bc10210c2a17f247ff3ea2d064e660ba5bc9

20:29:00,238 py4j.clientserver DEBUG Answer received: !yv
20:29:00,238 py4j.clientserver DEBUG Command to send: j
i
rj
org.apache.spark.SparkConf
e

20:29:00,240 py4j.clientserver DEBUG Answer received: !yv
20:29:00,240 py4j.clientserver DEBUG Command to send: j
i
rj
org.apache.spark.api.java.*
e

20:29:00,240 py4j.clientserver DEBUG Answer received: !yv
20:29:00,240 py4j.clientserver DEBUG Command to send: j
i
rj
org.apache.spark.api.python.*
e

20:29:00,240 py4j.clientserver DEBUG Answer received: !yv
20:29:00,240 py4j.clientserver DEBUG Command to send: j
i
rj
org.apache.spark.ml.python.*
e

20:29:00,241 py4j.clientserver DEBUG Answer received: !yv
20:29:00,241 py4j.clientserver DEBUG Command to send: j
i
rj
org.apache.spark.mllib.api.python.*
e

20:29:00,241 py4j.clientserver DEBUG Answer received: !yv
20:29:00,241 py4j.clientserver DEBUG Command to send: j
i
rj
org.apache.spark.resource.*
e

20:29:00,241 py4j.clientserver DEBUG Answer received: !yv
20:29:00,242 py4j.clientserver DEBUG Command to send: j
i
rj
org.apache.spark.sql.*
e

20:29:00,242 py4j.clientserver DEBUG Answer received: !yv
20:29:00,242 py4j.clientserver DEBUG Command to send: j
i
rj
org.apache.spark.sql.api.python.*
e

20:29:00,242 py4j.clientserver DEBUG Answer received: !yv
20:29:00,243 py4j.clientserver DEBUG Command to send: j
i
rj
org.apache.spark.sql.hive.*
e

20:29:00,243 py4j.clientserver DEBUG Answer received: !yv
20:29:00,243 py4j.clientserver DEBUG Command to send: j
i
rj
scala.Tuple2
e

20:29:00,243 py4j.clientserver DEBUG Answer received: !yv
20:29:00,243 py4j.clientserver DEBUG Command to send: r
u
SparkConf
rj
e

20:29:00,246 py4j.clientserver DEBUG Answer received: !ycorg.apache.spark.SparkConf
20:29:00,246 py4j.clientserver DEBUG Command to send: i
org.apache.spark.SparkConf
bTrue
e

20:29:00,251 py4j.clientserver DEBUG Answer received: !yro0
20:29:00,252 py4j.clientserver DEBUG Command to send: c
o0
set
sspark.master
slocal
e

20:29:00,259 py4j.clientserver DEBUG Answer received: !yro1
20:29:00,259 py4j.clientserver DEBUG Command to send: c
o0
set
sspark.app.name
sapp
e

20:29:00,259 py4j.clientserver DEBUG Answer received: !yro2
20:29:00,260 py4j.clientserver DEBUG Command to send: c
o0
contains
sspark.serializer.objectStreamReset
e

20:29:00,260 py4j.clientserver DEBUG Answer received: !ybfalse
20:29:00,260 py4j.clientserver DEBUG Command to send: c
o0
set
sspark.serializer.objectStreamReset
s100
e

20:29:00,260 py4j.clientserver DEBUG Answer received: !yro3
20:29:00,261 py4j.clientserver DEBUG Command to send: c
o0
contains
sspark.rdd.compress
e

20:29:00,261 py4j.clientserver DEBUG Answer received: !ybfalse
20:29:00,261 py4j.clientserver DEBUG Command to send: c
o0
set
sspark.rdd.compress
sTrue
e

20:29:00,261 py4j.clientserver DEBUG Answer received: !yro4
20:29:00,261 py4j.clientserver DEBUG Command to send: c
o0
contains
sspark.master
e

20:29:00,262 py4j.clientserver DEBUG Answer received: !ybtrue
20:29:00,262 py4j.clientserver DEBUG Command to send: c
o0
contains
sspark.app.name
e

20:29:00,262 py4j.clientserver DEBUG Answer received: !ybtrue
20:29:00,262 py4j.clientserver DEBUG Command to send: c
o0
contains
sspark.master
e

20:29:00,263 py4j.clientserver DEBUG Answer received: !ybtrue
20:29:00,263 py4j.clientserver DEBUG Command to send: c
o0
get
sspark.master
e

20:29:00,264 py4j.clientserver DEBUG Answer received: !yslocal
20:29:00,264 py4j.clientserver DEBUG Command to send: c
o0
contains
sspark.app.name
e

20:29:00,265 py4j.clientserver DEBUG Answer received: !ybtrue
20:29:00,265 py4j.clientserver DEBUG Command to send: c
o0
get
sspark.app.name
e

20:29:00,265 py4j.clientserver DEBUG Answer received: !ysapp
20:29:00,266 py4j.clientserver DEBUG Command to send: c
o0
contains
sspark.home
e

20:29:00,266 py4j.clientserver DEBUG Answer received: !ybfalse
20:29:00,266 py4j.clientserver DEBUG Command to send: c
o0
getAll
e

20:29:00,267 py4j.clientserver DEBUG Answer received: !yto5
20:29:00,267 py4j.clientserver DEBUG Command to send: a
e
o5
e

20:29:00,267 py4j.clientserver DEBUG Answer received: !yi7
20:29:00,267 py4j.clientserver DEBUG Command to send: a
g
o5
i0
e

20:29:00,267 py4j.clientserver DEBUG Answer received: !yro6
20:29:00,267 py4j.clientserver DEBUG Command to send: c
o6
_1
e

20:29:00,268 py4j.clientserver DEBUG Answer received: !ysspark.master
20:29:00,268 py4j.clientserver DEBUG Command to send: c
o6
_2
e

20:29:00,268 py4j.clientserver DEBUG Answer received: !yslocal
20:29:00,268 py4j.clientserver DEBUG Command to send: a
e
o5
e

20:29:00,269 py4j.clientserver DEBUG Answer received: !yi7
20:29:00,269 py4j.clientserver DEBUG Command to send: a
g
o5
i1
e

20:29:00,269 py4j.clientserver DEBUG Answer received: !yro7
20:29:00,269 py4j.clientserver DEBUG Command to send: c
o7
_1
e

20:29:00,269 py4j.clientserver DEBUG Answer received: !ysspark.app.name
20:29:00,269 py4j.clientserver DEBUG Command to send: c
o7
_2
e

20:29:00,270 py4j.clientserver DEBUG Answer received: !ysapp
20:29:00,270 py4j.clientserver DEBUG Command to send: a
e
o5
e

20:29:00,270 py4j.clientserver DEBUG Answer received: !yi7
20:29:00,270 py4j.clientserver DEBUG Command to send: a
g
o5
i2
e

20:29:00,270 py4j.clientserver DEBUG Answer received: !yro8
20:29:00,270 py4j.clientserver DEBUG Command to send: c
o8
_1
e

20:29:00,271 py4j.clientserver DEBUG Answer received: !ysspark.rdd.compress
20:29:00,271 py4j.clientserver DEBUG Command to send: c
o8
_2
e

20:29:00,271 py4j.clientserver DEBUG Answer received: !ysTrue
20:29:00,271 py4j.clientserver DEBUG Command to send: a
e
o5
e

20:29:00,271 py4j.clientserver DEBUG Answer received: !yi7
20:29:00,271 py4j.clientserver DEBUG Command to send: a
g
o5
i3
e

20:29:00,272 py4j.clientserver DEBUG Answer received: !yro9
20:29:00,272 py4j.clientserver DEBUG Command to send: c
o9
_1
e

20:29:00,272 py4j.clientserver DEBUG Answer received: !ysspark.serializer.objectStreamReset
20:29:00,272 py4j.clientserver DEBUG Command to send: c
o9
_2
e

20:29:00,272 py4j.clientserver DEBUG Answer received: !ys100
20:29:00,273 py4j.clientserver DEBUG Command to send: a
e
o5
e

20:29:00,274 py4j.clientserver DEBUG Answer received: !yi7
20:29:00,274 py4j.clientserver DEBUG Command to send: a
g
o5
i4
e

20:29:00,274 py4j.clientserver DEBUG Answer received: !yro10
20:29:00,275 py4j.clientserver DEBUG Command to send: c
o10
_1
e

20:29:00,275 py4j.clientserver DEBUG Answer received: !ysspark.submit.pyFiles
20:29:00,275 py4j.clientserver DEBUG Command to send: c
o10
_2
e

20:29:00,275 py4j.clientserver DEBUG Answer received: !ys
20:29:00,276 py4j.clientserver DEBUG Command to send: a
e
o5
e

20:29:00,276 py4j.clientserver DEBUG Answer received: !yi7
20:29:00,276 py4j.clientserver DEBUG Command to send: a
g
o5
i5
e

20:29:00,276 py4j.clientserver DEBUG Answer received: !yro11
20:29:00,276 py4j.clientserver DEBUG Command to send: c
o11
_1
e

20:29:00,277 py4j.clientserver DEBUG Answer received: !ysspark.submit.deployMode
20:29:00,277 py4j.clientserver DEBUG Command to send: c
o11
_2
e

20:29:00,277 py4j.clientserver DEBUG Answer received: !ysclient
20:29:00,277 py4j.clientserver DEBUG Command to send: a
e
o5
e

20:29:00,277 py4j.clientserver DEBUG Answer received: !yi7
20:29:00,277 py4j.clientserver DEBUG Command to send: a
g
o5
i6
e

20:29:00,278 py4j.clientserver DEBUG Answer received: !yro12
20:29:00,278 py4j.clientserver DEBUG Command to send: c
o12
_1
e

20:29:00,278 py4j.clientserver DEBUG Answer received: !ysspark.ui.showConsoleProgress
20:29:00,278 py4j.clientserver DEBUG Command to send: c
o12
_2
e

20:29:00,279 py4j.clientserver DEBUG Answer received: !ystrue
20:29:00,279 py4j.clientserver DEBUG Command to send: a
e
o5
e

20:29:00,279 py4j.clientserver DEBUG Answer received: !yi7
20:29:00,279 py4j.clientserver DEBUG Command to send: r
u
JavaSparkContext
rj
e

20:29:00,292 py4j.clientserver DEBUG Answer received: !ycorg.apache.spark.api.java.JavaSparkContext
20:29:00,292 py4j.clientserver DEBUG Command to send: i
org.apache.spark.api.java.JavaSparkContext
ro0
e

20:29:01,237 py4j.clientserver DEBUG Command to send: A
f28cecc88bb301edbe81e0078242bc10210c2a17f247ff3ea2d064e660ba5bc9

20:29:01,238 py4j.clientserver DEBUG Answer received: !yv
20:29:01,238 py4j.clientserver DEBUG Command to send: m
d
o1
e

20:29:01,239 py4j.clientserver DEBUG Answer received: !yv
20:29:01,239 py4j.clientserver DEBUG Command to send: m
d
o2
e

20:29:01,239 py4j.clientserver DEBUG Answer received: !yv
20:29:01,239 py4j.clientserver DEBUG Command to send: m
d
o3
e

20:29:01,239 py4j.clientserver DEBUG Answer received: !yv
20:29:01,240 py4j.clientserver DEBUG Command to send: m
d
o4
e

20:29:01,240 py4j.clientserver DEBUG Answer received: !yv
20:29:01,240 py4j.clientserver DEBUG Command to send: m
d
o5
e

20:29:01,240 py4j.clientserver DEBUG Answer received: !yv
20:29:04,376 py4j.clientserver DEBUG Answer received: !yro13
20:29:04,377 py4j.clientserver DEBUG Command to send: c
o13
sc
e

20:29:04,382 py4j.clientserver DEBUG Answer received: !yro14
20:29:04,382 py4j.clientserver DEBUG Command to send: c
o14
conf
e

20:29:04,407 py4j.clientserver DEBUG Answer received: !yro15
20:29:04,437 py4j.clientserver DEBUG Command to send: r
u
PythonAccumulatorV2
rj
e

20:29:04,440 py4j.clientserver DEBUG Answer received: !ycorg.apache.spark.api.python.PythonAccumulatorV2
20:29:04,440 py4j.clientserver DEBUG Command to send: i
org.apache.spark.api.python.PythonAccumulatorV2
s127.0.0.1
i49337
sf28cecc88bb301edbe81e0078242bc10210c2a17f247ff3ea2d064e660ba5bc9
e

20:29:04,440 py4j.clientserver DEBUG Answer received: !yro16
20:29:04,441 py4j.clientserver DEBUG Command to send: c
o13
sc
e

20:29:04,441 py4j.clientserver DEBUG Answer received: !yro17
20:29:04,441 py4j.clientserver DEBUG Command to send: c
o17
register
ro16
e

20:29:04,445 py4j.clientserver DEBUG Answer received: !yv
20:29:04,445 py4j.clientserver DEBUG Command to send: r
u
PythonUtils
rj
e

20:29:04,449 py4j.clientserver DEBUG Answer received: !ycorg.apache.spark.api.python.PythonUtils
20:29:04,449 py4j.clientserver DEBUG Command to send: r
m
org.apache.spark.api.python.PythonUtils
isEncryptionEnabled
e

20:29:04,449 py4j.clientserver DEBUG Answer received: !ym
20:29:04,449 py4j.clientserver DEBUG Command to send: c
z:org.apache.spark.api.python.PythonUtils
isEncryptionEnabled
ro13
e

20:29:04,452 py4j.clientserver DEBUG Answer received: !ybfalse
20:29:04,452 py4j.clientserver DEBUG Command to send: r
u
PythonUtils
rj
e

20:29:04,454 py4j.clientserver DEBUG Answer received: !ycorg.apache.spark.api.python.PythonUtils
20:29:04,454 py4j.clientserver DEBUG Command to send: r
m
org.apache.spark.api.python.PythonUtils
getPythonAuthSocketTimeout
e

20:29:04,454 py4j.clientserver DEBUG Answer received: !ym
20:29:04,454 py4j.clientserver DEBUG Command to send: c
z:org.apache.spark.api.python.PythonUtils
getPythonAuthSocketTimeout
ro13
e

20:29:04,455 py4j.clientserver DEBUG Answer received: !yL15
20:29:04,455 py4j.clientserver DEBUG Command to send: r
u
PythonUtils
rj
e

20:29:04,457 py4j.clientserver DEBUG Answer received: !ycorg.apache.spark.api.python.PythonUtils
20:29:04,457 py4j.clientserver DEBUG Command to send: r
m
org.apache.spark.api.python.PythonUtils
getSparkBufferSize
e

20:29:04,457 py4j.clientserver DEBUG Answer received: !ym
20:29:04,457 py4j.clientserver DEBUG Command to send: c
z:org.apache.spark.api.python.PythonUtils
getSparkBufferSize
ro13
e

20:29:04,458 py4j.clientserver DEBUG Answer received: !yi65536
20:29:04,458 py4j.clientserver DEBUG Command to send: r
u
org
rj
e

20:29:04,463 py4j.clientserver DEBUG Answer received: !yp
20:29:04,463 py4j.clientserver DEBUG Command to send: r
u
org.apache
rj
e

20:29:04,465 py4j.clientserver DEBUG Answer received: !yp
20:29:04,465 py4j.clientserver DEBUG Command to send: r
u
org.apache.spark
rj
e

20:29:04,466 py4j.clientserver DEBUG Answer received: !yp
20:29:04,466 py4j.clientserver DEBUG Command to send: r
u
org.apache.spark.SparkFiles
rj
e

20:29:04,467 py4j.clientserver DEBUG Answer received: !ycorg.apache.spark.SparkFiles
20:29:04,467 py4j.clientserver DEBUG Command to send: r
m
org.apache.spark.SparkFiles
getRootDirectory
e

20:29:04,467 py4j.clientserver DEBUG Answer received: !ym
20:29:04,467 py4j.clientserver DEBUG Command to send: c
z:org.apache.spark.SparkFiles
getRootDirectory
e

20:29:04,468 py4j.clientserver DEBUG Answer received: !ysC:\\Users\\danie\\AppData\\Local\\Temp\\spark-f177d126-9c9e-4fd3-b95a-32e75d002ca9\\userFiles-4f9f6de3-f682-433d-961f-3c0fa024debd
20:29:04,469 py4j.clientserver DEBUG Command to send: c
o15
get
sspark.submit.pyFiles
s
e

20:29:04,469 py4j.clientserver DEBUG Answer received: !ys
20:29:04,469 py4j.clientserver DEBUG Command to send: r
u
org
rj
e

20:29:04,472 py4j.clientserver DEBUG Answer received: !yp
20:29:04,472 py4j.clientserver DEBUG Command to send: r
u
org.apache
rj
e

20:29:04,473 py4j.clientserver DEBUG Answer received: !yp
20:29:04,473 py4j.clientserver DEBUG Command to send: r
u
org.apache.spark
rj
e

20:29:04,473 py4j.clientserver DEBUG Answer received: !yp
20:29:04,474 py4j.clientserver DEBUG Command to send: r
u
org.apache.spark.util
rj
e

20:29:04,474 py4j.clientserver DEBUG Answer received: !yp
20:29:04,474 py4j.clientserver DEBUG Command to send: r
u
org.apache.spark.util.Utils
rj
e

20:29:04,477 py4j.clientserver DEBUG Answer received: !ycorg.apache.spark.util.Utils
20:29:04,477 py4j.clientserver DEBUG Command to send: r
m
org.apache.spark.util.Utils
getLocalDir
e

20:29:04,488 py4j.clientserver DEBUG Answer received: !ym
20:29:04,489 py4j.clientserver DEBUG Command to send: c
o13
sc
e

20:29:04,489 py4j.clientserver DEBUG Answer received: !yro18
20:29:04,489 py4j.clientserver DEBUG Command to send: c
o18
conf
e

20:29:04,489 py4j.clientserver DEBUG Answer received: !yro19
20:29:04,490 py4j.clientserver DEBUG Command to send: c
z:org.apache.spark.util.Utils
getLocalDir
ro19
e

20:29:04,490 py4j.clientserver DEBUG Answer received: !ysC:\\Users\\danie\\AppData\\Local\\Temp\\spark-f177d126-9c9e-4fd3-b95a-32e75d002ca9
20:29:04,491 py4j.clientserver DEBUG Command to send: r
u
org
rj
e

20:29:04,494 py4j.clientserver DEBUG Answer received: !yp
20:29:04,494 py4j.clientserver DEBUG Command to send: r
u
org.apache
rj
e

20:29:04,494 py4j.clientserver DEBUG Answer received: !yp
20:29:04,494 py4j.clientserver DEBUG Command to send: r
u
org.apache.spark
rj
e

20:29:04,495 py4j.clientserver DEBUG Answer received: !yp
20:29:04,496 py4j.clientserver DEBUG Command to send: r
u
org.apache.spark.util
rj
e

20:29:04,496 py4j.clientserver DEBUG Answer received: !yp
20:29:04,496 py4j.clientserver DEBUG Command to send: r
u
org.apache.spark.util.Utils
rj
e

20:29:04,496 py4j.clientserver DEBUG Answer received: !ycorg.apache.spark.util.Utils
20:29:04,497 py4j.clientserver DEBUG Command to send: r
m
org.apache.spark.util.Utils
createTempDir
e

20:29:04,497 py4j.clientserver DEBUG Answer received: !ym
20:29:04,497 py4j.clientserver DEBUG Command to send: c
z:org.apache.spark.util.Utils
createTempDir
sC:\\Users\\danie\\AppData\\Local\\Temp\\spark-f177d126-9c9e-4fd3-b95a-32e75d002ca9
spyspark
e

20:29:04,499 py4j.clientserver DEBUG Answer received: !yro20
20:29:04,499 py4j.clientserver DEBUG Command to send: c
o20
getAbsolutePath
e

20:29:04,499 py4j.clientserver DEBUG Answer received: !ysC:\\Users\\danie\\AppData\\Local\\Temp\\spark-f177d126-9c9e-4fd3-b95a-32e75d002ca9\\pyspark-7a3d191e-31ec-4a4a-b83e-cc8c50068da7
20:29:04,500 py4j.clientserver DEBUG Command to send: c
o15
get
sspark.python.profile
sfalse
e

20:29:04,500 py4j.clientserver DEBUG Answer received: !ysfalse
20:29:04,500 py4j.clientserver DEBUG Command to send: r
u
SparkSession
rj
e

20:29:04,533 py4j.clientserver DEBUG Answer received: !ycorg.apache.spark.sql.SparkSession
20:29:04,533 py4j.clientserver DEBUG Command to send: r
m
org.apache.spark.sql.SparkSession
getDefaultSession
e

20:29:04,572 py4j.clientserver DEBUG Answer received: !ym
20:29:04,573 py4j.clientserver DEBUG Command to send: c
z:org.apache.spark.sql.SparkSession
getDefaultSession
e

20:29:04,575 py4j.clientserver DEBUG Answer received: !yro21
20:29:04,575 py4j.clientserver DEBUG Command to send: c
o21
isDefined
e

20:29:04,576 py4j.clientserver DEBUG Answer received: !ybfalse
20:29:04,576 py4j.clientserver DEBUG Command to send: r
u
SparkSession
rj
e

20:29:04,579 py4j.clientserver DEBUG Answer received: !ycorg.apache.spark.sql.SparkSession
20:29:04,580 py4j.clientserver DEBUG Command to send: c
o13
sc
e

20:29:04,580 py4j.clientserver DEBUG Answer received: !yro22
20:29:04,580 py4j.clientserver DEBUG Command to send: i
org.apache.spark.sql.SparkSession
ro22
e

20:29:04,726 py4j.clientserver DEBUG Answer received: !yro23
20:29:04,726 py4j.clientserver DEBUG Command to send: c
o23
sqlContext
e

20:29:04,726 py4j.clientserver DEBUG Answer received: !yro24
20:29:04,727 py4j.clientserver DEBUG Command to send: r
u
SparkSession
rj
e

20:29:04,729 py4j.clientserver DEBUG Answer received: !ycorg.apache.spark.sql.SparkSession
20:29:04,729 py4j.clientserver DEBUG Command to send: r
m
org.apache.spark.sql.SparkSession
setDefaultSession
e

20:29:04,729 py4j.clientserver DEBUG Answer received: !ym
20:29:04,730 py4j.clientserver DEBUG Command to send: c
z:org.apache.spark.sql.SparkSession
setDefaultSession
ro23
e

20:29:04,730 py4j.clientserver DEBUG Answer received: !yv
20:29:04,730 py4j.clientserver DEBUG Command to send: r
u
SparkSession
rj
e

20:29:04,733 py4j.clientserver DEBUG Answer received: !ycorg.apache.spark.sql.SparkSession
20:29:04,733 py4j.clientserver DEBUG Command to send: r
m
org.apache.spark.sql.SparkSession
setActiveSession
e

20:29:04,733 py4j.clientserver DEBUG Answer received: !ym
20:29:04,733 py4j.clientserver DEBUG Command to send: c
z:org.apache.spark.sql.SparkSession
setActiveSession
ro23
e

20:29:04,733 py4j.clientserver DEBUG Answer received: !yv
20:29:04,733 py4j.clientserver DEBUG Command to send: c
o23
sessionState
e

20:29:05,292 py4j.clientserver DEBUG Command to send: m
d
o0
e

20:29:05,310 py4j.clientserver DEBUG Answer received: !yv
20:29:05,310 py4j.clientserver DEBUG Command to send: m
d
o6
e

20:29:05,310 py4j.clientserver DEBUG Answer received: !yv
20:29:05,310 py4j.clientserver DEBUG Command to send: m
d
o7
e

20:29:05,310 py4j.clientserver DEBUG Answer received: !yv
20:29:05,311 py4j.clientserver DEBUG Command to send: m
d
o8
e

20:29:05,311 py4j.clientserver DEBUG Answer received: !yv
20:29:05,311 py4j.clientserver DEBUG Command to send: m
d
o9
e

20:29:05,311 py4j.clientserver DEBUG Answer received: !yv
20:29:05,311 py4j.clientserver DEBUG Command to send: m
d
o10
e

20:29:05,312 py4j.clientserver DEBUG Answer received: !yv
20:29:05,312 py4j.clientserver DEBUG Command to send: m
d
o11
e

20:29:05,312 py4j.clientserver DEBUG Answer received: !yv
20:29:05,312 py4j.clientserver DEBUG Command to send: m
d
o12
e

20:29:05,312 py4j.clientserver DEBUG Answer received: !yv
20:29:05,313 py4j.clientserver DEBUG Command to send: m
d
o14
e

20:29:05,313 py4j.clientserver DEBUG Answer received: !yv
20:29:06,192 py4j.clientserver DEBUG Answer received: !yro25
20:29:06,192 py4j.clientserver DEBUG Command to send: c
o25
conf
e

20:29:06,193 py4j.clientserver DEBUG Answer received: !yro26
20:29:06,194 py4j.clientserver DEBUG Command to send: c
o26
setConfString
sspark.master
slocal
e

20:29:06,195 py4j.clientserver DEBUG Answer received: !yv
20:29:06,196 py4j.clientserver DEBUG Command to send: c
o23
sessionState
e

20:29:06,196 py4j.clientserver DEBUG Answer received: !yro27
20:29:06,196 py4j.clientserver DEBUG Command to send: c
o27
conf
e

20:29:06,196 py4j.clientserver DEBUG Answer received: !yro28
20:29:06,196 py4j.clientserver DEBUG Command to send: c
o28
setConfString
sspark.app.name
sapp
e

20:29:06,197 py4j.clientserver DEBUG Answer received: !yv
20:29:06,197 py4j.clientserver DEBUG Command to send: c
o13
setLogLevel
sWARN
e

20:29:06,198 py4j.clientserver DEBUG Answer received: !yv
20:29:06,198 py4j.clientserver DEBUG Command to send: c
o24
read
e

20:29:06,210 py4j.clientserver DEBUG Answer received: !yro29
20:29:06,211 py4j.clientserver DEBUG Command to send: r
u
PythonUtils
rj
e

20:29:06,212 py4j.clientserver DEBUG Answer received: !ycorg.apache.spark.api.python.PythonUtils
20:29:06,212 py4j.clientserver DEBUG Command to send: r
m
org.apache.spark.api.python.PythonUtils
toSeq
e

20:29:06,212 py4j.clientserver DEBUG Answer received: !ym
20:29:06,212 py4j.clientserver DEBUG Command to send: i
java.util.ArrayList
e

20:29:06,213 py4j.clientserver DEBUG Answer received: !ylo30
20:29:06,213 py4j.clientserver DEBUG Command to send: c
o30
add
sC:\\GitRepos\\Springboard\\Capstone\\output\\divs_and_prices\\
e

20:29:06,214 py4j.clientserver DEBUG Answer received: !ybtrue
20:29:06,214 py4j.clientserver DEBUG Command to send: c
z:org.apache.spark.api.python.PythonUtils
toSeq
ro30
e

20:29:06,214 py4j.clientserver DEBUG Answer received: !yro31
20:29:06,215 py4j.clientserver DEBUG Command to send: c
o29
parquet
ro31
e

20:29:06,327 py4j.clientserver DEBUG Command to send: m
d
o30
e

20:29:06,336 py4j.clientserver DEBUG Answer received: !yv
20:29:15,447 py4j.clientserver DEBUG Answer received: !yro32
20:29:15,448 py4j.clientserver DEBUG Command to send: c
o32
createOrReplaceTempView
sall_data
e

20:29:15,903 py4j.clientserver DEBUG Answer received: !yv
20:29:15,904 py4j.clientserver DEBUG Command to send: c
o23
sql
s\n            SELECT \n                b.Ticker,\n                b.FreqType, \n                b.ExDivDate,\n                b.ExDivDays AS b_ExDivDays,\n                a.ExDivDays AS a_ExDivDays,\n                b.AvgPrice AS b_AvgPrice,\n                a.AvgPrice AS a_AvgPrice,\n                b.AdjAmount AS Dividend,\n                b.SandPAvgPrice AS b_SandPAvgPrice,\n                a.SandPAvgPrice AS a_SandPAvgPrice,\n                ((a.AvgPrice + a.AdjAmount) - b.AvgPrice) / b.AvgPrice AS TickerReturn,\n                (a.SandPAvgPrice - b.SandPAvgPrice) / b.SandPAvgPrice AS SandPReturn\n            FROM all_data b\n                INNER JOIN all_data a ON b.Ticker = a.Ticker\n                    AND b.ExDivDate = a.ExDivDate\n            WHERE b.ExDivDays BETWEEN -30 AND -1 \n               AND a.ExDivDays BETWEEN 0 AND 30\n            
e

20:29:16,116 py4j.clientserver DEBUG Answer received: !yro33
20:29:16,116 py4j.clientserver DEBUG Command to send: c
o33
createOrReplaceTempView
sdiv_returns
e

20:29:16,136 py4j.clientserver DEBUG Answer received: !yv
20:29:16,136 py4j.clientserver DEBUG Command to send: c
o23
sql
s\n            SELECT Ticker, \n                b_ExDivDays AS BeforeDays, \n                a_ExDivDays AS AfterDays,\n                AVG(TickerReturn - SandPReturn) AS ReturnVsSandP\n            FROM div_returns\n            GROUP BY Ticker, b_ExDivDays, a_ExDivDays\n            ORDER BY ReturnVsSandP DESC\n            
e

20:29:16,213 py4j.clientserver DEBUG Answer received: !yro34
20:29:16,213 py4j.clientserver DEBUG Command to send: c
o33
write
e

20:29:16,220 py4j.clientserver DEBUG Answer received: !yro35
20:29:16,221 py4j.clientserver DEBUG Command to send: r
u
PythonUtils
rj
e

20:29:16,222 py4j.clientserver DEBUG Answer received: !ycorg.apache.spark.api.python.PythonUtils
20:29:16,222 py4j.clientserver DEBUG Command to send: r
m
org.apache.spark.api.python.PythonUtils
toSeq
e

20:29:16,222 py4j.clientserver DEBUG Answer received: !ym
20:29:16,222 py4j.clientserver DEBUG Command to send: i
java.util.ArrayList
e

20:29:16,222 py4j.clientserver DEBUG Answer received: !ylo36
20:29:16,223 py4j.clientserver DEBUG Command to send: c
o36
add
sTicker
e

20:29:16,223 py4j.clientserver DEBUG Answer received: !ybtrue
20:29:16,223 py4j.clientserver DEBUG Command to send: c
z:org.apache.spark.api.python.PythonUtils
toSeq
ro36
e

20:29:16,223 py4j.clientserver DEBUG Answer received: !yro37
20:29:16,223 py4j.clientserver DEBUG Command to send: c
o35
partitionBy
ro37
e

20:29:16,226 py4j.clientserver DEBUG Answer received: !yro38
20:29:16,226 py4j.clientserver DEBUG Command to send: c
o38
mode
soverwrite
e

20:29:16,226 py4j.clientserver DEBUG Answer received: !yro39
20:29:16,227 py4j.clientserver DEBUG Command to send: c
o39
parquet
soutput/days_returns
e

20:29:16,399 py4j.clientserver DEBUG Command to send: m
d
o36
e

20:29:16,400 py4j.clientserver DEBUG Answer received: !yv
20:30:57,211 py4j.clientserver DEBUG Answer received: !yv
20:30:57,211 root DEBUG success
