21:14:07,686 root DEBUG running analyzer now
21:14:10,695 py4j.java_gateway DEBUG GatewayClient.address is deprecated and will be removed in version 1.0. Use GatewayParameters instead.
21:14:10,697 py4j.clientserver DEBUG Command to send: A
fcc6042a36c07f34a99da2399df4256cd5f4154e415cf92b2f7d5f245910a336

21:14:10,721 py4j.clientserver DEBUG Answer received: !yv
21:14:10,721 py4j.clientserver DEBUG Command to send: j
i
rj
org.apache.spark.SparkConf
e

21:14:10,724 py4j.clientserver DEBUG Answer received: !yv
21:14:10,724 py4j.clientserver DEBUG Command to send: j
i
rj
org.apache.spark.api.java.*
e

21:14:10,725 py4j.clientserver DEBUG Answer received: !yv
21:14:10,725 py4j.clientserver DEBUG Command to send: j
i
rj
org.apache.spark.api.python.*
e

21:14:10,725 py4j.clientserver DEBUG Answer received: !yv
21:14:10,725 py4j.clientserver DEBUG Command to send: j
i
rj
org.apache.spark.ml.python.*
e

21:14:10,726 py4j.clientserver DEBUG Answer received: !yv
21:14:10,726 py4j.clientserver DEBUG Command to send: j
i
rj
org.apache.spark.mllib.api.python.*
e

21:14:10,726 py4j.clientserver DEBUG Answer received: !yv
21:14:10,726 py4j.clientserver DEBUG Command to send: j
i
rj
org.apache.spark.resource.*
e

21:14:10,726 py4j.clientserver DEBUG Answer received: !yv
21:14:10,727 py4j.clientserver DEBUG Command to send: j
i
rj
org.apache.spark.sql.*
e

21:14:10,727 py4j.clientserver DEBUG Answer received: !yv
21:14:10,727 py4j.clientserver DEBUG Command to send: j
i
rj
org.apache.spark.sql.api.python.*
e

21:14:10,727 py4j.clientserver DEBUG Answer received: !yv
21:14:10,728 py4j.clientserver DEBUG Command to send: j
i
rj
org.apache.spark.sql.hive.*
e

21:14:10,728 py4j.clientserver DEBUG Answer received: !yv
21:14:10,728 py4j.clientserver DEBUG Command to send: j
i
rj
scala.Tuple2
e

21:14:10,728 py4j.clientserver DEBUG Answer received: !yv
21:14:10,729 py4j.clientserver DEBUG Command to send: r
u
SparkConf
rj
e

21:14:10,731 py4j.clientserver DEBUG Answer received: !ycorg.apache.spark.SparkConf
21:14:10,731 py4j.clientserver DEBUG Command to send: i
org.apache.spark.SparkConf
bTrue
e

21:14:10,738 py4j.clientserver DEBUG Answer received: !yro0
21:14:10,738 py4j.clientserver DEBUG Command to send: c
o0
set
sspark.master
slocal
e

21:14:10,745 py4j.clientserver DEBUG Answer received: !yro1
21:14:10,745 py4j.clientserver DEBUG Command to send: c
o0
set
sspark.app.name
sapp
e

21:14:10,746 py4j.clientserver DEBUG Answer received: !yro2
21:14:10,746 py4j.clientserver DEBUG Command to send: c
o0
contains
sspark.serializer.objectStreamReset
e

21:14:10,746 py4j.clientserver DEBUG Answer received: !ybfalse
21:14:10,746 py4j.clientserver DEBUG Command to send: c
o0
set
sspark.serializer.objectStreamReset
s100
e

21:14:10,747 py4j.clientserver DEBUG Answer received: !yro3
21:14:10,747 py4j.clientserver DEBUG Command to send: c
o0
contains
sspark.rdd.compress
e

21:14:10,747 py4j.clientserver DEBUG Answer received: !ybfalse
21:14:10,747 py4j.clientserver DEBUG Command to send: c
o0
set
sspark.rdd.compress
sTrue
e

21:14:10,748 py4j.clientserver DEBUG Answer received: !yro4
21:14:10,748 py4j.clientserver DEBUG Command to send: c
o0
contains
sspark.master
e

21:14:10,748 py4j.clientserver DEBUG Answer received: !ybtrue
21:14:10,748 py4j.clientserver DEBUG Command to send: c
o0
contains
sspark.app.name
e

21:14:10,749 py4j.clientserver DEBUG Answer received: !ybtrue
21:14:10,749 py4j.clientserver DEBUG Command to send: c
o0
contains
sspark.master
e

21:14:10,752 py4j.clientserver DEBUG Answer received: !ybtrue
21:14:10,752 py4j.clientserver DEBUG Command to send: c
o0
get
sspark.master
e

21:14:10,753 py4j.clientserver DEBUG Answer received: !yslocal
21:14:10,753 py4j.clientserver DEBUG Command to send: c
o0
contains
sspark.app.name
e

21:14:10,753 py4j.clientserver DEBUG Answer received: !ybtrue
21:14:10,754 py4j.clientserver DEBUG Command to send: c
o0
get
sspark.app.name
e

21:14:10,754 py4j.clientserver DEBUG Answer received: !ysapp
21:14:10,754 py4j.clientserver DEBUG Command to send: c
o0
contains
sspark.home
e

21:14:10,754 py4j.clientserver DEBUG Answer received: !ybfalse
21:14:10,755 py4j.clientserver DEBUG Command to send: c
o0
getAll
e

21:14:10,755 py4j.clientserver DEBUG Answer received: !yto5
21:14:10,755 py4j.clientserver DEBUG Command to send: a
e
o5
e

21:14:10,756 py4j.clientserver DEBUG Answer received: !yi7
21:14:10,756 py4j.clientserver DEBUG Command to send: a
g
o5
i0
e

21:14:10,756 py4j.clientserver DEBUG Answer received: !yro6
21:14:10,756 py4j.clientserver DEBUG Command to send: c
o6
_1
e

21:14:10,757 py4j.clientserver DEBUG Answer received: !ysspark.master
21:14:10,757 py4j.clientserver DEBUG Command to send: c
o6
_2
e

21:14:10,757 py4j.clientserver DEBUG Answer received: !yslocal
21:14:10,757 py4j.clientserver DEBUG Command to send: a
e
o5
e

21:14:10,758 py4j.clientserver DEBUG Answer received: !yi7
21:14:10,758 py4j.clientserver DEBUG Command to send: a
g
o5
i1
e

21:14:10,758 py4j.clientserver DEBUG Answer received: !yro7
21:14:10,758 py4j.clientserver DEBUG Command to send: c
o7
_1
e

21:14:10,758 py4j.clientserver DEBUG Answer received: !ysspark.app.name
21:14:10,759 py4j.clientserver DEBUG Command to send: c
o7
_2
e

21:14:10,759 py4j.clientserver DEBUG Answer received: !ysapp
21:14:10,759 py4j.clientserver DEBUG Command to send: a
e
o5
e

21:14:10,759 py4j.clientserver DEBUG Answer received: !yi7
21:14:10,759 py4j.clientserver DEBUG Command to send: a
g
o5
i2
e

21:14:10,760 py4j.clientserver DEBUG Answer received: !yro8
21:14:10,760 py4j.clientserver DEBUG Command to send: c
o8
_1
e

21:14:10,760 py4j.clientserver DEBUG Answer received: !ysspark.rdd.compress
21:14:10,760 py4j.clientserver DEBUG Command to send: c
o8
_2
e

21:14:10,760 py4j.clientserver DEBUG Answer received: !ysTrue
21:14:10,760 py4j.clientserver DEBUG Command to send: a
e
o5
e

21:14:10,761 py4j.clientserver DEBUG Answer received: !yi7
21:14:10,761 py4j.clientserver DEBUG Command to send: a
g
o5
i3
e

21:14:10,761 py4j.clientserver DEBUG Answer received: !yro9
21:14:10,761 py4j.clientserver DEBUG Command to send: c
o9
_1
e

21:14:10,761 py4j.clientserver DEBUG Answer received: !ysspark.serializer.objectStreamReset
21:14:10,761 py4j.clientserver DEBUG Command to send: c
o9
_2
e

21:14:10,762 py4j.clientserver DEBUG Answer received: !ys100
21:14:10,762 py4j.clientserver DEBUG Command to send: a
e
o5
e

21:14:10,762 py4j.clientserver DEBUG Answer received: !yi7
21:14:10,762 py4j.clientserver DEBUG Command to send: a
g
o5
i4
e

21:14:10,762 py4j.clientserver DEBUG Answer received: !yro10
21:14:10,762 py4j.clientserver DEBUG Command to send: c
o10
_1
e

21:14:10,763 py4j.clientserver DEBUG Answer received: !ysspark.submit.pyFiles
21:14:10,763 py4j.clientserver DEBUG Command to send: c
o10
_2
e

21:14:10,764 py4j.clientserver DEBUG Answer received: !ys
21:14:10,764 py4j.clientserver DEBUG Command to send: a
e
o5
e

21:14:10,764 py4j.clientserver DEBUG Answer received: !yi7
21:14:10,764 py4j.clientserver DEBUG Command to send: a
g
o5
i5
e

21:14:10,765 py4j.clientserver DEBUG Answer received: !yro11
21:14:10,765 py4j.clientserver DEBUG Command to send: c
o11
_1
e

21:14:10,765 py4j.clientserver DEBUG Answer received: !ysspark.submit.deployMode
21:14:10,765 py4j.clientserver DEBUG Command to send: c
o11
_2
e

21:14:10,765 py4j.clientserver DEBUG Answer received: !ysclient
21:14:10,765 py4j.clientserver DEBUG Command to send: a
e
o5
e

21:14:10,765 py4j.clientserver DEBUG Answer received: !yi7
21:14:10,766 py4j.clientserver DEBUG Command to send: a
g
o5
i6
e

21:14:10,766 py4j.clientserver DEBUG Answer received: !yro12
21:14:10,766 py4j.clientserver DEBUG Command to send: c
o12
_1
e

21:14:10,766 py4j.clientserver DEBUG Answer received: !ysspark.ui.showConsoleProgress
21:14:10,766 py4j.clientserver DEBUG Command to send: c
o12
_2
e

21:14:10,766 py4j.clientserver DEBUG Answer received: !ystrue
21:14:10,767 py4j.clientserver DEBUG Command to send: a
e
o5
e

21:14:10,767 py4j.clientserver DEBUG Answer received: !yi7
21:14:10,767 py4j.clientserver DEBUG Command to send: r
u
JavaSparkContext
rj
e

21:14:10,780 py4j.clientserver DEBUG Answer received: !ycorg.apache.spark.api.java.JavaSparkContext
21:14:10,781 py4j.clientserver DEBUG Command to send: i
org.apache.spark.api.java.JavaSparkContext
ro0
e

21:14:11,696 py4j.clientserver DEBUG Command to send: A
fcc6042a36c07f34a99da2399df4256cd5f4154e415cf92b2f7d5f245910a336

21:14:11,697 py4j.clientserver DEBUG Answer received: !yv
21:14:11,697 py4j.clientserver DEBUG Command to send: m
d
o1
e

21:14:11,697 py4j.clientserver DEBUG Answer received: !yv
21:14:11,697 py4j.clientserver DEBUG Command to send: m
d
o2
e

21:14:11,698 py4j.clientserver DEBUG Answer received: !yv
21:14:11,698 py4j.clientserver DEBUG Command to send: m
d
o3
e

21:14:11,698 py4j.clientserver DEBUG Answer received: !yv
21:14:11,698 py4j.clientserver DEBUG Command to send: m
d
o4
e

21:14:11,698 py4j.clientserver DEBUG Answer received: !yv
21:14:11,698 py4j.clientserver DEBUG Command to send: m
d
o5
e

21:14:11,699 py4j.clientserver DEBUG Answer received: !yv
21:14:14,267 py4j.clientserver DEBUG Answer received: !yro13
21:14:14,268 py4j.clientserver DEBUG Command to send: c
o13
sc
e

21:14:14,272 py4j.clientserver DEBUG Answer received: !yro14
21:14:14,272 py4j.clientserver DEBUG Command to send: c
o14
conf
e

21:14:14,294 py4j.clientserver DEBUG Answer received: !yro15
21:14:14,311 py4j.clientserver DEBUG Command to send: r
u
PythonAccumulatorV2
rj
e

21:14:14,314 py4j.clientserver DEBUG Answer received: !ycorg.apache.spark.api.python.PythonAccumulatorV2
21:14:14,314 py4j.clientserver DEBUG Command to send: i
org.apache.spark.api.python.PythonAccumulatorV2
s127.0.0.1
i61148
sfcc6042a36c07f34a99da2399df4256cd5f4154e415cf92b2f7d5f245910a336
e

21:14:14,315 py4j.clientserver DEBUG Answer received: !yro16
21:14:14,315 py4j.clientserver DEBUG Command to send: c
o13
sc
e

21:14:14,315 py4j.clientserver DEBUG Answer received: !yro17
21:14:14,315 py4j.clientserver DEBUG Command to send: c
o17
register
ro16
e

21:14:14,319 py4j.clientserver DEBUG Answer received: !yv
21:14:14,319 py4j.clientserver DEBUG Command to send: r
u
PythonUtils
rj
e

21:14:14,321 py4j.clientserver DEBUG Answer received: !ycorg.apache.spark.api.python.PythonUtils
21:14:14,321 py4j.clientserver DEBUG Command to send: r
m
org.apache.spark.api.python.PythonUtils
isEncryptionEnabled
e

21:14:14,321 py4j.clientserver DEBUG Answer received: !ym
21:14:14,321 py4j.clientserver DEBUG Command to send: c
z:org.apache.spark.api.python.PythonUtils
isEncryptionEnabled
ro13
e

21:14:14,323 py4j.clientserver DEBUG Answer received: !ybfalse
21:14:14,324 py4j.clientserver DEBUG Command to send: r
u
PythonUtils
rj
e

21:14:14,325 py4j.clientserver DEBUG Answer received: !ycorg.apache.spark.api.python.PythonUtils
21:14:14,325 py4j.clientserver DEBUG Command to send: r
m
org.apache.spark.api.python.PythonUtils
getPythonAuthSocketTimeout
e

21:14:14,325 py4j.clientserver DEBUG Answer received: !ym
21:14:14,326 py4j.clientserver DEBUG Command to send: c
z:org.apache.spark.api.python.PythonUtils
getPythonAuthSocketTimeout
ro13
e

21:14:14,326 py4j.clientserver DEBUG Answer received: !yL15
21:14:14,326 py4j.clientserver DEBUG Command to send: r
u
PythonUtils
rj
e

21:14:14,327 py4j.clientserver DEBUG Answer received: !ycorg.apache.spark.api.python.PythonUtils
21:14:14,328 py4j.clientserver DEBUG Command to send: r
m
org.apache.spark.api.python.PythonUtils
getSparkBufferSize
e

21:14:14,328 py4j.clientserver DEBUG Answer received: !ym
21:14:14,328 py4j.clientserver DEBUG Command to send: c
z:org.apache.spark.api.python.PythonUtils
getSparkBufferSize
ro13
e

21:14:14,328 py4j.clientserver DEBUG Answer received: !yi65536
21:14:14,328 py4j.clientserver DEBUG Command to send: r
u
org
rj
e

21:14:14,332 py4j.clientserver DEBUG Answer received: !yp
21:14:14,333 py4j.clientserver DEBUG Command to send: r
u
org.apache
rj
e

21:14:14,334 py4j.clientserver DEBUG Answer received: !yp
21:14:14,334 py4j.clientserver DEBUG Command to send: r
u
org.apache.spark
rj
e

21:14:14,335 py4j.clientserver DEBUG Answer received: !yp
21:14:14,335 py4j.clientserver DEBUG Command to send: r
u
org.apache.spark.SparkFiles
rj
e

21:14:14,336 py4j.clientserver DEBUG Answer received: !ycorg.apache.spark.SparkFiles
21:14:14,336 py4j.clientserver DEBUG Command to send: r
m
org.apache.spark.SparkFiles
getRootDirectory
e

21:14:14,336 py4j.clientserver DEBUG Answer received: !ym
21:14:14,336 py4j.clientserver DEBUG Command to send: c
z:org.apache.spark.SparkFiles
getRootDirectory
e

21:14:14,338 py4j.clientserver DEBUG Answer received: !ysC:\\Users\\danie\\AppData\\Local\\Temp\\spark-2f33cab8-73f7-4bca-a81a-75a00ad9f02b\\userFiles-6847b5c4-f84d-460c-9a14-eabf12fd0e3d
21:14:14,339 py4j.clientserver DEBUG Command to send: c
o15
get
sspark.submit.pyFiles
s
e

21:14:14,339 py4j.clientserver DEBUG Answer received: !ys
21:14:14,339 py4j.clientserver DEBUG Command to send: r
u
org
rj
e

21:14:14,342 py4j.clientserver DEBUG Answer received: !yp
21:14:14,342 py4j.clientserver DEBUG Command to send: r
u
org.apache
rj
e

21:14:14,343 py4j.clientserver DEBUG Answer received: !yp
21:14:14,343 py4j.clientserver DEBUG Command to send: r
u
org.apache.spark
rj
e

21:14:14,344 py4j.clientserver DEBUG Answer received: !yp
21:14:14,344 py4j.clientserver DEBUG Command to send: r
u
org.apache.spark.util
rj
e

21:14:14,344 py4j.clientserver DEBUG Answer received: !yp
21:14:14,344 py4j.clientserver DEBUG Command to send: r
u
org.apache.spark.util.Utils
rj
e

21:14:14,347 py4j.clientserver DEBUG Answer received: !ycorg.apache.spark.util.Utils
21:14:14,347 py4j.clientserver DEBUG Command to send: r
m
org.apache.spark.util.Utils
getLocalDir
e

21:14:14,350 py4j.clientserver DEBUG Answer received: !ym
21:14:14,350 py4j.clientserver DEBUG Command to send: c
o13
sc
e

21:14:14,351 py4j.clientserver DEBUG Answer received: !yro18
21:14:14,351 py4j.clientserver DEBUG Command to send: c
o18
conf
e

21:14:14,351 py4j.clientserver DEBUG Answer received: !yro19
21:14:14,351 py4j.clientserver DEBUG Command to send: c
z:org.apache.spark.util.Utils
getLocalDir
ro19
e

21:14:14,352 py4j.clientserver DEBUG Answer received: !ysC:\\Users\\danie\\AppData\\Local\\Temp\\spark-2f33cab8-73f7-4bca-a81a-75a00ad9f02b
21:14:14,352 py4j.clientserver DEBUG Command to send: r
u
org
rj
e

21:14:14,364 py4j.clientserver DEBUG Answer received: !yp
21:14:14,365 py4j.clientserver DEBUG Command to send: r
u
org.apache
rj
e

21:14:14,365 py4j.clientserver DEBUG Answer received: !yp
21:14:14,366 py4j.clientserver DEBUG Command to send: r
u
org.apache.spark
rj
e

21:14:14,367 py4j.clientserver DEBUG Answer received: !yp
21:14:14,367 py4j.clientserver DEBUG Command to send: r
u
org.apache.spark.util
rj
e

21:14:14,368 py4j.clientserver DEBUG Answer received: !yp
21:14:14,368 py4j.clientserver DEBUG Command to send: r
u
org.apache.spark.util.Utils
rj
e

21:14:14,368 py4j.clientserver DEBUG Answer received: !ycorg.apache.spark.util.Utils
21:14:14,368 py4j.clientserver DEBUG Command to send: r
m
org.apache.spark.util.Utils
createTempDir
e

21:14:14,369 py4j.clientserver DEBUG Answer received: !ym
21:14:14,369 py4j.clientserver DEBUG Command to send: c
z:org.apache.spark.util.Utils
createTempDir
sC:\\Users\\danie\\AppData\\Local\\Temp\\spark-2f33cab8-73f7-4bca-a81a-75a00ad9f02b
spyspark
e

21:14:14,371 py4j.clientserver DEBUG Answer received: !yro20
21:14:14,371 py4j.clientserver DEBUG Command to send: c
o20
getAbsolutePath
e

21:14:14,372 py4j.clientserver DEBUG Answer received: !ysC:\\Users\\danie\\AppData\\Local\\Temp\\spark-2f33cab8-73f7-4bca-a81a-75a00ad9f02b\\pyspark-7f205b16-83f4-4105-a517-d6046ae7cc34
21:14:14,372 py4j.clientserver DEBUG Command to send: c
o15
get
sspark.python.profile
sfalse
e

21:14:14,372 py4j.clientserver DEBUG Answer received: !ysfalse
21:14:14,373 py4j.clientserver DEBUG Command to send: r
u
SparkSession
rj
e

21:14:14,407 py4j.clientserver DEBUG Answer received: !ycorg.apache.spark.sql.SparkSession
21:14:14,408 py4j.clientserver DEBUG Command to send: r
m
org.apache.spark.sql.SparkSession
getDefaultSession
e

21:14:14,444 py4j.clientserver DEBUG Answer received: !ym
21:14:14,444 py4j.clientserver DEBUG Command to send: c
z:org.apache.spark.sql.SparkSession
getDefaultSession
e

21:14:14,446 py4j.clientserver DEBUG Answer received: !yro21
21:14:14,446 py4j.clientserver DEBUG Command to send: c
o21
isDefined
e

21:14:14,447 py4j.clientserver DEBUG Answer received: !ybfalse
21:14:14,447 py4j.clientserver DEBUG Command to send: r
u
SparkSession
rj
e

21:14:14,449 py4j.clientserver DEBUG Answer received: !ycorg.apache.spark.sql.SparkSession
21:14:14,449 py4j.clientserver DEBUG Command to send: c
o13
sc
e

21:14:14,449 py4j.clientserver DEBUG Answer received: !yro22
21:14:14,449 py4j.clientserver DEBUG Command to send: i
org.apache.spark.sql.SparkSession
ro22
e

21:14:14,551 py4j.clientserver DEBUG Answer received: !yro23
21:14:14,552 py4j.clientserver DEBUG Command to send: c
o23
sqlContext
e

21:14:14,552 py4j.clientserver DEBUG Answer received: !yro24
21:14:14,552 py4j.clientserver DEBUG Command to send: r
u
SparkSession
rj
e

21:14:14,556 py4j.clientserver DEBUG Answer received: !ycorg.apache.spark.sql.SparkSession
21:14:14,556 py4j.clientserver DEBUG Command to send: r
m
org.apache.spark.sql.SparkSession
setDefaultSession
e

21:14:14,556 py4j.clientserver DEBUG Answer received: !ym
21:14:14,556 py4j.clientserver DEBUG Command to send: c
z:org.apache.spark.sql.SparkSession
setDefaultSession
ro23
e

21:14:14,557 py4j.clientserver DEBUG Answer received: !yv
21:14:14,557 py4j.clientserver DEBUG Command to send: r
u
SparkSession
rj
e

21:14:14,560 py4j.clientserver DEBUG Answer received: !ycorg.apache.spark.sql.SparkSession
21:14:14,560 py4j.clientserver DEBUG Command to send: r
m
org.apache.spark.sql.SparkSession
setActiveSession
e

21:14:14,560 py4j.clientserver DEBUG Answer received: !ym
21:14:14,561 py4j.clientserver DEBUG Command to send: c
z:org.apache.spark.sql.SparkSession
setActiveSession
ro23
e

21:14:14,561 py4j.clientserver DEBUG Answer received: !yv
21:14:14,561 py4j.clientserver DEBUG Command to send: c
o23
sessionState
e

21:14:14,723 py4j.clientserver DEBUG Command to send: m
d
o0
e

21:14:14,723 py4j.clientserver DEBUG Answer received: !yv
21:14:14,723 py4j.clientserver DEBUG Command to send: m
d
o6
e

21:14:14,723 py4j.clientserver DEBUG Answer received: !yv
21:14:14,723 py4j.clientserver DEBUG Command to send: m
d
o7
e

21:14:14,724 py4j.clientserver DEBUG Answer received: !yv
21:14:14,724 py4j.clientserver DEBUG Command to send: m
d
o8
e

21:14:14,726 py4j.clientserver DEBUG Answer received: !yv
21:14:14,726 py4j.clientserver DEBUG Command to send: m
d
o9
e

21:14:14,727 py4j.clientserver DEBUG Answer received: !yv
21:14:14,727 py4j.clientserver DEBUG Command to send: m
d
o10
e

21:14:14,727 py4j.clientserver DEBUG Answer received: !yv
21:14:14,727 py4j.clientserver DEBUG Command to send: m
d
o11
e

21:14:14,727 py4j.clientserver DEBUG Answer received: !yv
21:14:14,728 py4j.clientserver DEBUG Command to send: m
d
o12
e

21:14:14,728 py4j.clientserver DEBUG Answer received: !yv
21:14:14,728 py4j.clientserver DEBUG Command to send: m
d
o14
e

21:14:14,728 py4j.clientserver DEBUG Answer received: !yv
21:14:14,728 py4j.clientserver DEBUG Command to send: m
d
o17
e

21:14:14,728 py4j.clientserver DEBUG Answer received: !yv
21:14:14,729 py4j.clientserver DEBUG Command to send: m
d
o18
e

21:14:14,729 py4j.clientserver DEBUG Answer received: !yv
21:14:14,729 py4j.clientserver DEBUG Command to send: m
d
o19
e

21:14:14,729 py4j.clientserver DEBUG Answer received: !yv
21:14:14,729 py4j.clientserver DEBUG Command to send: m
d
o20
e

21:14:14,730 py4j.clientserver DEBUG Answer received: !yv
21:14:15,991 py4j.clientserver DEBUG Answer received: !yro25
21:14:15,992 py4j.clientserver DEBUG Command to send: c
o25
conf
e

21:14:15,993 py4j.clientserver DEBUG Answer received: !yro26
21:14:15,993 py4j.clientserver DEBUG Command to send: c
o26
setConfString
sspark.master
slocal
e

21:14:15,995 py4j.clientserver DEBUG Answer received: !yv
21:14:15,995 py4j.clientserver DEBUG Command to send: c
o23
sessionState
e

21:14:15,996 py4j.clientserver DEBUG Answer received: !yro27
21:14:15,996 py4j.clientserver DEBUG Command to send: c
o27
conf
e

21:14:15,996 py4j.clientserver DEBUG Answer received: !yro28
21:14:15,997 py4j.clientserver DEBUG Command to send: c
o28
setConfString
sspark.app.name
sapp
e

21:14:15,997 py4j.clientserver DEBUG Answer received: !yv
21:14:15,997 py4j.clientserver DEBUG Command to send: c
o13
setLogLevel
sWARN
e

21:14:15,998 py4j.clientserver DEBUG Answer received: !yv
21:14:15,999 py4j.clientserver DEBUG Command to send: c
o24
read
e

21:14:16,9 py4j.clientserver DEBUG Answer received: !yro29
21:14:16,9 py4j.clientserver DEBUG Command to send: r
u
PythonUtils
rj
e

21:14:16,10 py4j.clientserver DEBUG Answer received: !ycorg.apache.spark.api.python.PythonUtils
21:14:16,10 py4j.clientserver DEBUG Command to send: r
m
org.apache.spark.api.python.PythonUtils
toSeq
e

21:14:16,11 py4j.clientserver DEBUG Answer received: !ym
21:14:16,11 py4j.clientserver DEBUG Command to send: i
java.util.ArrayList
e

21:14:16,11 py4j.clientserver DEBUG Answer received: !ylo30
21:14:16,11 py4j.clientserver DEBUG Command to send: c
o30
add
sC:\\GitRepos\\Springboard\\Capstone\\output\\divs_and_prices\\
e

21:14:16,12 py4j.clientserver DEBUG Answer received: !ybtrue
21:14:16,12 py4j.clientserver DEBUG Command to send: c
z:org.apache.spark.api.python.PythonUtils
toSeq
ro30
e

21:14:16,13 py4j.clientserver DEBUG Answer received: !yro31
21:14:16,13 py4j.clientserver DEBUG Command to send: c
o29
parquet
ro31
e

21:14:16,737 py4j.clientserver DEBUG Command to send: m
d
o30
e

21:14:16,739 py4j.clientserver DEBUG Answer received: !yv
21:14:25,599 py4j.clientserver DEBUG Answer received: !yro32
21:14:25,599 py4j.clientserver DEBUG Command to send: c
o32
createOrReplaceTempView
sall_data
e

21:14:26,36 py4j.clientserver DEBUG Answer received: !yv
21:14:26,36 py4j.clientserver DEBUG Command to send: c
o23
sql
s\n            SELECT \n                b.Ticker,\n                b.FreqType, \n                b.ExDivDate,\n                b.ExDivDays AS b_ExDivDays,\n                a.ExDivDays AS a_ExDivDays,\n                b.AvgPrice AS b_AvgPrice,\n                a.AvgPrice AS a_AvgPrice,\n                b.AdjAmount AS Dividend,\n                b.SandPAvgPrice AS b_SandPAvgPrice,\n                a.SandPAvgPrice AS a_SandPAvgPrice,\n                ((a.AvgPrice + a.AdjAmount) - b.AvgPrice) / b.AvgPrice AS TickerReturn,\n                (a.SandPAvgPrice - b.SandPAvgPrice) / b.SandPAvgPrice AS SandPReturn\n            FROM all_data b\n                INNER JOIN all_data a ON b.Ticker = a.Ticker\n                    AND b.ExDivDate = a.ExDivDate\n            WHERE b.ExDivDays BETWEEN -30 AND -1 \n               AND a.ExDivDays BETWEEN 0 AND 30\n            
e

21:14:26,251 py4j.clientserver DEBUG Answer received: !yro33
21:14:26,251 py4j.clientserver DEBUG Command to send: c
o33
createOrReplaceTempView
sdiv_returns
e

21:14:26,271 py4j.clientserver DEBUG Answer received: !yv
21:14:26,271 py4j.clientserver DEBUG Command to send: c
o23
sql
s\n            SELECT Ticker, \n                b_ExDivDays AS BeforeDays, \n                a_ExDivDays AS AfterDays,\n                COUNT(*) as NumExDivDates,\n                AVG(TickerReturn - SandPReturn) AS ReturnVsSandP\n            FROM div_returns\n            GROUP BY Ticker, b_ExDivDays, a_ExDivDays\n            UNION\n            SELECT 'AllSandP' AS Ticker, \n                b_ExDivDays AS BeforeDays, \n                a_ExDivDays AS AfterDays,\n                COUNT(*) as NumExDivDates,\n                AVG(TickerReturn - SandPReturn) AS ReturnVsSandP\n            FROM div_returns\n            GROUP BY b_ExDivDays, a_ExDivDays            \n            ORDER BY ReturnVsSandP DESC\n            
e

21:14:26,385 py4j.clientserver DEBUG Answer received: !yro34
21:14:26,385 py4j.clientserver DEBUG Command to send: c
o34
write
e

21:14:26,392 py4j.clientserver DEBUG Answer received: !yro35
21:14:26,392 py4j.clientserver DEBUG Command to send: r
u
PythonUtils
rj
e

21:14:26,393 py4j.clientserver DEBUG Answer received: !ycorg.apache.spark.api.python.PythonUtils
21:14:26,393 py4j.clientserver DEBUG Command to send: r
m
org.apache.spark.api.python.PythonUtils
toSeq
e

21:14:26,393 py4j.clientserver DEBUG Answer received: !ym
21:14:26,393 py4j.clientserver DEBUG Command to send: i
java.util.ArrayList
e

21:14:26,394 py4j.clientserver DEBUG Answer received: !ylo36
21:14:26,394 py4j.clientserver DEBUG Command to send: c
o36
add
sTicker
e

21:14:26,394 py4j.clientserver DEBUG Answer received: !ybtrue
21:14:26,394 py4j.clientserver DEBUG Command to send: c
z:org.apache.spark.api.python.PythonUtils
toSeq
ro36
e

21:14:26,394 py4j.clientserver DEBUG Answer received: !yro37
21:14:26,394 py4j.clientserver DEBUG Command to send: c
o35
partitionBy
ro37
e

21:14:26,397 py4j.clientserver DEBUG Answer received: !yro38
21:14:26,397 py4j.clientserver DEBUG Command to send: c
o38
mode
soverwrite
e

21:14:26,397 py4j.clientserver DEBUG Answer received: !yro39
21:14:26,398 py4j.clientserver DEBUG Command to send: c
o39
parquet
soutput/days_returns
e

21:14:26,847 py4j.clientserver DEBUG Command to send: m
d
o36
e

21:14:26,848 py4j.clientserver DEBUG Answer received: !yv
21:16:04,513 py4j.clientserver DEBUG Answer received: !yv
21:16:04,514 root DEBUG success
