15:29:01,260 root DEBUG running analyzer now
15:29:04,378 py4j.java_gateway DEBUG GatewayClient.address is deprecated and will be removed in version 1.0. Use GatewayParameters instead.
15:29:04,379 py4j.clientserver DEBUG Command to send: A
31684562855df56e28c0005aca808bd8e04196ffa19ce4d460f1c580f09f84aa

15:29:04,401 py4j.clientserver DEBUG Answer received: !yv
15:29:04,401 py4j.clientserver DEBUG Command to send: j
i
rj
org.apache.spark.SparkConf
e

15:29:04,403 py4j.clientserver DEBUG Answer received: !yv
15:29:04,403 py4j.clientserver DEBUG Command to send: j
i
rj
org.apache.spark.api.java.*
e

15:29:04,403 py4j.clientserver DEBUG Answer received: !yv
15:29:04,403 py4j.clientserver DEBUG Command to send: j
i
rj
org.apache.spark.api.python.*
e

15:29:04,404 py4j.clientserver DEBUG Answer received: !yv
15:29:04,404 py4j.clientserver DEBUG Command to send: j
i
rj
org.apache.spark.ml.python.*
e

15:29:04,404 py4j.clientserver DEBUG Answer received: !yv
15:29:04,404 py4j.clientserver DEBUG Command to send: j
i
rj
org.apache.spark.mllib.api.python.*
e

15:29:04,404 py4j.clientserver DEBUG Answer received: !yv
15:29:04,404 py4j.clientserver DEBUG Command to send: j
i
rj
org.apache.spark.resource.*
e

15:29:04,405 py4j.clientserver DEBUG Answer received: !yv
15:29:04,405 py4j.clientserver DEBUG Command to send: j
i
rj
org.apache.spark.sql.*
e

15:29:04,405 py4j.clientserver DEBUG Answer received: !yv
15:29:04,405 py4j.clientserver DEBUG Command to send: j
i
rj
org.apache.spark.sql.api.python.*
e

15:29:04,405 py4j.clientserver DEBUG Answer received: !yv
15:29:04,405 py4j.clientserver DEBUG Command to send: j
i
rj
org.apache.spark.sql.hive.*
e

15:29:04,405 py4j.clientserver DEBUG Answer received: !yv
15:29:04,406 py4j.clientserver DEBUG Command to send: j
i
rj
scala.Tuple2
e

15:29:04,406 py4j.clientserver DEBUG Answer received: !yv
15:29:04,406 py4j.clientserver DEBUG Command to send: r
u
SparkConf
rj
e

15:29:04,407 py4j.clientserver DEBUG Answer received: !ycorg.apache.spark.SparkConf
15:29:04,408 py4j.clientserver DEBUG Command to send: i
org.apache.spark.SparkConf
bTrue
e

15:29:04,412 py4j.clientserver DEBUG Answer received: !yro0
15:29:04,413 py4j.clientserver DEBUG Command to send: c
o0
set
sspark.master
slocal
e

15:29:04,420 py4j.clientserver DEBUG Answer received: !yro1
15:29:04,420 py4j.clientserver DEBUG Command to send: c
o0
set
sspark.app.name
sapp
e

15:29:04,421 py4j.clientserver DEBUG Answer received: !yro2
15:29:04,421 py4j.clientserver DEBUG Command to send: c
o0
contains
sspark.serializer.objectStreamReset
e

15:29:04,421 py4j.clientserver DEBUG Answer received: !ybfalse
15:29:04,421 py4j.clientserver DEBUG Command to send: c
o0
set
sspark.serializer.objectStreamReset
s100
e

15:29:04,422 py4j.clientserver DEBUG Answer received: !yro3
15:29:04,422 py4j.clientserver DEBUG Command to send: c
o0
contains
sspark.rdd.compress
e

15:29:04,422 py4j.clientserver DEBUG Answer received: !ybfalse
15:29:04,422 py4j.clientserver DEBUG Command to send: c
o0
set
sspark.rdd.compress
sTrue
e

15:29:04,423 py4j.clientserver DEBUG Answer received: !yro4
15:29:04,423 py4j.clientserver DEBUG Command to send: c
o0
contains
sspark.master
e

15:29:04,423 py4j.clientserver DEBUG Answer received: !ybtrue
15:29:04,423 py4j.clientserver DEBUG Command to send: c
o0
contains
sspark.app.name
e

15:29:04,423 py4j.clientserver DEBUG Answer received: !ybtrue
15:29:04,424 py4j.clientserver DEBUG Command to send: c
o0
contains
sspark.master
e

15:29:04,426 py4j.clientserver DEBUG Answer received: !ybtrue
15:29:04,426 py4j.clientserver DEBUG Command to send: c
o0
get
sspark.master
e

15:29:04,427 py4j.clientserver DEBUG Answer received: !yslocal
15:29:04,427 py4j.clientserver DEBUG Command to send: c
o0
contains
sspark.app.name
e

15:29:04,427 py4j.clientserver DEBUG Answer received: !ybtrue
15:29:04,427 py4j.clientserver DEBUG Command to send: c
o0
get
sspark.app.name
e

15:29:04,428 py4j.clientserver DEBUG Answer received: !ysapp
15:29:04,428 py4j.clientserver DEBUG Command to send: c
o0
contains
sspark.home
e

15:29:04,428 py4j.clientserver DEBUG Answer received: !ybfalse
15:29:04,428 py4j.clientserver DEBUG Command to send: c
o0
getAll
e

15:29:04,429 py4j.clientserver DEBUG Answer received: !yto5
15:29:04,429 py4j.clientserver DEBUG Command to send: a
e
o5
e

15:29:04,429 py4j.clientserver DEBUG Answer received: !yi7
15:29:04,429 py4j.clientserver DEBUG Command to send: a
g
o5
i0
e

15:29:04,430 py4j.clientserver DEBUG Answer received: !yro6
15:29:04,430 py4j.clientserver DEBUG Command to send: c
o6
_1
e

15:29:04,431 py4j.clientserver DEBUG Answer received: !ysspark.master
15:29:04,431 py4j.clientserver DEBUG Command to send: c
o6
_2
e

15:29:04,431 py4j.clientserver DEBUG Answer received: !yslocal
15:29:04,431 py4j.clientserver DEBUG Command to send: a
e
o5
e

15:29:04,431 py4j.clientserver DEBUG Answer received: !yi7
15:29:04,431 py4j.clientserver DEBUG Command to send: a
g
o5
i1
e

15:29:04,432 py4j.clientserver DEBUG Answer received: !yro7
15:29:04,432 py4j.clientserver DEBUG Command to send: c
o7
_1
e

15:29:04,432 py4j.clientserver DEBUG Answer received: !ysspark.app.name
15:29:04,432 py4j.clientserver DEBUG Command to send: c
o7
_2
e

15:29:04,432 py4j.clientserver DEBUG Answer received: !ysapp
15:29:04,433 py4j.clientserver DEBUG Command to send: a
e
o5
e

15:29:04,433 py4j.clientserver DEBUG Answer received: !yi7
15:29:04,433 py4j.clientserver DEBUG Command to send: a
g
o5
i2
e

15:29:04,433 py4j.clientserver DEBUG Answer received: !yro8
15:29:04,433 py4j.clientserver DEBUG Command to send: c
o8
_1
e

15:29:04,433 py4j.clientserver DEBUG Answer received: !ysspark.rdd.compress
15:29:04,434 py4j.clientserver DEBUG Command to send: c
o8
_2
e

15:29:04,434 py4j.clientserver DEBUG Answer received: !ysTrue
15:29:04,434 py4j.clientserver DEBUG Command to send: a
e
o5
e

15:29:04,434 py4j.clientserver DEBUG Answer received: !yi7
15:29:04,434 py4j.clientserver DEBUG Command to send: a
g
o5
i3
e

15:29:04,435 py4j.clientserver DEBUG Answer received: !yro9
15:29:04,435 py4j.clientserver DEBUG Command to send: c
o9
_1
e

15:29:04,435 py4j.clientserver DEBUG Answer received: !ysspark.serializer.objectStreamReset
15:29:04,435 py4j.clientserver DEBUG Command to send: c
o9
_2
e

15:29:04,435 py4j.clientserver DEBUG Answer received: !ys100
15:29:04,436 py4j.clientserver DEBUG Command to send: a
e
o5
e

15:29:04,436 py4j.clientserver DEBUG Answer received: !yi7
15:29:04,436 py4j.clientserver DEBUG Command to send: a
g
o5
i4
e

15:29:04,436 py4j.clientserver DEBUG Answer received: !yro10
15:29:04,436 py4j.clientserver DEBUG Command to send: c
o10
_1
e

15:29:04,437 py4j.clientserver DEBUG Answer received: !ysspark.submit.pyFiles
15:29:04,437 py4j.clientserver DEBUG Command to send: c
o10
_2
e

15:29:04,437 py4j.clientserver DEBUG Answer received: !ys
15:29:04,437 py4j.clientserver DEBUG Command to send: a
e
o5
e

15:29:04,437 py4j.clientserver DEBUG Answer received: !yi7
15:29:04,437 py4j.clientserver DEBUG Command to send: a
g
o5
i5
e

15:29:04,438 py4j.clientserver DEBUG Answer received: !yro11
15:29:04,438 py4j.clientserver DEBUG Command to send: c
o11
_1
e

15:29:04,438 py4j.clientserver DEBUG Answer received: !ysspark.submit.deployMode
15:29:04,438 py4j.clientserver DEBUG Command to send: c
o11
_2
e

15:29:04,438 py4j.clientserver DEBUG Answer received: !ysclient
15:29:04,438 py4j.clientserver DEBUG Command to send: a
e
o5
e

15:29:04,439 py4j.clientserver DEBUG Answer received: !yi7
15:29:04,439 py4j.clientserver DEBUG Command to send: a
g
o5
i6
e

15:29:04,439 py4j.clientserver DEBUG Answer received: !yro12
15:29:04,439 py4j.clientserver DEBUG Command to send: c
o12
_1
e

15:29:04,439 py4j.clientserver DEBUG Answer received: !ysspark.ui.showConsoleProgress
15:29:04,439 py4j.clientserver DEBUG Command to send: c
o12
_2
e

15:29:04,439 py4j.clientserver DEBUG Answer received: !ystrue
15:29:04,440 py4j.clientserver DEBUG Command to send: a
e
o5
e

15:29:04,440 py4j.clientserver DEBUG Answer received: !yi7
15:29:04,440 py4j.clientserver DEBUG Command to send: r
u
JavaSparkContext
rj
e

15:29:04,451 py4j.clientserver DEBUG Answer received: !ycorg.apache.spark.api.java.JavaSparkContext
15:29:04,451 py4j.clientserver DEBUG Command to send: i
org.apache.spark.api.java.JavaSparkContext
ro0
e

15:29:05,380 py4j.clientserver DEBUG Command to send: A
31684562855df56e28c0005aca808bd8e04196ffa19ce4d460f1c580f09f84aa

15:29:05,380 py4j.clientserver DEBUG Answer received: !yv
15:29:05,380 py4j.clientserver DEBUG Command to send: m
d
o1
e

15:29:05,380 py4j.clientserver DEBUG Answer received: !yv
15:29:05,380 py4j.clientserver DEBUG Command to send: m
d
o2
e

15:29:05,380 py4j.clientserver DEBUG Answer received: !yv
15:29:05,380 py4j.clientserver DEBUG Command to send: m
d
o3
e

15:29:05,380 py4j.clientserver DEBUG Answer received: !yv
15:29:05,381 py4j.clientserver DEBUG Command to send: m
d
o4
e

15:29:05,381 py4j.clientserver DEBUG Answer received: !yv
15:29:05,381 py4j.clientserver DEBUG Command to send: m
d
o5
e

15:29:05,381 py4j.clientserver DEBUG Answer received: !yv
15:29:08,46 py4j.clientserver DEBUG Answer received: !yro13
15:29:08,46 py4j.clientserver DEBUG Command to send: c
o13
sc
e

15:29:08,50 py4j.clientserver DEBUG Answer received: !yro14
15:29:08,50 py4j.clientserver DEBUG Command to send: c
o14
conf
e

15:29:08,68 py4j.clientserver DEBUG Answer received: !yro15
15:29:08,79 py4j.clientserver DEBUG Command to send: r
u
PythonAccumulatorV2
rj
e

15:29:08,84 py4j.clientserver DEBUG Answer received: !ycorg.apache.spark.api.python.PythonAccumulatorV2
15:29:08,84 py4j.clientserver DEBUG Command to send: i
org.apache.spark.api.python.PythonAccumulatorV2
s127.0.0.1
i63856
s31684562855df56e28c0005aca808bd8e04196ffa19ce4d460f1c580f09f84aa
e

15:29:08,85 py4j.clientserver DEBUG Answer received: !yro16
15:29:08,85 py4j.clientserver DEBUG Command to send: c
o13
sc
e

15:29:08,85 py4j.clientserver DEBUG Answer received: !yro17
15:29:08,85 py4j.clientserver DEBUG Command to send: c
o17
register
ro16
e

15:29:08,89 py4j.clientserver DEBUG Answer received: !yv
15:29:08,89 py4j.clientserver DEBUG Command to send: r
u
PythonUtils
rj
e

15:29:08,91 py4j.clientserver DEBUG Answer received: !ycorg.apache.spark.api.python.PythonUtils
15:29:08,91 py4j.clientserver DEBUG Command to send: r
m
org.apache.spark.api.python.PythonUtils
isEncryptionEnabled
e

15:29:08,92 py4j.clientserver DEBUG Answer received: !ym
15:29:08,92 py4j.clientserver DEBUG Command to send: c
z:org.apache.spark.api.python.PythonUtils
isEncryptionEnabled
ro13
e

15:29:08,94 py4j.clientserver DEBUG Answer received: !ybfalse
15:29:08,94 py4j.clientserver DEBUG Command to send: r
u
PythonUtils
rj
e

15:29:08,96 py4j.clientserver DEBUG Answer received: !ycorg.apache.spark.api.python.PythonUtils
15:29:08,96 py4j.clientserver DEBUG Command to send: r
m
org.apache.spark.api.python.PythonUtils
getPythonAuthSocketTimeout
e

15:29:08,97 py4j.clientserver DEBUG Answer received: !ym
15:29:08,97 py4j.clientserver DEBUG Command to send: c
z:org.apache.spark.api.python.PythonUtils
getPythonAuthSocketTimeout
ro13
e

15:29:08,97 py4j.clientserver DEBUG Answer received: !yL15
15:29:08,98 py4j.clientserver DEBUG Command to send: r
u
PythonUtils
rj
e

15:29:08,99 py4j.clientserver DEBUG Answer received: !ycorg.apache.spark.api.python.PythonUtils
15:29:08,100 py4j.clientserver DEBUG Command to send: r
m
org.apache.spark.api.python.PythonUtils
getSparkBufferSize
e

15:29:08,100 py4j.clientserver DEBUG Answer received: !ym
15:29:08,100 py4j.clientserver DEBUG Command to send: c
z:org.apache.spark.api.python.PythonUtils
getSparkBufferSize
ro13
e

15:29:08,100 py4j.clientserver DEBUG Answer received: !yi65536
15:29:08,101 py4j.clientserver DEBUG Command to send: r
u
org
rj
e

15:29:08,105 py4j.clientserver DEBUG Answer received: !yp
15:29:08,105 py4j.clientserver DEBUG Command to send: r
u
org.apache
rj
e

15:29:08,106 py4j.clientserver DEBUG Answer received: !yp
15:29:08,106 py4j.clientserver DEBUG Command to send: r
u
org.apache.spark
rj
e

15:29:08,107 py4j.clientserver DEBUG Answer received: !yp
15:29:08,107 py4j.clientserver DEBUG Command to send: r
u
org.apache.spark.SparkFiles
rj
e

15:29:08,108 py4j.clientserver DEBUG Answer received: !ycorg.apache.spark.SparkFiles
15:29:08,108 py4j.clientserver DEBUG Command to send: r
m
org.apache.spark.SparkFiles
getRootDirectory
e

15:29:08,108 py4j.clientserver DEBUG Answer received: !ym
15:29:08,109 py4j.clientserver DEBUG Command to send: c
z:org.apache.spark.SparkFiles
getRootDirectory
e

15:29:08,110 py4j.clientserver DEBUG Answer received: !ysC:\\Users\\danie\\AppData\\Local\\Temp\\spark-2c468967-e735-4b65-b808-7dcc8d02d34e\\userFiles-6f896d37-c731-42c4-9e54-1206a84f3716
15:29:08,111 py4j.clientserver DEBUG Command to send: c
o15
get
sspark.submit.pyFiles
s
e

15:29:08,111 py4j.clientserver DEBUG Answer received: !ys
15:29:08,111 py4j.clientserver DEBUG Command to send: r
u
org
rj
e

15:29:08,115 py4j.clientserver DEBUG Answer received: !yp
15:29:08,116 py4j.clientserver DEBUG Command to send: r
u
org.apache
rj
e

15:29:08,116 py4j.clientserver DEBUG Answer received: !yp
15:29:08,117 py4j.clientserver DEBUG Command to send: r
u
org.apache.spark
rj
e

15:29:08,117 py4j.clientserver DEBUG Answer received: !yp
15:29:08,118 py4j.clientserver DEBUG Command to send: r
u
org.apache.spark.util
rj
e

15:29:08,119 py4j.clientserver DEBUG Answer received: !yp
15:29:08,119 py4j.clientserver DEBUG Command to send: r
u
org.apache.spark.util.Utils
rj
e

15:29:08,122 py4j.clientserver DEBUG Answer received: !ycorg.apache.spark.util.Utils
15:29:08,122 py4j.clientserver DEBUG Command to send: r
m
org.apache.spark.util.Utils
getLocalDir
e

15:29:08,136 py4j.clientserver DEBUG Answer received: !ym
15:29:08,137 py4j.clientserver DEBUG Command to send: c
o13
sc
e

15:29:08,137 py4j.clientserver DEBUG Answer received: !yro18
15:29:08,137 py4j.clientserver DEBUG Command to send: c
o18
conf
e

15:29:08,137 py4j.clientserver DEBUG Answer received: !yro19
15:29:08,137 py4j.clientserver DEBUG Command to send: c
z:org.apache.spark.util.Utils
getLocalDir
ro19
e

15:29:08,138 py4j.clientserver DEBUG Answer received: !ysC:\\Users\\danie\\AppData\\Local\\Temp\\spark-2c468967-e735-4b65-b808-7dcc8d02d34e
15:29:08,138 py4j.clientserver DEBUG Command to send: r
u
org
rj
e

15:29:08,141 py4j.clientserver DEBUG Answer received: !yp
15:29:08,141 py4j.clientserver DEBUG Command to send: r
u
org.apache
rj
e

15:29:08,142 py4j.clientserver DEBUG Answer received: !yp
15:29:08,142 py4j.clientserver DEBUG Command to send: r
u
org.apache.spark
rj
e

15:29:08,143 py4j.clientserver DEBUG Answer received: !yp
15:29:08,143 py4j.clientserver DEBUG Command to send: r
u
org.apache.spark.util
rj
e

15:29:08,143 py4j.clientserver DEBUG Answer received: !yp
15:29:08,143 py4j.clientserver DEBUG Command to send: r
u
org.apache.spark.util.Utils
rj
e

15:29:08,144 py4j.clientserver DEBUG Answer received: !ycorg.apache.spark.util.Utils
15:29:08,144 py4j.clientserver DEBUG Command to send: r
m
org.apache.spark.util.Utils
createTempDir
e

15:29:08,144 py4j.clientserver DEBUG Answer received: !ym
15:29:08,144 py4j.clientserver DEBUG Command to send: c
z:org.apache.spark.util.Utils
createTempDir
sC:\\Users\\danie\\AppData\\Local\\Temp\\spark-2c468967-e735-4b65-b808-7dcc8d02d34e
spyspark
e

15:29:08,146 py4j.clientserver DEBUG Answer received: !yro20
15:29:08,146 py4j.clientserver DEBUG Command to send: c
o20
getAbsolutePath
e

15:29:08,147 py4j.clientserver DEBUG Answer received: !ysC:\\Users\\danie\\AppData\\Local\\Temp\\spark-2c468967-e735-4b65-b808-7dcc8d02d34e\\pyspark-471b4f8f-6f62-44c9-829d-a6b817240a29
15:29:08,147 py4j.clientserver DEBUG Command to send: c
o15
get
sspark.python.profile
sfalse
e

15:29:08,148 py4j.clientserver DEBUG Answer received: !ysfalse
15:29:08,148 py4j.clientserver DEBUG Command to send: r
u
SparkSession
rj
e

15:29:08,185 py4j.clientserver DEBUG Answer received: !ycorg.apache.spark.sql.SparkSession
15:29:08,185 py4j.clientserver DEBUG Command to send: r
m
org.apache.spark.sql.SparkSession
getDefaultSession
e

15:29:08,235 py4j.clientserver DEBUG Answer received: !ym
15:29:08,235 py4j.clientserver DEBUG Command to send: c
z:org.apache.spark.sql.SparkSession
getDefaultSession
e

15:29:08,237 py4j.clientserver DEBUG Answer received: !yro21
15:29:08,237 py4j.clientserver DEBUG Command to send: c
o21
isDefined
e

15:29:08,238 py4j.clientserver DEBUG Answer received: !ybfalse
15:29:08,238 py4j.clientserver DEBUG Command to send: r
u
SparkSession
rj
e

15:29:08,241 py4j.clientserver DEBUG Answer received: !ycorg.apache.spark.sql.SparkSession
15:29:08,241 py4j.clientserver DEBUG Command to send: c
o13
sc
e

15:29:08,241 py4j.clientserver DEBUG Answer received: !yro22
15:29:08,241 py4j.clientserver DEBUG Command to send: i
org.apache.spark.sql.SparkSession
ro22
e

15:29:08,339 py4j.clientserver DEBUG Answer received: !yro23
15:29:08,340 py4j.clientserver DEBUG Command to send: c
o23
sqlContext
e

15:29:08,340 py4j.clientserver DEBUG Answer received: !yro24
15:29:08,340 py4j.clientserver DEBUG Command to send: r
u
SparkSession
rj
e

15:29:08,342 py4j.clientserver DEBUG Answer received: !ycorg.apache.spark.sql.SparkSession
15:29:08,342 py4j.clientserver DEBUG Command to send: r
m
org.apache.spark.sql.SparkSession
setDefaultSession
e

15:29:08,342 py4j.clientserver DEBUG Answer received: !ym
15:29:08,342 py4j.clientserver DEBUG Command to send: c
z:org.apache.spark.sql.SparkSession
setDefaultSession
ro23
e

15:29:08,343 py4j.clientserver DEBUG Answer received: !yv
15:29:08,343 py4j.clientserver DEBUG Command to send: r
u
SparkSession
rj
e

15:29:08,345 py4j.clientserver DEBUG Answer received: !ycorg.apache.spark.sql.SparkSession
15:29:08,345 py4j.clientserver DEBUG Command to send: r
m
org.apache.spark.sql.SparkSession
setActiveSession
e

15:29:08,345 py4j.clientserver DEBUG Answer received: !ym
15:29:08,345 py4j.clientserver DEBUG Command to send: c
z:org.apache.spark.sql.SparkSession
setActiveSession
ro23
e

15:29:08,345 py4j.clientserver DEBUG Answer received: !yv
15:29:08,345 py4j.clientserver DEBUG Command to send: c
o23
sessionState
e

15:29:08,413 py4j.clientserver DEBUG Command to send: m
d
o0
e

15:29:08,413 py4j.clientserver DEBUG Answer received: !yv
15:29:08,414 py4j.clientserver DEBUG Command to send: m
d
o6
e

15:29:08,414 py4j.clientserver DEBUG Answer received: !yv
15:29:08,414 py4j.clientserver DEBUG Command to send: m
d
o7
e

15:29:08,414 py4j.clientserver DEBUG Answer received: !yv
15:29:08,414 py4j.clientserver DEBUG Command to send: m
d
o8
e

15:29:08,414 py4j.clientserver DEBUG Answer received: !yv
15:29:08,414 py4j.clientserver DEBUG Command to send: m
d
o9
e

15:29:08,415 py4j.clientserver DEBUG Answer received: !yv
15:29:08,415 py4j.clientserver DEBUG Command to send: m
d
o10
e

15:29:08,415 py4j.clientserver DEBUG Answer received: !yv
15:29:08,415 py4j.clientserver DEBUG Command to send: m
d
o11
e

15:29:08,415 py4j.clientserver DEBUG Answer received: !yv
15:29:08,415 py4j.clientserver DEBUG Command to send: m
d
o12
e

15:29:08,416 py4j.clientserver DEBUG Answer received: !yv
15:29:08,416 py4j.clientserver DEBUG Command to send: m
d
o14
e

15:29:08,416 py4j.clientserver DEBUG Answer received: !yv
15:29:09,596 py4j.clientserver DEBUG Answer received: !yro25
15:29:09,596 py4j.clientserver DEBUG Command to send: c
o25
conf
e

15:29:09,598 py4j.clientserver DEBUG Answer received: !yro26
15:29:09,598 py4j.clientserver DEBUG Command to send: c
o26
setConfString
sspark.master
slocal
e

15:29:09,599 py4j.clientserver DEBUG Answer received: !yv
15:29:09,600 py4j.clientserver DEBUG Command to send: c
o23
sessionState
e

15:29:09,600 py4j.clientserver DEBUG Answer received: !yro27
15:29:09,600 py4j.clientserver DEBUG Command to send: c
o27
conf
e

15:29:09,600 py4j.clientserver DEBUG Answer received: !yro28
15:29:09,600 py4j.clientserver DEBUG Command to send: c
o28
setConfString
sspark.app.name
sapp
e

15:29:09,601 py4j.clientserver DEBUG Answer received: !yv
15:29:09,601 py4j.clientserver DEBUG Command to send: c
o13
setLogLevel
sWARN
e

15:29:09,602 py4j.clientserver DEBUG Answer received: !yv
15:29:09,602 py4j.clientserver DEBUG Command to send: c
o24
read
e

15:29:09,611 py4j.clientserver DEBUG Answer received: !yro29
15:29:09,611 py4j.clientserver DEBUG Command to send: r
u
PythonUtils
rj
e

15:29:09,612 py4j.clientserver DEBUG Answer received: !ycorg.apache.spark.api.python.PythonUtils
15:29:09,612 py4j.clientserver DEBUG Command to send: r
m
org.apache.spark.api.python.PythonUtils
toSeq
e

15:29:09,612 py4j.clientserver DEBUG Answer received: !ym
15:29:09,613 py4j.clientserver DEBUG Command to send: i
java.util.ArrayList
e

15:29:09,613 py4j.clientserver DEBUG Answer received: !ylo30
15:29:09,613 py4j.clientserver DEBUG Command to send: c
o30
add
sC:\\GitRepos\\Springboard\\Capstone\\output\\divs_and_prices\\
e

15:29:09,614 py4j.clientserver DEBUG Answer received: !ybtrue
15:29:09,614 py4j.clientserver DEBUG Command to send: c
z:org.apache.spark.api.python.PythonUtils
toSeq
ro30
e

15:29:09,615 py4j.clientserver DEBUG Answer received: !yro31
15:29:09,615 py4j.clientserver DEBUG Command to send: c
o29
parquet
ro31
e

15:29:10,433 py4j.clientserver DEBUG Command to send: m
d
o30
e

15:29:10,434 py4j.clientserver DEBUG Answer received: !yv
15:29:17,353 py4j.clientserver DEBUG Answer received: !yro32
15:29:17,353 py4j.clientserver DEBUG Command to send: c
o32
createOrReplaceTempView
sdivs
e

15:29:17,802 py4j.clientserver DEBUG Answer received: !yv
15:29:17,802 py4j.clientserver DEBUG Command to send: c
o23
sql
sselect * from divs where ExDivDays = 0
e

15:29:17,913 py4j.clientserver DEBUG Answer received: !yro33
15:29:17,914 py4j.clientserver DEBUG Command to send: c
o23
sessionState
e

15:29:17,914 py4j.clientserver DEBUG Answer received: !yro34
15:29:17,914 py4j.clientserver DEBUG Command to send: c
o34
conf
e

15:29:17,914 py4j.clientserver DEBUG Answer received: !yro35
15:29:17,914 py4j.clientserver DEBUG Command to send: c
o35
isReplEagerEvalEnabled
e

15:29:17,915 py4j.clientserver DEBUG Answer received: !ybfalse
15:29:17,915 py4j.clientserver DEBUG Command to send: c
o33
schema
e

15:29:17,916 py4j.clientserver DEBUG Answer received: !yro36
15:29:17,916 py4j.clientserver DEBUG Command to send: c
o36
json
e

15:29:17,941 py4j.clientserver DEBUG Answer received: !ys{"type":"struct","fields":[{"name":"FreqType","type":"string","nullable":true,"metadata":{}},{"name":"ExDivDate","type":"timestamp","nullable":true,"metadata":{}},{"name":"AdjAmount","type":"float","nullable":true,"metadata":{}},{"name":"PriceDate","type":"timestamp","nullable":true,"metadata":{}},{"name":"ExDivDays","type":"integer","nullable":true,"metadata":{}},{"name":"AvgPrice","type":"float","nullable":true,"metadata":{}},{"name":"SandPAvgPrice","type":"float","nullable":true,"metadata":{}},{"name":"Ticker","type":"string","nullable":true,"metadata":{}}]}
15:29:17,942 root DEBUG success
