20:26:17,598 root DEBUG running analyzer now
20:26:20,830 py4j.java_gateway DEBUG GatewayClient.address is deprecated and will be removed in version 1.0. Use GatewayParameters instead.
20:26:20,836 py4j.clientserver DEBUG Command to send: A
951a76df39523e72e7d62fab3e9088ea3638126d5aeea477cb3c3137a9d78077

20:26:20,860 py4j.clientserver DEBUG Answer received: !yv
20:26:20,861 py4j.clientserver DEBUG Command to send: j
i
rj
org.apache.spark.SparkConf
e

20:26:20,863 py4j.clientserver DEBUG Answer received: !yv
20:26:20,863 py4j.clientserver DEBUG Command to send: j
i
rj
org.apache.spark.api.java.*
e

20:26:20,863 py4j.clientserver DEBUG Answer received: !yv
20:26:20,864 py4j.clientserver DEBUG Command to send: j
i
rj
org.apache.spark.api.python.*
e

20:26:20,864 py4j.clientserver DEBUG Answer received: !yv
20:26:20,864 py4j.clientserver DEBUG Command to send: j
i
rj
org.apache.spark.ml.python.*
e

20:26:20,864 py4j.clientserver DEBUG Answer received: !yv
20:26:20,864 py4j.clientserver DEBUG Command to send: j
i
rj
org.apache.spark.mllib.api.python.*
e

20:26:20,865 py4j.clientserver DEBUG Answer received: !yv
20:26:20,865 py4j.clientserver DEBUG Command to send: j
i
rj
org.apache.spark.resource.*
e

20:26:20,865 py4j.clientserver DEBUG Answer received: !yv
20:26:20,865 py4j.clientserver DEBUG Command to send: j
i
rj
org.apache.spark.sql.*
e

20:26:20,866 py4j.clientserver DEBUG Answer received: !yv
20:26:20,866 py4j.clientserver DEBUG Command to send: j
i
rj
org.apache.spark.sql.api.python.*
e

20:26:20,866 py4j.clientserver DEBUG Answer received: !yv
20:26:20,866 py4j.clientserver DEBUG Command to send: j
i
rj
org.apache.spark.sql.hive.*
e

20:26:20,867 py4j.clientserver DEBUG Answer received: !yv
20:26:20,867 py4j.clientserver DEBUG Command to send: j
i
rj
scala.Tuple2
e

20:26:20,867 py4j.clientserver DEBUG Answer received: !yv
20:26:20,867 py4j.clientserver DEBUG Command to send: r
u
SparkConf
rj
e

20:26:20,869 py4j.clientserver DEBUG Answer received: !ycorg.apache.spark.SparkConf
20:26:20,869 py4j.clientserver DEBUG Command to send: i
org.apache.spark.SparkConf
bTrue
e

20:26:20,874 py4j.clientserver DEBUG Answer received: !yro0
20:26:20,875 py4j.clientserver DEBUG Command to send: c
o0
set
sspark.master
slocal
e

20:26:20,882 py4j.clientserver DEBUG Answer received: !yro1
20:26:20,882 py4j.clientserver DEBUG Command to send: c
o0
set
sspark.app.name
sapp
e

20:26:20,882 py4j.clientserver DEBUG Answer received: !yro2
20:26:20,883 py4j.clientserver DEBUG Command to send: c
o0
contains
sspark.serializer.objectStreamReset
e

20:26:20,883 py4j.clientserver DEBUG Answer received: !ybfalse
20:26:20,883 py4j.clientserver DEBUG Command to send: c
o0
set
sspark.serializer.objectStreamReset
s100
e

20:26:20,884 py4j.clientserver DEBUG Answer received: !yro3
20:26:20,884 py4j.clientserver DEBUG Command to send: c
o0
contains
sspark.rdd.compress
e

20:26:20,884 py4j.clientserver DEBUG Answer received: !ybfalse
20:26:20,884 py4j.clientserver DEBUG Command to send: c
o0
set
sspark.rdd.compress
sTrue
e

20:26:20,884 py4j.clientserver DEBUG Answer received: !yro4
20:26:20,885 py4j.clientserver DEBUG Command to send: c
o0
contains
sspark.master
e

20:26:20,885 py4j.clientserver DEBUG Answer received: !ybtrue
20:26:20,885 py4j.clientserver DEBUG Command to send: c
o0
contains
sspark.app.name
e

20:26:20,885 py4j.clientserver DEBUG Answer received: !ybtrue
20:26:20,885 py4j.clientserver DEBUG Command to send: c
o0
contains
sspark.master
e

20:26:20,886 py4j.clientserver DEBUG Answer received: !ybtrue
20:26:20,886 py4j.clientserver DEBUG Command to send: c
o0
get
sspark.master
e

20:26:20,888 py4j.clientserver DEBUG Answer received: !yslocal
20:26:20,888 py4j.clientserver DEBUG Command to send: c
o0
contains
sspark.app.name
e

20:26:20,888 py4j.clientserver DEBUG Answer received: !ybtrue
20:26:20,889 py4j.clientserver DEBUG Command to send: c
o0
get
sspark.app.name
e

20:26:20,889 py4j.clientserver DEBUG Answer received: !ysapp
20:26:20,889 py4j.clientserver DEBUG Command to send: c
o0
contains
sspark.home
e

20:26:20,889 py4j.clientserver DEBUG Answer received: !ybfalse
20:26:20,890 py4j.clientserver DEBUG Command to send: c
o0
getAll
e

20:26:20,890 py4j.clientserver DEBUG Answer received: !yto5
20:26:20,890 py4j.clientserver DEBUG Command to send: a
e
o5
e

20:26:20,891 py4j.clientserver DEBUG Answer received: !yi7
20:26:20,891 py4j.clientserver DEBUG Command to send: a
g
o5
i0
e

20:26:20,891 py4j.clientserver DEBUG Answer received: !yro6
20:26:20,891 py4j.clientserver DEBUG Command to send: c
o6
_1
e

20:26:20,892 py4j.clientserver DEBUG Answer received: !ysspark.master
20:26:20,892 py4j.clientserver DEBUG Command to send: c
o6
_2
e

20:26:20,892 py4j.clientserver DEBUG Answer received: !yslocal
20:26:20,892 py4j.clientserver DEBUG Command to send: a
e
o5
e

20:26:20,892 py4j.clientserver DEBUG Answer received: !yi7
20:26:20,893 py4j.clientserver DEBUG Command to send: a
g
o5
i1
e

20:26:20,893 py4j.clientserver DEBUG Answer received: !yro7
20:26:20,893 py4j.clientserver DEBUG Command to send: c
o7
_1
e

20:26:20,893 py4j.clientserver DEBUG Answer received: !ysspark.app.name
20:26:20,893 py4j.clientserver DEBUG Command to send: c
o7
_2
e

20:26:20,894 py4j.clientserver DEBUG Answer received: !ysapp
20:26:20,894 py4j.clientserver DEBUG Command to send: a
e
o5
e

20:26:20,894 py4j.clientserver DEBUG Answer received: !yi7
20:26:20,894 py4j.clientserver DEBUG Command to send: a
g
o5
i2
e

20:26:20,894 py4j.clientserver DEBUG Answer received: !yro8
20:26:20,895 py4j.clientserver DEBUG Command to send: c
o8
_1
e

20:26:20,895 py4j.clientserver DEBUG Answer received: !ysspark.rdd.compress
20:26:20,895 py4j.clientserver DEBUG Command to send: c
o8
_2
e

20:26:20,896 py4j.clientserver DEBUG Answer received: !ysTrue
20:26:20,896 py4j.clientserver DEBUG Command to send: a
e
o5
e

20:26:20,896 py4j.clientserver DEBUG Answer received: !yi7
20:26:20,896 py4j.clientserver DEBUG Command to send: a
g
o5
i3
e

20:26:20,896 py4j.clientserver DEBUG Answer received: !yro9
20:26:20,896 py4j.clientserver DEBUG Command to send: c
o9
_1
e

20:26:20,897 py4j.clientserver DEBUG Answer received: !ysspark.serializer.objectStreamReset
20:26:20,897 py4j.clientserver DEBUG Command to send: c
o9
_2
e

20:26:20,897 py4j.clientserver DEBUG Answer received: !ys100
20:26:20,897 py4j.clientserver DEBUG Command to send: a
e
o5
e

20:26:20,897 py4j.clientserver DEBUG Answer received: !yi7
20:26:20,897 py4j.clientserver DEBUG Command to send: a
g
o5
i4
e

20:26:20,897 py4j.clientserver DEBUG Answer received: !yro10
20:26:20,898 py4j.clientserver DEBUG Command to send: c
o10
_1
e

20:26:20,898 py4j.clientserver DEBUG Answer received: !ysspark.submit.pyFiles
20:26:20,898 py4j.clientserver DEBUG Command to send: c
o10
_2
e

20:26:20,898 py4j.clientserver DEBUG Answer received: !ys
20:26:20,898 py4j.clientserver DEBUG Command to send: a
e
o5
e

20:26:20,898 py4j.clientserver DEBUG Answer received: !yi7
20:26:20,899 py4j.clientserver DEBUG Command to send: a
g
o5
i5
e

20:26:20,899 py4j.clientserver DEBUG Answer received: !yro11
20:26:20,899 py4j.clientserver DEBUG Command to send: c
o11
_1
e

20:26:20,899 py4j.clientserver DEBUG Answer received: !ysspark.submit.deployMode
20:26:20,899 py4j.clientserver DEBUG Command to send: c
o11
_2
e

20:26:20,899 py4j.clientserver DEBUG Answer received: !ysclient
20:26:20,899 py4j.clientserver DEBUG Command to send: a
e
o5
e

20:26:20,900 py4j.clientserver DEBUG Answer received: !yi7
20:26:20,900 py4j.clientserver DEBUG Command to send: a
g
o5
i6
e

20:26:20,900 py4j.clientserver DEBUG Answer received: !yro12
20:26:20,900 py4j.clientserver DEBUG Command to send: c
o12
_1
e

20:26:20,900 py4j.clientserver DEBUG Answer received: !ysspark.ui.showConsoleProgress
20:26:20,900 py4j.clientserver DEBUG Command to send: c
o12
_2
e

20:26:20,900 py4j.clientserver DEBUG Answer received: !ystrue
20:26:20,901 py4j.clientserver DEBUG Command to send: a
e
o5
e

20:26:20,901 py4j.clientserver DEBUG Answer received: !yi7
20:26:20,901 py4j.clientserver DEBUG Command to send: r
u
JavaSparkContext
rj
e

20:26:20,915 py4j.clientserver DEBUG Answer received: !ycorg.apache.spark.api.java.JavaSparkContext
20:26:20,915 py4j.clientserver DEBUG Command to send: i
org.apache.spark.api.java.JavaSparkContext
ro0
e

20:26:21,832 py4j.clientserver DEBUG Command to send: A
951a76df39523e72e7d62fab3e9088ea3638126d5aeea477cb3c3137a9d78077

20:26:21,832 py4j.clientserver DEBUG Answer received: !yv
20:26:21,832 py4j.clientserver DEBUG Command to send: m
d
o1
e

20:26:21,833 py4j.clientserver DEBUG Answer received: !yv
20:26:21,833 py4j.clientserver DEBUG Command to send: m
d
o2
e

20:26:21,833 py4j.clientserver DEBUG Answer received: !yv
20:26:21,833 py4j.clientserver DEBUG Command to send: m
d
o3
e

20:26:21,833 py4j.clientserver DEBUG Answer received: !yv
20:26:21,833 py4j.clientserver DEBUG Command to send: m
d
o4
e

20:26:21,833 py4j.clientserver DEBUG Answer received: !yv
20:26:21,834 py4j.clientserver DEBUG Command to send: m
d
o5
e

20:26:21,834 py4j.clientserver DEBUG Answer received: !yv
20:26:24,319 py4j.clientserver DEBUG Answer received: !yro13
20:26:24,320 py4j.clientserver DEBUG Command to send: c
o13
sc
e

20:26:24,324 py4j.clientserver DEBUG Answer received: !yro14
20:26:24,324 py4j.clientserver DEBUG Command to send: c
o14
conf
e

20:26:24,343 py4j.clientserver DEBUG Answer received: !yro15
20:26:24,355 py4j.clientserver DEBUG Command to send: r
u
PythonAccumulatorV2
rj
e

20:26:24,358 py4j.clientserver DEBUG Answer received: !ycorg.apache.spark.api.python.PythonAccumulatorV2
20:26:24,358 py4j.clientserver DEBUG Command to send: i
org.apache.spark.api.python.PythonAccumulatorV2
s127.0.0.1
i51648
s951a76df39523e72e7d62fab3e9088ea3638126d5aeea477cb3c3137a9d78077
e

20:26:24,359 py4j.clientserver DEBUG Answer received: !yro16
20:26:24,359 py4j.clientserver DEBUG Command to send: c
o13
sc
e

20:26:24,359 py4j.clientserver DEBUG Answer received: !yro17
20:26:24,360 py4j.clientserver DEBUG Command to send: c
o17
register
ro16
e

20:26:24,364 py4j.clientserver DEBUG Answer received: !yv
20:26:24,364 py4j.clientserver DEBUG Command to send: r
u
PythonUtils
rj
e

20:26:24,366 py4j.clientserver DEBUG Answer received: !ycorg.apache.spark.api.python.PythonUtils
20:26:24,366 py4j.clientserver DEBUG Command to send: r
m
org.apache.spark.api.python.PythonUtils
isEncryptionEnabled
e

20:26:24,367 py4j.clientserver DEBUG Answer received: !ym
20:26:24,367 py4j.clientserver DEBUG Command to send: c
z:org.apache.spark.api.python.PythonUtils
isEncryptionEnabled
ro13
e

20:26:24,369 py4j.clientserver DEBUG Answer received: !ybfalse
20:26:24,369 py4j.clientserver DEBUG Command to send: r
u
PythonUtils
rj
e

20:26:24,371 py4j.clientserver DEBUG Answer received: !ycorg.apache.spark.api.python.PythonUtils
20:26:24,371 py4j.clientserver DEBUG Command to send: r
m
org.apache.spark.api.python.PythonUtils
getPythonAuthSocketTimeout
e

20:26:24,371 py4j.clientserver DEBUG Answer received: !ym
20:26:24,372 py4j.clientserver DEBUG Command to send: c
z:org.apache.spark.api.python.PythonUtils
getPythonAuthSocketTimeout
ro13
e

20:26:24,372 py4j.clientserver DEBUG Answer received: !yL15
20:26:24,372 py4j.clientserver DEBUG Command to send: r
u
PythonUtils
rj
e

20:26:24,374 py4j.clientserver DEBUG Answer received: !ycorg.apache.spark.api.python.PythonUtils
20:26:24,374 py4j.clientserver DEBUG Command to send: r
m
org.apache.spark.api.python.PythonUtils
getSparkBufferSize
e

20:26:24,374 py4j.clientserver DEBUG Answer received: !ym
20:26:24,374 py4j.clientserver DEBUG Command to send: c
z:org.apache.spark.api.python.PythonUtils
getSparkBufferSize
ro13
e

20:26:24,375 py4j.clientserver DEBUG Answer received: !yi65536
20:26:24,375 py4j.clientserver DEBUG Command to send: r
u
org
rj
e

20:26:24,379 py4j.clientserver DEBUG Answer received: !yp
20:26:24,379 py4j.clientserver DEBUG Command to send: r
u
org.apache
rj
e

20:26:24,380 py4j.clientserver DEBUG Answer received: !yp
20:26:24,380 py4j.clientserver DEBUG Command to send: r
u
org.apache.spark
rj
e

20:26:24,381 py4j.clientserver DEBUG Answer received: !yp
20:26:24,382 py4j.clientserver DEBUG Command to send: r
u
org.apache.spark.SparkFiles
rj
e

20:26:24,382 py4j.clientserver DEBUG Answer received: !ycorg.apache.spark.SparkFiles
20:26:24,383 py4j.clientserver DEBUG Command to send: r
m
org.apache.spark.SparkFiles
getRootDirectory
e

20:26:24,383 py4j.clientserver DEBUG Answer received: !ym
20:26:24,383 py4j.clientserver DEBUG Command to send: c
z:org.apache.spark.SparkFiles
getRootDirectory
e

20:26:24,384 py4j.clientserver DEBUG Answer received: !ysC:\\Users\\danie\\AppData\\Local\\Temp\\spark-7fe15d0c-6672-4b6e-86ef-1dede77c1822\\userFiles-24e912bd-05be-4224-a370-c7d3945cc74c
20:26:24,385 py4j.clientserver DEBUG Command to send: c
o15
get
sspark.submit.pyFiles
s
e

20:26:24,385 py4j.clientserver DEBUG Answer received: !ys
20:26:24,385 py4j.clientserver DEBUG Command to send: r
u
org
rj
e

20:26:24,389 py4j.clientserver DEBUG Answer received: !yp
20:26:24,389 py4j.clientserver DEBUG Command to send: r
u
org.apache
rj
e

20:26:24,390 py4j.clientserver DEBUG Answer received: !yp
20:26:24,390 py4j.clientserver DEBUG Command to send: r
u
org.apache.spark
rj
e

20:26:24,390 py4j.clientserver DEBUG Answer received: !yp
20:26:24,391 py4j.clientserver DEBUG Command to send: r
u
org.apache.spark.util
rj
e

20:26:24,391 py4j.clientserver DEBUG Answer received: !yp
20:26:24,391 py4j.clientserver DEBUG Command to send: r
u
org.apache.spark.util.Utils
rj
e

20:26:24,394 py4j.clientserver DEBUG Answer received: !ycorg.apache.spark.util.Utils
20:26:24,394 py4j.clientserver DEBUG Command to send: r
m
org.apache.spark.util.Utils
getLocalDir
e

20:26:24,398 py4j.clientserver DEBUG Answer received: !ym
20:26:24,398 py4j.clientserver DEBUG Command to send: c
o13
sc
e

20:26:24,398 py4j.clientserver DEBUG Answer received: !yro18
20:26:24,398 py4j.clientserver DEBUG Command to send: c
o18
conf
e

20:26:24,399 py4j.clientserver DEBUG Answer received: !yro19
20:26:24,399 py4j.clientserver DEBUG Command to send: c
z:org.apache.spark.util.Utils
getLocalDir
ro19
e

20:26:24,399 py4j.clientserver DEBUG Answer received: !ysC:\\Users\\danie\\AppData\\Local\\Temp\\spark-7fe15d0c-6672-4b6e-86ef-1dede77c1822
20:26:24,399 py4j.clientserver DEBUG Command to send: r
u
org
rj
e

20:26:24,403 py4j.clientserver DEBUG Answer received: !yp
20:26:24,403 py4j.clientserver DEBUG Command to send: r
u
org.apache
rj
e

20:26:24,404 py4j.clientserver DEBUG Answer received: !yp
20:26:24,404 py4j.clientserver DEBUG Command to send: r
u
org.apache.spark
rj
e

20:26:24,405 py4j.clientserver DEBUG Answer received: !yp
20:26:24,405 py4j.clientserver DEBUG Command to send: r
u
org.apache.spark.util
rj
e

20:26:24,405 py4j.clientserver DEBUG Answer received: !yp
20:26:24,406 py4j.clientserver DEBUG Command to send: r
u
org.apache.spark.util.Utils
rj
e

20:26:24,406 py4j.clientserver DEBUG Answer received: !ycorg.apache.spark.util.Utils
20:26:24,406 py4j.clientserver DEBUG Command to send: r
m
org.apache.spark.util.Utils
createTempDir
e

20:26:24,406 py4j.clientserver DEBUG Answer received: !ym
20:26:24,406 py4j.clientserver DEBUG Command to send: c
z:org.apache.spark.util.Utils
createTempDir
sC:\\Users\\danie\\AppData\\Local\\Temp\\spark-7fe15d0c-6672-4b6e-86ef-1dede77c1822
spyspark
e

20:26:24,407 py4j.clientserver DEBUG Answer received: !yro20
20:26:24,408 py4j.clientserver DEBUG Command to send: c
o20
getAbsolutePath
e

20:26:24,408 py4j.clientserver DEBUG Answer received: !ysC:\\Users\\danie\\AppData\\Local\\Temp\\spark-7fe15d0c-6672-4b6e-86ef-1dede77c1822\\pyspark-eed8fb3e-f448-440e-82ae-87b6216414f5
20:26:24,408 py4j.clientserver DEBUG Command to send: c
o15
get
sspark.python.profile
sfalse
e

20:26:24,409 py4j.clientserver DEBUG Answer received: !ysfalse
20:26:24,409 py4j.clientserver DEBUG Command to send: r
u
SparkSession
rj
e

20:26:24,449 py4j.clientserver DEBUG Answer received: !ycorg.apache.spark.sql.SparkSession
20:26:24,450 py4j.clientserver DEBUG Command to send: r
m
org.apache.spark.sql.SparkSession
getDefaultSession
e

20:26:24,483 py4j.clientserver DEBUG Answer received: !ym
20:26:24,484 py4j.clientserver DEBUG Command to send: c
z:org.apache.spark.sql.SparkSession
getDefaultSession
e

20:26:24,485 py4j.clientserver DEBUG Answer received: !yro21
20:26:24,485 py4j.clientserver DEBUG Command to send: c
o21
isDefined
e

20:26:24,486 py4j.clientserver DEBUG Answer received: !ybfalse
20:26:24,486 py4j.clientserver DEBUG Command to send: r
u
SparkSession
rj
e

20:26:24,488 py4j.clientserver DEBUG Answer received: !ycorg.apache.spark.sql.SparkSession
20:26:24,488 py4j.clientserver DEBUG Command to send: c
o13
sc
e

20:26:24,488 py4j.clientserver DEBUG Answer received: !yro22
20:26:24,488 py4j.clientserver DEBUG Command to send: i
org.apache.spark.sql.SparkSession
ro22
e

20:26:24,567 py4j.clientserver DEBUG Answer received: !yro23
20:26:24,568 py4j.clientserver DEBUG Command to send: c
o23
sqlContext
e

20:26:24,568 py4j.clientserver DEBUG Answer received: !yro24
20:26:24,568 py4j.clientserver DEBUG Command to send: r
u
SparkSession
rj
e

20:26:24,571 py4j.clientserver DEBUG Answer received: !ycorg.apache.spark.sql.SparkSession
20:26:24,571 py4j.clientserver DEBUG Command to send: r
m
org.apache.spark.sql.SparkSession
setDefaultSession
e

20:26:24,571 py4j.clientserver DEBUG Answer received: !ym
20:26:24,571 py4j.clientserver DEBUG Command to send: c
z:org.apache.spark.sql.SparkSession
setDefaultSession
ro23
e

20:26:24,572 py4j.clientserver DEBUG Answer received: !yv
20:26:24,572 py4j.clientserver DEBUG Command to send: r
u
SparkSession
rj
e

20:26:24,574 py4j.clientserver DEBUG Answer received: !ycorg.apache.spark.sql.SparkSession
20:26:24,575 py4j.clientserver DEBUG Command to send: r
m
org.apache.spark.sql.SparkSession
setActiveSession
e

20:26:24,575 py4j.clientserver DEBUG Answer received: !ym
20:26:24,575 py4j.clientserver DEBUG Command to send: c
z:org.apache.spark.sql.SparkSession
setActiveSession
ro23
e

20:26:24,575 py4j.clientserver DEBUG Answer received: !yv
20:26:24,575 py4j.clientserver DEBUG Command to send: c
o23
sessionState
e

20:26:24,867 py4j.clientserver DEBUG Command to send: m
d
o0
e

20:26:24,868 py4j.clientserver DEBUG Answer received: !yv
20:26:24,868 py4j.clientserver DEBUG Command to send: m
d
o6
e

20:26:24,868 py4j.clientserver DEBUG Answer received: !yv
20:26:24,868 py4j.clientserver DEBUG Command to send: m
d
o7
e

20:26:24,868 py4j.clientserver DEBUG Answer received: !yv
20:26:24,868 py4j.clientserver DEBUG Command to send: m
d
o8
e

20:26:24,868 py4j.clientserver DEBUG Answer received: !yv
20:26:24,869 py4j.clientserver DEBUG Command to send: m
d
o9
e

20:26:24,869 py4j.clientserver DEBUG Answer received: !yv
20:26:24,869 py4j.clientserver DEBUG Command to send: m
d
o10
e

20:26:24,869 py4j.clientserver DEBUG Answer received: !yv
20:26:24,869 py4j.clientserver DEBUG Command to send: m
d
o11
e

20:26:24,869 py4j.clientserver DEBUG Answer received: !yv
20:26:24,869 py4j.clientserver DEBUG Command to send: m
d
o12
e

20:26:24,870 py4j.clientserver DEBUG Answer received: !yv
20:26:24,870 py4j.clientserver DEBUG Command to send: m
d
o14
e

20:26:24,870 py4j.clientserver DEBUG Answer received: !yv
20:26:25,709 py4j.clientserver DEBUG Answer received: !yro25
20:26:25,709 py4j.clientserver DEBUG Command to send: c
o25
conf
e

20:26:25,710 py4j.clientserver DEBUG Answer received: !yro26
20:26:25,711 py4j.clientserver DEBUG Command to send: c
o26
setConfString
sspark.master
slocal
e

20:26:25,712 py4j.clientserver DEBUG Answer received: !yv
20:26:25,712 py4j.clientserver DEBUG Command to send: c
o23
sessionState
e

20:26:25,712 py4j.clientserver DEBUG Answer received: !yro27
20:26:25,712 py4j.clientserver DEBUG Command to send: c
o27
conf
e

20:26:25,713 py4j.clientserver DEBUG Answer received: !yro28
20:26:25,713 py4j.clientserver DEBUG Command to send: c
o28
setConfString
sspark.app.name
sapp
e

20:26:25,713 py4j.clientserver DEBUG Answer received: !yv
20:26:25,713 py4j.clientserver DEBUG Command to send: c
o13
setLogLevel
sWARN
e

20:26:25,714 py4j.clientserver DEBUG Answer received: !yv
20:26:25,714 py4j.clientserver DEBUG Command to send: c
o24
read
e

20:26:25,723 py4j.clientserver DEBUG Answer received: !yro29
20:26:25,723 py4j.clientserver DEBUG Command to send: r
u
PythonUtils
rj
e

20:26:25,724 py4j.clientserver DEBUG Answer received: !ycorg.apache.spark.api.python.PythonUtils
20:26:25,724 py4j.clientserver DEBUG Command to send: r
m
org.apache.spark.api.python.PythonUtils
toSeq
e

20:26:25,725 py4j.clientserver DEBUG Answer received: !ym
20:26:25,725 py4j.clientserver DEBUG Command to send: i
java.util.ArrayList
e

20:26:25,725 py4j.clientserver DEBUG Answer received: !ylo30
20:26:25,725 py4j.clientserver DEBUG Command to send: c
o30
add
sC:\\GitRepos\\Springboard\\Capstone\\output\\divs_and_prices\\
e

20:26:25,726 py4j.clientserver DEBUG Answer received: !ybtrue
20:26:25,726 py4j.clientserver DEBUG Command to send: c
z:org.apache.spark.api.python.PythonUtils
toSeq
ro30
e

20:26:25,727 py4j.clientserver DEBUG Answer received: !yro31
20:26:25,727 py4j.clientserver DEBUG Command to send: c
o29
parquet
ro31
e

20:26:25,876 py4j.clientserver DEBUG Command to send: m
d
o30
e

20:26:25,877 py4j.clientserver DEBUG Answer received: !yv
20:26:33,987 py4j.clientserver DEBUG Answer received: !yro32
20:26:33,987 py4j.clientserver DEBUG Command to send: c
o32
createOrReplaceTempView
sall_data
e

20:26:34,421 py4j.clientserver DEBUG Answer received: !yv
20:26:34,422 py4j.clientserver DEBUG Command to send: c
o23
sql
s\n            SELECT \n                b.Ticker,\n                b.FreqType, \n                b.ExDivDate,\n                b.ExDivDays AS b_ExDivDays,\n                a.ExDivDays AS a_ExDivDays,\n                b.AvgPrice AS b_AvgPrice,\n                a.AvgPrice AS a_AvgPrice,\n                b.AdjAmount AS Dividend,\n                b.SandPAvgPrice AS b_SandPAvgPrice,\n                a.SandPAvgPrice AS a_SandPAvgPrice,\n                ((a.AvgPrice + a.AdjAmount) - b.AvgPrice) / b.AvgPrice AS TickerReturn,\n                (a.SandPAvgPrice - b.SandPAvgPrice) / b.SandPAvgPrice AS SandPReturn\n            FROM all_data b\n                INNER JOIN all_data a ON b.Ticker = a.Ticker\n                    AND b.ExDivDate = a.ExDivDate\n            WHERE b.ExDivDays BETWEEN -1 AND -30 \n                AND a.ExDivDays BETWEEN 0 AND 30\n            
e

20:26:34,631 py4j.clientserver DEBUG Answer received: !yro33
20:26:34,631 py4j.clientserver DEBUG Command to send: c
o33
createOrReplaceTempView
sdiv_returns
e

20:26:34,650 py4j.clientserver DEBUG Answer received: !yv
20:26:34,650 py4j.clientserver DEBUG Command to send: c
o23
sql
s\n            SELECT Ticker, \n                b_ExDivDays AS BeforeDays, \n                a_ExDivDays AS AfterDays,\n                AVG(TickerReturn - SandPReturn) AS ReturnVsSandP\n            FROM div_returns\n            GROUP BY Ticker, b_ExDivDays, a_ExDivDays\n            ORDER BY ReturnVsSandP DESC\n            
e

20:26:34,715 py4j.clientserver DEBUG Answer received: !yro34
20:26:34,715 py4j.clientserver DEBUG Command to send: c
o33
write
e

20:26:34,723 py4j.clientserver DEBUG Answer received: !yro35
20:26:34,723 py4j.clientserver DEBUG Command to send: r
u
PythonUtils
rj
e

20:26:34,725 py4j.clientserver DEBUG Answer received: !ycorg.apache.spark.api.python.PythonUtils
20:26:34,725 py4j.clientserver DEBUG Command to send: r
m
org.apache.spark.api.python.PythonUtils
toSeq
e

20:26:34,725 py4j.clientserver DEBUG Answer received: !ym
20:26:34,725 py4j.clientserver DEBUG Command to send: i
java.util.ArrayList
e

20:26:34,726 py4j.clientserver DEBUG Answer received: !ylo36
20:26:34,726 py4j.clientserver DEBUG Command to send: c
o36
add
sTicker
e

20:26:34,726 py4j.clientserver DEBUG Answer received: !ybtrue
20:26:34,726 py4j.clientserver DEBUG Command to send: c
z:org.apache.spark.api.python.PythonUtils
toSeq
ro36
e

20:26:34,726 py4j.clientserver DEBUG Answer received: !yro37
20:26:34,727 py4j.clientserver DEBUG Command to send: c
o35
partitionBy
ro37
e

20:26:34,730 py4j.clientserver DEBUG Answer received: !yro38
20:26:34,730 py4j.clientserver DEBUG Command to send: c
o38
mode
soverwrite
e

20:26:34,730 py4j.clientserver DEBUG Answer received: !yro39
20:26:34,731 py4j.clientserver DEBUG Command to send: c
o39
parquet
soutput/days_returns
e

20:26:34,991 py4j.clientserver DEBUG Command to send: m
d
o36
e

20:26:34,992 py4j.clientserver DEBUG Answer received: !yv
20:26:44,363 py4j.clientserver DEBUG Answer received: !yv
20:26:44,363 root DEBUG success
