20:23:38,809 root DEBUG running analyzer now
20:23:42,108 py4j.java_gateway DEBUG GatewayClient.address is deprecated and will be removed in version 1.0. Use GatewayParameters instead.
20:23:42,109 py4j.clientserver DEBUG Command to send: A
aac89e4d69aa2ad6f124ff54dac18541aa58cffbc9c87dff029d6f01ddb5755b

20:23:42,134 py4j.clientserver DEBUG Answer received: !yv
20:23:42,135 py4j.clientserver DEBUG Command to send: j
i
rj
org.apache.spark.SparkConf
e

20:23:42,137 py4j.clientserver DEBUG Answer received: !yv
20:23:42,137 py4j.clientserver DEBUG Command to send: j
i
rj
org.apache.spark.api.java.*
e

20:23:42,137 py4j.clientserver DEBUG Answer received: !yv
20:23:42,137 py4j.clientserver DEBUG Command to send: j
i
rj
org.apache.spark.api.python.*
e

20:23:42,137 py4j.clientserver DEBUG Answer received: !yv
20:23:42,137 py4j.clientserver DEBUG Command to send: j
i
rj
org.apache.spark.ml.python.*
e

20:23:42,138 py4j.clientserver DEBUG Answer received: !yv
20:23:42,138 py4j.clientserver DEBUG Command to send: j
i
rj
org.apache.spark.mllib.api.python.*
e

20:23:42,138 py4j.clientserver DEBUG Answer received: !yv
20:23:42,139 py4j.clientserver DEBUG Command to send: j
i
rj
org.apache.spark.resource.*
e

20:23:42,139 py4j.clientserver DEBUG Answer received: !yv
20:23:42,139 py4j.clientserver DEBUG Command to send: j
i
rj
org.apache.spark.sql.*
e

20:23:42,139 py4j.clientserver DEBUG Answer received: !yv
20:23:42,139 py4j.clientserver DEBUG Command to send: j
i
rj
org.apache.spark.sql.api.python.*
e

20:23:42,139 py4j.clientserver DEBUG Answer received: !yv
20:23:42,140 py4j.clientserver DEBUG Command to send: j
i
rj
org.apache.spark.sql.hive.*
e

20:23:42,140 py4j.clientserver DEBUG Answer received: !yv
20:23:42,140 py4j.clientserver DEBUG Command to send: j
i
rj
scala.Tuple2
e

20:23:42,140 py4j.clientserver DEBUG Answer received: !yv
20:23:42,140 py4j.clientserver DEBUG Command to send: r
u
SparkConf
rj
e

20:23:42,143 py4j.clientserver DEBUG Answer received: !ycorg.apache.spark.SparkConf
20:23:42,143 py4j.clientserver DEBUG Command to send: i
org.apache.spark.SparkConf
bTrue
e

20:23:42,150 py4j.clientserver DEBUG Answer received: !yro0
20:23:42,150 py4j.clientserver DEBUG Command to send: c
o0
set
sspark.master
slocal
e

20:23:42,157 py4j.clientserver DEBUG Answer received: !yro1
20:23:42,157 py4j.clientserver DEBUG Command to send: c
o0
set
sspark.app.name
sapp
e

20:23:42,157 py4j.clientserver DEBUG Answer received: !yro2
20:23:42,158 py4j.clientserver DEBUG Command to send: c
o0
contains
sspark.serializer.objectStreamReset
e

20:23:42,158 py4j.clientserver DEBUG Answer received: !ybfalse
20:23:42,159 py4j.clientserver DEBUG Command to send: c
o0
set
sspark.serializer.objectStreamReset
s100
e

20:23:42,159 py4j.clientserver DEBUG Answer received: !yro3
20:23:42,160 py4j.clientserver DEBUG Command to send: c
o0
contains
sspark.rdd.compress
e

20:23:42,160 py4j.clientserver DEBUG Answer received: !ybfalse
20:23:42,160 py4j.clientserver DEBUG Command to send: c
o0
set
sspark.rdd.compress
sTrue
e

20:23:42,160 py4j.clientserver DEBUG Answer received: !yro4
20:23:42,160 py4j.clientserver DEBUG Command to send: c
o0
contains
sspark.master
e

20:23:42,161 py4j.clientserver DEBUG Answer received: !ybtrue
20:23:42,161 py4j.clientserver DEBUG Command to send: c
o0
contains
sspark.app.name
e

20:23:42,161 py4j.clientserver DEBUG Answer received: !ybtrue
20:23:42,161 py4j.clientserver DEBUG Command to send: c
o0
contains
sspark.master
e

20:23:42,163 py4j.clientserver DEBUG Answer received: !ybtrue
20:23:42,163 py4j.clientserver DEBUG Command to send: c
o0
get
sspark.master
e

20:23:42,164 py4j.clientserver DEBUG Answer received: !yslocal
20:23:42,164 py4j.clientserver DEBUG Command to send: c
o0
contains
sspark.app.name
e

20:23:42,164 py4j.clientserver DEBUG Answer received: !ybtrue
20:23:42,164 py4j.clientserver DEBUG Command to send: c
o0
get
sspark.app.name
e

20:23:42,165 py4j.clientserver DEBUG Answer received: !ysapp
20:23:42,165 py4j.clientserver DEBUG Command to send: c
o0
contains
sspark.home
e

20:23:42,165 py4j.clientserver DEBUG Answer received: !ybfalse
20:23:42,165 py4j.clientserver DEBUG Command to send: c
o0
getAll
e

20:23:42,166 py4j.clientserver DEBUG Answer received: !yto5
20:23:42,166 py4j.clientserver DEBUG Command to send: a
e
o5
e

20:23:42,166 py4j.clientserver DEBUG Answer received: !yi7
20:23:42,166 py4j.clientserver DEBUG Command to send: a
g
o5
i0
e

20:23:42,166 py4j.clientserver DEBUG Answer received: !yro6
20:23:42,166 py4j.clientserver DEBUG Command to send: c
o6
_1
e

20:23:42,167 py4j.clientserver DEBUG Answer received: !ysspark.master
20:23:42,167 py4j.clientserver DEBUG Command to send: c
o6
_2
e

20:23:42,167 py4j.clientserver DEBUG Answer received: !yslocal
20:23:42,167 py4j.clientserver DEBUG Command to send: a
e
o5
e

20:23:42,168 py4j.clientserver DEBUG Answer received: !yi7
20:23:42,168 py4j.clientserver DEBUG Command to send: a
g
o5
i1
e

20:23:42,168 py4j.clientserver DEBUG Answer received: !yro7
20:23:42,168 py4j.clientserver DEBUG Command to send: c
o7
_1
e

20:23:42,168 py4j.clientserver DEBUG Answer received: !ysspark.app.name
20:23:42,168 py4j.clientserver DEBUG Command to send: c
o7
_2
e

20:23:42,169 py4j.clientserver DEBUG Answer received: !ysapp
20:23:42,169 py4j.clientserver DEBUG Command to send: a
e
o5
e

20:23:42,169 py4j.clientserver DEBUG Answer received: !yi7
20:23:42,169 py4j.clientserver DEBUG Command to send: a
g
o5
i2
e

20:23:42,169 py4j.clientserver DEBUG Answer received: !yro8
20:23:42,169 py4j.clientserver DEBUG Command to send: c
o8
_1
e

20:23:42,170 py4j.clientserver DEBUG Answer received: !ysspark.rdd.compress
20:23:42,170 py4j.clientserver DEBUG Command to send: c
o8
_2
e

20:23:42,170 py4j.clientserver DEBUG Answer received: !ysTrue
20:23:42,170 py4j.clientserver DEBUG Command to send: a
e
o5
e

20:23:42,170 py4j.clientserver DEBUG Answer received: !yi7
20:23:42,171 py4j.clientserver DEBUG Command to send: a
g
o5
i3
e

20:23:42,171 py4j.clientserver DEBUG Answer received: !yro9
20:23:42,171 py4j.clientserver DEBUG Command to send: c
o9
_1
e

20:23:42,171 py4j.clientserver DEBUG Answer received: !ysspark.serializer.objectStreamReset
20:23:42,171 py4j.clientserver DEBUG Command to send: c
o9
_2
e

20:23:42,172 py4j.clientserver DEBUG Answer received: !ys100
20:23:42,172 py4j.clientserver DEBUG Command to send: a
e
o5
e

20:23:42,172 py4j.clientserver DEBUG Answer received: !yi7
20:23:42,172 py4j.clientserver DEBUG Command to send: a
g
o5
i4
e

20:23:42,172 py4j.clientserver DEBUG Answer received: !yro10
20:23:42,173 py4j.clientserver DEBUG Command to send: c
o10
_1
e

20:23:42,173 py4j.clientserver DEBUG Answer received: !ysspark.submit.pyFiles
20:23:42,174 py4j.clientserver DEBUG Command to send: c
o10
_2
e

20:23:42,175 py4j.clientserver DEBUG Answer received: !ys
20:23:42,175 py4j.clientserver DEBUG Command to send: a
e
o5
e

20:23:42,175 py4j.clientserver DEBUG Answer received: !yi7
20:23:42,176 py4j.clientserver DEBUG Command to send: a
g
o5
i5
e

20:23:42,176 py4j.clientserver DEBUG Answer received: !yro11
20:23:42,176 py4j.clientserver DEBUG Command to send: c
o11
_1
e

20:23:42,176 py4j.clientserver DEBUG Answer received: !ysspark.submit.deployMode
20:23:42,177 py4j.clientserver DEBUG Command to send: c
o11
_2
e

20:23:42,177 py4j.clientserver DEBUG Answer received: !ysclient
20:23:42,177 py4j.clientserver DEBUG Command to send: a
e
o5
e

20:23:42,177 py4j.clientserver DEBUG Answer received: !yi7
20:23:42,178 py4j.clientserver DEBUG Command to send: a
g
o5
i6
e

20:23:42,178 py4j.clientserver DEBUG Answer received: !yro12
20:23:42,178 py4j.clientserver DEBUG Command to send: c
o12
_1
e

20:23:42,178 py4j.clientserver DEBUG Answer received: !ysspark.ui.showConsoleProgress
20:23:42,179 py4j.clientserver DEBUG Command to send: c
o12
_2
e

20:23:42,179 py4j.clientserver DEBUG Answer received: !ystrue
20:23:42,179 py4j.clientserver DEBUG Command to send: a
e
o5
e

20:23:42,180 py4j.clientserver DEBUG Answer received: !yi7
20:23:42,180 py4j.clientserver DEBUG Command to send: r
u
JavaSparkContext
rj
e

20:23:42,195 py4j.clientserver DEBUG Answer received: !ycorg.apache.spark.api.java.JavaSparkContext
20:23:42,195 py4j.clientserver DEBUG Command to send: i
org.apache.spark.api.java.JavaSparkContext
ro0
e

20:23:43,110 py4j.clientserver DEBUG Command to send: A
aac89e4d69aa2ad6f124ff54dac18541aa58cffbc9c87dff029d6f01ddb5755b

20:23:43,111 py4j.clientserver DEBUG Answer received: !yv
20:23:43,111 py4j.clientserver DEBUG Command to send: m
d
o1
e

20:23:43,112 py4j.clientserver DEBUG Answer received: !yv
20:23:43,112 py4j.clientserver DEBUG Command to send: m
d
o2
e

20:23:43,112 py4j.clientserver DEBUG Answer received: !yv
20:23:43,112 py4j.clientserver DEBUG Command to send: m
d
o3
e

20:23:43,112 py4j.clientserver DEBUG Answer received: !yv
20:23:43,112 py4j.clientserver DEBUG Command to send: m
d
o4
e

20:23:43,113 py4j.clientserver DEBUG Answer received: !yv
20:23:43,113 py4j.clientserver DEBUG Command to send: m
d
o5
e

20:23:43,113 py4j.clientserver DEBUG Answer received: !yv
20:23:45,891 py4j.clientserver DEBUG Answer received: !yro13
20:23:45,891 py4j.clientserver DEBUG Command to send: c
o13
sc
e

20:23:45,895 py4j.clientserver DEBUG Answer received: !yro14
20:23:45,896 py4j.clientserver DEBUG Command to send: c
o14
conf
e

20:23:45,926 py4j.clientserver DEBUG Answer received: !yro15
20:23:45,950 py4j.clientserver DEBUG Command to send: r
u
PythonAccumulatorV2
rj
e

20:23:45,954 py4j.clientserver DEBUG Answer received: !ycorg.apache.spark.api.python.PythonAccumulatorV2
20:23:45,954 py4j.clientserver DEBUG Command to send: i
org.apache.spark.api.python.PythonAccumulatorV2
s127.0.0.1
i53818
saac89e4d69aa2ad6f124ff54dac18541aa58cffbc9c87dff029d6f01ddb5755b
e

20:23:45,955 py4j.clientserver DEBUG Answer received: !yro16
20:23:45,956 py4j.clientserver DEBUG Command to send: c
o13
sc
e

20:23:45,956 py4j.clientserver DEBUG Answer received: !yro17
20:23:45,956 py4j.clientserver DEBUG Command to send: c
o17
register
ro16
e

20:23:45,961 py4j.clientserver DEBUG Answer received: !yv
20:23:45,961 py4j.clientserver DEBUG Command to send: r
u
PythonUtils
rj
e

20:23:45,963 py4j.clientserver DEBUG Answer received: !ycorg.apache.spark.api.python.PythonUtils
20:23:45,964 py4j.clientserver DEBUG Command to send: r
m
org.apache.spark.api.python.PythonUtils
isEncryptionEnabled
e

20:23:45,964 py4j.clientserver DEBUG Answer received: !ym
20:23:45,964 py4j.clientserver DEBUG Command to send: c
z:org.apache.spark.api.python.PythonUtils
isEncryptionEnabled
ro13
e

20:23:45,966 py4j.clientserver DEBUG Answer received: !ybfalse
20:23:45,966 py4j.clientserver DEBUG Command to send: r
u
PythonUtils
rj
e

20:23:45,968 py4j.clientserver DEBUG Answer received: !ycorg.apache.spark.api.python.PythonUtils
20:23:45,968 py4j.clientserver DEBUG Command to send: r
m
org.apache.spark.api.python.PythonUtils
getPythonAuthSocketTimeout
e

20:23:45,968 py4j.clientserver DEBUG Answer received: !ym
20:23:45,969 py4j.clientserver DEBUG Command to send: c
z:org.apache.spark.api.python.PythonUtils
getPythonAuthSocketTimeout
ro13
e

20:23:45,969 py4j.clientserver DEBUG Answer received: !yL15
20:23:45,969 py4j.clientserver DEBUG Command to send: r
u
PythonUtils
rj
e

20:23:45,971 py4j.clientserver DEBUG Answer received: !ycorg.apache.spark.api.python.PythonUtils
20:23:45,971 py4j.clientserver DEBUG Command to send: r
m
org.apache.spark.api.python.PythonUtils
getSparkBufferSize
e

20:23:45,973 py4j.clientserver DEBUG Answer received: !ym
20:23:45,973 py4j.clientserver DEBUG Command to send: c
z:org.apache.spark.api.python.PythonUtils
getSparkBufferSize
ro13
e

20:23:45,974 py4j.clientserver DEBUG Answer received: !yi65536
20:23:45,974 py4j.clientserver DEBUG Command to send: r
u
org
rj
e

20:23:45,981 py4j.clientserver DEBUG Answer received: !yp
20:23:45,981 py4j.clientserver DEBUG Command to send: r
u
org.apache
rj
e

20:23:45,982 py4j.clientserver DEBUG Answer received: !yp
20:23:45,982 py4j.clientserver DEBUG Command to send: r
u
org.apache.spark
rj
e

20:23:45,983 py4j.clientserver DEBUG Answer received: !yp
20:23:45,983 py4j.clientserver DEBUG Command to send: r
u
org.apache.spark.SparkFiles
rj
e

20:23:45,984 py4j.clientserver DEBUG Answer received: !ycorg.apache.spark.SparkFiles
20:23:45,984 py4j.clientserver DEBUG Command to send: r
m
org.apache.spark.SparkFiles
getRootDirectory
e

20:23:45,984 py4j.clientserver DEBUG Answer received: !ym
20:23:45,984 py4j.clientserver DEBUG Command to send: c
z:org.apache.spark.SparkFiles
getRootDirectory
e

20:23:45,986 py4j.clientserver DEBUG Answer received: !ysC:\\Users\\danie\\AppData\\Local\\Temp\\spark-33c9ab65-2773-4991-9461-09c8234876a0\\userFiles-49267a87-aabb-4205-8da0-1cd12946c3cb
20:23:45,987 py4j.clientserver DEBUG Command to send: c
o15
get
sspark.submit.pyFiles
s
e

20:23:45,987 py4j.clientserver DEBUG Answer received: !ys
20:23:45,987 py4j.clientserver DEBUG Command to send: r
u
org
rj
e

20:23:45,991 py4j.clientserver DEBUG Answer received: !yp
20:23:45,991 py4j.clientserver DEBUG Command to send: r
u
org.apache
rj
e

20:23:45,992 py4j.clientserver DEBUG Answer received: !yp
20:23:45,992 py4j.clientserver DEBUG Command to send: r
u
org.apache.spark
rj
e

20:23:45,992 py4j.clientserver DEBUG Answer received: !yp
20:23:45,993 py4j.clientserver DEBUG Command to send: r
u
org.apache.spark.util
rj
e

20:23:45,993 py4j.clientserver DEBUG Answer received: !yp
20:23:45,993 py4j.clientserver DEBUG Command to send: r
u
org.apache.spark.util.Utils
rj
e

20:23:45,997 py4j.clientserver DEBUG Answer received: !ycorg.apache.spark.util.Utils
20:23:45,997 py4j.clientserver DEBUG Command to send: r
m
org.apache.spark.util.Utils
getLocalDir
e

20:23:46,1 py4j.clientserver DEBUG Answer received: !ym
20:23:46,1 py4j.clientserver DEBUG Command to send: c
o13
sc
e

20:23:46,2 py4j.clientserver DEBUG Answer received: !yro18
20:23:46,2 py4j.clientserver DEBUG Command to send: c
o18
conf
e

20:23:46,3 py4j.clientserver DEBUG Answer received: !yro19
20:23:46,3 py4j.clientserver DEBUG Command to send: c
z:org.apache.spark.util.Utils
getLocalDir
ro19
e

20:23:46,3 py4j.clientserver DEBUG Answer received: !ysC:\\Users\\danie\\AppData\\Local\\Temp\\spark-33c9ab65-2773-4991-9461-09c8234876a0
20:23:46,3 py4j.clientserver DEBUG Command to send: r
u
org
rj
e

20:23:46,14 py4j.clientserver DEBUG Answer received: !yp
20:23:46,14 py4j.clientserver DEBUG Command to send: r
u
org.apache
rj
e

20:23:46,15 py4j.clientserver DEBUG Answer received: !yp
20:23:46,15 py4j.clientserver DEBUG Command to send: r
u
org.apache.spark
rj
e

20:23:46,16 py4j.clientserver DEBUG Answer received: !yp
20:23:46,16 py4j.clientserver DEBUG Command to send: r
u
org.apache.spark.util
rj
e

20:23:46,17 py4j.clientserver DEBUG Answer received: !yp
20:23:46,17 py4j.clientserver DEBUG Command to send: r
u
org.apache.spark.util.Utils
rj
e

20:23:46,17 py4j.clientserver DEBUG Answer received: !ycorg.apache.spark.util.Utils
20:23:46,18 py4j.clientserver DEBUG Command to send: r
m
org.apache.spark.util.Utils
createTempDir
e

20:23:46,18 py4j.clientserver DEBUG Answer received: !ym
20:23:46,19 py4j.clientserver DEBUG Command to send: c
z:org.apache.spark.util.Utils
createTempDir
sC:\\Users\\danie\\AppData\\Local\\Temp\\spark-33c9ab65-2773-4991-9461-09c8234876a0
spyspark
e

20:23:46,20 py4j.clientserver DEBUG Answer received: !yro20
20:23:46,20 py4j.clientserver DEBUG Command to send: c
o20
getAbsolutePath
e

20:23:46,21 py4j.clientserver DEBUG Answer received: !ysC:\\Users\\danie\\AppData\\Local\\Temp\\spark-33c9ab65-2773-4991-9461-09c8234876a0\\pyspark-9bacd317-9d7d-446e-9f8f-bc5256077375
20:23:46,21 py4j.clientserver DEBUG Command to send: c
o15
get
sspark.python.profile
sfalse
e

20:23:46,21 py4j.clientserver DEBUG Answer received: !ysfalse
20:23:46,22 py4j.clientserver DEBUG Command to send: r
u
SparkSession
rj
e

20:23:46,57 py4j.clientserver DEBUG Answer received: !ycorg.apache.spark.sql.SparkSession
20:23:46,57 py4j.clientserver DEBUG Command to send: r
m
org.apache.spark.sql.SparkSession
getDefaultSession
e

20:23:46,92 py4j.clientserver DEBUG Answer received: !ym
20:23:46,92 py4j.clientserver DEBUG Command to send: c
z:org.apache.spark.sql.SparkSession
getDefaultSession
e

20:23:46,94 py4j.clientserver DEBUG Answer received: !yro21
20:23:46,94 py4j.clientserver DEBUG Command to send: c
o21
isDefined
e

20:23:46,95 py4j.clientserver DEBUG Answer received: !ybfalse
20:23:46,95 py4j.clientserver DEBUG Command to send: r
u
SparkSession
rj
e

20:23:46,98 py4j.clientserver DEBUG Answer received: !ycorg.apache.spark.sql.SparkSession
20:23:46,98 py4j.clientserver DEBUG Command to send: c
o13
sc
e

20:23:46,98 py4j.clientserver DEBUG Answer received: !yro22
20:23:46,98 py4j.clientserver DEBUG Command to send: i
org.apache.spark.sql.SparkSession
ro22
e

20:23:46,127 py4j.clientserver DEBUG Command to send: m
d
o0
e

20:23:46,127 py4j.clientserver DEBUG Answer received: !yv
20:23:46,127 py4j.clientserver DEBUG Command to send: m
d
o6
e

20:23:46,128 py4j.clientserver DEBUG Answer received: !yv
20:23:46,128 py4j.clientserver DEBUG Command to send: m
d
o7
e

20:23:46,128 py4j.clientserver DEBUG Answer received: !yv
20:23:46,128 py4j.clientserver DEBUG Command to send: m
d
o8
e

20:23:46,128 py4j.clientserver DEBUG Answer received: !yv
20:23:46,128 py4j.clientserver DEBUG Command to send: m
d
o9
e

20:23:46,129 py4j.clientserver DEBUG Answer received: !yv
20:23:46,129 py4j.clientserver DEBUG Command to send: m
d
o10
e

20:23:46,129 py4j.clientserver DEBUG Answer received: !yv
20:23:46,129 py4j.clientserver DEBUG Command to send: m
d
o11
e

20:23:46,129 py4j.clientserver DEBUG Answer received: !yv
20:23:46,129 py4j.clientserver DEBUG Command to send: m
d
o12
e

20:23:46,130 py4j.clientserver DEBUG Answer received: !yv
20:23:46,130 py4j.clientserver DEBUG Command to send: m
d
o14
e

20:23:46,130 py4j.clientserver DEBUG Answer received: !yv
20:23:46,183 py4j.clientserver DEBUG Answer received: !yro23
20:23:46,184 py4j.clientserver DEBUG Command to send: c
o23
sqlContext
e

20:23:46,184 py4j.clientserver DEBUG Answer received: !yro24
20:23:46,184 py4j.clientserver DEBUG Command to send: r
u
SparkSession
rj
e

20:23:46,187 py4j.clientserver DEBUG Answer received: !ycorg.apache.spark.sql.SparkSession
20:23:46,187 py4j.clientserver DEBUG Command to send: r
m
org.apache.spark.sql.SparkSession
setDefaultSession
e

20:23:46,187 py4j.clientserver DEBUG Answer received: !ym
20:23:46,188 py4j.clientserver DEBUG Command to send: c
z:org.apache.spark.sql.SparkSession
setDefaultSession
ro23
e

20:23:46,188 py4j.clientserver DEBUG Answer received: !yv
20:23:46,188 py4j.clientserver DEBUG Command to send: r
u
SparkSession
rj
e

20:23:46,191 py4j.clientserver DEBUG Answer received: !ycorg.apache.spark.sql.SparkSession
20:23:46,191 py4j.clientserver DEBUG Command to send: r
m
org.apache.spark.sql.SparkSession
setActiveSession
e

20:23:46,191 py4j.clientserver DEBUG Answer received: !ym
20:23:46,191 py4j.clientserver DEBUG Command to send: c
z:org.apache.spark.sql.SparkSession
setActiveSession
ro23
e

20:23:46,192 py4j.clientserver DEBUG Answer received: !yv
20:23:46,192 py4j.clientserver DEBUG Command to send: c
o23
sessionState
e

20:23:47,533 py4j.clientserver DEBUG Answer received: !yro25
20:23:47,534 py4j.clientserver DEBUG Command to send: c
o25
conf
e

20:23:47,535 py4j.clientserver DEBUG Answer received: !yro26
20:23:47,535 py4j.clientserver DEBUG Command to send: c
o26
setConfString
sspark.master
slocal
e

20:23:47,537 py4j.clientserver DEBUG Answer received: !yv
20:23:47,537 py4j.clientserver DEBUG Command to send: c
o23
sessionState
e

20:23:47,537 py4j.clientserver DEBUG Answer received: !yro27
20:23:47,537 py4j.clientserver DEBUG Command to send: c
o27
conf
e

20:23:47,538 py4j.clientserver DEBUG Answer received: !yro28
20:23:47,538 py4j.clientserver DEBUG Command to send: c
o28
setConfString
sspark.app.name
sapp
e

20:23:47,538 py4j.clientserver DEBUG Answer received: !yv
20:23:47,538 py4j.clientserver DEBUG Command to send: c
o13
setLogLevel
sWARN
e

20:23:47,539 py4j.clientserver DEBUG Answer received: !yv
20:23:47,539 py4j.clientserver DEBUG Command to send: c
o24
read
e

20:23:47,548 py4j.clientserver DEBUG Answer received: !yro29
20:23:47,548 py4j.clientserver DEBUG Command to send: r
u
PythonUtils
rj
e

20:23:47,550 py4j.clientserver DEBUG Answer received: !ycorg.apache.spark.api.python.PythonUtils
20:23:47,550 py4j.clientserver DEBUG Command to send: r
m
org.apache.spark.api.python.PythonUtils
toSeq
e

20:23:47,550 py4j.clientserver DEBUG Answer received: !ym
20:23:47,550 py4j.clientserver DEBUG Command to send: i
java.util.ArrayList
e

20:23:47,551 py4j.clientserver DEBUG Answer received: !ylo30
20:23:47,551 py4j.clientserver DEBUG Command to send: c
o30
add
sC:\\GitRepos\\Springboard\\Capstone\\output\\divs_and_prices\\
e

20:23:47,552 py4j.clientserver DEBUG Answer received: !ybtrue
20:23:47,552 py4j.clientserver DEBUG Command to send: c
z:org.apache.spark.api.python.PythonUtils
toSeq
ro30
e

20:23:47,552 py4j.clientserver DEBUG Answer received: !yro31
20:23:47,552 py4j.clientserver DEBUG Command to send: c
o29
parquet
ro31
e

20:23:48,139 py4j.clientserver DEBUG Command to send: m
d
o30
e

20:23:48,140 py4j.clientserver DEBUG Answer received: !yv
20:23:55,602 py4j.clientserver DEBUG Answer received: !yro32
20:23:55,602 py4j.clientserver DEBUG Command to send: c
o32
createOrReplaceTempView
sall_data
e

20:23:56,41 py4j.clientserver DEBUG Answer received: !yv
20:23:56,42 py4j.clientserver DEBUG Command to send: c
o23
sql
s\n            SELECT \n                b.Ticker,\n                b.FreqType, \n                b.ExDivDate,\n                b.ExDivDays AS b_ExDivDays,\n                a.ExDivDays AS a_ExDivDays,\n                b.AvgPrice AS b_AvgPrice,\n                a.AvgPrice AS a_AvgPrice,\n                b.AdjAmount AS Dividend,\n                b.SandPAvgPrice AS b_SandPAvgPrice,\n                a.SandPAvgPrice AS a_SandPAvgPrice,\n                ((a.AvgPrice + a.AdjAmount) - b.AvgPrice) / b.AvgPrice AS TickerReturn,\n                (a.SandPAvgPrice - b.SandPAvgPrice) / b.SandPAvgPrice AS SandPReturn\n            FROM all_data b\n                INNER JOIN all_data a ON b.Ticker = a.Ticker\n                    AND b.ExDivDate = a.ExDivDate\n            WHERE b.ExDivDays BETWEEN -1 AND -30 \n                AND a.ExDivDays BETWEEN 0 AND 30\n            
e

20:23:56,259 py4j.clientserver DEBUG Answer received: !yro33
20:23:56,260 py4j.clientserver DEBUG Command to send: c
o33
createOrReplaceTempView
sdiv_returns
e

20:23:56,282 py4j.clientserver DEBUG Answer received: !yv
20:23:56,282 py4j.clientserver DEBUG Command to send: c
o23
sql
s\n            SELECT Ticker, \n                b_ExDivDays AS BeforeDays, \n                a_ExDivDays AS AfterDays,\n                AVG(TickerReturn - SandPReturn) AS ReturnVsSandP\n            FROM div_returns\n            GROUP BY Ticker, b_ExDivDays, a_ExDivDays\n            ORDER BY ReturnVsSandP DESC\n            
e

20:23:56,355 py4j.clientserver DEBUG Answer received: !yro34
20:23:56,355 py4j.clientserver DEBUG Command to send: c
o34
write
e

20:23:56,361 py4j.clientserver DEBUG Answer received: !yro35
20:23:56,361 py4j.clientserver DEBUG Command to send: r
u
PythonUtils
rj
e

20:23:56,363 py4j.clientserver DEBUG Answer received: !ycorg.apache.spark.api.python.PythonUtils
20:23:56,363 py4j.clientserver DEBUG Command to send: r
m
org.apache.spark.api.python.PythonUtils
toSeq
e

20:23:56,363 py4j.clientserver DEBUG Answer received: !ym
20:23:56,364 py4j.clientserver DEBUG Command to send: i
java.util.ArrayList
e

20:23:56,364 py4j.clientserver DEBUG Answer received: !ylo36
20:23:56,364 py4j.clientserver DEBUG Command to send: c
o36
add
sTicker
e

20:23:56,364 py4j.clientserver DEBUG Answer received: !ybtrue
20:23:56,364 py4j.clientserver DEBUG Command to send: c
z:org.apache.spark.api.python.PythonUtils
toSeq
ro36
e

20:23:56,365 py4j.clientserver DEBUG Answer received: !yro37
20:23:56,365 py4j.clientserver DEBUG Command to send: c
o35
partitionBy
ro37
e

20:23:56,368 py4j.clientserver DEBUG Answer received: !yro38
20:23:56,369 py4j.clientserver DEBUG Command to send: c
o38
mode
soverwrite
e

20:23:56,369 py4j.clientserver DEBUG Answer received: !yro39
20:23:56,369 py4j.clientserver DEBUG Command to send: c
o39
parquet
soutput/days_returns
e

20:23:57,236 py4j.clientserver DEBUG Command to send: m
d
o36
e

20:23:57,236 py4j.clientserver DEBUG Answer received: !yv
20:24:04,9 py4j.clientserver DEBUG Answer received: !yv
20:24:04,9 root DEBUG success
