13:59:44,172 root DEBUG running analyzer now
13:59:47,395 py4j.java_gateway DEBUG GatewayClient.address is deprecated and will be removed in version 1.0. Use GatewayParameters instead.
13:59:47,396 py4j.clientserver DEBUG Command to send: A
6f561495181d63468c6297395d6d19433193631a9acb21be65c45a9cbfb8b05a

13:59:47,413 py4j.clientserver DEBUG Answer received: !yv
13:59:47,414 py4j.clientserver DEBUG Command to send: j
i
rj
org.apache.spark.SparkConf
e

13:59:47,415 py4j.clientserver DEBUG Answer received: !yv
13:59:47,416 py4j.clientserver DEBUG Command to send: j
i
rj
org.apache.spark.api.java.*
e

13:59:47,416 py4j.clientserver DEBUG Answer received: !yv
13:59:47,416 py4j.clientserver DEBUG Command to send: j
i
rj
org.apache.spark.api.python.*
e

13:59:47,416 py4j.clientserver DEBUG Answer received: !yv
13:59:47,417 py4j.clientserver DEBUG Command to send: j
i
rj
org.apache.spark.ml.python.*
e

13:59:47,417 py4j.clientserver DEBUG Answer received: !yv
13:59:47,417 py4j.clientserver DEBUG Command to send: j
i
rj
org.apache.spark.mllib.api.python.*
e

13:59:47,417 py4j.clientserver DEBUG Answer received: !yv
13:59:47,417 py4j.clientserver DEBUG Command to send: j
i
rj
org.apache.spark.resource.*
e

13:59:47,417 py4j.clientserver DEBUG Answer received: !yv
13:59:47,418 py4j.clientserver DEBUG Command to send: j
i
rj
org.apache.spark.sql.*
e

13:59:47,418 py4j.clientserver DEBUG Answer received: !yv
13:59:47,418 py4j.clientserver DEBUG Command to send: j
i
rj
org.apache.spark.sql.api.python.*
e

13:59:47,418 py4j.clientserver DEBUG Answer received: !yv
13:59:47,418 py4j.clientserver DEBUG Command to send: j
i
rj
org.apache.spark.sql.hive.*
e

13:59:47,419 py4j.clientserver DEBUG Answer received: !yv
13:59:47,419 py4j.clientserver DEBUG Command to send: j
i
rj
scala.Tuple2
e

13:59:47,419 py4j.clientserver DEBUG Answer received: !yv
13:59:47,419 py4j.clientserver DEBUG Command to send: r
u
SparkConf
rj
e

13:59:47,421 py4j.clientserver DEBUG Answer received: !ycorg.apache.spark.SparkConf
13:59:47,421 py4j.clientserver DEBUG Command to send: i
org.apache.spark.SparkConf
bTrue
e

13:59:47,427 py4j.clientserver DEBUG Answer received: !yro0
13:59:47,427 py4j.clientserver DEBUG Command to send: c
o0
set
sspark.master
slocal
e

13:59:47,433 py4j.clientserver DEBUG Answer received: !yro1
13:59:47,434 py4j.clientserver DEBUG Command to send: c
o0
set
sspark.app.name
sapp
e

13:59:47,434 py4j.clientserver DEBUG Answer received: !yro2
13:59:47,434 py4j.clientserver DEBUG Command to send: c
o0
contains
sspark.serializer.objectStreamReset
e

13:59:47,435 py4j.clientserver DEBUG Answer received: !ybfalse
13:59:47,435 py4j.clientserver DEBUG Command to send: c
o0
set
sspark.serializer.objectStreamReset
s100
e

13:59:47,435 py4j.clientserver DEBUG Answer received: !yro3
13:59:47,435 py4j.clientserver DEBUG Command to send: c
o0
contains
sspark.rdd.compress
e

13:59:47,436 py4j.clientserver DEBUG Answer received: !ybfalse
13:59:47,436 py4j.clientserver DEBUG Command to send: c
o0
set
sspark.rdd.compress
sTrue
e

13:59:47,437 py4j.clientserver DEBUG Answer received: !yro4
13:59:47,437 py4j.clientserver DEBUG Command to send: c
o0
contains
sspark.master
e

13:59:47,437 py4j.clientserver DEBUG Answer received: !ybtrue
13:59:47,438 py4j.clientserver DEBUG Command to send: c
o0
contains
sspark.app.name
e

13:59:47,438 py4j.clientserver DEBUG Answer received: !ybtrue
13:59:47,438 py4j.clientserver DEBUG Command to send: c
o0
contains
sspark.master
e

13:59:47,441 py4j.clientserver DEBUG Answer received: !ybtrue
13:59:47,441 py4j.clientserver DEBUG Command to send: c
o0
get
sspark.master
e

13:59:47,442 py4j.clientserver DEBUG Answer received: !yslocal
13:59:47,442 py4j.clientserver DEBUG Command to send: c
o0
contains
sspark.app.name
e

13:59:47,442 py4j.clientserver DEBUG Answer received: !ybtrue
13:59:47,442 py4j.clientserver DEBUG Command to send: c
o0
get
sspark.app.name
e

13:59:47,443 py4j.clientserver DEBUG Answer received: !ysapp
13:59:47,443 py4j.clientserver DEBUG Command to send: c
o0
contains
sspark.home
e

13:59:47,443 py4j.clientserver DEBUG Answer received: !ybfalse
13:59:47,443 py4j.clientserver DEBUG Command to send: c
o0
getAll
e

13:59:47,444 py4j.clientserver DEBUG Answer received: !yto5
13:59:47,444 py4j.clientserver DEBUG Command to send: a
e
o5
e

13:59:47,444 py4j.clientserver DEBUG Answer received: !yi7
13:59:47,444 py4j.clientserver DEBUG Command to send: a
g
o5
i0
e

13:59:47,445 py4j.clientserver DEBUG Answer received: !yro6
13:59:47,445 py4j.clientserver DEBUG Command to send: c
o6
_1
e

13:59:47,446 py4j.clientserver DEBUG Answer received: !ysspark.master
13:59:47,446 py4j.clientserver DEBUG Command to send: c
o6
_2
e

13:59:47,446 py4j.clientserver DEBUG Answer received: !yslocal
13:59:47,447 py4j.clientserver DEBUG Command to send: a
e
o5
e

13:59:47,447 py4j.clientserver DEBUG Answer received: !yi7
13:59:47,447 py4j.clientserver DEBUG Command to send: a
g
o5
i1
e

13:59:47,447 py4j.clientserver DEBUG Answer received: !yro7
13:59:47,447 py4j.clientserver DEBUG Command to send: c
o7
_1
e

13:59:47,448 py4j.clientserver DEBUG Answer received: !ysspark.app.name
13:59:47,448 py4j.clientserver DEBUG Command to send: c
o7
_2
e

13:59:47,448 py4j.clientserver DEBUG Answer received: !ysapp
13:59:47,448 py4j.clientserver DEBUG Command to send: a
e
o5
e

13:59:47,448 py4j.clientserver DEBUG Answer received: !yi7
13:59:47,449 py4j.clientserver DEBUG Command to send: a
g
o5
i2
e

13:59:47,449 py4j.clientserver DEBUG Answer received: !yro8
13:59:47,449 py4j.clientserver DEBUG Command to send: c
o8
_1
e

13:59:47,449 py4j.clientserver DEBUG Answer received: !ysspark.rdd.compress
13:59:47,449 py4j.clientserver DEBUG Command to send: c
o8
_2
e

13:59:47,450 py4j.clientserver DEBUG Answer received: !ysTrue
13:59:47,450 py4j.clientserver DEBUG Command to send: a
e
o5
e

13:59:47,450 py4j.clientserver DEBUG Answer received: !yi7
13:59:47,450 py4j.clientserver DEBUG Command to send: a
g
o5
i3
e

13:59:47,450 py4j.clientserver DEBUG Answer received: !yro9
13:59:47,450 py4j.clientserver DEBUG Command to send: c
o9
_1
e

13:59:47,451 py4j.clientserver DEBUG Answer received: !ysspark.serializer.objectStreamReset
13:59:47,451 py4j.clientserver DEBUG Command to send: c
o9
_2
e

13:59:47,451 py4j.clientserver DEBUG Answer received: !ys100
13:59:47,451 py4j.clientserver DEBUG Command to send: a
e
o5
e

13:59:47,451 py4j.clientserver DEBUG Answer received: !yi7
13:59:47,451 py4j.clientserver DEBUG Command to send: a
g
o5
i4
e

13:59:47,452 py4j.clientserver DEBUG Answer received: !yro10
13:59:47,452 py4j.clientserver DEBUG Command to send: c
o10
_1
e

13:59:47,452 py4j.clientserver DEBUG Answer received: !ysspark.submit.pyFiles
13:59:47,452 py4j.clientserver DEBUG Command to send: c
o10
_2
e

13:59:47,453 py4j.clientserver DEBUG Answer received: !ys
13:59:47,453 py4j.clientserver DEBUG Command to send: a
e
o5
e

13:59:47,453 py4j.clientserver DEBUG Answer received: !yi7
13:59:47,453 py4j.clientserver DEBUG Command to send: a
g
o5
i5
e

13:59:47,453 py4j.clientserver DEBUG Answer received: !yro11
13:59:47,453 py4j.clientserver DEBUG Command to send: c
o11
_1
e

13:59:47,453 py4j.clientserver DEBUG Answer received: !ysspark.submit.deployMode
13:59:47,454 py4j.clientserver DEBUG Command to send: c
o11
_2
e

13:59:47,454 py4j.clientserver DEBUG Answer received: !ysclient
13:59:47,454 py4j.clientserver DEBUG Command to send: a
e
o5
e

13:59:47,454 py4j.clientserver DEBUG Answer received: !yi7
13:59:47,454 py4j.clientserver DEBUG Command to send: a
g
o5
i6
e

13:59:47,454 py4j.clientserver DEBUG Answer received: !yro12
13:59:47,454 py4j.clientserver DEBUG Command to send: c
o12
_1
e

13:59:47,455 py4j.clientserver DEBUG Answer received: !ysspark.ui.showConsoleProgress
13:59:47,455 py4j.clientserver DEBUG Command to send: c
o12
_2
e

13:59:47,455 py4j.clientserver DEBUG Answer received: !ystrue
13:59:47,455 py4j.clientserver DEBUG Command to send: a
e
o5
e

13:59:47,455 py4j.clientserver DEBUG Answer received: !yi7
13:59:47,455 py4j.clientserver DEBUG Command to send: r
u
JavaSparkContext
rj
e

13:59:47,467 py4j.clientserver DEBUG Answer received: !ycorg.apache.spark.api.java.JavaSparkContext
13:59:47,467 py4j.clientserver DEBUG Command to send: i
org.apache.spark.api.java.JavaSparkContext
ro0
e

13:59:48,411 py4j.clientserver DEBUG Command to send: A
6f561495181d63468c6297395d6d19433193631a9acb21be65c45a9cbfb8b05a

13:59:48,411 py4j.clientserver DEBUG Answer received: !yv
13:59:48,412 py4j.clientserver DEBUG Command to send: m
d
o1
e

13:59:48,412 py4j.clientserver DEBUG Answer received: !yv
13:59:48,412 py4j.clientserver DEBUG Command to send: m
d
o2
e

13:59:48,412 py4j.clientserver DEBUG Answer received: !yv
13:59:48,412 py4j.clientserver DEBUG Command to send: m
d
o3
e

13:59:48,413 py4j.clientserver DEBUG Answer received: !yv
13:59:48,413 py4j.clientserver DEBUG Command to send: m
d
o4
e

13:59:48,413 py4j.clientserver DEBUG Answer received: !yv
13:59:48,413 py4j.clientserver DEBUG Command to send: m
d
o5
e

13:59:48,413 py4j.clientserver DEBUG Answer received: !yv
13:59:50,920 py4j.clientserver DEBUG Answer received: !yro13
13:59:50,920 py4j.clientserver DEBUG Command to send: c
o13
sc
e

13:59:50,925 py4j.clientserver DEBUG Answer received: !yro14
13:59:50,925 py4j.clientserver DEBUG Command to send: c
o14
conf
e

13:59:50,951 py4j.clientserver DEBUG Answer received: !yro15
13:59:50,968 py4j.clientserver DEBUG Command to send: r
u
PythonAccumulatorV2
rj
e

13:59:50,972 py4j.clientserver DEBUG Answer received: !ycorg.apache.spark.api.python.PythonAccumulatorV2
13:59:50,972 py4j.clientserver DEBUG Command to send: i
org.apache.spark.api.python.PythonAccumulatorV2
s127.0.0.1
i57232
s6f561495181d63468c6297395d6d19433193631a9acb21be65c45a9cbfb8b05a
e

13:59:50,973 py4j.clientserver DEBUG Answer received: !yro16
13:59:50,973 py4j.clientserver DEBUG Command to send: c
o13
sc
e

13:59:50,973 py4j.clientserver DEBUG Answer received: !yro17
13:59:50,974 py4j.clientserver DEBUG Command to send: c
o17
register
ro16
e

13:59:50,979 py4j.clientserver DEBUG Answer received: !yv
13:59:50,979 py4j.clientserver DEBUG Command to send: r
u
PythonUtils
rj
e

13:59:50,981 py4j.clientserver DEBUG Answer received: !ycorg.apache.spark.api.python.PythonUtils
13:59:50,981 py4j.clientserver DEBUG Command to send: r
m
org.apache.spark.api.python.PythonUtils
isEncryptionEnabled
e

13:59:50,982 py4j.clientserver DEBUG Answer received: !ym
13:59:50,982 py4j.clientserver DEBUG Command to send: c
z:org.apache.spark.api.python.PythonUtils
isEncryptionEnabled
ro13
e

13:59:50,985 py4j.clientserver DEBUG Answer received: !ybfalse
13:59:50,985 py4j.clientserver DEBUG Command to send: r
u
PythonUtils
rj
e

13:59:50,987 py4j.clientserver DEBUG Answer received: !ycorg.apache.spark.api.python.PythonUtils
13:59:50,987 py4j.clientserver DEBUG Command to send: r
m
org.apache.spark.api.python.PythonUtils
getPythonAuthSocketTimeout
e

13:59:50,987 py4j.clientserver DEBUG Answer received: !ym
13:59:50,988 py4j.clientserver DEBUG Command to send: c
z:org.apache.spark.api.python.PythonUtils
getPythonAuthSocketTimeout
ro13
e

13:59:50,988 py4j.clientserver DEBUG Answer received: !yL15
13:59:50,988 py4j.clientserver DEBUG Command to send: r
u
PythonUtils
rj
e

13:59:50,990 py4j.clientserver DEBUG Answer received: !ycorg.apache.spark.api.python.PythonUtils
13:59:50,990 py4j.clientserver DEBUG Command to send: r
m
org.apache.spark.api.python.PythonUtils
getSparkBufferSize
e

13:59:50,990 py4j.clientserver DEBUG Answer received: !ym
13:59:50,990 py4j.clientserver DEBUG Command to send: c
z:org.apache.spark.api.python.PythonUtils
getSparkBufferSize
ro13
e

13:59:50,991 py4j.clientserver DEBUG Answer received: !yi65536
13:59:50,991 py4j.clientserver DEBUG Command to send: r
u
org
rj
e

13:59:50,995 py4j.clientserver DEBUG Answer received: !yp
13:59:50,995 py4j.clientserver DEBUG Command to send: r
u
org.apache
rj
e

13:59:50,997 py4j.clientserver DEBUG Answer received: !yp
13:59:50,997 py4j.clientserver DEBUG Command to send: r
u
org.apache.spark
rj
e

13:59:50,998 py4j.clientserver DEBUG Answer received: !yp
13:59:50,998 py4j.clientserver DEBUG Command to send: r
u
org.apache.spark.SparkFiles
rj
e

13:59:50,999 py4j.clientserver DEBUG Answer received: !ycorg.apache.spark.SparkFiles
13:59:50,999 py4j.clientserver DEBUG Command to send: r
m
org.apache.spark.SparkFiles
getRootDirectory
e

13:59:51,0 py4j.clientserver DEBUG Answer received: !ym
13:59:51,0 py4j.clientserver DEBUG Command to send: c
z:org.apache.spark.SparkFiles
getRootDirectory
e

13:59:51,2 py4j.clientserver DEBUG Answer received: !ysC:\\Users\\danie\\AppData\\Local\\Temp\\spark-83db7a97-23cc-48ed-8ea5-233f6f3b3209\\userFiles-7d0e2f1d-31a9-4dba-8837-eb90ab4a8c24
13:59:51,3 py4j.clientserver DEBUG Command to send: c
o15
get
sspark.submit.pyFiles
s
e

13:59:51,3 py4j.clientserver DEBUG Answer received: !ys
13:59:51,3 py4j.clientserver DEBUG Command to send: r
u
org
rj
e

13:59:51,8 py4j.clientserver DEBUG Answer received: !yp
13:59:51,8 py4j.clientserver DEBUG Command to send: r
u
org.apache
rj
e

13:59:51,9 py4j.clientserver DEBUG Answer received: !yp
13:59:51,9 py4j.clientserver DEBUG Command to send: r
u
org.apache.spark
rj
e

13:59:51,10 py4j.clientserver DEBUG Answer received: !yp
13:59:51,10 py4j.clientserver DEBUG Command to send: r
u
org.apache.spark.util
rj
e

13:59:51,22 py4j.clientserver DEBUG Answer received: !yp
13:59:51,22 py4j.clientserver DEBUG Command to send: r
u
org.apache.spark.util.Utils
rj
e

13:59:51,24 py4j.clientserver DEBUG Answer received: !ycorg.apache.spark.util.Utils
13:59:51,25 py4j.clientserver DEBUG Command to send: r
m
org.apache.spark.util.Utils
getLocalDir
e

13:59:51,28 py4j.clientserver DEBUG Answer received: !ym
13:59:51,29 py4j.clientserver DEBUG Command to send: c
o13
sc
e

13:59:51,29 py4j.clientserver DEBUG Answer received: !yro18
13:59:51,29 py4j.clientserver DEBUG Command to send: c
o18
conf
e

13:59:51,29 py4j.clientserver DEBUG Answer received: !yro19
13:59:51,29 py4j.clientserver DEBUG Command to send: c
z:org.apache.spark.util.Utils
getLocalDir
ro19
e

13:59:51,30 py4j.clientserver DEBUG Answer received: !ysC:\\Users\\danie\\AppData\\Local\\Temp\\spark-83db7a97-23cc-48ed-8ea5-233f6f3b3209
13:59:51,30 py4j.clientserver DEBUG Command to send: r
u
org
rj
e

13:59:51,34 py4j.clientserver DEBUG Answer received: !yp
13:59:51,35 py4j.clientserver DEBUG Command to send: r
u
org.apache
rj
e

13:59:51,35 py4j.clientserver DEBUG Answer received: !yp
13:59:51,35 py4j.clientserver DEBUG Command to send: r
u
org.apache.spark
rj
e

13:59:51,36 py4j.clientserver DEBUG Answer received: !yp
13:59:51,36 py4j.clientserver DEBUG Command to send: r
u
org.apache.spark.util
rj
e

13:59:51,37 py4j.clientserver DEBUG Answer received: !yp
13:59:51,37 py4j.clientserver DEBUG Command to send: r
u
org.apache.spark.util.Utils
rj
e

13:59:51,37 py4j.clientserver DEBUG Answer received: !ycorg.apache.spark.util.Utils
13:59:51,38 py4j.clientserver DEBUG Command to send: r
m
org.apache.spark.util.Utils
createTempDir
e

13:59:51,38 py4j.clientserver DEBUG Answer received: !ym
13:59:51,38 py4j.clientserver DEBUG Command to send: c
z:org.apache.spark.util.Utils
createTempDir
sC:\\Users\\danie\\AppData\\Local\\Temp\\spark-83db7a97-23cc-48ed-8ea5-233f6f3b3209
spyspark
e

13:59:51,39 py4j.clientserver DEBUG Answer received: !yro20
13:59:51,39 py4j.clientserver DEBUG Command to send: c
o20
getAbsolutePath
e

13:59:51,40 py4j.clientserver DEBUG Answer received: !ysC:\\Users\\danie\\AppData\\Local\\Temp\\spark-83db7a97-23cc-48ed-8ea5-233f6f3b3209\\pyspark-3d3fb048-53f5-4c49-bcdc-15e357413b5a
13:59:51,41 py4j.clientserver DEBUG Command to send: c
o15
get
sspark.python.profile
sfalse
e

13:59:51,41 py4j.clientserver DEBUG Answer received: !ysfalse
13:59:51,41 py4j.clientserver DEBUG Command to send: r
u
SparkSession
rj
e

13:59:51,78 py4j.clientserver DEBUG Answer received: !ycorg.apache.spark.sql.SparkSession
13:59:51,78 py4j.clientserver DEBUG Command to send: r
m
org.apache.spark.sql.SparkSession
getDefaultSession
e

13:59:51,114 py4j.clientserver DEBUG Answer received: !ym
13:59:51,114 py4j.clientserver DEBUG Command to send: c
z:org.apache.spark.sql.SparkSession
getDefaultSession
e

13:59:51,116 py4j.clientserver DEBUG Answer received: !yro21
13:59:51,117 py4j.clientserver DEBUG Command to send: c
o21
isDefined
e

13:59:51,117 py4j.clientserver DEBUG Answer received: !ybfalse
13:59:51,117 py4j.clientserver DEBUG Command to send: r
u
SparkSession
rj
e

13:59:51,120 py4j.clientserver DEBUG Answer received: !ycorg.apache.spark.sql.SparkSession
13:59:51,120 py4j.clientserver DEBUG Command to send: c
o13
sc
e

13:59:51,121 py4j.clientserver DEBUG Answer received: !yro22
13:59:51,121 py4j.clientserver DEBUG Command to send: i
org.apache.spark.sql.SparkSession
ro22
e

13:59:51,213 py4j.clientserver DEBUG Answer received: !yro23
13:59:51,213 py4j.clientserver DEBUG Command to send: c
o23
sqlContext
e

13:59:51,213 py4j.clientserver DEBUG Answer received: !yro24
13:59:51,214 py4j.clientserver DEBUG Command to send: r
u
SparkSession
rj
e

13:59:51,217 py4j.clientserver DEBUG Answer received: !ycorg.apache.spark.sql.SparkSession
13:59:51,217 py4j.clientserver DEBUG Command to send: r
m
org.apache.spark.sql.SparkSession
setDefaultSession
e

13:59:51,218 py4j.clientserver DEBUG Answer received: !ym
13:59:51,218 py4j.clientserver DEBUG Command to send: c
z:org.apache.spark.sql.SparkSession
setDefaultSession
ro23
e

13:59:51,218 py4j.clientserver DEBUG Answer received: !yv
13:59:51,218 py4j.clientserver DEBUG Command to send: r
u
SparkSession
rj
e

13:59:51,221 py4j.clientserver DEBUG Answer received: !ycorg.apache.spark.sql.SparkSession
13:59:51,221 py4j.clientserver DEBUG Command to send: r
m
org.apache.spark.sql.SparkSession
setActiveSession
e

13:59:51,222 py4j.clientserver DEBUG Answer received: !ym
13:59:51,222 py4j.clientserver DEBUG Command to send: c
z:org.apache.spark.sql.SparkSession
setActiveSession
ro23
e

13:59:51,222 py4j.clientserver DEBUG Answer received: !yv
13:59:51,222 py4j.clientserver DEBUG Command to send: c
o23
sessionState
e

13:59:51,455 py4j.clientserver DEBUG Command to send: m
d
o0
e

13:59:51,455 py4j.clientserver DEBUG Answer received: !yv
13:59:51,455 py4j.clientserver DEBUG Command to send: m
d
o6
e

13:59:51,456 py4j.clientserver DEBUG Answer received: !yv
13:59:51,456 py4j.clientserver DEBUG Command to send: m
d
o7
e

13:59:51,456 py4j.clientserver DEBUG Answer received: !yv
13:59:51,456 py4j.clientserver DEBUG Command to send: m
d
o8
e

13:59:51,457 py4j.clientserver DEBUG Answer received: !yv
13:59:51,457 py4j.clientserver DEBUG Command to send: m
d
o9
e

13:59:51,457 py4j.clientserver DEBUG Answer received: !yv
13:59:51,457 py4j.clientserver DEBUG Command to send: m
d
o10
e

13:59:51,457 py4j.clientserver DEBUG Answer received: !yv
13:59:51,458 py4j.clientserver DEBUG Command to send: m
d
o11
e

13:59:51,458 py4j.clientserver DEBUG Answer received: !yv
13:59:51,458 py4j.clientserver DEBUG Command to send: m
d
o12
e

13:59:51,458 py4j.clientserver DEBUG Answer received: !yv
13:59:51,458 py4j.clientserver DEBUG Command to send: m
d
o14
e

13:59:51,459 py4j.clientserver DEBUG Answer received: !yv
13:59:52,419 py4j.clientserver DEBUG Answer received: !yro25
13:59:52,419 py4j.clientserver DEBUG Command to send: c
o25
conf
e

13:59:52,420 py4j.clientserver DEBUG Answer received: !yro26
13:59:52,420 py4j.clientserver DEBUG Command to send: c
o26
setConfString
sspark.master
slocal
e

13:59:52,422 py4j.clientserver DEBUG Answer received: !yv
13:59:52,422 py4j.clientserver DEBUG Command to send: c
o23
sessionState
e

13:59:52,422 py4j.clientserver DEBUG Answer received: !yro27
13:59:52,422 py4j.clientserver DEBUG Command to send: c
o27
conf
e

13:59:52,423 py4j.clientserver DEBUG Answer received: !yro28
13:59:52,423 py4j.clientserver DEBUG Command to send: c
o28
setConfString
sspark.app.name
sapp
e

13:59:52,423 py4j.clientserver DEBUG Answer received: !yv
13:59:52,424 py4j.clientserver DEBUG Command to send: c
o13
setLogLevel
sWARN
e

13:59:52,424 py4j.clientserver DEBUG Answer received: !yv
13:59:52,424 py4j.clientserver DEBUG Command to send: c
o24
read
e

13:59:52,433 py4j.clientserver DEBUG Answer received: !yro29
13:59:52,433 py4j.clientserver DEBUG Command to send: r
u
PythonUtils
rj
e

13:59:52,434 py4j.clientserver DEBUG Answer received: !ycorg.apache.spark.api.python.PythonUtils
13:59:52,435 py4j.clientserver DEBUG Command to send: r
m
org.apache.spark.api.python.PythonUtils
toSeq
e

13:59:52,435 py4j.clientserver DEBUG Answer received: !ym
13:59:52,435 py4j.clientserver DEBUG Command to send: i
java.util.ArrayList
e

13:59:52,435 py4j.clientserver DEBUG Answer received: !ylo30
13:59:52,436 py4j.clientserver DEBUG Command to send: c
o30
add
sC:\\GitRepos\\Springboard\\Capstone\\output\\divs_and_prices\\
e

13:59:52,436 py4j.clientserver DEBUG Answer received: !ybtrue
13:59:52,436 py4j.clientserver DEBUG Command to send: c
z:org.apache.spark.api.python.PythonUtils
toSeq
ro30
e

13:59:52,438 py4j.clientserver DEBUG Answer received: !yro31
13:59:52,438 py4j.clientserver DEBUG Command to send: c
o29
parquet
ro31
e

13:59:52,469 py4j.clientserver DEBUG Command to send: m
d
o30
e

13:59:52,545 py4j.clientserver DEBUG Answer received: !yv
14:00:00,349 py4j.clientserver DEBUG Answer received: !yro32
14:00:00,349 py4j.clientserver DEBUG Command to send: c
o32
javaToPython
e

14:00:01,307 py4j.clientserver DEBUG Answer received: !yro33
14:00:01,307 py4j.clientserver DEBUG Command to send: c
o33
id
e

14:00:01,313 py4j.clientserver DEBUG Answer received: !yi10
14:00:01,313 py4j.clientserver DEBUG Command to send: c
o33
partitions
e

14:00:01,313 py4j.clientserver DEBUG Answer received: !ylo34
14:00:01,313 py4j.clientserver DEBUG Command to send: c
o34
size
e

14:00:01,314 py4j.clientserver DEBUG Answer received: !yi17
14:00:01,314 root DEBUG success
